mode: set
github.com/TykTechnologies/tyk/gateway/analytics.go:28.83,33.78 4 1
github.com/TykTechnologies/tyk/gateway/analytics.go:33.78,34.56 1 0
github.com/TykTechnologies/tyk/gateway/analytics.go:34.56,36.4 1 0
github.com/TykTechnologies/tyk/gateway/analytics.go:36.9,38.4 1 0
github.com/TykTechnologies/tyk/gateway/analytics.go:40.2,40.8 1 1
github.com/TykTechnologies/tyk/gateway/analytics.go:64.40,66.46 2 1
github.com/TykTechnologies/tyk/gateway/analytics.go:66.46,67.90 1 1
github.com/TykTechnologies/tyk/gateway/analytics.go:67.90,69.4 1 0
github.com/TykTechnologies/tyk/gateway/analytics.go:69.9,71.4 1 1
github.com/TykTechnologies/tyk/gateway/analytics.go:74.2,83.11 8 1
github.com/TykTechnologies/tyk/gateway/analytics.go:87.41,90.65 3 1
github.com/TykTechnologies/tyk/gateway/analytics.go:90.65,93.3 2 1
github.com/TykTechnologies/tyk/gateway/analytics.go:97.40,108.2 5 1
github.com/TykTechnologies/tyk/gateway/analytics.go:111.41,115.2 2 0
github.com/TykTechnologies/tyk/gateway/analytics.go:118.84,119.19 1 0
github.com/TykTechnologies/tyk/gateway/analytics.go:119.19,122.3 2 0
github.com/TykTechnologies/tyk/gateway/analytics.go:125.2,125.42 1 0
github.com/TykTechnologies/tyk/gateway/analytics.go:125.42,127.3 1 0
github.com/TykTechnologies/tyk/gateway/analytics.go:131.2,135.12 4 0
github.com/TykTechnologies/tyk/gateway/analytics.go:138.48,148.6 5 1
github.com/TykTechnologies/tyk/gateway/analytics.go:148.6,150.36 2 1
github.com/TykTechnologies/tyk/gateway/analytics.go:150.36,153.4 2 0
github.com/TykTechnologies/tyk/gateway/analytics.go:154.3,161.10 5 1
github.com/TykTechnologies/tyk/gateway/analytics.go:162.38,163.26 1 1
github.com/TykTechnologies/tyk/gateway/analytics.go:163.26,166.5 1 0
github.com/TykTechnologies/tyk/gateway/analytics.go:169.4,169.11 1 1
github.com/TykTechnologies/tyk/gateway/analytics.go:169.11,173.5 2 1
github.com/TykTechnologies/tyk/gateway/analytics.go:178.4,180.40 2 0
github.com/TykTechnologies/tyk/gateway/analytics.go:180.40,183.5 1 0
github.com/TykTechnologies/tyk/gateway/analytics.go:185.4,185.53 1 0
github.com/TykTechnologies/tyk/gateway/analytics.go:185.53,188.5 1 0
github.com/TykTechnologies/tyk/gateway/analytics.go:191.4,191.27 1 0
github.com/TykTechnologies/tyk/gateway/analytics.go:191.27,193.5 1 0
github.com/TykTechnologies/tyk/gateway/analytics.go:195.4,195.26 1 0
github.com/TykTechnologies/tyk/gateway/analytics.go:195.26,197.5 1 0
github.com/TykTechnologies/tyk/gateway/analytics.go:199.4,202.44 2 0
github.com/TykTechnologies/tyk/gateway/analytics.go:202.44,204.5 1 0
github.com/TykTechnologies/tyk/gateway/analytics.go:205.4,205.47 1 0
github.com/TykTechnologies/tyk/gateway/analytics.go:205.47,207.5 1 0
github.com/TykTechnologies/tyk/gateway/analytics.go:209.4,209.72 1 0
github.com/TykTechnologies/tyk/gateway/analytics.go:209.72,211.5 1 0
github.com/TykTechnologies/tyk/gateway/analytics.go:211.10,213.5 1 0
github.com/TykTechnologies/tyk/gateway/analytics.go:216.4,216.66 1 0
github.com/TykTechnologies/tyk/gateway/analytics.go:217.23,220.22 1 1
github.com/TykTechnologies/tyk/gateway/analytics.go:224.3,224.108 1 1
github.com/TykTechnologies/tyk/gateway/analytics.go:224.108,228.4 3 0
github.com/TykTechnologies/tyk/gateway/analytics.go:232.53,234.2 1 0
github.com/TykTechnologies/tyk/gateway/analytics.go:236.79,238.63 1 0
github.com/TykTechnologies/tyk/gateway/analytics.go:238.63,240.3 1 0
github.com/TykTechnologies/tyk/gateway/analytics.go:242.2,242.63 1 0
github.com/TykTechnologies/tyk/gateway/analytics.go:242.63,244.3 1 0
github.com/TykTechnologies/tyk/gateway/analytics.go:246.2,246.65 1 0
github.com/TykTechnologies/tyk/gateway/analytics.go:246.65,248.3 1 0
github.com/TykTechnologies/tyk/gateway/analytics.go:250.2,250.89 1 0
github.com/TykTechnologies/tyk/gateway/analytics.go:250.89,252.3 1 0
github.com/TykTechnologies/tyk/gateway/analytics_go_plugin.go:21.56,27.22 2 0
github.com/TykTechnologies/tyk/gateway/analytics_go_plugin.go:27.22,30.3 2 0
github.com/TykTechnologies/tyk/gateway/analytics_go_plugin.go:33.2,35.83 2 0
github.com/TykTechnologies/tyk/gateway/analytics_go_plugin.go:35.83,38.3 2 0
github.com/TykTechnologies/tyk/gateway/analytics_go_plugin.go:40.2,40.13 1 0
github.com/TykTechnologies/tyk/gateway/analytics_go_plugin.go:43.90,44.14 1 0
github.com/TykTechnologies/tyk/gateway/analytics_go_plugin.go:44.14,46.3 1 0
github.com/TykTechnologies/tyk/gateway/analytics_go_plugin.go:49.2,49.15 1 0
github.com/TykTechnologies/tyk/gateway/analytics_go_plugin.go:49.15,51.31 1 0
github.com/TykTechnologies/tyk/gateway/analytics_go_plugin.go:51.31,54.4 2 0
github.com/TykTechnologies/tyk/gateway/analytics_go_plugin.go:58.2,65.12 5 0
github.com/TykTechnologies/tyk/gateway/api.go:104.41,106.2 1 0
github.com/TykTechnologies/tyk/gateway/api.go:108.44,110.2 1 0
github.com/TykTechnologies/tyk/gateway/api.go:138.68,141.55 3 0
github.com/TykTechnologies/tyk/gateway/api.go:141.55,143.3 1 0
github.com/TykTechnologies/tyk/gateway/api.go:144.2,144.27 1 0
github.com/TykTechnologies/tyk/gateway/api.go:144.27,147.3 2 0
github.com/TykTechnologies/tyk/gateway/api.go:150.86,152.27 1 0
github.com/TykTechnologies/tyk/gateway/api.go:152.27,155.3 2 0
github.com/TykTechnologies/tyk/gateway/api.go:157.2,159.16 2 0
github.com/TykTechnologies/tyk/gateway/api.go:159.16,162.3 2 0
github.com/TykTechnologies/tyk/gateway/api.go:164.2,169.16 5 0
github.com/TykTechnologies/tyk/gateway/api.go:169.16,172.3 2 0
github.com/TykTechnologies/tyk/gateway/api.go:178.84,180.2 1 0
github.com/TykTechnologies/tyk/gateway/api.go:182.71,183.54 1 0
github.com/TykTechnologies/tyk/gateway/api.go:183.54,195.3 8 0
github.com/TykTechnologies/tyk/gateway/api.go:198.78,199.54 1 0
github.com/TykTechnologies/tyk/gateway/api.go:199.54,200.34 1 0
github.com/TykTechnologies/tyk/gateway/api.go:200.34,201.26 1 0
github.com/TykTechnologies/tyk/gateway/api.go:201.26,204.5 2 0
github.com/TykTechnologies/tyk/gateway/api.go:206.3,206.80 1 0
github.com/TykTechnologies/tyk/gateway/api.go:210.57,213.32 3 0
github.com/TykTechnologies/tyk/gateway/api.go:213.32,214.23 1 0
github.com/TykTechnologies/tyk/gateway/api.go:214.23,216.4 1 0
github.com/TykTechnologies/tyk/gateway/api.go:220.2,220.32 1 0
github.com/TykTechnologies/tyk/gateway/api.go:220.32,222.3 1 0
github.com/TykTechnologies/tyk/gateway/api.go:223.2,223.12 1 0
github.com/TykTechnologies/tyk/gateway/api.go:226.60,232.32 5 0
github.com/TykTechnologies/tyk/gateway/api.go:232.32,233.34 1 0
github.com/TykTechnologies/tyk/gateway/api.go:233.34,235.4 1 0
github.com/TykTechnologies/tyk/gateway/api.go:238.2,238.15 1 0
github.com/TykTechnologies/tyk/gateway/api.go:241.107,243.47 1 0
github.com/TykTechnologies/tyk/gateway/api.go:243.47,247.10 4 0
github.com/TykTechnologies/tyk/gateway/api.go:247.10,248.12 1 0
github.com/TykTechnologies/tyk/gateway/api.go:251.3,251.30 1 0
github.com/TykTechnologies/tyk/gateway/api.go:251.30,254.14 2 0
github.com/TykTechnologies/tyk/gateway/api.go:254.14,257.5 1 0
github.com/TykTechnologies/tyk/gateway/api.go:262.121,269.50 2 0
github.com/TykTechnologies/tyk/gateway/api.go:269.50,271.3 1 0
github.com/TykTechnologies/tyk/gateway/api.go:274.2,276.84 2 0
github.com/TykTechnologies/tyk/gateway/api.go:280.84,282.47 2 0
github.com/TykTechnologies/tyk/gateway/api.go:282.47,283.40 1 0
github.com/TykTechnologies/tyk/gateway/api.go:283.40,285.19 2 0
github.com/TykTechnologies/tyk/gateway/api.go:285.19,287.5 1 0
github.com/TykTechnologies/tyk/gateway/api.go:291.2,291.13 1 0
github.com/TykTechnologies/tyk/gateway/api.go:295.84,298.32 2 0
github.com/TykTechnologies/tyk/gateway/api.go:298.32,300.3 1 0
github.com/TykTechnologies/tyk/gateway/api.go:302.2,302.29 1 0
github.com/TykTechnologies/tyk/gateway/api.go:302.29,303.18 1 0
github.com/TykTechnologies/tyk/gateway/api.go:303.18,306.34 2 0
github.com/TykTechnologies/tyk/gateway/api.go:306.34,308.5 1 0
github.com/TykTechnologies/tyk/gateway/api.go:312.2,312.17 1 0
github.com/TykTechnologies/tyk/gateway/api.go:315.68,316.34 1 0
github.com/TykTechnologies/tyk/gateway/api.go:316.34,318.98 1 0
github.com/TykTechnologies/tyk/gateway/api.go:318.98,321.4 2 0
github.com/TykTechnologies/tyk/gateway/api.go:325.118,328.16 1 0
github.com/TykTechnologies/tyk/gateway/api.go:328.16,330.3 1 0
github.com/TykTechnologies/tyk/gateway/api.go:332.2,344.38 2 0
github.com/TykTechnologies/tyk/gateway/api.go:344.38,349.46 2 0
github.com/TykTechnologies/tyk/gateway/api.go:349.46,351.22 2 0
github.com/TykTechnologies/tyk/gateway/api.go:351.22,353.5 1 0
github.com/TykTechnologies/tyk/gateway/api.go:355.4,355.22 1 0
github.com/TykTechnologies/tyk/gateway/api.go:355.22,357.5 1 0
github.com/TykTechnologies/tyk/gateway/api.go:360.4,360.56 1 0
github.com/TykTechnologies/tyk/gateway/api.go:360.56,362.19 1 0
github.com/TykTechnologies/tyk/gateway/api.go:362.19,365.6 2 0
github.com/TykTechnologies/tyk/gateway/api.go:369.4,369.90 1 0
github.com/TykTechnologies/tyk/gateway/api.go:369.90,371.5 1 0
github.com/TykTechnologies/tyk/gateway/api.go:373.8,375.38 1 0
github.com/TykTechnologies/tyk/gateway/api.go:375.38,378.4 2 0
github.com/TykTechnologies/tyk/gateway/api.go:379.3,383.36 4 0
github.com/TykTechnologies/tyk/gateway/api.go:383.36,384.18 1 0
github.com/TykTechnologies/tyk/gateway/api.go:384.18,387.5 2 0
github.com/TykTechnologies/tyk/gateway/api.go:388.4,390.87 2 0
github.com/TykTechnologies/tyk/gateway/api.go:390.87,392.5 1 0
github.com/TykTechnologies/tyk/gateway/api.go:396.2,397.12 2 0
github.com/TykTechnologies/tyk/gateway/api.go:405.76,408.50 2 0
github.com/TykTechnologies/tyk/gateway/api.go:408.50,411.17 3 0
github.com/TykTechnologies/tyk/gateway/api.go:411.17,415.4 3 0
github.com/TykTechnologies/tyk/gateway/api.go:417.3,418.9 2 0
github.com/TykTechnologies/tyk/gateway/api.go:421.2,422.63 2 0
github.com/TykTechnologies/tyk/gateway/api.go:425.47,432.38 3 0
github.com/TykTechnologies/tyk/gateway/api.go:432.38,435.3 1 0
github.com/TykTechnologies/tyk/gateway/api.go:438.2,438.13 1 0
github.com/TykTechnologies/tyk/gateway/api.go:441.105,450.61 5 0
github.com/TykTechnologies/tyk/gateway/api.go:450.61,453.3 2 0
github.com/TykTechnologies/tyk/gateway/api.go:455.2,462.32 4 0
github.com/TykTechnologies/tyk/gateway/api.go:462.32,465.13 3 0
github.com/TykTechnologies/tyk/gateway/api.go:465.13,468.4 2 0
github.com/TykTechnologies/tyk/gateway/api.go:469.3,472.27 3 0
github.com/TykTechnologies/tyk/gateway/api.go:472.27,473.36 1 0
github.com/TykTechnologies/tyk/gateway/api.go:473.36,476.5 2 0
github.com/TykTechnologies/tyk/gateway/api.go:479.4,480.18 2 0
github.com/TykTechnologies/tyk/gateway/api.go:480.18,483.5 2 0
github.com/TykTechnologies/tyk/gateway/api.go:487.3,490.20 2 0
github.com/TykTechnologies/tyk/gateway/api.go:490.20,501.56 3 0
github.com/TykTechnologies/tyk/gateway/api.go:501.56,502.31 1 0
github.com/TykTechnologies/tyk/gateway/api.go:502.31,503.14 1 0
github.com/TykTechnologies/tyk/gateway/api.go:505.5,505.90 1 0
github.com/TykTechnologies/tyk/gateway/api.go:505.90,508.6 2 0
github.com/TykTechnologies/tyk/gateway/api.go:511.8,514.3 2 0
github.com/TykTechnologies/tyk/gateway/api.go:517.2,517.82 1 0
github.com/TykTechnologies/tyk/gateway/api.go:517.82,519.3 1 0
github.com/TykTechnologies/tyk/gateway/api.go:522.2,522.30 1 0
github.com/TykTechnologies/tyk/gateway/api.go:522.30,525.19 1 0
github.com/TykTechnologies/tyk/gateway/api.go:526.24,528.46 1 0
github.com/TykTechnologies/tyk/gateway/api.go:529.23,530.79 1 0
github.com/TykTechnologies/tyk/gateway/api.go:530.79,536.5 4 0
github.com/TykTechnologies/tyk/gateway/api.go:538.8,538.38 1 0
github.com/TykTechnologies/tyk/gateway/api.go:538.38,542.3 2 0
github.com/TykTechnologies/tyk/gateway/api.go:544.2,544.68 1 0
github.com/TykTechnologies/tyk/gateway/api.go:544.68,546.88 1 0
github.com/TykTechnologies/tyk/gateway/api.go:546.88,548.4 1 0
github.com/TykTechnologies/tyk/gateway/api.go:549.8,555.17 3 0
github.com/TykTechnologies/tyk/gateway/api.go:555.17,558.4 1 0
github.com/TykTechnologies/tyk/gateway/api.go:560.3,560.88 1 0
github.com/TykTechnologies/tyk/gateway/api.go:560.88,562.4 1 0
github.com/TykTechnologies/tyk/gateway/api.go:565.2,567.33 3 0
github.com/TykTechnologies/tyk/gateway/api.go:567.33,570.3 2 0
github.com/TykTechnologies/tyk/gateway/api.go:571.2,584.60 3 0
github.com/TykTechnologies/tyk/gateway/api.go:584.60,585.31 1 0
github.com/TykTechnologies/tyk/gateway/api.go:585.31,587.4 1 0
github.com/TykTechnologies/tyk/gateway/api.go:589.3,589.15 1 0
github.com/TykTechnologies/tyk/gateway/api.go:589.15,591.4 1 0
github.com/TykTechnologies/tyk/gateway/api.go:591.9,593.4 1 0
github.com/TykTechnologies/tyk/gateway/api.go:596.2,596.32 1 0
github.com/TykTechnologies/tyk/gateway/api.go:599.101,600.40 1 0
github.com/TykTechnologies/tyk/gateway/api.go:600.40,602.3 1 0
github.com/TykTechnologies/tyk/gateway/api.go:604.2,605.17 2 0
github.com/TykTechnologies/tyk/gateway/api.go:605.17,607.3 1 0
github.com/TykTechnologies/tyk/gateway/api.go:609.2,611.9 3 0
github.com/TykTechnologies/tyk/gateway/api.go:611.9,613.3 1 0
github.com/TykTechnologies/tyk/gateway/api.go:615.2,619.28 3 0
github.com/TykTechnologies/tyk/gateway/api.go:619.28,621.13 2 0
github.com/TykTechnologies/tyk/gateway/api.go:621.13,623.4 1 0
github.com/TykTechnologies/tyk/gateway/api.go:625.3,625.117 1 0
github.com/TykTechnologies/tyk/gateway/api.go:625.117,629.21 3 0
github.com/TykTechnologies/tyk/gateway/api.go:629.21,631.5 1 0
github.com/TykTechnologies/tyk/gateway/api.go:631.10,633.5 1 0
github.com/TykTechnologies/tyk/gateway/api.go:634.9,640.4 1 0
github.com/TykTechnologies/tyk/gateway/api.go:644.2,644.47 1 0
github.com/TykTechnologies/tyk/gateway/api.go:644.47,645.90 1 0
github.com/TykTechnologies/tyk/gateway/api.go:645.90,646.12 1 0
github.com/TykTechnologies/tyk/gateway/api.go:649.3,650.34 2 0
github.com/TykTechnologies/tyk/gateway/api.go:650.34,652.4 1 0
github.com/TykTechnologies/tyk/gateway/api.go:654.3,655.13 2 0
github.com/TykTechnologies/tyk/gateway/api.go:655.13,657.4 1 0
github.com/TykTechnologies/tyk/gateway/api.go:659.3,659.91 1 0
github.com/TykTechnologies/tyk/gateway/api.go:659.91,663.21 3 0
github.com/TykTechnologies/tyk/gateway/api.go:663.21,665.5 1 0
github.com/TykTechnologies/tyk/gateway/api.go:665.10,667.5 1 0
github.com/TykTechnologies/tyk/gateway/api.go:668.4,668.37 1 0
github.com/TykTechnologies/tyk/gateway/api.go:669.9,679.4 3 0
github.com/TykTechnologies/tyk/gateway/api.go:683.2,683.27 1 0
github.com/TykTechnologies/tyk/gateway/api.go:683.27,684.41 1 0
github.com/TykTechnologies/tyk/gateway/api.go:684.41,686.4 1 0
github.com/TykTechnologies/tyk/gateway/api.go:687.3,687.38 1 0
github.com/TykTechnologies/tyk/gateway/api.go:690.2,696.39 2 0
github.com/TykTechnologies/tyk/gateway/api.go:705.71,707.18 2 0
github.com/TykTechnologies/tyk/gateway/api.go:707.18,713.3 4 0
github.com/TykTechnologies/tyk/gateway/api.go:715.2,716.29 2 0
github.com/TykTechnologies/tyk/gateway/api.go:716.29,717.89 1 0
github.com/TykTechnologies/tyk/gateway/api.go:717.89,719.4 1 0
github.com/TykTechnologies/tyk/gateway/api.go:722.2,729.35 3 0
github.com/TykTechnologies/tyk/gateway/api.go:732.71,737.25 4 0
github.com/TykTechnologies/tyk/gateway/api.go:737.25,739.3 1 0
github.com/TykTechnologies/tyk/gateway/api.go:741.2,743.16 3 0
github.com/TykTechnologies/tyk/gateway/api.go:743.16,751.3 2 0
github.com/TykTechnologies/tyk/gateway/api.go:752.2,756.42 1 0
github.com/TykTechnologies/tyk/gateway/api.go:759.102,761.9 2 0
github.com/TykTechnologies/tyk/gateway/api.go:761.9,763.3 1 0
github.com/TykTechnologies/tyk/gateway/api.go:764.2,766.16 2 0
github.com/TykTechnologies/tyk/gateway/api.go:766.16,768.3 1 0
github.com/TykTechnologies/tyk/gateway/api.go:770.2,770.19 1 0
github.com/TykTechnologies/tyk/gateway/api.go:770.19,776.15 4 0
github.com/TykTechnologies/tyk/gateway/api.go:776.15,783.4 2 0
github.com/TykTechnologies/tyk/gateway/api.go:785.3,791.28 2 0
github.com/TykTechnologies/tyk/gateway/api.go:794.2,794.67 1 0
github.com/TykTechnologies/tyk/gateway/api.go:794.67,801.3 2 0
github.com/TykTechnologies/tyk/gateway/api.go:803.2,821.33 4 0
github.com/TykTechnologies/tyk/gateway/api.go:825.116,828.27 2 0
github.com/TykTechnologies/tyk/gateway/api.go:828.27,834.3 1 0
github.com/TykTechnologies/tyk/gateway/api.go:836.2,842.18 2 0
github.com/TykTechnologies/tyk/gateway/api.go:845.108,849.9 3 0
github.com/TykTechnologies/tyk/gateway/api.go:849.9,852.3 1 0
github.com/TykTechnologies/tyk/gateway/api.go:854.2,854.19 1 0
github.com/TykTechnologies/tyk/gateway/api.go:854.19,860.15 4 0
github.com/TykTechnologies/tyk/gateway/api.go:860.15,862.4 1 0
github.com/TykTechnologies/tyk/gateway/api.go:864.3,864.28 1 0
github.com/TykTechnologies/tyk/gateway/api.go:867.2,867.66 1 0
github.com/TykTechnologies/tyk/gateway/api.go:867.66,869.3 1 0
github.com/TykTechnologies/tyk/gateway/api.go:871.2,871.16 1 0
github.com/TykTechnologies/tyk/gateway/api.go:871.16,873.3 1 0
github.com/TykTechnologies/tyk/gateway/api.go:875.2,881.33 2 0
github.com/TykTechnologies/tyk/gateway/api.go:884.85,886.2 1 0
github.com/TykTechnologies/tyk/gateway/api.go:888.109,890.2 1 0
github.com/TykTechnologies/tyk/gateway/api.go:892.89,894.2 1 0
github.com/TykTechnologies/tyk/gateway/api.go:896.69,897.57 1 0
github.com/TykTechnologies/tyk/gateway/api.go:897.57,899.3 1 0
github.com/TykTechnologies/tyk/gateway/api.go:901.2,905.58 2 0
github.com/TykTechnologies/tyk/gateway/api.go:908.61,913.38 5 0
github.com/TykTechnologies/tyk/gateway/api.go:913.38,916.3 2 0
github.com/TykTechnologies/tyk/gateway/api.go:917.2,917.33 1 0
github.com/TykTechnologies/tyk/gateway/api.go:920.62,923.22 2 0
github.com/TykTechnologies/tyk/gateway/api.go:923.22,925.3 1 0
github.com/TykTechnologies/tyk/gateway/api.go:927.2,927.35 1 0
github.com/TykTechnologies/tyk/gateway/api.go:930.94,931.55 1 0
github.com/TykTechnologies/tyk/gateway/api.go:931.55,934.3 2 0
github.com/TykTechnologies/tyk/gateway/api.go:936.2,937.63 2 0
github.com/TykTechnologies/tyk/gateway/api.go:937.63,940.3 2 0
github.com/TykTechnologies/tyk/gateway/api.go:942.2,942.69 1 0
github.com/TykTechnologies/tyk/gateway/api.go:942.69,945.3 2 0
github.com/TykTechnologies/tyk/gateway/api.go:947.2,947.29 1 0
github.com/TykTechnologies/tyk/gateway/api.go:947.29,951.3 3 0
github.com/TykTechnologies/tyk/gateway/api.go:953.2,954.16 2 0
github.com/TykTechnologies/tyk/gateway/api.go:954.16,957.3 2 0
github.com/TykTechnologies/tyk/gateway/api.go:959.2,960.16 2 0
github.com/TykTechnologies/tyk/gateway/api.go:960.16,963.3 2 0
github.com/TykTechnologies/tyk/gateway/api.go:965.2,965.72 1 0
github.com/TykTechnologies/tyk/gateway/api.go:965.72,968.3 2 0
github.com/TykTechnologies/tyk/gateway/api.go:970.2,971.33 2 0
github.com/TykTechnologies/tyk/gateway/api.go:971.33,973.3 1 0
github.com/TykTechnologies/tyk/gateway/api.go:975.2,981.32 2 0
github.com/TykTechnologies/tyk/gateway/api.go:984.72,987.16 2 0
github.com/TykTechnologies/tyk/gateway/api.go:987.16,990.3 2 0
github.com/TykTechnologies/tyk/gateway/api.go:992.2,995.50 2 0
github.com/TykTechnologies/tyk/gateway/api.go:995.50,998.3 2 0
github.com/TykTechnologies/tyk/gateway/api.go:1000.2,1000.49 1 0
github.com/TykTechnologies/tyk/gateway/api.go:1000.49,1003.3 2 0
github.com/TykTechnologies/tyk/gateway/api.go:1005.2,1011.32 2 0
github.com/TykTechnologies/tyk/gateway/api.go:1014.58,1019.38 5 0
github.com/TykTechnologies/tyk/gateway/api.go:1019.38,1022.3 2 0
github.com/TykTechnologies/tyk/gateway/api.go:1023.2,1023.33 1 0
github.com/TykTechnologies/tyk/gateway/api.go:1026.76,1032.38 4 0
github.com/TykTechnologies/tyk/gateway/api.go:1032.38,1033.20 1 0
github.com/TykTechnologies/tyk/gateway/api.go:1033.20,1035.18 2 0
github.com/TykTechnologies/tyk/gateway/api.go:1035.18,1037.5 1 0
github.com/TykTechnologies/tyk/gateway/api.go:1038.4,1038.44 1 0
github.com/TykTechnologies/tyk/gateway/api.go:1042.2,1042.32 1 0
github.com/TykTechnologies/tyk/gateway/api.go:1045.84,1046.47 1 0
github.com/TykTechnologies/tyk/gateway/api.go:1046.47,1047.32 1 0
github.com/TykTechnologies/tyk/gateway/api.go:1047.32,1050.4 2 0
github.com/TykTechnologies/tyk/gateway/api.go:1050.9,1050.40 1 0
github.com/TykTechnologies/tyk/gateway/api.go:1050.40,1052.4 1 0
github.com/TykTechnologies/tyk/gateway/api.go:1054.3,1054.43 1 0
github.com/TykTechnologies/tyk/gateway/api.go:1057.2,1062.69 2 0
github.com/TykTechnologies/tyk/gateway/api.go:1065.86,1070.52 4 0
github.com/TykTechnologies/tyk/gateway/api.go:1070.52,1072.3 1 0
github.com/TykTechnologies/tyk/gateway/api.go:1073.2,1073.18 1 0
github.com/TykTechnologies/tyk/gateway/api.go:1077.100,1084.54 3 0
github.com/TykTechnologies/tyk/gateway/api.go:1084.54,1087.21 3 0
github.com/TykTechnologies/tyk/gateway/api.go:1087.21,1089.4 1 0
github.com/TykTechnologies/tyk/gateway/api.go:1091.3,1091.19 1 0
github.com/TykTechnologies/tyk/gateway/api.go:1094.2,1094.16 1 0
github.com/TykTechnologies/tyk/gateway/api.go:1094.16,1098.48 1 0
github.com/TykTechnologies/tyk/gateway/api.go:1098.48,1100.4 1 0
github.com/TykTechnologies/tyk/gateway/api.go:1102.3,1102.54 1 0
github.com/TykTechnologies/tyk/gateway/api.go:1105.2,1105.17 1 0
github.com/TykTechnologies/tyk/gateway/api.go:1105.17,1106.65 1 0
github.com/TykTechnologies/tyk/gateway/api.go:1106.65,1109.4 2 0
github.com/TykTechnologies/tyk/gateway/api.go:1111.3,1111.28 1 0
github.com/TykTechnologies/tyk/gateway/api.go:1112.8,1113.65 1 0
github.com/TykTechnologies/tyk/gateway/api.go:1113.65,1116.4 2 0
github.com/TykTechnologies/tyk/gateway/api.go:1119.2,1119.68 1 0
github.com/TykTechnologies/tyk/gateway/api.go:1119.68,1121.3 1 0
github.com/TykTechnologies/tyk/gateway/api.go:1123.2,1123.24 1 0
github.com/TykTechnologies/tyk/gateway/api.go:1123.24,1125.3 1 0
github.com/TykTechnologies/tyk/gateway/api.go:1127.2,1127.17 1 0
github.com/TykTechnologies/tyk/gateway/api.go:1127.17,1133.90 2 0
github.com/TykTechnologies/tyk/gateway/api.go:1133.90,1135.4 1 0
github.com/TykTechnologies/tyk/gateway/api.go:1137.3,1140.17 4 0
github.com/TykTechnologies/tyk/gateway/api.go:1140.17,1142.4 1 0
github.com/TykTechnologies/tyk/gateway/api.go:1144.8,1148.17 3 0
github.com/TykTechnologies/tyk/gateway/api.go:1148.17,1150.4 1 0
github.com/TykTechnologies/tyk/gateway/api.go:1153.2,1153.43 1 0
github.com/TykTechnologies/tyk/gateway/api.go:1153.43,1161.20 4 0
github.com/TykTechnologies/tyk/gateway/api.go:1161.20,1164.18 3 0
github.com/TykTechnologies/tyk/gateway/api.go:1164.18,1166.5 1 0
github.com/TykTechnologies/tyk/gateway/api.go:1167.9,1169.18 2 0
github.com/TykTechnologies/tyk/gateway/api.go:1169.18,1171.5 1 0
github.com/TykTechnologies/tyk/gateway/api.go:1175.3,1176.104 2 0
github.com/TykTechnologies/tyk/gateway/api.go:1176.104,1177.92 1 0
github.com/TykTechnologies/tyk/gateway/api.go:1177.92,1180.5 1 0
github.com/TykTechnologies/tyk/gateway/api.go:1184.2,1190.32 2 0
github.com/TykTechnologies/tyk/gateway/api.go:1193.117,1195.17 2 0
github.com/TykTechnologies/tyk/gateway/api.go:1195.17,1197.3 1 0
github.com/TykTechnologies/tyk/gateway/api.go:1199.2,1204.17 2 0
github.com/TykTechnologies/tyk/gateway/api.go:1204.17,1205.18 1 0
github.com/TykTechnologies/tyk/gateway/api.go:1205.18,1207.4 1 0
github.com/TykTechnologies/tyk/gateway/api.go:1209.3,1209.65 1 0
github.com/TykTechnologies/tyk/gateway/api.go:1209.65,1212.4 2 0
github.com/TykTechnologies/tyk/gateway/api.go:1214.3,1214.28 1 0
github.com/TykTechnologies/tyk/gateway/api.go:1215.8,1216.17 1 0
github.com/TykTechnologies/tyk/gateway/api.go:1216.17,1218.4 1 0
github.com/TykTechnologies/tyk/gateway/api.go:1220.3,1220.65 1 0
github.com/TykTechnologies/tyk/gateway/api.go:1220.65,1223.4 2 0
github.com/TykTechnologies/tyk/gateway/api.go:1227.2,1227.42 1 0
github.com/TykTechnologies/tyk/gateway/api.go:1227.42,1230.3 2 0
github.com/TykTechnologies/tyk/gateway/api.go:1232.2,1232.68 1 0
github.com/TykTechnologies/tyk/gateway/api.go:1232.68,1234.3 1 0
github.com/TykTechnologies/tyk/gateway/api.go:1236.2,1236.31 1 0
github.com/TykTechnologies/tyk/gateway/api.go:1236.31,1238.78 1 0
github.com/TykTechnologies/tyk/gateway/api.go:1238.78,1240.4 1 0
github.com/TykTechnologies/tyk/gateway/api.go:1242.3,1245.17 3 0
github.com/TykTechnologies/tyk/gateway/api.go:1245.17,1247.4 1 0
github.com/TykTechnologies/tyk/gateway/api.go:1249.8,1249.25 1 0
github.com/TykTechnologies/tyk/gateway/api.go:1249.25,1253.17 3 0
github.com/TykTechnologies/tyk/gateway/api.go:1253.17,1255.4 1 0
github.com/TykTechnologies/tyk/gateway/api.go:1258.2,1264.32 2 0
github.com/TykTechnologies/tyk/gateway/api.go:1267.129,1269.16 2 0
github.com/TykTechnologies/tyk/gateway/api.go:1269.16,1271.3 1 0
github.com/TykTechnologies/tyk/gateway/api.go:1273.2,1274.16 2 0
github.com/TykTechnologies/tyk/gateway/api.go:1274.16,1276.3 1 0
github.com/TykTechnologies/tyk/gateway/api.go:1278.2,1278.8 1 0
github.com/TykTechnologies/tyk/gateway/api.go:1281.107,1287.48 3 0
github.com/TykTechnologies/tyk/gateway/api.go:1287.48,1290.3 2 0
github.com/TykTechnologies/tyk/gateway/api.go:1293.2,1294.16 2 0
github.com/TykTechnologies/tyk/gateway/api.go:1294.16,1297.3 2 0
github.com/TykTechnologies/tyk/gateway/api.go:1299.2,1299.68 1 0
github.com/TykTechnologies/tyk/gateway/api.go:1299.68,1303.3 3 0
github.com/TykTechnologies/tyk/gateway/api.go:1305.2,1305.15 1 0
github.com/TykTechnologies/tyk/gateway/api.go:1308.69,1310.17 2 0
github.com/TykTechnologies/tyk/gateway/api.go:1310.17,1312.3 1 0
github.com/TykTechnologies/tyk/gateway/api.go:1315.2,1321.48 5 0
github.com/TykTechnologies/tyk/gateway/api.go:1321.48,1324.3 2 0
github.com/TykTechnologies/tyk/gateway/api.go:1326.2,1326.62 1 0
github.com/TykTechnologies/tyk/gateway/api.go:1326.62,1329.3 2 0
github.com/TykTechnologies/tyk/gateway/api.go:1331.2,1332.16 2 0
github.com/TykTechnologies/tyk/gateway/api.go:1332.16,1334.3 1 0
github.com/TykTechnologies/tyk/gateway/api.go:1336.2,1336.41 1 0
github.com/TykTechnologies/tyk/gateway/api.go:1336.41,1339.17 3 0
github.com/TykTechnologies/tyk/gateway/api.go:1339.17,1341.4 1 0
github.com/TykTechnologies/tyk/gateway/api.go:1343.3,1345.17 3 0
github.com/TykTechnologies/tyk/gateway/api.go:1345.17,1347.4 1 0
github.com/TykTechnologies/tyk/gateway/api.go:1349.3,1349.77 1 0
github.com/TykTechnologies/tyk/gateway/api.go:1349.77,1350.29 1 0
github.com/TykTechnologies/tyk/gateway/api.go:1350.29,1352.57 2 0
github.com/TykTechnologies/tyk/gateway/api.go:1352.57,1354.6 1 0
github.com/TykTechnologies/tyk/gateway/api.go:1356.5,1356.10 1 0
github.com/TykTechnologies/tyk/gateway/api.go:1360.3,1361.20 2 0
github.com/TykTechnologies/tyk/gateway/api.go:1361.20,1364.18 3 0
github.com/TykTechnologies/tyk/gateway/api.go:1364.18,1366.5 1 0
github.com/TykTechnologies/tyk/gateway/api.go:1367.9,1369.18 2 0
github.com/TykTechnologies/tyk/gateway/api.go:1369.18,1371.5 1 0
github.com/TykTechnologies/tyk/gateway/api.go:1375.2,1381.32 2 0
github.com/TykTechnologies/tyk/gateway/api.go:1384.71,1390.18 4 0
github.com/TykTechnologies/tyk/gateway/api.go:1391.22,1392.18 1 0
github.com/TykTechnologies/tyk/gateway/api.go:1392.18,1395.4 2 0
github.com/TykTechnologies/tyk/gateway/api.go:1395.9,1398.4 2 0
github.com/TykTechnologies/tyk/gateway/api.go:1399.23,1401.51 2 0
github.com/TykTechnologies/tyk/gateway/api.go:1402.22,1403.18 1 0
github.com/TykTechnologies/tyk/gateway/api.go:1403.18,1406.4 2 0
github.com/TykTechnologies/tyk/gateway/api.go:1406.9,1408.4 1 0
github.com/TykTechnologies/tyk/gateway/api.go:1409.25,1410.18 1 0
github.com/TykTechnologies/tyk/gateway/api.go:1410.18,1413.4 2 0
github.com/TykTechnologies/tyk/gateway/api.go:1413.9,1415.4 1 0
github.com/TykTechnologies/tyk/gateway/api.go:1418.2,1418.27 1 0
github.com/TykTechnologies/tyk/gateway/api.go:1421.71,1427.18 4 0
github.com/TykTechnologies/tyk/gateway/api.go:1428.22,1429.18 1 0
github.com/TykTechnologies/tyk/gateway/api.go:1429.18,1432.4 2 0
github.com/TykTechnologies/tyk/gateway/api.go:1432.9,1435.4 2 0
github.com/TykTechnologies/tyk/gateway/api.go:1437.3,1437.49 1 0
github.com/TykTechnologies/tyk/gateway/api.go:1437.49,1438.42 1 0
github.com/TykTechnologies/tyk/gateway/api.go:1438.42,1440.5 1 0
github.com/TykTechnologies/tyk/gateway/api.go:1442.23,1444.57 2 0
github.com/TykTechnologies/tyk/gateway/api.go:1445.22,1446.18 1 0
github.com/TykTechnologies/tyk/gateway/api.go:1446.18,1449.4 2 0
github.com/TykTechnologies/tyk/gateway/api.go:1449.9,1451.4 1 0
github.com/TykTechnologies/tyk/gateway/api.go:1452.25,1453.18 1 0
github.com/TykTechnologies/tyk/gateway/api.go:1453.18,1456.4 2 0
github.com/TykTechnologies/tyk/gateway/api.go:1456.9,1458.4 1 0
github.com/TykTechnologies/tyk/gateway/api.go:1461.2,1461.27 1 0
github.com/TykTechnologies/tyk/gateway/api.go:1464.77,1470.17 2 0
github.com/TykTechnologies/tyk/gateway/api.go:1470.17,1473.3 2 0
github.com/TykTechnologies/tyk/gateway/api.go:1473.8,1476.3 2 0
github.com/TykTechnologies/tyk/gateway/api.go:1478.2,1478.38 1 0
github.com/TykTechnologies/tyk/gateway/api.go:1478.38,1480.55 2 0
github.com/TykTechnologies/tyk/gateway/api.go:1480.55,1482.4 1 0
github.com/TykTechnologies/tyk/gateway/api.go:1485.2,1485.27 1 0
github.com/TykTechnologies/tyk/gateway/api.go:1488.78,1498.2 4 0
github.com/TykTechnologies/tyk/gateway/api.go:1500.77,1506.17 2 0
github.com/TykTechnologies/tyk/gateway/api.go:1506.17,1509.3 2 0
github.com/TykTechnologies/tyk/gateway/api.go:1509.8,1511.3 1 0
github.com/TykTechnologies/tyk/gateway/api.go:1513.2,1513.27 1 0
github.com/TykTechnologies/tyk/gateway/api.go:1516.79,1518.17 2 0
github.com/TykTechnologies/tyk/gateway/api.go:1518.17,1521.3 2 0
github.com/TykTechnologies/tyk/gateway/api.go:1523.2,1524.28 2 0
github.com/TykTechnologies/tyk/gateway/api.go:1524.28,1527.3 2 0
github.com/TykTechnologies/tyk/gateway/api.go:1529.2,1529.28 1 0
github.com/TykTechnologies/tyk/gateway/api.go:1529.28,1532.3 2 0
github.com/TykTechnologies/tyk/gateway/api.go:1534.2,1536.16 2 0
github.com/TykTechnologies/tyk/gateway/api.go:1536.16,1539.3 2 0
github.com/TykTechnologies/tyk/gateway/api.go:1541.2,1543.72 2 0
github.com/TykTechnologies/tyk/gateway/api.go:1543.72,1548.3 4 0
github.com/TykTechnologies/tyk/gateway/api.go:1550.2,1556.37 5 0
github.com/TykTechnologies/tyk/gateway/api.go:1556.37,1558.3 1 0
github.com/TykTechnologies/tyk/gateway/api.go:1558.8,1560.3 1 0
github.com/TykTechnologies/tyk/gateway/api.go:1562.2,1570.16 3 0
github.com/TykTechnologies/tyk/gateway/api.go:1570.16,1573.3 2 0
github.com/TykTechnologies/tyk/gateway/api.go:1575.2,1578.32 3 0
github.com/TykTechnologies/tyk/gateway/api.go:1578.32,1580.3 1 0
github.com/TykTechnologies/tyk/gateway/api.go:1582.2,1588.37 4 0
github.com/TykTechnologies/tyk/gateway/api.go:1588.37,1590.17 2 0
github.com/TykTechnologies/tyk/gateway/api.go:1590.17,1593.4 2 0
github.com/TykTechnologies/tyk/gateway/api.go:1596.2,1599.16 3 0
github.com/TykTechnologies/tyk/gateway/api.go:1599.16,1602.3 2 0
github.com/TykTechnologies/tyk/gateway/api.go:1604.2,1609.27 4 0
github.com/TykTechnologies/tyk/gateway/api.go:1612.80,1626.17 3 0
github.com/TykTechnologies/tyk/gateway/api.go:1626.17,1628.3 1 0
github.com/TykTechnologies/tyk/gateway/api.go:1630.2,1630.17 1 0
github.com/TykTechnologies/tyk/gateway/api.go:1630.17,1634.3 3 0
github.com/TykTechnologies/tyk/gateway/api.go:1634.8,1637.3 2 0
github.com/TykTechnologies/tyk/gateway/api.go:1639.2,1639.74 1 0
github.com/TykTechnologies/tyk/gateway/api.go:1642.71,1653.88 8 0
github.com/TykTechnologies/tyk/gateway/api.go:1653.88,1655.3 1 0
github.com/TykTechnologies/tyk/gateway/api.go:1657.2,1661.18 4 0
github.com/TykTechnologies/tyk/gateway/api.go:1662.23,1663.57 1 0
github.com/TykTechnologies/tyk/gateway/api.go:1664.22,1666.53 2 0
github.com/TykTechnologies/tyk/gateway/api.go:1666.53,1669.4 1 0
github.com/TykTechnologies/tyk/gateway/api.go:1670.22,1671.20 1 0
github.com/TykTechnologies/tyk/gateway/api.go:1671.20,1674.54 2 0
github.com/TykTechnologies/tyk/gateway/api.go:1674.54,1677.5 1 0
github.com/TykTechnologies/tyk/gateway/api.go:1678.9,1680.25 1 0
github.com/TykTechnologies/tyk/gateway/api.go:1680.25,1682.42 1 0
github.com/TykTechnologies/tyk/gateway/api.go:1682.42,1689.6 2 0
github.com/TykTechnologies/tyk/gateway/api.go:1692.5,1692.40 1 0
github.com/TykTechnologies/tyk/gateway/api.go:1693.10,1696.5 2 0
github.com/TykTechnologies/tyk/gateway/api.go:1699.25,1701.16 1 0
github.com/TykTechnologies/tyk/gateway/api.go:1701.16,1703.4 1 0
github.com/TykTechnologies/tyk/gateway/api.go:1703.9,1705.4 1 0
github.com/TykTechnologies/tyk/gateway/api.go:1706.3,1706.53 1 0
github.com/TykTechnologies/tyk/gateway/api.go:1706.53,1708.17 1 0
github.com/TykTechnologies/tyk/gateway/api.go:1708.17,1710.5 1 0
github.com/TykTechnologies/tyk/gateway/api.go:1710.10,1712.5 1 0
github.com/TykTechnologies/tyk/gateway/api.go:1716.2,1716.27 1 0
github.com/TykTechnologies/tyk/gateway/api.go:1724.80,1728.69 3 0
github.com/TykTechnologies/tyk/gateway/api.go:1728.69,1731.3 2 0
github.com/TykTechnologies/tyk/gateway/api.go:1733.2,1733.30 1 0
github.com/TykTechnologies/tyk/gateway/api.go:1733.30,1735.3 1 0
github.com/TykTechnologies/tyk/gateway/api.go:1737.2,1740.27 3 0
github.com/TykTechnologies/tyk/gateway/api.go:1743.101,1745.29 2 0
github.com/TykTechnologies/tyk/gateway/api.go:1745.29,1749.3 3 0
github.com/TykTechnologies/tyk/gateway/api.go:1751.2,1753.9 3 0
github.com/TykTechnologies/tyk/gateway/api.go:1753.9,1761.3 2 0
github.com/TykTechnologies/tyk/gateway/api.go:1764.2,1768.16 4 0
github.com/TykTechnologies/tyk/gateway/api.go:1768.16,1777.3 2 0
github.com/TykTechnologies/tyk/gateway/api.go:1779.2,1791.33 3 0
github.com/TykTechnologies/tyk/gateway/api.go:1794.71,1800.18 5 0
github.com/TykTechnologies/tyk/gateway/api.go:1801.21,1802.48 1 0
github.com/TykTechnologies/tyk/gateway/api.go:1804.13,1805.18 1 0
github.com/TykTechnologies/tyk/gateway/api.go:1805.18,1808.4 1 0
github.com/TykTechnologies/tyk/gateway/api.go:1808.9,1811.4 1 0
github.com/TykTechnologies/tyk/gateway/api.go:1813.16,1815.43 1 0
github.com/TykTechnologies/tyk/gateway/api.go:1818.2,1818.27 1 0
github.com/TykTechnologies/tyk/gateway/api.go:1821.91,1824.67 2 0
github.com/TykTechnologies/tyk/gateway/api.go:1824.67,1827.3 2 0
github.com/TykTechnologies/tyk/gateway/api.go:1830.2,1833.17 3 0
github.com/TykTechnologies/tyk/gateway/api.go:1833.17,1835.44 2 0
github.com/TykTechnologies/tyk/gateway/api.go:1835.44,1837.4 1 0
github.com/TykTechnologies/tyk/gateway/api.go:1838.3,1838.39 1 0
github.com/TykTechnologies/tyk/gateway/api.go:1839.8,1841.3 1 0
github.com/TykTechnologies/tyk/gateway/api.go:1843.2,1843.45 1 0
github.com/TykTechnologies/tyk/gateway/api.go:1843.45,1850.3 4 0
github.com/TykTechnologies/tyk/gateway/api.go:1852.2,1854.16 3 0
github.com/TykTechnologies/tyk/gateway/api.go:1854.16,1856.3 1 0
github.com/TykTechnologies/tyk/gateway/api.go:1859.2,1859.17 1 0
github.com/TykTechnologies/tyk/gateway/api.go:1859.17,1863.3 3 0
github.com/TykTechnologies/tyk/gateway/api.go:1865.2,1872.33 3 0
github.com/TykTechnologies/tyk/gateway/api.go:1872.33,1874.3 1 0
github.com/TykTechnologies/tyk/gateway/api.go:1876.2,1882.32 2 0
github.com/TykTechnologies/tyk/gateway/api.go:1885.72,1887.17 2 0
github.com/TykTechnologies/tyk/gateway/api.go:1887.17,1889.3 1 0
github.com/TykTechnologies/tyk/gateway/api.go:1891.2,1892.9 2 0
github.com/TykTechnologies/tyk/gateway/api.go:1892.9,1900.3 2 0
github.com/TykTechnologies/tyk/gateway/api.go:1901.2,1906.39 2 0
github.com/TykTechnologies/tyk/gateway/api.go:1909.74,1911.17 2 0
github.com/TykTechnologies/tyk/gateway/api.go:1911.17,1913.3 1 0
github.com/TykTechnologies/tyk/gateway/api.go:1915.2,1917.29 3 0
github.com/TykTechnologies/tyk/gateway/api.go:1917.29,1918.89 1 0
github.com/TykTechnologies/tyk/gateway/api.go:1918.89,1920.4 1 0
github.com/TykTechnologies/tyk/gateway/api.go:1922.2,1923.35 2 0
github.com/TykTechnologies/tyk/gateway/api.go:1926.72,1928.17 2 0
github.com/TykTechnologies/tyk/gateway/api.go:1928.17,1937.3 2 0
github.com/TykTechnologies/tyk/gateway/api.go:1939.2,1939.64 1 0
github.com/TykTechnologies/tyk/gateway/api.go:1939.64,1941.3 1 0
github.com/TykTechnologies/tyk/gateway/api.go:1943.2,1959.33 6 0
github.com/TykTechnologies/tyk/gateway/api.go:1962.78,1976.2 4 0
github.com/TykTechnologies/tyk/gateway/api.go:1982.61,1983.54 1 1
github.com/TykTechnologies/tyk/gateway/api.go:1983.54,1986.56 2 0
github.com/TykTechnologies/tyk/gateway/api.go:1986.56,1989.4 2 0
github.com/TykTechnologies/tyk/gateway/api.go:1989.9,1991.4 1 0
github.com/TykTechnologies/tyk/gateway/api.go:1993.3,1997.43 3 0
github.com/TykTechnologies/tyk/gateway/api.go:2001.77,2003.67 2 0
github.com/TykTechnologies/tyk/gateway/api.go:2003.67,2011.3 3 0
github.com/TykTechnologies/tyk/gateway/api.go:2013.2,2014.28 2 0
github.com/TykTechnologies/tyk/gateway/api.go:2014.28,2016.3 1 0
github.com/TykTechnologies/tyk/gateway/api.go:2018.2,2018.34 1 0
github.com/TykTechnologies/tyk/gateway/api.go:2018.34,2021.9 3 0
github.com/TykTechnologies/tyk/gateway/api.go:2021.9,2024.4 2 0
github.com/TykTechnologies/tyk/gateway/api.go:2027.2,2033.53 5 0
github.com/TykTechnologies/tyk/gateway/api.go:2033.53,2036.3 2 0
github.com/TykTechnologies/tyk/gateway/api.go:2038.2,2038.38 1 0
github.com/TykTechnologies/tyk/gateway/api.go:2038.38,2041.46 2 0
github.com/TykTechnologies/tyk/gateway/api.go:2041.46,2043.22 2 0
github.com/TykTechnologies/tyk/gateway/api.go:2043.22,2045.5 1 0
github.com/TykTechnologies/tyk/gateway/api.go:2047.4,2047.56 1 0
github.com/TykTechnologies/tyk/gateway/api.go:2047.56,2051.5 2 0
github.com/TykTechnologies/tyk/gateway/api.go:2054.4,2054.86 1 0
github.com/TykTechnologies/tyk/gateway/api.go:2054.86,2057.5 2 0
github.com/TykTechnologies/tyk/gateway/api.go:2059.8,2060.37 1 0
github.com/TykTechnologies/tyk/gateway/api.go:2060.37,2075.37 4 0
github.com/TykTechnologies/tyk/gateway/api.go:2075.37,2077.36 2 0
github.com/TykTechnologies/tyk/gateway/api.go:2077.36,2081.6 2 0
github.com/TykTechnologies/tyk/gateway/api.go:2082.5,2082.84 1 0
github.com/TykTechnologies/tyk/gateway/api.go:2082.84,2085.6 2 0
github.com/TykTechnologies/tyk/gateway/api.go:2087.9,2102.4 3 0
github.com/TykTechnologies/tyk/gateway/api.go:2106.2,2113.29 2 0
github.com/TykTechnologies/tyk/gateway/api.go:2113.29,2115.3 1 0
github.com/TykTechnologies/tyk/gateway/api.go:2117.2,2135.36 3 0
github.com/TykTechnologies/tyk/gateway/api.go:2138.78,2141.67 2 0
github.com/TykTechnologies/tyk/gateway/api.go:2141.67,2149.3 3 0
github.com/TykTechnologies/tyk/gateway/api.go:2151.2,2158.43 5 0
github.com/TykTechnologies/tyk/gateway/api.go:2174.51,2176.2 1 0
github.com/TykTechnologies/tyk/gateway/api.go:2178.78,2180.72 2 0
github.com/TykTechnologies/tyk/gateway/api.go:2180.72,2188.3 3 0
github.com/TykTechnologies/tyk/gateway/api.go:2191.2,2193.35 2 0
github.com/TykTechnologies/tyk/gateway/api.go:2193.35,2195.3 1 0
github.com/TykTechnologies/tyk/gateway/api.go:2198.2,2199.39 2 0
github.com/TykTechnologies/tyk/gateway/api.go:2199.39,2201.3 1 0
github.com/TykTechnologies/tyk/gateway/api.go:2203.2,2217.32 4 0
github.com/TykTechnologies/tyk/gateway/api.go:2217.32,2220.21 2 0
github.com/TykTechnologies/tyk/gateway/api.go:2220.21,2229.4 3 0
github.com/TykTechnologies/tyk/gateway/api.go:2231.3,2231.25 1 0
github.com/TykTechnologies/tyk/gateway/api.go:2231.25,2235.4 2 0
github.com/TykTechnologies/tyk/gateway/api.go:2237.3,2238.17 2 0
github.com/TykTechnologies/tyk/gateway/api.go:2238.17,2247.4 3 0
github.com/TykTechnologies/tyk/gateway/api.go:2248.8,2253.10 4 0
github.com/TykTechnologies/tyk/gateway/api.go:2253.10,2262.4 3 0
github.com/TykTechnologies/tyk/gateway/api.go:2264.3,2266.42 2 0
github.com/TykTechnologies/tyk/gateway/api.go:2266.42,2268.22 2 0
github.com/TykTechnologies/tyk/gateway/api.go:2268.22,2277.5 3 0
github.com/TykTechnologies/tyk/gateway/api.go:2279.4,2279.46 1 0
github.com/TykTechnologies/tyk/gateway/api.go:2279.46,2281.36 2 0
github.com/TykTechnologies/tyk/gateway/api.go:2281.36,2301.6 6 0
github.com/TykTechnologies/tyk/gateway/api.go:2302.5,2303.19 2 0
github.com/TykTechnologies/tyk/gateway/api.go:2303.19,2312.6 3 0
github.com/TykTechnologies/tyk/gateway/api.go:2316.3,2316.14 1 0
github.com/TykTechnologies/tyk/gateway/api.go:2316.14,2320.4 2 0
github.com/TykTechnologies/tyk/gateway/api.go:2323.2,2342.43 3 0
github.com/TykTechnologies/tyk/gateway/api.go:2345.80,2348.20 2 0
github.com/TykTechnologies/tyk/gateway/api.go:2348.20,2350.3 1 0
github.com/TykTechnologies/tyk/gateway/api.go:2353.2,2355.16 3 0
github.com/TykTechnologies/tyk/gateway/api.go:2355.16,2357.3 1 0
github.com/TykTechnologies/tyk/gateway/api.go:2360.2,2370.16 3 0
github.com/TykTechnologies/tyk/gateway/api.go:2370.16,2378.3 2 0
github.com/TykTechnologies/tyk/gateway/api.go:2381.2,2393.33 3 0
github.com/TykTechnologies/tyk/gateway/api.go:2397.97,2400.74 2 0
github.com/TykTechnologies/tyk/gateway/api.go:2400.74,2407.3 2 0
github.com/TykTechnologies/tyk/gateway/api.go:2410.2,2411.20 2 0
github.com/TykTechnologies/tyk/gateway/api.go:2411.20,2413.3 1 0
github.com/TykTechnologies/tyk/gateway/api.go:2416.2,2416.37 1 0
github.com/TykTechnologies/tyk/gateway/api.go:2416.37,2420.10 4 0
github.com/TykTechnologies/tyk/gateway/api.go:2420.10,2422.4 1 0
github.com/TykTechnologies/tyk/gateway/api.go:2423.3,2423.47 1 0
github.com/TykTechnologies/tyk/gateway/api.go:2423.47,2426.4 1 0
github.com/TykTechnologies/tyk/gateway/api.go:2430.2,2432.16 3 0
github.com/TykTechnologies/tyk/gateway/api.go:2432.16,2434.3 1 0
github.com/TykTechnologies/tyk/gateway/api.go:2437.2,2447.16 3 0
github.com/TykTechnologies/tyk/gateway/api.go:2447.16,2455.3 2 0
github.com/TykTechnologies/tyk/gateway/api.go:2458.2,2470.33 3 0
github.com/TykTechnologies/tyk/gateway/api.go:2473.83,2475.17 2 0
github.com/TykTechnologies/tyk/gateway/api.go:2475.17,2478.3 2 0
github.com/TykTechnologies/tyk/gateway/api.go:2479.2,2486.20 3 0
github.com/TykTechnologies/tyk/gateway/api.go:2486.20,2496.3 3 0
github.com/TykTechnologies/tyk/gateway/api.go:2498.2,2498.33 1 0
github.com/TykTechnologies/tyk/gateway/api.go:2498.33,2508.3 3 0
github.com/TykTechnologies/tyk/gateway/api.go:2510.2,2512.16 3 0
github.com/TykTechnologies/tyk/gateway/api.go:2512.16,2522.3 3 0
github.com/TykTechnologies/tyk/gateway/api.go:2524.2,2537.40 3 0
github.com/TykTechnologies/tyk/gateway/api.go:2540.85,2548.2 4 0
github.com/TykTechnologies/tyk/gateway/api.go:2550.79,2558.29 5 0
github.com/TykTechnologies/tyk/gateway/api.go:2558.29,2559.55 1 0
github.com/TykTechnologies/tyk/gateway/api.go:2559.55,2560.21 1 0
github.com/TykTechnologies/tyk/gateway/api.go:2560.21,2562.30 2 0
github.com/TykTechnologies/tyk/gateway/api.go:2562.30,2563.37 1 0
github.com/TykTechnologies/tyk/gateway/api.go:2563.37,2564.34 1 0
github.com/TykTechnologies/tyk/gateway/api.go:2564.34,2566.8 1 0
github.com/TykTechnologies/tyk/gateway/api.go:2573.2,2573.37 1 0
github.com/TykTechnologies/tyk/gateway/api.go:2576.79,2582.18 5 0
github.com/TykTechnologies/tyk/gateway/api.go:2583.22,2584.20 1 0
github.com/TykTechnologies/tyk/gateway/api.go:2584.20,2587.4 1 0
github.com/TykTechnologies/tyk/gateway/api.go:2587.9,2590.4 1 0
github.com/TykTechnologies/tyk/gateway/api.go:2591.22,2593.54 1 0
github.com/TykTechnologies/tyk/gateway/api.go:2594.25,2596.57 1 0
github.com/TykTechnologies/tyk/gateway/api.go:2599.2,2599.27 1 0
github.com/TykTechnologies/tyk/gateway/api.go:2602.85,2607.20 4 0
github.com/TykTechnologies/tyk/gateway/api.go:2607.20,2617.3 3 0
github.com/TykTechnologies/tyk/gateway/api.go:2619.2,2619.45 1 0
github.com/TykTechnologies/tyk/gateway/api.go:2619.45,2623.17 3 0
github.com/TykTechnologies/tyk/gateway/api.go:2623.17,2625.4 1 0
github.com/TykTechnologies/tyk/gateway/api.go:2627.3,2627.16 1 0
github.com/TykTechnologies/tyk/gateway/api.go:2627.16,2629.4 1 0
github.com/TykTechnologies/tyk/gateway/api.go:2631.3,2632.17 2 0
github.com/TykTechnologies/tyk/gateway/api.go:2632.17,2635.4 2 0
github.com/TykTechnologies/tyk/gateway/api.go:2637.3,2646.9 2 0
github.com/TykTechnologies/tyk/gateway/api.go:2649.2,2650.16 2 0
github.com/TykTechnologies/tyk/gateway/api.go:2650.16,2653.3 2 0
github.com/TykTechnologies/tyk/gateway/api.go:2655.2,2655.39 1 0
github.com/TykTechnologies/tyk/gateway/api.go:2659.84,2662.20 3 0
github.com/TykTechnologies/tyk/gateway/api.go:2662.20,2671.3 2 0
github.com/TykTechnologies/tyk/gateway/api.go:2673.2,2673.33 1 0
github.com/TykTechnologies/tyk/gateway/api.go:2673.33,2691.3 6 0
github.com/TykTechnologies/tyk/gateway/api.go:2693.2,2694.16 2 0
github.com/TykTechnologies/tyk/gateway/api.go:2694.16,2696.3 1 0
github.com/TykTechnologies/tyk/gateway/api.go:2697.2,2713.44 3 0
github.com/TykTechnologies/tyk/gateway/api.go:2716.79,2717.33 1 0
github.com/TykTechnologies/tyk/gateway/api.go:2717.33,2720.3 2 0
github.com/TykTechnologies/tyk/gateway/api.go:2722.2,2722.44 1 0
github.com/TykTechnologies/tyk/gateway/api.go:2722.44,2725.3 2 0
github.com/TykTechnologies/tyk/gateway/api.go:2727.2,2728.16 2 0
github.com/TykTechnologies/tyk/gateway/api.go:2728.16,2731.3 2 0
github.com/TykTechnologies/tyk/gateway/api.go:2733.2,2733.62 1 0
github.com/TykTechnologies/tyk/gateway/api.go:2737.86,2741.20 3 0
github.com/TykTechnologies/tyk/gateway/api.go:2741.20,2751.3 2 0
github.com/TykTechnologies/tyk/gateway/api.go:2753.2,2753.33 1 0
github.com/TykTechnologies/tyk/gateway/api.go:2753.33,2755.17 2 0
github.com/TykTechnologies/tyk/gateway/api.go:2755.17,2757.4 1 0
github.com/TykTechnologies/tyk/gateway/api.go:2759.3,2772.34 3 0
github.com/TykTechnologies/tyk/gateway/api.go:2775.2,2775.67 1 0
github.com/TykTechnologies/tyk/gateway/api.go:2785.103,2790.20 4 0
github.com/TykTechnologies/tyk/gateway/api.go:2790.20,2798.3 2 0
github.com/TykTechnologies/tyk/gateway/api.go:2800.2,2801.23 2 0
github.com/TykTechnologies/tyk/gateway/api.go:2801.23,2803.17 2 0
github.com/TykTechnologies/tyk/gateway/api.go:2803.17,2812.4 2 0
github.com/TykTechnologies/tyk/gateway/api.go:2815.2,2815.54 1 0
github.com/TykTechnologies/tyk/gateway/api.go:2819.69,2823.26 2 0
github.com/TykTechnologies/tyk/gateway/api.go:2823.26,2825.3 1 0
github.com/TykTechnologies/tyk/gateway/api.go:2827.2,2828.40 2 0
github.com/TykTechnologies/tyk/gateway/api.go:2828.40,2839.3 2 0
github.com/TykTechnologies/tyk/gateway/api.go:2840.2,2846.31 2 0
github.com/TykTechnologies/tyk/gateway/api.go:2849.89,2853.29 3 0
github.com/TykTechnologies/tyk/gateway/api.go:2853.29,2855.30 2 0
github.com/TykTechnologies/tyk/gateway/api.go:2855.30,2856.39 1 0
github.com/TykTechnologies/tyk/gateway/api.go:2856.39,2857.40 1 0
github.com/TykTechnologies/tyk/gateway/api.go:2857.40,2859.6 1 0
github.com/TykTechnologies/tyk/gateway/api.go:2864.2,2864.13 1 0
github.com/TykTechnologies/tyk/gateway/api.go:2867.79,2868.52 1 0
github.com/TykTechnologies/tyk/gateway/api.go:2868.52,2871.3 2 0
github.com/TykTechnologies/tyk/gateway/api.go:2872.2,2873.17 2 0
github.com/TykTechnologies/tyk/gateway/api.go:2873.17,2876.3 2 0
github.com/TykTechnologies/tyk/gateway/api.go:2877.2,2878.20 2 0
github.com/TykTechnologies/tyk/gateway/api.go:2878.20,2881.3 2 0
github.com/TykTechnologies/tyk/gateway/api.go:2882.2,2883.39 2 0
github.com/TykTechnologies/tyk/gateway/api.go:2886.61,2888.20 2 0
github.com/TykTechnologies/tyk/gateway/api.go:2888.20,2891.3 2 0
github.com/TykTechnologies/tyk/gateway/api.go:2893.2,2900.46 7 0
github.com/TykTechnologies/tyk/gateway/api.go:2903.83,2906.45 2 0
github.com/TykTechnologies/tyk/gateway/api.go:2906.45,2909.48 3 0
github.com/TykTechnologies/tyk/gateway/api.go:2909.48,2911.4 1 0
github.com/TykTechnologies/tyk/gateway/api.go:2912.3,2925.9 3 0
github.com/TykTechnologies/tyk/gateway/api.go:2928.2,2928.59 1 0
github.com/TykTechnologies/tyk/gateway/api.go:2931.79,2934.16 2 0
github.com/TykTechnologies/tyk/gateway/api.go:2934.16,2937.3 2 0
github.com/TykTechnologies/tyk/gateway/api.go:2939.2,2944.17 5 0
github.com/TykTechnologies/tyk/gateway/api.go:2944.17,2947.3 2 0
github.com/TykTechnologies/tyk/gateway/api.go:2949.2,2949.20 1 0
github.com/TykTechnologies/tyk/gateway/api.go:2949.20,2952.3 2 0
github.com/TykTechnologies/tyk/gateway/api.go:2954.2,2955.20 2 0
github.com/TykTechnologies/tyk/gateway/api.go:2955.20,2958.3 2 0
github.com/TykTechnologies/tyk/gateway/api.go:2960.2,2960.29 1 0
github.com/TykTechnologies/tyk/gateway/api.go:2960.29,2962.17 2 0
github.com/TykTechnologies/tyk/gateway/api.go:2962.17,2964.4 1 0
github.com/TykTechnologies/tyk/gateway/api.go:2966.2,2966.68 1 0
github.com/TykTechnologies/tyk/gateway/api.go:2969.94,2971.20 2 0
github.com/TykTechnologies/tyk/gateway/api.go:2971.20,2980.3 2 0
github.com/TykTechnologies/tyk/gateway/api.go:2982.2,2982.33 1 0
github.com/TykTechnologies/tyk/gateway/api.go:2982.33,2991.3 2 0
github.com/TykTechnologies/tyk/gateway/api.go:2993.2,2993.59 1 0
github.com/TykTechnologies/tyk/gateway/api.go:2996.83,2999.16 2 0
github.com/TykTechnologies/tyk/gateway/api.go:2999.16,3002.3 2 0
github.com/TykTechnologies/tyk/gateway/api.go:3004.2,3008.20 4 0
github.com/TykTechnologies/tyk/gateway/api.go:3008.20,3011.3 2 0
github.com/TykTechnologies/tyk/gateway/api.go:3013.2,3013.24 1 0
github.com/TykTechnologies/tyk/gateway/api.go:3013.24,3016.3 2 0
github.com/TykTechnologies/tyk/gateway/api.go:3018.2,3019.20 2 0
github.com/TykTechnologies/tyk/gateway/api.go:3019.20,3023.3 2 0
github.com/TykTechnologies/tyk/gateway/api.go:3025.2,3026.29 2 0
github.com/TykTechnologies/tyk/gateway/api.go:3026.29,3028.17 2 0
github.com/TykTechnologies/tyk/gateway/api.go:3028.17,3031.4 2 0
github.com/TykTechnologies/tyk/gateway/api.go:3034.2,3041.69 3 0
github.com/TykTechnologies/tyk/gateway/api.go:3044.72,3045.54 1 1
github.com/TykTechnologies/tyk/gateway/api.go:3045.54,3048.17 2 0
github.com/TykTechnologies/tyk/gateway/api.go:3048.17,3051.4 2 0
github.com/TykTechnologies/tyk/gateway/api.go:3053.3,3053.82 1 0
github.com/TykTechnologies/tyk/gateway/api.go:3053.82,3056.4 2 0
github.com/TykTechnologies/tyk/gateway/api.go:3058.3,3058.146 1 0
github.com/TykTechnologies/tyk/gateway/api.go:3058.146,3061.4 2 0
github.com/TykTechnologies/tyk/gateway/api.go:3063.3,3063.78 1 0
github.com/TykTechnologies/tyk/gateway/api.go:3063.78,3066.4 2 0
github.com/TykTechnologies/tyk/gateway/api.go:3068.3,3068.112 1 0
github.com/TykTechnologies/tyk/gateway/api.go:3068.112,3071.4 2 0
github.com/TykTechnologies/tyk/gateway/api.go:3073.3,3074.23 2 0
github.com/TykTechnologies/tyk/gateway/api.go:3078.81,3079.54 1 1
github.com/TykTechnologies/tyk/gateway/api.go:3079.54,3080.37 1 0
github.com/TykTechnologies/tyk/gateway/api.go:3080.37,3083.4 2 0
github.com/TykTechnologies/tyk/gateway/api.go:3085.3,3085.23 1 0
github.com/TykTechnologies/tyk/gateway/api.go:3089.82,3090.54 1 1
github.com/TykTechnologies/tyk/gateway/api.go:3090.54,3092.17 2 0
github.com/TykTechnologies/tyk/gateway/api.go:3092.17,3095.4 2 0
github.com/TykTechnologies/tyk/gateway/api.go:3097.3,3098.38 2 0
github.com/TykTechnologies/tyk/gateway/api.go:3098.38,3100.4 1 0
github.com/TykTechnologies/tyk/gateway/api.go:3102.3,3103.17 2 0
github.com/TykTechnologies/tyk/gateway/api.go:3103.17,3106.4 2 0
github.com/TykTechnologies/tyk/gateway/api.go:3108.3,3111.17 3 0
github.com/TykTechnologies/tyk/gateway/api.go:3111.17,3114.4 2 0
github.com/TykTechnologies/tyk/gateway/api.go:3116.3,3117.23 2 0
github.com/TykTechnologies/tyk/gateway/api.go:3122.65,3124.2 1 0
github.com/TykTechnologies/tyk/gateway/api.go:3127.56,3130.2 2 0
github.com/TykTechnologies/tyk/gateway/api.go:3132.56,3134.2 1 0
github.com/TykTechnologies/tyk/gateway/api.go:3136.94,3138.2 1 0
github.com/TykTechnologies/tyk/gateway/api.go:3140.46,3142.2 1 0
github.com/TykTechnologies/tyk/gateway/api.go:3144.48,3145.61 1 0
github.com/TykTechnologies/tyk/gateway/api.go:3145.61,3147.3 1 0
github.com/TykTechnologies/tyk/gateway/api.go:3148.2,3148.11 1 0
github.com/TykTechnologies/tyk/gateway/api.go:3151.51,3152.13 1 0
github.com/TykTechnologies/tyk/gateway/api.go:3152.13,3153.51 1 0
github.com/TykTechnologies/tyk/gateway/api.go:3155.2,3155.42 1 0
github.com/TykTechnologies/tyk/gateway/api.go:3158.45,3160.2 1 0
github.com/TykTechnologies/tyk/gateway/api.go:3162.48,3164.2 1 0
github.com/TykTechnologies/tyk/gateway/api.go:3166.59,3168.2 1 1
github.com/TykTechnologies/tyk/gateway/api.go:3170.56,3171.60 1 0
github.com/TykTechnologies/tyk/gateway/api.go:3171.60,3172.33 1 0
github.com/TykTechnologies/tyk/gateway/api.go:3172.33,3174.4 1 0
github.com/TykTechnologies/tyk/gateway/api.go:3176.2,3176.20 1 0
github.com/TykTechnologies/tyk/gateway/api.go:3179.61,3180.55 1 0
github.com/TykTechnologies/tyk/gateway/api.go:3180.55,3182.3 1 0
github.com/TykTechnologies/tyk/gateway/api.go:3183.2,3183.12 1 0
github.com/TykTechnologies/tyk/gateway/api.go:3186.64,3188.2 1 0
github.com/TykTechnologies/tyk/gateway/api.go:3190.49,3191.55 1 0
github.com/TykTechnologies/tyk/gateway/api.go:3191.55,3193.3 1 0
github.com/TykTechnologies/tyk/gateway/api.go:3195.2,3195.12 1 0
github.com/TykTechnologies/tyk/gateway/api.go:3198.56,3200.2 1 0
github.com/TykTechnologies/tyk/gateway/api.go:3202.58,3204.2 1 0
github.com/TykTechnologies/tyk/gateway/api.go:3206.53,3207.58 1 0
github.com/TykTechnologies/tyk/gateway/api.go:3207.58,3208.37 1 0
github.com/TykTechnologies/tyk/gateway/api.go:3208.37,3210.4 1 0
github.com/TykTechnologies/tyk/gateway/api.go:3213.2,3213.12 1 0
github.com/TykTechnologies/tyk/gateway/api.go:3216.60,3218.2 1 0
github.com/TykTechnologies/tyk/gateway/api.go:3220.55,3221.60 1 0
github.com/TykTechnologies/tyk/gateway/api.go:3221.60,3222.37 1 0
github.com/TykTechnologies/tyk/gateway/api.go:3222.37,3224.4 1 0
github.com/TykTechnologies/tyk/gateway/api.go:3227.2,3227.12 1 0
github.com/TykTechnologies/tyk/gateway/api.go:3230.57,3232.2 1 0
github.com/TykTechnologies/tyk/gateway/api.go:3234.51,3235.58 1 0
github.com/TykTechnologies/tyk/gateway/api.go:3235.58,3236.35 1 0
github.com/TykTechnologies/tyk/gateway/api.go:3236.35,3238.4 1 0
github.com/TykTechnologies/tyk/gateway/api.go:3240.2,3240.11 1 0
github.com/TykTechnologies/tyk/gateway/api.go:3243.64,3245.2 1 0
github.com/TykTechnologies/tyk/gateway/api.go:3247.61,3248.66 1 0
github.com/TykTechnologies/tyk/gateway/api.go:3248.66,3249.34 1 0
github.com/TykTechnologies/tyk/gateway/api.go:3249.34,3251.4 1 0
github.com/TykTechnologies/tyk/gateway/api.go:3254.2,3254.18 1 0
github.com/TykTechnologies/tyk/gateway/api.go:3254.18,3256.3 1 0
github.com/TykTechnologies/tyk/gateway/api.go:3258.2,3259.15 2 0
github.com/TykTechnologies/tyk/gateway/api.go:3262.53,3264.2 1 0
github.com/TykTechnologies/tyk/gateway/api.go:3267.43,3269.30 1 0
github.com/TykTechnologies/tyk/gateway/api.go:3269.30,3271.3 1 0
github.com/TykTechnologies/tyk/gateway/api.go:3274.2,3274.27 1 0
github.com/TykTechnologies/tyk/gateway/api.go:3274.27,3276.3 1 0
github.com/TykTechnologies/tyk/gateway/api.go:3278.2,3278.59 1 0
github.com/TykTechnologies/tyk/gateway/api.go:3278.59,3280.3 1 0
github.com/TykTechnologies/tyk/gateway/api.go:3282.2,3282.14 1 0
github.com/TykTechnologies/tyk/gateway/api.go:3285.56,3287.2 1 0
github.com/TykTechnologies/tyk/gateway/api.go:3289.50,3290.57 1 0
github.com/TykTechnologies/tyk/gateway/api.go:3290.57,3291.35 1 0
github.com/TykTechnologies/tyk/gateway/api.go:3291.35,3293.4 1 0
github.com/TykTechnologies/tyk/gateway/api.go:3295.2,3295.17 1 0
github.com/TykTechnologies/tyk/gateway/api.go:3298.65,3300.2 1 0
github.com/TykTechnologies/tyk/gateway/api.go:3302.59,3303.68 1 0
github.com/TykTechnologies/tyk/gateway/api.go:3303.68,3304.35 1 0
github.com/TykTechnologies/tyk/gateway/api.go:3304.35,3306.4 1 0
github.com/TykTechnologies/tyk/gateway/api.go:3308.2,3308.17 1 0
github.com/TykTechnologies/tyk/gateway/api.go:3311.69,3313.2 1 0
github.com/TykTechnologies/tyk/gateway/api.go:3315.70,3316.58 1 0
github.com/TykTechnologies/tyk/gateway/api.go:3316.58,3317.45 1 0
github.com/TykTechnologies/tyk/gateway/api.go:3317.45,3319.4 1 0
github.com/TykTechnologies/tyk/gateway/api.go:3321.2,3321.12 1 0
github.com/TykTechnologies/tyk/gateway/api.go:3324.73,3326.2 1 0
github.com/TykTechnologies/tyk/gateway/api.go:3328.74,3329.58 1 0
github.com/TykTechnologies/tyk/gateway/api.go:3329.58,3330.47 1 0
github.com/TykTechnologies/tyk/gateway/api.go:3330.47,3332.4 1 0
github.com/TykTechnologies/tyk/gateway/api.go:3334.2,3334.12 1 0
github.com/TykTechnologies/tyk/gateway/api.go:3337.80,3339.2 1 0
github.com/TykTechnologies/tyk/gateway/api.go:3341.81,3342.69 1 0
github.com/TykTechnologies/tyk/gateway/api.go:3342.69,3343.45 1 0
github.com/TykTechnologies/tyk/gateway/api.go:3343.45,3345.4 1 0
github.com/TykTechnologies/tyk/gateway/api.go:3348.2,3348.14 1 0
github.com/TykTechnologies/tyk/gateway/api.go:3351.49,3353.2 1 0
github.com/TykTechnologies/tyk/gateway/api.go:3355.44,3357.2 1 0
github.com/TykTechnologies/tyk/gateway/api.go:3359.46,3361.2 1 0
github.com/TykTechnologies/tyk/gateway/api.go:3363.40,3364.53 1 0
github.com/TykTechnologies/tyk/gateway/api.go:3364.53,3365.32 1 0
github.com/TykTechnologies/tyk/gateway/api.go:3365.32,3367.4 1 0
github.com/TykTechnologies/tyk/gateway/api.go:3370.2,3370.10 1 0
github.com/TykTechnologies/tyk/gateway/api.go:3373.50,3375.2 1 0
github.com/TykTechnologies/tyk/gateway/api.go:3377.54,3380.2 2 0
github.com/TykTechnologies/tyk/gateway/api.go:3382.45,3383.58 1 0
github.com/TykTechnologies/tyk/gateway/api.go:3383.58,3384.32 1 0
github.com/TykTechnologies/tyk/gateway/api.go:3384.32,3386.4 1 0
github.com/TykTechnologies/tyk/gateway/api.go:3389.2,3389.10 1 0
github.com/TykTechnologies/tyk/gateway/api.go:3392.50,3394.44 1 0
github.com/TykTechnologies/tyk/gateway/api.go:3394.44,3396.3 1 0
github.com/TykTechnologies/tyk/gateway/api.go:3399.49,3400.62 1 0
github.com/TykTechnologies/tyk/gateway/api.go:3400.62,3401.32 1 0
github.com/TykTechnologies/tyk/gateway/api.go:3401.32,3403.4 1 0
github.com/TykTechnologies/tyk/gateway/api.go:3406.2,3406.10 1 0
github.com/TykTechnologies/tyk/gateway/api.go:3409.44,3410.57 1 0
github.com/TykTechnologies/tyk/gateway/api.go:3410.57,3411.32 1 0
github.com/TykTechnologies/tyk/gateway/api.go:3411.32,3413.4 1 0
github.com/TykTechnologies/tyk/gateway/api.go:3416.2,3416.10 1 0
github.com/TykTechnologies/tyk/gateway/api.go:3419.54,3421.48 1 0
github.com/TykTechnologies/tyk/gateway/api.go:3421.48,3423.3 1 0
github.com/TykTechnologies/tyk/gateway/api.go:3426.54,3428.2 1 0
github.com/TykTechnologies/tyk/gateway/api.go:3430.62,3433.2 2 0
github.com/TykTechnologies/tyk/gateway/api.go:3435.88,3436.20 1 0
github.com/TykTechnologies/tyk/gateway/api.go:3436.20,3438.3 1 0
github.com/TykTechnologies/tyk/gateway/api.go:3441.88,3442.46 1 0
github.com/TykTechnologies/tyk/gateway/api.go:3442.46,3444.9 2 0
github.com/TykTechnologies/tyk/gateway/api.go:3444.9,3446.4 1 0
github.com/TykTechnologies/tyk/gateway/api.go:3448.2,3448.8 1 0
github.com/TykTechnologies/tyk/gateway/api.go:3451.63,3453.2 1 0
github.com/TykTechnologies/tyk/gateway/api.go:3455.64,3456.57 1 0
github.com/TykTechnologies/tyk/gateway/api.go:3456.57,3458.3 1 0
github.com/TykTechnologies/tyk/gateway/api.go:3459.2,3459.8 1 0
github.com/TykTechnologies/tyk/gateway/api.go:3462.45,3465.2 2 0
github.com/TykTechnologies/tyk/gateway/api.go:3468.126,3469.102 1 0
github.com/TykTechnologies/tyk/gateway/api.go:3469.102,3471.17 2 0
github.com/TykTechnologies/tyk/gateway/api.go:3471.17,3473.4 1 0
github.com/TykTechnologies/tyk/gateway/api.go:3475.3,3475.35 1 0
github.com/TykTechnologies/tyk/gateway/api.go:3475.35,3476.75 1 0
github.com/TykTechnologies/tyk/gateway/api.go:3476.75,3478.5 1 0
github.com/TykTechnologies/tyk/gateway/api.go:3483.72,3486.16 3 0
github.com/TykTechnologies/tyk/gateway/api.go:3486.16,3488.3 1 0
github.com/TykTechnologies/tyk/gateway/api.go:3490.2,3492.16 3 0
github.com/TykTechnologies/tyk/gateway/api.go:3492.16,3494.3 1 0
github.com/TykTechnologies/tyk/gateway/api.go:3496.2,3498.37 2 0
github.com/TykTechnologies/tyk/gateway/api.go:3501.69,3503.31 2 0
github.com/TykTechnologies/tyk/gateway/api.go:3503.31,3505.40 2 0
github.com/TykTechnologies/tyk/gateway/api.go:3505.40,3507.4 1 0
github.com/TykTechnologies/tyk/gateway/api.go:3509.3,3510.17 2 0
github.com/TykTechnologies/tyk/gateway/api.go:3513.2,3513.12 1 0
github.com/TykTechnologies/tyk/gateway/api.go:3516.105,3518.44 2 0
github.com/TykTechnologies/tyk/gateway/api.go:3518.44,3520.3 1 0
github.com/TykTechnologies/tyk/gateway/api.go:3522.2,3523.44 2 0
github.com/TykTechnologies/tyk/gateway/api_definition.go:153.66,154.57 1 0
github.com/TykTechnologies/tyk/gateway/api_definition.go:154.57,156.3 1 0
github.com/TykTechnologies/tyk/gateway/api_definition.go:158.2,158.47 1 0
github.com/TykTechnologies/tyk/gateway/api_definition.go:162.46,164.2 1 0
github.com/TykTechnologies/tyk/gateway/api_definition.go:167.28,172.33 3 0
github.com/TykTechnologies/tyk/gateway/api_definition.go:172.33,173.32 1 0
github.com/TykTechnologies/tyk/gateway/api_definition.go:173.32,174.40 1 0
github.com/TykTechnologies/tyk/gateway/api_definition.go:174.40,177.5 1 0
github.com/TykTechnologies/tyk/gateway/api_definition.go:182.2,182.26 1 0
github.com/TykTechnologies/tyk/gateway/api_definition.go:182.26,184.3 1 0
github.com/TykTechnologies/tyk/gateway/api_definition.go:189.2,189.22 1 0
github.com/TykTechnologies/tyk/gateway/api_definition.go:189.22,191.3 1 0
github.com/TykTechnologies/tyk/gateway/api_definition.go:193.2,193.28 1 0
github.com/TykTechnologies/tyk/gateway/api_definition.go:193.28,198.3 3 0
github.com/TykTechnologies/tyk/gateway/api_definition.go:200.2,200.37 1 0
github.com/TykTechnologies/tyk/gateway/api_definition.go:200.37,202.3 1 0
github.com/TykTechnologies/tyk/gateway/api_definition.go:203.2,203.21 1 0
github.com/TykTechnologies/tyk/gateway/api_definition.go:207.62,208.13 1 0
github.com/TykTechnologies/tyk/gateway/api_definition.go:208.13,210.17 2 0
github.com/TykTechnologies/tyk/gateway/api_definition.go:210.17,212.4 1 0
github.com/TykTechnologies/tyk/gateway/api_definition.go:216.2,216.20 1 0
github.com/TykTechnologies/tyk/gateway/api_definition.go:217.20,218.25 1 0
github.com/TykTechnologies/tyk/gateway/api_definition.go:219.10,220.26 1 0
github.com/TykTechnologies/tyk/gateway/api_definition.go:224.39,225.23 1 0
github.com/TykTechnologies/tyk/gateway/api_definition.go:225.23,227.3 1 0
github.com/TykTechnologies/tyk/gateway/api_definition.go:228.2,228.12 1 0
github.com/TykTechnologies/tyk/gateway/api_definition.go:231.40,234.2 1 0
github.com/TykTechnologies/tyk/gateway/api_definition.go:236.41,237.31 1 0
github.com/TykTechnologies/tyk/gateway/api_definition.go:237.31,239.3 1 0
github.com/TykTechnologies/tyk/gateway/api_definition.go:241.2,242.11 2 0
github.com/TykTechnologies/tyk/gateway/api_definition.go:253.101,254.19 1 0
github.com/TykTechnologies/tyk/gateway/api_definition.go:254.19,260.3 1 0
github.com/TykTechnologies/tyk/gateway/api_definition.go:262.2,264.16 3 0
github.com/TykTechnologies/tyk/gateway/api_definition.go:264.16,267.3 2 0
github.com/TykTechnologies/tyk/gateway/api_definition.go:269.2,275.79 4 0
github.com/TykTechnologies/tyk/gateway/api_definition.go:275.79,277.3 1 0
github.com/TykTechnologies/tyk/gateway/api_definition.go:280.2,280.26 1 0
github.com/TykTechnologies/tyk/gateway/api_definition.go:280.26,281.84 1 0
github.com/TykTechnologies/tyk/gateway/api_definition.go:281.84,283.4 1 0
github.com/TykTechnologies/tyk/gateway/api_definition.go:283.9,285.4 1 0
github.com/TykTechnologies/tyk/gateway/api_definition.go:290.2,290.49 1 0
github.com/TykTechnologies/tyk/gateway/api_definition.go:290.49,291.47 1 0
github.com/TykTechnologies/tyk/gateway/api_definition.go:291.47,292.12 1 0
github.com/TykTechnologies/tyk/gateway/api_definition.go:295.3,295.81 1 0
github.com/TykTechnologies/tyk/gateway/api_definition.go:295.81,297.4 1 0
github.com/TykTechnologies/tyk/gateway/api_definition.go:297.9,300.4 2 0
github.com/TykTechnologies/tyk/gateway/api_definition.go:304.2,318.45 5 0
github.com/TykTechnologies/tyk/gateway/api_definition.go:318.45,321.3 2 0
github.com/TykTechnologies/tyk/gateway/api_definition.go:323.2,323.117 1 0
github.com/TykTechnologies/tyk/gateway/api_definition.go:323.117,326.3 2 0
github.com/TykTechnologies/tyk/gateway/api_definition.go:329.2,329.39 1 0
github.com/TykTechnologies/tyk/gateway/api_definition.go:329.39,331.3 1 0
github.com/TykTechnologies/tyk/gateway/api_definition.go:332.2,333.69 2 0
github.com/TykTechnologies/tyk/gateway/api_definition.go:333.69,335.49 2 0
github.com/TykTechnologies/tyk/gateway/api_definition.go:335.49,339.18 3 0
github.com/TykTechnologies/tyk/gateway/api_definition.go:339.18,341.5 1 0
github.com/TykTechnologies/tyk/gateway/api_definition.go:341.10,344.5 2 0
github.com/TykTechnologies/tyk/gateway/api_definition.go:348.2,350.45 3 0
github.com/TykTechnologies/tyk/gateway/api_definition.go:350.45,355.25 3 0
github.com/TykTechnologies/tyk/gateway/api_definition.go:355.25,357.4 1 0
github.com/TykTechnologies/tyk/gateway/api_definition.go:357.9,360.4 2 0
github.com/TykTechnologies/tyk/gateway/api_definition.go:361.3,362.49 2 0
github.com/TykTechnologies/tyk/gateway/api_definition.go:365.2,365.34 1 0
github.com/TykTechnologies/tyk/gateway/api_definition.go:365.34,367.63 2 0
github.com/TykTechnologies/tyk/gateway/api_definition.go:367.63,369.4 1 0
github.com/TykTechnologies/tyk/gateway/api_definition.go:371.3,371.22 1 0
github.com/TykTechnologies/tyk/gateway/api_definition.go:374.2,374.69 1 0
github.com/TykTechnologies/tyk/gateway/api_definition.go:374.69,377.3 2 0
github.com/TykTechnologies/tyk/gateway/api_definition.go:379.2,385.16 4 0
github.com/TykTechnologies/tyk/gateway/api_definition.go:385.16,387.3 1 0
github.com/TykTechnologies/tyk/gateway/api_definition.go:389.2,389.18 1 0
github.com/TykTechnologies/tyk/gateway/api_definition.go:393.88,398.44 2 0
github.com/TykTechnologies/tyk/gateway/api_definition.go:398.44,400.17 2 0
github.com/TykTechnologies/tyk/gateway/api_definition.go:400.17,403.4 2 0
github.com/TykTechnologies/tyk/gateway/api_definition.go:405.3,416.25 9 0
github.com/TykTechnologies/tyk/gateway/api_definition.go:420.2,421.16 2 0
github.com/TykTechnologies/tyk/gateway/api_definition.go:421.16,423.3 1 0
github.com/TykTechnologies/tyk/gateway/api_definition.go:424.2,427.45 2 0
github.com/TykTechnologies/tyk/gateway/api_definition.go:427.45,429.17 2 0
github.com/TykTechnologies/tyk/gateway/api_definition.go:429.17,431.4 1 0
github.com/TykTechnologies/tyk/gateway/api_definition.go:432.3,432.74 1 0
github.com/TykTechnologies/tyk/gateway/api_definition.go:435.2,435.38 1 0
github.com/TykTechnologies/tyk/gateway/api_definition.go:435.38,437.17 2 0
github.com/TykTechnologies/tyk/gateway/api_definition.go:437.17,439.4 1 0
github.com/TykTechnologies/tyk/gateway/api_definition.go:440.3,440.80 1 0
github.com/TykTechnologies/tyk/gateway/api_definition.go:444.2,446.16 3 0
github.com/TykTechnologies/tyk/gateway/api_definition.go:446.16,449.73 2 0
github.com/TykTechnologies/tyk/gateway/api_definition.go:449.73,451.4 1 0
github.com/TykTechnologies/tyk/gateway/api_definition.go:452.3,452.18 1 0
github.com/TykTechnologies/tyk/gateway/api_definition.go:455.2,458.16 3 0
github.com/TykTechnologies/tyk/gateway/api_definition.go:458.16,462.3 2 0
github.com/TykTechnologies/tyk/gateway/api_definition.go:465.2,477.19 8 0
github.com/TykTechnologies/tyk/gateway/api_definition.go:491.63,494.40 2 0
github.com/TykTechnologies/tyk/gateway/api_definition.go:494.40,497.29 3 0
github.com/TykTechnologies/tyk/gateway/api_definition.go:497.29,498.25 1 0
github.com/TykTechnologies/tyk/gateway/api_definition.go:498.25,499.13 1 0
github.com/TykTechnologies/tyk/gateway/api_definition.go:502.4,504.17 3 0
github.com/TykTechnologies/tyk/gateway/api_definition.go:504.17,506.5 1 0
github.com/TykTechnologies/tyk/gateway/api_definition.go:510.2,510.44 1 0
github.com/TykTechnologies/tyk/gateway/api_definition.go:510.44,511.46 1 0
github.com/TykTechnologies/tyk/gateway/api_definition.go:511.46,513.4 1 0
github.com/TykTechnologies/tyk/gateway/api_definition.go:516.2,516.43 1 0
github.com/TykTechnologies/tyk/gateway/api_definition.go:516.43,517.56 1 0
github.com/TykTechnologies/tyk/gateway/api_definition.go:517.56,519.4 1 0
github.com/TykTechnologies/tyk/gateway/api_definition.go:522.2,522.42 1 0
github.com/TykTechnologies/tyk/gateway/api_definition.go:522.42,523.55 1 0
github.com/TykTechnologies/tyk/gateway/api_definition.go:523.55,525.4 1 0
github.com/TykTechnologies/tyk/gateway/api_definition.go:528.2,528.22 1 0
github.com/TykTechnologies/tyk/gateway/api_definition.go:531.72,532.43 1 0
github.com/TykTechnologies/tyk/gateway/api_definition.go:532.43,534.3 1 0
github.com/TykTechnologies/tyk/gateway/api_definition.go:536.2,537.16 2 0
github.com/TykTechnologies/tyk/gateway/api_definition.go:537.16,539.3 1 0
github.com/TykTechnologies/tyk/gateway/api_definition.go:541.2,541.34 1 0
github.com/TykTechnologies/tyk/gateway/api_definition.go:541.34,544.3 2 0
github.com/TykTechnologies/tyk/gateway/api_definition.go:546.2,546.12 1 0
github.com/TykTechnologies/tyk/gateway/api_definition.go:549.71,550.42 1 0
github.com/TykTechnologies/tyk/gateway/api_definition.go:550.42,552.3 1 0
github.com/TykTechnologies/tyk/gateway/api_definition.go:554.2,555.16 2 0
github.com/TykTechnologies/tyk/gateway/api_definition.go:555.16,557.3 1 0
github.com/TykTechnologies/tyk/gateway/api_definition.go:559.2,560.9 2 0
github.com/TykTechnologies/tyk/gateway/api_definition.go:560.9,562.3 1 0
github.com/TykTechnologies/tyk/gateway/api_definition.go:564.2,565.9 2 0
github.com/TykTechnologies/tyk/gateway/api_definition.go:565.9,567.3 1 0
github.com/TykTechnologies/tyk/gateway/api_definition.go:569.2,569.29 1 0
github.com/TykTechnologies/tyk/gateway/api_definition.go:569.29,571.3 1 0
github.com/TykTechnologies/tyk/gateway/api_definition.go:573.2,573.12 1 0
github.com/TykTechnologies/tyk/gateway/api_definition.go:577.106,578.27 1 0
github.com/TykTechnologies/tyk/gateway/api_definition.go:578.27,580.3 1 0
github.com/TykTechnologies/tyk/gateway/api_definition.go:582.2,582.22 1 0
github.com/TykTechnologies/tyk/gateway/api_definition.go:582.22,584.3 1 0
github.com/TykTechnologies/tyk/gateway/api_definition.go:587.2,588.53 2 0
github.com/TykTechnologies/tyk/gateway/api_definition.go:588.53,591.3 2 0
github.com/TykTechnologies/tyk/gateway/api_definition.go:593.2,598.25 3 0
github.com/TykTechnologies/tyk/gateway/api_definition.go:598.25,599.68 1 0
github.com/TykTechnologies/tyk/gateway/api_definition.go:599.68,601.4 1 0
github.com/TykTechnologies/tyk/gateway/api_definition.go:604.2,604.51 1 0
github.com/TykTechnologies/tyk/gateway/api_definition.go:607.107,609.72 2 0
github.com/TykTechnologies/tyk/gateway/api_definition.go:609.72,611.3 1 0
github.com/TykTechnologies/tyk/gateway/api_definition.go:613.2,622.19 5 0
github.com/TykTechnologies/tyk/gateway/api_definition.go:625.119,628.30 2 0
github.com/TykTechnologies/tyk/gateway/api_definition.go:628.30,629.14 1 0
github.com/TykTechnologies/tyk/gateway/api_definition.go:629.14,632.61 2 0
github.com/TykTechnologies/tyk/gateway/api_definition.go:632.61,640.5 3 0
github.com/TykTechnologies/tyk/gateway/api_definition.go:643.3,644.17 2 0
github.com/TykTechnologies/tyk/gateway/api_definition.go:644.17,645.12 1 0
github.com/TykTechnologies/tyk/gateway/api_definition.go:648.3,648.30 1 0
github.com/TykTechnologies/tyk/gateway/api_definition.go:651.2,651.14 1 0
github.com/TykTechnologies/tyk/gateway/api_definition.go:654.86,655.56 1 0
github.com/TykTechnologies/tyk/gateway/api_definition.go:655.56,657.3 1 0
github.com/TykTechnologies/tyk/gateway/api_definition.go:659.2,659.8 1 0
github.com/TykTechnologies/tyk/gateway/api_definition.go:662.66,663.56 1 0
github.com/TykTechnologies/tyk/gateway/api_definition.go:663.56,665.3 1 0
github.com/TykTechnologies/tyk/gateway/api_definition.go:667.2,667.8 1 0
github.com/TykTechnologies/tyk/gateway/api_definition.go:670.65,672.2 1 0
github.com/TykTechnologies/tyk/gateway/api_definition.go:676.61,680.29 3 0
github.com/TykTechnologies/tyk/gateway/api_definition.go:680.29,681.43 1 0
github.com/TykTechnologies/tyk/gateway/api_definition.go:681.43,682.12 1 0
github.com/TykTechnologies/tyk/gateway/api_definition.go:685.3,687.17 2 0
github.com/TykTechnologies/tyk/gateway/api_definition.go:687.17,688.12 1 0
github.com/TykTechnologies/tyk/gateway/api_definition.go:691.3,691.30 1 0
github.com/TykTechnologies/tyk/gateway/api_definition.go:693.2,693.14 1 0
github.com/TykTechnologies/tyk/gateway/api_definition.go:695.85,699.16 3 0
github.com/TykTechnologies/tyk/gateway/api_definition.go:699.16,702.3 2 0
github.com/TykTechnologies/tyk/gateway/api_definition.go:704.2,708.16 4 0
github.com/TykTechnologies/tyk/gateway/api_definition.go:708.16,711.3 2 0
github.com/TykTechnologies/tyk/gateway/api_definition.go:713.2,714.15 2 0
github.com/TykTechnologies/tyk/gateway/api_definition.go:714.15,719.17 4 0
github.com/TykTechnologies/tyk/gateway/api_definition.go:719.17,721.4 1 0
github.com/TykTechnologies/tyk/gateway/api_definition.go:724.2,724.34 1 0
github.com/TykTechnologies/tyk/gateway/api_definition.go:727.115,738.2 8 0
github.com/TykTechnologies/tyk/gateway/api_definition.go:740.121,753.18 6 0
github.com/TykTechnologies/tyk/gateway/api_definition.go:753.18,755.3 1 0
github.com/TykTechnologies/tyk/gateway/api_definition.go:757.2,761.24 4 0
github.com/TykTechnologies/tyk/gateway/api_definition.go:764.112,769.35 2 0
github.com/TykTechnologies/tyk/gateway/api_definition.go:769.35,773.3 3 0
github.com/TykTechnologies/tyk/gateway/api_definition.go:775.2,775.16 1 0
github.com/TykTechnologies/tyk/gateway/api_definition.go:778.158,783.35 2 0
github.com/TykTechnologies/tyk/gateway/api_definition.go:783.35,784.26 1 0
github.com/TykTechnologies/tyk/gateway/api_definition.go:784.26,785.12 1 0
github.com/TykTechnologies/tyk/gateway/api_definition.go:788.3,791.19 3 0
github.com/TykTechnologies/tyk/gateway/api_definition.go:792.18,793.34 1 0
github.com/TykTechnologies/tyk/gateway/api_definition.go:794.18,795.34 1 0
github.com/TykTechnologies/tyk/gateway/api_definition.go:796.16,797.32 1 0
github.com/TykTechnologies/tyk/gateway/api_definition.go:801.3,803.37 2 0
github.com/TykTechnologies/tyk/gateway/api_definition.go:806.2,806.16 1 0
github.com/TykTechnologies/tyk/gateway/api_definition.go:809.166,812.35 2 0
github.com/TykTechnologies/tyk/gateway/api_definition.go:812.35,813.26 1 0
github.com/TykTechnologies/tyk/gateway/api_definition.go:813.26,814.12 1 0
github.com/TykTechnologies/tyk/gateway/api_definition.go:817.3,821.37 4 0
github.com/TykTechnologies/tyk/gateway/api_definition.go:824.2,824.16 1 0
github.com/TykTechnologies/tyk/gateway/api_definition.go:827.130,832.38 2 0
github.com/TykTechnologies/tyk/gateway/api_definition.go:832.38,839.3 5 0
github.com/TykTechnologies/tyk/gateway/api_definition.go:841.2,841.32 1 0
github.com/TykTechnologies/tyk/gateway/api_definition.go:841.32,842.20 1 0
github.com/TykTechnologies/tyk/gateway/api_definition.go:842.20,843.12 1 0
github.com/TykTechnologies/tyk/gateway/api_definition.go:846.3,853.37 7 0
github.com/TykTechnologies/tyk/gateway/api_definition.go:856.2,856.16 1 0
github.com/TykTechnologies/tyk/gateway/api_definition.go:859.70,865.2 4 0
github.com/TykTechnologies/tyk/gateway/api_definition.go:867.92,871.2 3 0
github.com/TykTechnologies/tyk/gateway/api_definition.go:873.92,876.16 3 0
github.com/TykTechnologies/tyk/gateway/api_definition.go:876.16,878.3 1 0
github.com/TykTechnologies/tyk/gateway/api_definition.go:879.2,879.80 1 0
github.com/TykTechnologies/tyk/gateway/api_definition.go:882.130,888.35 3 0
github.com/TykTechnologies/tyk/gateway/api_definition.go:888.35,889.26 1 0
github.com/TykTechnologies/tyk/gateway/api_definition.go:889.26,890.12 1 0
github.com/TykTechnologies/tyk/gateway/api_definition.go:893.3,903.39 6 0
github.com/TykTechnologies/tyk/gateway/api_definition.go:904.23,906.95 2 0
github.com/TykTechnologies/tyk/gateway/api_definition.go:907.23,909.95 2 0
github.com/TykTechnologies/tyk/gateway/api_definition.go:910.11,912.87 2 0
github.com/TykTechnologies/tyk/gateway/api_definition.go:915.3,915.26 1 0
github.com/TykTechnologies/tyk/gateway/api_definition.go:915.26,917.4 1 0
github.com/TykTechnologies/tyk/gateway/api_definition.go:917.9,919.4 1 0
github.com/TykTechnologies/tyk/gateway/api_definition.go:921.3,921.17 1 0
github.com/TykTechnologies/tyk/gateway/api_definition.go:921.17,924.4 2 0
github.com/TykTechnologies/tyk/gateway/api_definition.go:924.9,926.4 1 0
github.com/TykTechnologies/tyk/gateway/api_definition.go:930.2,930.16 1 0
github.com/TykTechnologies/tyk/gateway/api_definition.go:933.138,938.35 2 0
github.com/TykTechnologies/tyk/gateway/api_definition.go:938.35,939.26 1 0
github.com/TykTechnologies/tyk/gateway/api_definition.go:939.26,940.12 1 0
github.com/TykTechnologies/tyk/gateway/api_definition.go:943.3,946.29 3 0
github.com/TykTechnologies/tyk/gateway/api_definition.go:946.29,948.4 1 0
github.com/TykTechnologies/tyk/gateway/api_definition.go:948.9,950.4 1 0
github.com/TykTechnologies/tyk/gateway/api_definition.go:952.3,952.37 1 0
github.com/TykTechnologies/tyk/gateway/api_definition.go:955.2,955.16 1 0
github.com/TykTechnologies/tyk/gateway/api_definition.go:958.139,963.35 2 0
github.com/TykTechnologies/tyk/gateway/api_definition.go:963.35,964.26 1 0
github.com/TykTechnologies/tyk/gateway/api_definition.go:964.26,965.12 1 0
github.com/TykTechnologies/tyk/gateway/api_definition.go:968.3,972.37 4 0
github.com/TykTechnologies/tyk/gateway/api_definition.go:975.2,975.16 1 0
github.com/TykTechnologies/tyk/gateway/api_definition.go:978.131,983.35 2 0
github.com/TykTechnologies/tyk/gateway/api_definition.go:983.35,984.26 1 0
github.com/TykTechnologies/tyk/gateway/api_definition.go:984.26,985.12 1 0
github.com/TykTechnologies/tyk/gateway/api_definition.go:988.3,993.37 4 0
github.com/TykTechnologies/tyk/gateway/api_definition.go:996.2,996.16 1 0
github.com/TykTechnologies/tyk/gateway/api_definition.go:999.135,1004.35 2 0
github.com/TykTechnologies/tyk/gateway/api_definition.go:1004.35,1005.26 1 0
github.com/TykTechnologies/tyk/gateway/api_definition.go:1005.26,1006.12 1 0
github.com/TykTechnologies/tyk/gateway/api_definition.go:1009.3,1014.37 4 0
github.com/TykTechnologies/tyk/gateway/api_definition.go:1017.2,1017.16 1 0
github.com/TykTechnologies/tyk/gateway/api_definition.go:1020.159,1025.35 2 0
github.com/TykTechnologies/tyk/gateway/api_definition.go:1025.35,1026.26 1 0
github.com/TykTechnologies/tyk/gateway/api_definition.go:1026.26,1027.12 1 0
github.com/TykTechnologies/tyk/gateway/api_definition.go:1030.3,1038.38 6 0
github.com/TykTechnologies/tyk/gateway/api_definition.go:1038.38,1040.4 1 0
github.com/TykTechnologies/tyk/gateway/api_definition.go:1042.3,1043.68 2 0
github.com/TykTechnologies/tyk/gateway/api_definition.go:1043.68,1044.26 1 0
github.com/TykTechnologies/tyk/gateway/api_definition.go:1044.26,1045.14 1 0
github.com/TykTechnologies/tyk/gateway/api_definition.go:1046.33,1050.53 3 0
github.com/TykTechnologies/tyk/gateway/api_definition.go:1050.53,1055.7 4 0
github.com/TykTechnologies/tyk/gateway/api_definition.go:1057.6,1057.57 1 0
github.com/TykTechnologies/tyk/gateway/api_definition.go:1057.57,1060.7 2 0
github.com/TykTechnologies/tyk/gateway/api_definition.go:1062.6,1074.8 2 0
github.com/TykTechnologies/tyk/gateway/api_definition.go:1076.31,1089.8 2 0
github.com/TykTechnologies/tyk/gateway/api_definition.go:1091.30,1093.12 1 0
github.com/TykTechnologies/tyk/gateway/api_definition.go:1098.3,1098.37 1 0
github.com/TykTechnologies/tyk/gateway/api_definition.go:1101.2,1101.16 1 0
github.com/TykTechnologies/tyk/gateway/api_definition.go:1104.134,1109.35 2 0
github.com/TykTechnologies/tyk/gateway/api_definition.go:1109.35,1110.26 1 0
github.com/TykTechnologies/tyk/gateway/api_definition.go:1110.26,1111.12 1 0
github.com/TykTechnologies/tyk/gateway/api_definition.go:1114.3,1120.37 5 0
github.com/TykTechnologies/tyk/gateway/api_definition.go:1123.2,1123.16 1 0
github.com/TykTechnologies/tyk/gateway/api_definition.go:1126.146,1127.22 1 0
github.com/TykTechnologies/tyk/gateway/api_definition.go:1127.22,1129.3 1 0
github.com/TykTechnologies/tyk/gateway/api_definition.go:1133.2,1134.35 2 0
github.com/TykTechnologies/tyk/gateway/api_definition.go:1134.35,1135.26 1 0
github.com/TykTechnologies/tyk/gateway/api_definition.go:1135.26,1136.12 1 0
github.com/TykTechnologies/tyk/gateway/api_definition.go:1139.3,1146.37 5 0
github.com/TykTechnologies/tyk/gateway/api_definition.go:1149.2,1149.16 1 0
github.com/TykTechnologies/tyk/gateway/api_definition.go:1152.142,1158.35 2 0
github.com/TykTechnologies/tyk/gateway/api_definition.go:1158.35,1159.26 1 0
[...]
github.com/TykTechnologies/tyk/gateway/testutil.go:1343.16,1345.3 1 0
github.com/TykTechnologies/tyk/gateway/testutil.go:1345.8,1347.3 1 1
github.com/TykTechnologies/tyk/gateway/testutil.go:1349.2,1355.16 6 1
github.com/TykTechnologies/tyk/gateway/testutil.go:1355.16,1357.3 1 0
github.com/TykTechnologies/tyk/gateway/testutil.go:1359.2,1359.19 1 1
github.com/TykTechnologies/tyk/gateway/testutil.go:1363.35,1365.15 2 1
github.com/TykTechnologies/tyk/gateway/testutil.go:1365.15,1369.3 3 1
github.com/TykTechnologies/tyk/gateway/testutil.go:1372.2,1372.37 1 1
github.com/TykTechnologies/tyk/gateway/testutil.go:1372.37,1374.46 2 0
github.com/TykTechnologies/tyk/gateway/testutil.go:1374.46,1377.4 2 0
github.com/TykTechnologies/tyk/gateway/testutil.go:1380.2,1382.16 2 1
github.com/TykTechnologies/tyk/gateway/testutil.go:1382.16,1384.3 1 0
github.com/TykTechnologies/tyk/gateway/testutil.go:1386.2,1386.12 1 1
github.com/TykTechnologies/tyk/gateway/testutil.go:1389.86,1392.2 2 1
github.com/TykTechnologies/tyk/gateway/testutil.go:1395.65,1409.31 4 0
github.com/TykTechnologies/tyk/gateway/testutil.go:1409.31,1414.48 4 0
github.com/TykTechnologies/tyk/gateway/testutil.go:1414.48,1416.4 1 0
github.com/TykTechnologies/tyk/gateway/testutil.go:1420.69,1423.17 2 0
github.com/TykTechnologies/tyk/gateway/testutil.go:1423.17,1425.3 1 0
github.com/TykTechnologies/tyk/gateway/testutil.go:1427.2,1427.21 1 0
github.com/TykTechnologies/tyk/gateway/testutil.go:1427.21,1432.3 4 0
github.com/TykTechnologies/tyk/gateway/testutil.go:1432.8,1434.3 1 0
github.com/TykTechnologies/tyk/gateway/testutil.go:1436.2,1436.18 1 0
github.com/TykTechnologies/tyk/gateway/testutil.go:1439.70,1446.2 3 0
github.com/TykTechnologies/tyk/gateway/testutil.go:1448.95,1450.19 2 0
github.com/TykTechnologies/tyk/gateway/testutil.go:1450.19,1452.3 1 0
github.com/TykTechnologies/tyk/gateway/testutil.go:1454.2,1464.16 3 0
github.com/TykTechnologies/tyk/gateway/testutil.go:1464.16,1467.3 2 0
github.com/TykTechnologies/tyk/gateway/testutil.go:1469.2,1471.16 3 0
github.com/TykTechnologies/tyk/gateway/testutil.go:1471.16,1474.3 2 0
github.com/TykTechnologies/tyk/gateway/testutil.go:1476.2,1478.40 2 0
github.com/TykTechnologies/tyk/gateway/testutil.go:1481.50,1483.2 1 0
github.com/TykTechnologies/tyk/gateway/testutil.go:1485.32,1487.2 1 0
github.com/TykTechnologies/tyk/gateway/testutil.go:1489.67,1494.2 4 0
github.com/TykTechnologies/tyk/gateway/testutil.go:1683.168,1685.87 2 0
github.com/TykTechnologies/tyk/gateway/testutil.go:1685.87,1686.13 1 0
github.com/TykTechnologies/tyk/gateway/testutil.go:1689.2,1690.61 2 0
github.com/TykTechnologies/tyk/gateway/testutil.go:1690.61,1691.13 1 0
github.com/TykTechnologies/tyk/gateway/testutil.go:1694.2,1697.16 3 0
github.com/TykTechnologies/tyk/gateway/testutil.go:1697.16,1698.13 1 0
github.com/TykTechnologies/tyk/gateway/testutil.go:1701.2,1702.11 2 0
github.com/TykTechnologies/tyk/gateway/testutil.go:1705.177,1707.90 2 0
github.com/TykTechnologies/tyk/gateway/testutil.go:1707.90,1708.13 1 0
github.com/TykTechnologies/tyk/gateway/testutil.go:1711.2,1712.64 2 0
github.com/TykTechnologies/tyk/gateway/testutil.go:1712.64,1713.13 1 0
github.com/TykTechnologies/tyk/gateway/testutil.go:1716.2,1719.16 3 0
github.com/TykTechnologies/tyk/gateway/testutil.go:1719.16,1720.13 1 0
github.com/TykTechnologies/tyk/gateway/testutil.go:1723.2,1724.11 2 0
github.com/TykTechnologies/tyk/gateway/testutil.go:1727.111,1729.105 2 0
github.com/TykTechnologies/tyk/gateway/testutil.go:1729.105,1730.13 1 0
github.com/TykTechnologies/tyk/gateway/testutil.go:1733.2,1736.18 3 0
github.com/TykTechnologies/tyk/gateway/testutil.go:1736.18,1738.3 1 0
github.com/TykTechnologies/tyk/gateway/testutil.go:1740.2,1742.16 2 0
github.com/TykTechnologies/tyk/gateway/testutil.go:1745.116,1747.108 2 0
github.com/TykTechnologies/tyk/gateway/testutil.go:1747.108,1748.13 1 0
github.com/TykTechnologies/tyk/gateway/testutil.go:1751.2,1754.18 3 0
github.com/TykTechnologies/tyk/gateway/testutil.go:1754.18,1756.3 1 0
github.com/TykTechnologies/tyk/gateway/testutil.go:1758.2,1760.16 2 0
github.com/TykTechnologies/tyk/gateway/testutil.go:1763.93,1767.2 3 0
github.com/TykTechnologies/tyk/gateway/testutil.go:1769.52,1772.2 2 0
github.com/TykTechnologies/tyk/gateway/testutil.go:1774.71,1775.30 1 0
github.com/TykTechnologies/tyk/gateway/testutil.go:1775.30,1784.3 7 0
github.com/TykTechnologies/tyk/gateway/testutil.go:1786.2,1786.14 1 0
github.com/TykTechnologies/tyk/gateway/testutil.go:1789.32,1821.2 4 0
github.com/TykTechnologies/tyk/gateway/testutil.go:1823.66,1824.23 1 0
github.com/TykTechnologies/tyk/gateway/testutil.go:1824.23,1825.49 1 0
github.com/TykTechnologies/tyk/gateway/testutil.go:1825.50,1825.51 0 0
github.com/TykTechnologies/tyk/gateway/testutil.go:1828.2,1828.32 1 0
github.com/TykTechnologies/tyk/gateway/testutil.go:1828.32,1830.79 2 0
github.com/TykTechnologies/tyk/gateway/testutil.go:1830.79,1831.14 1 0
github.com/TykTechnologies/tyk/gateway/testutil.go:1833.3,1833.14 1 0
github.com/TykTechnologies/tyk/gateway/testutil.go:1833.14,1835.4 1 0
github.com/TykTechnologies/tyk/gateway/testutil.go:1836.3,1837.30 2 0
github.com/TykTechnologies/tyk/gateway/testutil.go:1840.2,1840.14 1 0
github.com/TykTechnologies/tyk/gateway/testutil.go:1843.64,1848.16 5 0
github.com/TykTechnologies/tyk/gateway/testutil.go:1848.16,1850.3 1 0
github.com/TykTechnologies/tyk/gateway/testutil.go:1851.2,1852.15 2 0
github.com/TykTechnologies/tyk/gateway/testutil.go:1852.15,1857.3 4 0
github.com/TykTechnologies/tyk/gateway/testutil.go:1859.2,1859.29 1 0
github.com/TykTechnologies/tyk/gateway/testutil.go:1859.29,1860.22 1 0
github.com/TykTechnologies/tyk/gateway/testutil.go:1860.22,1862.4 1 0
github.com/TykTechnologies/tyk/gateway/testutil.go:1864.3,1865.17 2 0
github.com/TykTechnologies/tyk/gateway/testutil.go:1865.17,1867.14 2 0
github.com/TykTechnologies/tyk/gateway/testutil.go:1870.3,1871.73 2 0
github.com/TykTechnologies/tyk/gateway/testutil.go:1871.73,1872.14 1 0
github.com/TykTechnologies/tyk/gateway/testutil.go:1875.3,1876.17 2 0
github.com/TykTechnologies/tyk/gateway/testutil.go:1876.17,1878.14 2 0
github.com/TykTechnologies/tyk/gateway/testutil.go:1881.3,1882.79 2 0
github.com/TykTechnologies/tyk/gateway/testutil.go:1882.79,1883.14 1 0
github.com/TykTechnologies/tyk/gateway/testutil.go:1887.2,1888.29 2 0
github.com/TykTechnologies/tyk/gateway/testutil.go:1888.29,1890.3 1 0
github.com/TykTechnologies/tyk/gateway/testutil.go:1892.2,1892.12 1 0
github.com/TykTechnologies/tyk/gateway/testutil.go:1895.87,1897.2 1 0
github.com/TykTechnologies/tyk/gateway/testutil.go:1899.36,1905.2 4 0
github.com/TykTechnologies/tyk/gateway/testutil.go:1915.84,1917.16 2 0
github.com/TykTechnologies/tyk/gateway/testutil.go:1917.16,1920.3 2 0
github.com/TykTechnologies/tyk/gateway/testutil.go:1921.2,1923.9 3 0
github.com/TykTechnologies/tyk/gateway/testutil.go:1923.9,1926.3 2 0
github.com/TykTechnologies/tyk/gateway/testutil.go:1927.2,1928.16 2 0
github.com/TykTechnologies/tyk/gateway/testutil.go:1928.16,1930.3 1 0
github.com/TykTechnologies/tyk/gateway/testutil.go:1931.2,1932.39 2 0
github.com/TykTechnologies/tyk/gateway/testutil.go:1935.87,1939.2 3 0
github.com/TykTechnologies/tyk/gateway/testutil.go:1940.81,1942.16 2 0
github.com/TykTechnologies/tyk/gateway/testutil.go:1942.16,1945.3 2 0
github.com/TykTechnologies/tyk/gateway/testutil.go:1946.2,1949.23 4 0
github.com/TykTechnologies/tyk/gateway/testutil.go:1952.48,1954.2 1 0
github.com/TykTechnologies/tyk/gateway/testutil.go:1956.61,1957.25 1 0
github.com/TykTechnologies/tyk/gateway/testutil.go:1957.25,1958.24 1 0
github.com/TykTechnologies/tyk/gateway/testutil.go:1958.24,1960.4 1 0
github.com/TykTechnologies/tyk/gateway/testutil.go:1964.71,1968.74 2 0
github.com/TykTechnologies/tyk/gateway/testutil.go:1968.74,1969.38 1 0
github.com/TykTechnologies/tyk/gateway/testutil.go:1969.38,1971.5 1 0
github.com/TykTechnologies/tyk/gateway/testutil.go:1971.10,1973.5 1 0
github.com/TykTechnologies/tyk/gateway/testutil.go:1979.2,1981.15 2 0
github.com/TykTechnologies/tyk/gateway/testutil.go:1982.14,1983.48 1 0
github.com/TykTechnologies/tyk/gateway/testutil.go:1984.15,1985.59 1 0
github.com/TykTechnologies/tyk/gateway/testutil.go:1986.10,1987.47 1 0
github.com/TykTechnologies/tyk/gateway/testutil.go:1990.2,1990.16 1 0
github.com/TykTechnologies/tyk/gateway/testutil.go:1990.16,1992.3 1 0
github.com/TykTechnologies/tyk/gateway/testutil.go:1994.2,1998.14 3 0
github.com/TykTechnologies/tyk/gateway/testutil.go:2001.51,2008.26 3 0
github.com/TykTechnologies/tyk/gateway/testutil.go:2008.26,2011.3 2 0
github.com/TykTechnologies/tyk/gateway/testutil.go:2012.2,2012.12 1 0
github.com/TykTechnologies/tyk/gateway/testutil.go:2060.36,2063.19 2 0
github.com/TykTechnologies/tyk/gateway/testutil.go:2063.19,2065.3 1 0
github.com/TykTechnologies/tyk/gateway/testutil.go:2067.2,2067.18 1 0
github.com/TykTechnologies/tyk/gateway/testutil.go:2075.44,2077.2 1 0
github.com/TykTechnologies/tyk/gateway/testutil.go:2080.56,2082.2 1 0
github.com/TykTechnologies/tyk/gateway/testutil.go:2085.56,2087.2 1 0
github.com/TykTechnologies/tyk/gateway/testutil.go:2089.58,2091.90 2 0
github.com/TykTechnologies/tyk/gateway/testutil.go:2091.90,2097.26 5 0
github.com/TykTechnologies/tyk/gateway/testutil.go:2097.26,2101.4 3 0
github.com/TykTechnologies/tyk/gateway/testutil.go:2104.86,2127.12 17 0
github.com/TykTechnologies/tyk/gateway/testutil.go:2127.12,2128.7 1 0
github.com/TykTechnologies/tyk/gateway/testutil.go:2128.7,2130.67 2 0
github.com/TykTechnologies/tyk/gateway/testutil.go:2130.67,2132.5 1 0
github.com/TykTechnologies/tyk/gateway/testutil.go:2134.4,2136.22 2 0
github.com/TykTechnologies/tyk/gateway/testutil.go:2136.22,2137.10 1 0
github.com/TykTechnologies/tyk/gateway/testutil.go:2140.4,2141.7 2 0
github.com/TykTechnologies/tyk/gateway/testutil.go:2143.3,2143.16 1 0
github.com/TykTechnologies/tyk/gateway/testutil.go:2146.2,2146.9 1 0
github.com/TykTechnologies/tyk/gateway/testutil.go:2147.20,2148.19 1 0
github.com/TykTechnologies/tyk/gateway/testutil.go:2149.16,2149.16 0 0
github.com/TykTechnologies/tyk/gateway/testutil.go:2151.2,2152.12 2 0
github.com/TykTechnologies/tyk/gateway/testutil.go:2160.61,2162.2 1 0
github.com/TykTechnologies/tyk/gateway/testutil.go:2170.60,2172.2 1 0
github.com/TykTechnologies/tyk/gateway/testutil.go:2174.40,2178.2 2 0
github.com/TykTechnologies/tyk/gateway/testutil.go:2180.63,2184.2 1 0
github.com/TykTechnologies/tyk/gateway/tracing.go:69.39,71.2 1 0
github.com/TykTechnologies/tyk/gateway/tracing.go:78.78,80.2 1 0
github.com/TykTechnologies/tyk/gateway/tracing.go:83.58,87.21 3 0
github.com/TykTechnologies/tyk/gateway/tracing.go:87.21,90.53 2 0
github.com/TykTechnologies/tyk/gateway/tracing.go:90.53,91.12 1 0
github.com/TykTechnologies/tyk/gateway/tracing.go:94.3,95.57 2 0
github.com/TykTechnologies/tyk/gateway/tracing.go:95.57,97.4 1 0
github.com/TykTechnologies/tyk/gateway/tracing.go:99.3,99.25 1 0
github.com/TykTechnologies/tyk/gateway/tracing.go:102.2,102.38 1 0
github.com/TykTechnologies/tyk/gateway/tracing.go:102.38,104.3 1 0
github.com/TykTechnologies/tyk/gateway/tracing.go:106.2,106.17 1 0
github.com/TykTechnologies/tyk/gateway/tracing.go:112.26,119.16 2 0
github.com/TykTechnologies/tyk/gateway/tracing.go:119.16,121.3 1 0
github.com/TykTechnologies/tyk/gateway/tracing.go:123.2,125.16 2 0
github.com/TykTechnologies/tyk/gateway/tracing.go:125.16,127.3 1 0
github.com/TykTechnologies/tyk/gateway/tracing.go:129.2,129.46 1 0
github.com/TykTechnologies/tyk/gateway/tracing.go:129.46,131.3 1 0
github.com/TykTechnologies/tyk/gateway/tracing.go:134.2,136.15 2 0
github.com/TykTechnologies/tyk/gateway/tracing.go:173.73,175.66 2 0
github.com/TykTechnologies/tyk/gateway/tracing.go:175.66,179.3 3 0
github.com/TykTechnologies/tyk/gateway/tracing.go:181.2,181.25 1 0
github.com/TykTechnologies/tyk/gateway/tracing.go:181.25,185.3 3 0
github.com/TykTechnologies/tyk/gateway/tracing.go:187.2,187.26 1 0
github.com/TykTechnologies/tyk/gateway/tracing.go:187.26,191.3 3 0
github.com/TykTechnologies/tyk/gateway/tracing.go:193.2,193.29 1 0
github.com/TykTechnologies/tyk/gateway/tracing.go:193.29,197.3 3 0
github.com/TykTechnologies/tyk/gateway/tracing.go:199.2,215.16 10 0
github.com/TykTechnologies/tyk/gateway/tracing.go:215.16,218.3 2 0
github.com/TykTechnologies/tyk/gateway/tracing.go:220.2,229.33 3 0
github.com/TykTechnologies/tyk/gateway/tracing.go:229.33,232.3 2 0
github.com/TykTechnologies/tyk/gateway/tracing.go:234.2,236.16 3 0
github.com/TykTechnologies/tyk/gateway/tracing.go:236.16,239.3 2 0
github.com/TykTechnologies/tyk/gateway/tracing.go:241.2,245.71 4 0
github.com/TykTechnologies/tyk/gateway/tracing.go:245.71,247.3 1 0
github.com/TykTechnologies/tyk/gateway/tracing.go:247.8,249.3 1 0
github.com/TykTechnologies/tyk/gateway/tracing.go:251.2,252.61 2 0
github.com/TykTechnologies/tyk/gateway/tracing.go:252.61,254.3 1 0
github.com/TykTechnologies/tyk/gateway/tracing.go:254.8,256.3 1 0
github.com/TykTechnologies/tyk/gateway/tracing.go:258.2,262.4 1 0
github.com/TykTechnologies/tyk/gateway/tracing.go:265.53,272.2 6 0
github.com/TykTechnologies/tyk/gateway/tracing.go:274.89,278.21 3 0
github.com/TykTechnologies/tyk/gateway/tracing.go:278.21,281.3 2 0
github.com/TykTechnologies/tyk/gateway/tracing.go:283.2,284.53 2 0
github.com/TykTechnologies/tyk/gateway/tracing.go:284.53,286.3 1 0
github.com/TykTechnologies/tyk/gateway/tracing.go:288.2,291.8 3 0
github.com/TykTechnologies/tyk/gateway/util.go:14.59,17.24 2 0
github.com/TykTechnologies/tyk/gateway/util.go:17.24,19.3 1 0
github.com/TykTechnologies/tyk/gateway/util.go:20.2,20.23 1 0
github.com/TykTechnologies/tyk/gateway/util.go:20.23,22.3 1 0
github.com/TykTechnologies/tyk/gateway/util.go:25.2,25.68 1 0
github.com/TykTechnologies/tyk/gateway/util.go:25.68,27.25 2 0
github.com/TykTechnologies/tyk/gateway/util.go:27.25,29.27 1 0
github.com/TykTechnologies/tyk/gateway/util.go:29.27,32.5 2 0
github.com/TykTechnologies/tyk/gateway/util.go:34.3,34.16 1 0
github.com/TykTechnologies/tyk/gateway/util.go:38.2,38.29 1 0
github.com/TykTechnologies/tyk/gateway/util.go:38.29,40.3 1 0
github.com/TykTechnologies/tyk/gateway/util.go:42.2,45.27 3 0
github.com/TykTechnologies/tyk/gateway/util.go:49.60,52.25 2 0
github.com/TykTechnologies/tyk/gateway/util.go:52.25,54.3 1 0
github.com/TykTechnologies/tyk/gateway/util.go:56.2,56.25 1 0
github.com/TykTechnologies/tyk/gateway/util.go:56.25,57.27 1 0
github.com/TykTechnologies/tyk/gateway/util.go:57.27,59.4 1 0
github.com/TykTechnologies/tyk/gateway/util.go:62.2,62.8 1 0
github.com/TykTechnologies/tyk/gateway/util.go:66.42,67.22 1 0
github.com/TykTechnologies/tyk/gateway/util.go:67.22,68.13 1 0
github.com/TykTechnologies/tyk/gateway/util.go:68.13,70.4 1 0
github.com/TykTechnologies/tyk/gateway/util.go:72.2,72.14 1 0
github.com/TykTechnologies/tyk/gateway/util.go:77.53,78.17 1 0
github.com/TykTechnologies/tyk/gateway/util.go:78.17,80.3 1 0
github.com/TykTechnologies/tyk/gateway/util.go:82.2,82.18 1 0
github.com/TykTechnologies/tyk/gateway/util.go:82.18,84.3 1 0
github.com/TykTechnologies/tyk/gateway/util.go:86.2,86.23 1 0
github.com/TykTechnologies/tyk/gateway/util.go:91.49,92.17 1 0
github.com/TykTechnologies/tyk/gateway/util.go:92.17,94.3 1 0
github.com/TykTechnologies/tyk/gateway/util.go:96.2,96.18 1 0
github.com/TykTechnologies/tyk/gateway/util.go:96.18,98.3 1 0
github.com/TykTechnologies/tyk/gateway/util.go:100.2,100.23 1 0
github.com/TykTechnologies/tyk/gateway/util.go:105.45,106.17 1 0
github.com/TykTechnologies/tyk/gateway/util.go:106.17,108.3 1 0
github.com/TykTechnologies/tyk/gateway/util.go:110.2,110.18 1 0
github.com/TykTechnologies/tyk/gateway/util.go:110.18,112.3 1 0
github.com/TykTechnologies/tyk/gateway/util.go:114.2,114.23 1 0
github.com/TykTechnologies/tyk/gateway/util.go:117.76,124.39 2 0
github.com/TykTechnologies/tyk/gateway/util.go:124.39,126.3 1 0
github.com/TykTechnologies/tyk/gateway/util.go:129.2,129.23 1 0
github.com/TykTechnologies/tyk/gateway/util.go:129.23,131.3 1 0
github.com/TykTechnologies/tyk/gateway/util.go:133.2,134.29 2 0
github.com/TykTechnologies/tyk/gateway/util.go:134.29,136.3 1 0
github.com/TykTechnologies/tyk/gateway/util.go:138.2,138.23 1 0
github.com/TykTechnologies/tyk/gateway/util.go:138.23,140.3 1 0
github.com/TykTechnologies/tyk/gateway/util.go:143.2,144.58 1 0
github.com/TykTechnologies/tyk/gateway/util.go:144.58,146.3 1 0
github.com/TykTechnologies/tyk/gateway/util.go:148.2,150.24 2 0
github.com/TykTechnologies/tyk/gateway/util.go:153.60,154.25 1 0
github.com/TykTechnologies/tyk/gateway/util.go:154.25,156.3 1 0
github.com/TykTechnologies/tyk/gateway/util.go:158.2,158.47 1 0
github.com/TykTechnologies/tyk/gateway/util.go:158.47,160.3 1 0
github.com/TykTechnologies/tyk/gateway/util.go:162.2,162.34 1 0
github.com/TykTechnologies/tyk/gateway/util.go:162.34,164.3 1 0
github.com/TykTechnologies/tyk/gateway/util.go:166.2,166.85 1 0
github.com/TykTechnologies/tyk/gateway/util.go:166.85,168.3 1 0
github.com/TykTechnologies/tyk/gateway/util.go:170.2,170.58 1 0
github.com/TykTechnologies/tyk/gateway/util.go:170.58,172.3 1 0
github.com/TykTechnologies/tyk/gateway/util.go:174.2,174.60 1 0
github.com/TykTechnologies/tyk/gateway/util.go:174.60,176.3 1 0
github.com/TykTechnologies/tyk/gateway/util.go:178.2,178.57 1 0
github.com/TykTechnologies/tyk/gateway/util.go:178.57,180.3 1 0
github.com/TykTechnologies/tyk/gateway/util.go:182.2,182.65 1 0
github.com/TykTechnologies/tyk/gateway/util.go:182.65,184.3 1 0
github.com/TykTechnologies/tyk/gateway/util.go:186.2,186.58 1 0
github.com/TykTechnologies/tyk/gateway/util.go:186.58,188.3 1 0
github.com/TykTechnologies/tyk/gateway/util.go:190.2,190.62 1 0
github.com/TykTechnologies/tyk/gateway/util.go:190.62,192.3 1 0
github.com/TykTechnologies/tyk/gateway/util.go:194.2,194.14 1 0
github.com/TykTechnologies/tyk/gateway/util.go:198.48,199.22 1 0
github.com/TykTechnologies/tyk/gateway/util.go:199.22,201.3 1 0
github.com/TykTechnologies/tyk/gateway/util.go:202.2,202.22 1 0
github.com/TykTechnologies/tyk/gateway/util.go:202.22,203.16 1 0
github.com/TykTechnologies/tyk/gateway/util.go:203.16,205.4 1 0
github.com/TykTechnologies/tyk/gateway/util.go:207.2,207.13 1 0
github.com/TykTechnologies/tyk/gateway/util.go:211.44,213.16 2 0
github.com/TykTechnologies/tyk/gateway/util.go:213.16,215.3 1 0
github.com/TykTechnologies/tyk/gateway/util.go:217.2,217.25 1 0
github.com/TykTechnologies/tyk/gateway/versions_handler.go:17.96,19.2 1 1
github.com/TykTechnologies/tyk/gateway/versions_handler.go:21.77,27.66 5 0
github.com/TykTechnologies/tyk/gateway/versions_handler.go:27.66,28.36 1 0
github.com/TykTechnologies/tyk/gateway/versions_handler.go:28.36,30.4 1 0
github.com/TykTechnologies/tyk/gateway/versions_handler.go:32.3,32.35 1 0
github.com/TykTechnologies/tyk/gateway/versions_handler.go:32.35,34.4 1 0
github.com/TykTechnologies/tyk/gateway/versions_handler.go:36.3,36.23 1 0
github.com/TykTechnologies/tyk/gateway/versions_handler.go:36.23,38.4 1 0
github.com/TykTechnologies/tyk/gateway/versions_handler.go:40.3,40.61 1 0
github.com/TykTechnologies/tyk/gateway/versions_handler.go:43.2,44.16 2 0
github.com/TykTechnologies/tyk/gateway/versions_handler.go:44.16,47.3 2 0
github.com/TykTechnologies/tyk/gateway/versions_handler.go:49.2,51.59 2 0
github.com/TykTechnologies/tyk/gateway/versions_handler.go:51.59,54.17 2 0
github.com/TykTechnologies/tyk/gateway/versions_handler.go:54.17,56.12 2 0
github.com/TykTechnologies/tyk/gateway/versions_handler.go:59.3,59.36 1 0
github.com/TykTechnologies/tyk/gateway/versions_handler.go:59.36,60.12 1 0
github.com/TykTechnologies/tyk/gateway/versions_handler.go:63.3,70.5 1 0
github.com/TykTechnologies/tyk/gateway/versions_handler.go:73.2,73.53 1 0
github.com/TykTechnologies/tyk/gateway/versions_handler.go:73.53,75.3 1 0
github.com/TykTechnologies/tyk/gateway/versions_handler.go:77.2,77.57 1 0
github.com/TykTechnologies/tyk/gateway/versions_handler.go:77.57,86.3 1 0
github.com/TykTechnologies/tyk/gateway/versions_handler.go:88.2,90.45 2 0
