mode: set
github.com/TykTechnologies/tyk/gateway/analytics.go:28.83,33.78 4 0
github.com/TykTechnologies/tyk/gateway/analytics.go:33.78,34.56 1 0
github.com/TykTechnologies/tyk/gateway/analytics.go:34.56,36.4 1 0
github.com/TykTechnologies/tyk/gateway/analytics.go:36.9,38.4 1 0
github.com/TykTechnologies/tyk/gateway/analytics.go:40.2,40.8 1 0
github.com/TykTechnologies/tyk/gateway/analytics.go:64.40,66.46 2 0
github.com/TykTechnologies/tyk/gateway/analytics.go:66.46,67.90 1 0
github.com/TykTechnologies/tyk/gateway/analytics.go:67.90,69.4 1 0
github.com/TykTechnologies/tyk/gateway/analytics.go:69.9,71.4 1 0
github.com/TykTechnologies/tyk/gateway/analytics.go:74.2,83.11 8 0
github.com/TykTechnologies/tyk/gateway/analytics.go:87.41,90.65 3 0
github.com/TykTechnologies/tyk/gateway/analytics.go:90.65,93.3 2 0
github.com/TykTechnologies/tyk/gateway/analytics.go:97.40,108.2 5 0
github.com/TykTechnologies/tyk/gateway/analytics.go:111.41,115.2 2 0
github.com/TykTechnologies/tyk/gateway/analytics.go:118.84,119.19 1 0
github.com/TykTechnologies/tyk/gateway/analytics.go:119.19,122.3 2 0
github.com/TykTechnologies/tyk/gateway/analytics.go:125.2,125.42 1 0
github.com/TykTechnologies/tyk/gateway/analytics.go:125.42,127.3 1 0
github.com/TykTechnologies/tyk/gateway/analytics.go:131.2,135.12 4 0
github.com/TykTechnologies/tyk/gateway/analytics.go:138.48,148.6 5 0
github.com/TykTechnologies/tyk/gateway/analytics.go:148.6,150.36 2 0
github.com/TykTechnologies/tyk/gateway/analytics.go:150.36,153.4 2 0
github.com/TykTechnologies/tyk/gateway/analytics.go:154.3,161.10 5 0
github.com/TykTechnologies/tyk/gateway/analytics.go:162.38,163.26 1 0
github.com/TykTechnologies/tyk/gateway/analytics.go:163.26,166.5 1 0
github.com/TykTechnologies/tyk/gateway/analytics.go:169.4,169.11 1 0
github.com/TykTechnologies/tyk/gateway/analytics.go:169.11,173.5 2 0
github.com/TykTechnologies/tyk/gateway/analytics.go:178.4,180.40 2 0
github.com/TykTechnologies/tyk/gateway/analytics.go:180.40,183.5 1 0
github.com/TykTechnologies/tyk/gateway/analytics.go:185.4,185.53 1 0
github.com/TykTechnologies/tyk/gateway/analytics.go:185.53,188.5 1 0
github.com/TykTechnologies/tyk/gateway/analytics.go:191.4,191.27 1 0
github.com/TykTechnologies/tyk/gateway/analytics.go:191.27,193.5 1 0
github.com/TykTechnologies/tyk/gateway/analytics.go:195.4,195.26 1 0
github.com/TykTechnologies/tyk/gateway/analytics.go:195.26,197.5 1 0
github.com/TykTechnologies/tyk/gateway/analytics.go:199.4,202.44 2 0
github.com/TykTechnologies/tyk/gateway/analytics.go:202.44,204.5 1 0
github.com/TykTechnologies/tyk/gateway/analytics.go:205.4,205.47 1 0
github.com/TykTechnologies/tyk/gateway/analytics.go:205.47,207.5 1 0
github.com/TykTechnologies/tyk/gateway/analytics.go:209.4,209.72 1 0
github.com/TykTechnologies/tyk/gateway/analytics.go:209.72,211.5 1 0
github.com/TykTechnologies/tyk/gateway/analytics.go:211.10,213.5 1 0
github.com/TykTechnologies/tyk/gateway/analytics.go:216.4,216.66 1 0
github.com/TykTechnologies/tyk/gateway/analytics.go:217.23,220.22 1 0
github.com/TykTechnologies/tyk/gateway/analytics.go:224.3,224.108 1 0
github.com/TykTechnologies/tyk/gateway/analytics.go:224.108,228.4 3 0
github.com/TykTechnologies/tyk/gateway/analytics.go:232.53,234.2 1 0
github.com/TykTechnologies/tyk/gateway/analytics.go:236.79,238.63 1 0
github.com/TykTechnologies/tyk/gateway/analytics.go:238.63,240.3 1 0
github.com/TykTechnologies/tyk/gateway/analytics.go:242.2,242.63 1 0
github.com/TykTechnologies/tyk/gateway/analytics.go:242.63,244.3 1 0
github.com/TykTechnologies/tyk/gateway/analytics.go:246.2,246.65 1 0
github.com/TykTechnologies/tyk/gateway/analytics.go:246.65,248.3 1 0
github.com/TykTechnologies/tyk/gateway/analytics.go:250.2,250.89 1 0
github.com/TykTechnologies/tyk/gateway/analytics.go:250.89,252.3 1 0
github.com/TykTechnologies/tyk/gateway/analytics_go_plugin.go:21.56,27.22 2 0
github.com/TykTechnologies/tyk/gateway/analytics_go_plugin.go:27.22,30.3 2 0
github.com/TykTechnologies/tyk/gateway/analytics_go_plugin.go:33.2,35.83 2 0
github.com/TykTechnologies/tyk/gateway/analytics_go_plugin.go:35.83,38.3 2 0
github.com/TykTechnologies/tyk/gateway/analytics_go_plugin.go:40.2,40.13 1 0
github.com/TykTechnologies/tyk/gateway/analytics_go_plugin.go:43.90,44.14 1 0
github.com/TykTechnologies/tyk/gateway/analytics_go_plugin.go:44.14,46.3 1 0
github.com/TykTechnologies/tyk/gateway/analytics_go_plugin.go:49.2,49.15 1 0
github.com/TykTechnologies/tyk/gateway/analytics_go_plugin.go:49.15,51.31 1 0
github.com/TykTechnologies/tyk/gateway/analytics_go_plugin.go:51.31,54.4 2 0
github.com/TykTechnologies/tyk/gateway/analytics_go_plugin.go:58.2,65.12 5 0
github.com/TykTechnologies/tyk/gateway/api.go:105.41,107.2 1 0
github.com/TykTechnologies/tyk/gateway/api.go:109.44,111.2 1 0
github.com/TykTechnologies/tyk/gateway/api.go:116.96,117.23 1 0
github.com/TykTechnologies/tyk/gateway/api.go:117.23,119.3 1 0
github.com/TykTechnologies/tyk/gateway/api.go:123.2,123.33 1 0
github.com/TykTechnologies/tyk/gateway/api.go:123.33,124.55 1 0
github.com/TykTechnologies/tyk/gateway/api.go:124.55,126.4 1 0
github.com/TykTechnologies/tyk/gateway/api.go:131.2,135.36 2 0
github.com/TykTechnologies/tyk/gateway/api.go:135.36,136.18 1 0
github.com/TykTechnologies/tyk/gateway/api.go:136.18,138.4 1 0
github.com/TykTechnologies/tyk/gateway/api.go:141.2,141.12 1 0
github.com/TykTechnologies/tyk/gateway/api.go:146.63,147.29 1 0
github.com/TykTechnologies/tyk/gateway/api.go:147.29,149.3 1 0
github.com/TykTechnologies/tyk/gateway/api.go:152.2,153.39 2 0
github.com/TykTechnologies/tyk/gateway/api.go:153.39,155.3 1 0
github.com/TykTechnologies/tyk/gateway/api.go:158.2,159.34 2 0
github.com/TykTechnologies/tyk/gateway/api.go:159.34,160.50 1 0
github.com/TykTechnologies/tyk/gateway/api.go:160.50,162.4 1 0
github.com/TykTechnologies/tyk/gateway/api.go:165.2,165.19 1 0
github.com/TykTechnologies/tyk/gateway/api.go:194.68,197.55 3 0
github.com/TykTechnologies/tyk/gateway/api.go:197.55,199.3 1 0
github.com/TykTechnologies/tyk/gateway/api.go:200.2,200.27 1 0
github.com/TykTechnologies/tyk/gateway/api.go:200.27,203.3 2 0
github.com/TykTechnologies/tyk/gateway/api.go:206.86,208.27 1 0
github.com/TykTechnologies/tyk/gateway/api.go:208.27,211.3 2 0
github.com/TykTechnologies/tyk/gateway/api.go:213.2,215.16 2 0
github.com/TykTechnologies/tyk/gateway/api.go:215.16,218.3 2 0
github.com/TykTechnologies/tyk/gateway/api.go:220.2,225.16 5 0
github.com/TykTechnologies/tyk/gateway/api.go:225.16,228.3 2 0
github.com/TykTechnologies/tyk/gateway/api.go:234.84,236.2 1 0
github.com/TykTechnologies/tyk/gateway/api.go:238.71,239.54 1 0
github.com/TykTechnologies/tyk/gateway/api.go:239.54,251.3 8 0
github.com/TykTechnologies/tyk/gateway/api.go:254.78,255.54 1 0
github.com/TykTechnologies/tyk/gateway/api.go:255.54,256.34 1 0
github.com/TykTechnologies/tyk/gateway/api.go:256.34,257.26 1 0
github.com/TykTechnologies/tyk/gateway/api.go:257.26,260.5 2 0
github.com/TykTechnologies/tyk/gateway/api.go:262.3,262.80 1 0
github.com/TykTechnologies/tyk/gateway/api.go:266.57,269.32 3 0
github.com/TykTechnologies/tyk/gateway/api.go:269.32,270.23 1 0
github.com/TykTechnologies/tyk/gateway/api.go:270.23,272.4 1 0
github.com/TykTechnologies/tyk/gateway/api.go:276.2,276.32 1 0
github.com/TykTechnologies/tyk/gateway/api.go:276.32,278.3 1 0
github.com/TykTechnologies/tyk/gateway/api.go:279.2,279.12 1 0
github.com/TykTechnologies/tyk/gateway/api.go:282.60,288.32 5 0
github.com/TykTechnologies/tyk/gateway/api.go:288.32,289.34 1 0
github.com/TykTechnologies/tyk/gateway/api.go:289.34,291.4 1 0
github.com/TykTechnologies/tyk/gateway/api.go:294.2,294.15 1 0
github.com/TykTechnologies/tyk/gateway/api.go:297.107,299.47 1 0
github.com/TykTechnologies/tyk/gateway/api.go:299.47,303.10 4 0
github.com/TykTechnologies/tyk/gateway/api.go:303.10,304.12 1 0
github.com/TykTechnologies/tyk/gateway/api.go:307.3,307.30 1 0
github.com/TykTechnologies/tyk/gateway/api.go:307.30,310.14 2 0
github.com/TykTechnologies/tyk/gateway/api.go:310.14,313.5 1 0
github.com/TykTechnologies/tyk/gateway/api.go:318.121,325.50 2 0
github.com/TykTechnologies/tyk/gateway/api.go:325.50,327.3 1 0
github.com/TykTechnologies/tyk/gateway/api.go:330.2,332.84 2 0
github.com/TykTechnologies/tyk/gateway/api.go:336.84,338.47 2 0
github.com/TykTechnologies/tyk/gateway/api.go:338.47,339.40 1 0
github.com/TykTechnologies/tyk/gateway/api.go:339.40,341.19 2 0
github.com/TykTechnologies/tyk/gateway/api.go:341.19,343.5 1 0
github.com/TykTechnologies/tyk/gateway/api.go:347.2,347.13 1 0
github.com/TykTechnologies/tyk/gateway/api.go:351.84,354.32 2 0
github.com/TykTechnologies/tyk/gateway/api.go:354.32,356.3 1 0
github.com/TykTechnologies/tyk/gateway/api.go:358.2,358.29 1 0
github.com/TykTechnologies/tyk/gateway/api.go:358.29,359.18 1 0
github.com/TykTechnologies/tyk/gateway/api.go:359.18,362.34 2 0
github.com/TykTechnologies/tyk/gateway/api.go:362.34,364.5 1 0
github.com/TykTechnologies/tyk/gateway/api.go:368.2,368.17 1 0
github.com/TykTechnologies/tyk/gateway/api.go:371.68,372.34 1 0
github.com/TykTechnologies/tyk/gateway/api.go:372.34,374.98 1 0
github.com/TykTechnologies/tyk/gateway/api.go:374.98,377.4 2 0
github.com/TykTechnologies/tyk/gateway/api.go:381.118,384.16 1 0
github.com/TykTechnologies/tyk/gateway/api.go:384.16,386.3 1 0
github.com/TykTechnologies/tyk/gateway/api.go:388.2,400.38 2 0
github.com/TykTechnologies/tyk/gateway/api.go:400.38,405.46 2 0
github.com/TykTechnologies/tyk/gateway/api.go:405.46,407.22 2 0
github.com/TykTechnologies/tyk/gateway/api.go:407.22,409.5 1 0
github.com/TykTechnologies/tyk/gateway/api.go:411.4,411.22 1 0
github.com/TykTechnologies/tyk/gateway/api.go:411.22,413.5 1 0
github.com/TykTechnologies/tyk/gateway/api.go:416.4,416.56 1 0
github.com/TykTechnologies/tyk/gateway/api.go:416.56,418.19 1 0
github.com/TykTechnologies/tyk/gateway/api.go:418.19,421.6 2 0
github.com/TykTechnologies/tyk/gateway/api.go:425.4,425.90 1 0
github.com/TykTechnologies/tyk/gateway/api.go:425.90,427.5 1 0
github.com/TykTechnologies/tyk/gateway/api.go:429.8,431.38 1 0
github.com/TykTechnologies/tyk/gateway/api.go:431.38,434.4 2 0
github.com/TykTechnologies/tyk/gateway/api.go:435.3,439.36 4 0
github.com/TykTechnologies/tyk/gateway/api.go:439.36,440.18 1 0
github.com/TykTechnologies/tyk/gateway/api.go:440.18,443.5 2 0
github.com/TykTechnologies/tyk/gateway/api.go:444.4,446.87 2 0
github.com/TykTechnologies/tyk/gateway/api.go:446.87,448.5 1 0
github.com/TykTechnologies/tyk/gateway/api.go:452.2,453.12 2 0
github.com/TykTechnologies/tyk/gateway/api.go:461.76,464.50 2 0
github.com/TykTechnologies/tyk/gateway/api.go:464.50,467.17 3 0
github.com/TykTechnologies/tyk/gateway/api.go:467.17,471.4 3 0
github.com/TykTechnologies/tyk/gateway/api.go:473.3,474.9 2 0
github.com/TykTechnologies/tyk/gateway/api.go:477.2,478.63 2 0
github.com/TykTechnologies/tyk/gateway/api.go:481.47,488.38 3 0
github.com/TykTechnologies/tyk/gateway/api.go:488.38,491.3 1 0
github.com/TykTechnologies/tyk/gateway/api.go:494.2,494.13 1 0
github.com/TykTechnologies/tyk/gateway/api.go:497.105,506.61 5 0
github.com/TykTechnologies/tyk/gateway/api.go:506.61,509.3 2 0
github.com/TykTechnologies/tyk/gateway/api.go:511.2,518.32 4 0
github.com/TykTechnologies/tyk/gateway/api.go:518.32,521.13 3 0
github.com/TykTechnologies/tyk/gateway/api.go:521.13,524.4 2 0
github.com/TykTechnologies/tyk/gateway/api.go:525.3,528.27 3 0
github.com/TykTechnologies/tyk/gateway/api.go:528.27,529.36 1 0
github.com/TykTechnologies/tyk/gateway/api.go:529.36,532.5 2 0
github.com/TykTechnologies/tyk/gateway/api.go:535.4,536.18 2 0
github.com/TykTechnologies/tyk/gateway/api.go:536.18,539.5 2 0
github.com/TykTechnologies/tyk/gateway/api.go:543.3,546.20 2 0
github.com/TykTechnologies/tyk/gateway/api.go:546.20,557.56 3 0
github.com/TykTechnologies/tyk/gateway/api.go:557.56,558.31 1 0
github.com/TykTechnologies/tyk/gateway/api.go:558.31,559.14 1 0
github.com/TykTechnologies/tyk/gateway/api.go:561.5,561.90 1 0
github.com/TykTechnologies/tyk/gateway/api.go:561.90,564.6 2 0
github.com/TykTechnologies/tyk/gateway/api.go:567.8,570.3 2 0
github.com/TykTechnologies/tyk/gateway/api.go:573.2,573.82 1 0
github.com/TykTechnologies/tyk/gateway/api.go:573.82,575.3 1 0
github.com/TykTechnologies/tyk/gateway/api.go:580.2,581.100 2 0
github.com/TykTechnologies/tyk/gateway/api.go:581.100,584.3 2 0
github.com/TykTechnologies/tyk/gateway/api.go:587.2,587.30 1 0
github.com/TykTechnologies/tyk/gateway/api.go:587.30,590.19 1 0
github.com/TykTechnologies/tyk/gateway/api.go:591.24,593.46 1 0
github.com/TykTechnologies/tyk/gateway/api.go:594.23,595.79 1 0
github.com/TykTechnologies/tyk/gateway/api.go:595.79,601.5 4 0
github.com/TykTechnologies/tyk/gateway/api.go:603.8,603.38 1 0
github.com/TykTechnologies/tyk/gateway/api.go:603.38,607.3 2 0
github.com/TykTechnologies/tyk/gateway/api.go:609.2,609.68 1 0
github.com/TykTechnologies/tyk/gateway/api.go:609.68,611.88 1 0
github.com/TykTechnologies/tyk/gateway/api.go:611.88,613.4 1 0
github.com/TykTechnologies/tyk/gateway/api.go:614.8,620.17 3 0
github.com/TykTechnologies/tyk/gateway/api.go:620.17,623.4 1 0
github.com/TykTechnologies/tyk/gateway/api.go:625.3,625.88 1 0
github.com/TykTechnologies/tyk/gateway/api.go:625.88,627.4 1 0
github.com/TykTechnologies/tyk/gateway/api.go:630.2,632.33 3 0
github.com/TykTechnologies/tyk/gateway/api.go:632.33,635.3 2 0
github.com/TykTechnologies/tyk/gateway/api.go:636.2,649.60 3 0
github.com/TykTechnologies/tyk/gateway/api.go:649.60,650.31 1 0
github.com/TykTechnologies/tyk/gateway/api.go:650.31,652.4 1 0
github.com/TykTechnologies/tyk/gateway/api.go:654.3,654.15 1 0
github.com/TykTechnologies/tyk/gateway/api.go:654.15,656.4 1 0
github.com/TykTechnologies/tyk/gateway/api.go:656.9,658.4 1 0
github.com/TykTechnologies/tyk/gateway/api.go:661.2,661.32 1 0
github.com/TykTechnologies/tyk/gateway/api.go:664.101,665.40 1 0
github.com/TykTechnologies/tyk/gateway/api.go:665.40,667.3 1 0
github.com/TykTechnologies/tyk/gateway/api.go:669.2,670.17 2 0
github.com/TykTechnologies/tyk/gateway/api.go:670.17,672.3 1 0
github.com/TykTechnologies/tyk/gateway/api.go:674.2,676.9 3 0
github.com/TykTechnologies/tyk/gateway/api.go:676.9,678.3 1 0
github.com/TykTechnologies/tyk/gateway/api.go:680.2,684.28 3 0
github.com/TykTechnologies/tyk/gateway/api.go:684.28,686.13 2 0
github.com/TykTechnologies/tyk/gateway/api.go:686.13,688.4 1 0
github.com/TykTechnologies/tyk/gateway/api.go:690.3,690.117 1 0
github.com/TykTechnologies/tyk/gateway/api.go:690.117,694.21 3 0
github.com/TykTechnologies/tyk/gateway/api.go:694.21,696.5 1 0
github.com/TykTechnologies/tyk/gateway/api.go:696.10,698.5 1 0
github.com/TykTechnologies/tyk/gateway/api.go:699.9,705.4 1 0
github.com/TykTechnologies/tyk/gateway/api.go:709.2,709.47 1 0
github.com/TykTechnologies/tyk/gateway/api.go:709.47,710.90 1 0
github.com/TykTechnologies/tyk/gateway/api.go:710.90,711.12 1 0
github.com/TykTechnologies/tyk/gateway/api.go:714.3,715.34 2 0
github.com/TykTechnologies/tyk/gateway/api.go:715.34,717.4 1 0
github.com/TykTechnologies/tyk/gateway/api.go:719.3,720.13 2 0
github.com/TykTechnologies/tyk/gateway/api.go:720.13,722.4 1 0
github.com/TykTechnologies/tyk/gateway/api.go:724.3,724.91 1 0
github.com/TykTechnologies/tyk/gateway/api.go:724.91,728.21 3 0
github.com/TykTechnologies/tyk/gateway/api.go:728.21,730.5 1 0
github.com/TykTechnologies/tyk/gateway/api.go:730.10,732.5 1 0
github.com/TykTechnologies/tyk/gateway/api.go:733.4,733.37 1 0
github.com/TykTechnologies/tyk/gateway/api.go:734.9,744.4 3 0
github.com/TykTechnologies/tyk/gateway/api.go:748.2,748.27 1 0
github.com/TykTechnologies/tyk/gateway/api.go:748.27,749.41 1 0
github.com/TykTechnologies/tyk/gateway/api.go:749.41,751.4 1 0
github.com/TykTechnologies/tyk/gateway/api.go:752.3,752.38 1 0
github.com/TykTechnologies/tyk/gateway/api.go:755.2,761.39 2 0
github.com/TykTechnologies/tyk/gateway/api.go:771.117,774.17 2 0
github.com/TykTechnologies/tyk/gateway/api.go:774.17,776.26 2 0
github.com/TykTechnologies/tyk/gateway/api.go:776.26,777.90 1 0
github.com/TykTechnologies/tyk/gateway/api.go:777.90,779.5 1 0
github.com/TykTechnologies/tyk/gateway/api.go:781.3,781.50 1 0
github.com/TykTechnologies/tyk/gateway/api.go:784.2,785.16 2 0
github.com/TykTechnologies/tyk/gateway/api.go:785.16,788.3 2 0
github.com/TykTechnologies/tyk/gateway/api.go:790.2,798.49 3 0
github.com/TykTechnologies/tyk/gateway/api.go:802.125,814.45 9 0
github.com/TykTechnologies/tyk/gateway/api.go:814.45,815.13 1 0
github.com/TykTechnologies/tyk/gateway/api.go:815.13,819.8 3 0
github.com/TykTechnologies/tyk/gateway/api.go:819.8,820.12 1 0
github.com/TykTechnologies/tyk/gateway/api.go:821.21,822.12 1 0
github.com/TykTechnologies/tyk/gateway/api.go:823.32,824.13 1 0
github.com/TykTechnologies/tyk/gateway/api.go:824.13,825.32 1 0
github.com/TykTechnologies/tyk/gateway/api.go:825.32,829.8 3 0
github.com/TykTechnologies/tyk/gateway/api.go:830.7,830.13 1 0
github.com/TykTechnologies/tyk/gateway/api.go:833.6,833.57 1 0
github.com/TykTechnologies/tyk/gateway/api.go:833.57,835.7 1 0
github.com/TykTechnologies/tyk/gateway/api.go:841.2,845.20 3 0
github.com/TykTechnologies/tyk/gateway/api.go:845.20,847.3 1 0
github.com/TykTechnologies/tyk/gateway/api.go:849.2,849.27 1 0
github.com/TykTechnologies/tyk/gateway/api.go:854.62,856.18 2 0
github.com/TykTechnologies/tyk/gateway/api.go:856.18,861.3 4 0
github.com/TykTechnologies/tyk/gateway/api.go:862.2,862.13 1 0
github.com/TykTechnologies/tyk/gateway/api.go:866.82,868.12 2 0
github.com/TykTechnologies/tyk/gateway/api.go:868.12,870.3 1 0
github.com/TykTechnologies/tyk/gateway/api.go:872.2,872.46 1 0
github.com/TykTechnologies/tyk/gateway/api.go:872.46,874.3 1 0
github.com/TykTechnologies/tyk/gateway/api.go:876.2,876.70 1 0
github.com/TykTechnologies/tyk/gateway/api.go:876.70,878.3 1 0
github.com/TykTechnologies/tyk/gateway/api.go:880.2,880.14 1 0
github.com/TykTechnologies/tyk/gateway/api.go:884.96,886.25 2 0
github.com/TykTechnologies/tyk/gateway/api.go:886.25,887.87 1 0
github.com/TykTechnologies/tyk/gateway/api.go:887.87,888.12 1 0
github.com/TykTechnologies/tyk/gateway/api.go:891.3,891.10 1 0
github.com/TykTechnologies/tyk/gateway/api.go:892.19,893.10 1 0
github.com/TykTechnologies/tyk/gateway/api.go:894.18,894.18 0 0
github.com/TykTechnologies/tyk/gateway/api.go:899.71,902.16 3 0
github.com/TykTechnologies/tyk/gateway/api.go:902.16,905.3 2 0
github.com/TykTechnologies/tyk/gateway/api.go:906.2,908.25 2 0
github.com/TykTechnologies/tyk/gateway/api.go:908.25,910.3 1 0
github.com/TykTechnologies/tyk/gateway/api.go:912.2,914.16 3 0
github.com/TykTechnologies/tyk/gateway/api.go:914.16,922.3 2 0
github.com/TykTechnologies/tyk/gateway/api.go:923.2,927.42 1 0
github.com/TykTechnologies/tyk/gateway/api.go:930.102,932.9 2 0
github.com/TykTechnologies/tyk/gateway/api.go:932.9,934.3 1 0
github.com/TykTechnologies/tyk/gateway/api.go:935.2,937.16 2 0
github.com/TykTechnologies/tyk/gateway/api.go:937.16,939.3 1 0
github.com/TykTechnologies/tyk/gateway/api.go:941.2,941.19 1 0
github.com/TykTechnologies/tyk/gateway/api.go:941.19,947.15 4 0
github.com/TykTechnologies/tyk/gateway/api.go:947.15,954.4 2 0
github.com/TykTechnologies/tyk/gateway/api.go:956.3,962.28 2 0
github.com/TykTechnologies/tyk/gateway/api.go:965.2,965.67 1 0
github.com/TykTechnologies/tyk/gateway/api.go:965.67,972.3 2 0
github.com/TykTechnologies/tyk/gateway/api.go:974.2,992.33 4 0
github.com/TykTechnologies/tyk/gateway/api.go:996.116,999.27 2 0
github.com/TykTechnologies/tyk/gateway/api.go:999.27,1005.3 1 0
github.com/TykTechnologies/tyk/gateway/api.go:1007.2,1013.18 2 0
github.com/TykTechnologies/tyk/gateway/api.go:1016.108,1020.9 3 0
github.com/TykTechnologies/tyk/gateway/api.go:1020.9,1023.3 1 0
github.com/TykTechnologies/tyk/gateway/api.go:1025.2,1025.19 1 0
github.com/TykTechnologies/tyk/gateway/api.go:1025.19,1031.15 4 0
github.com/TykTechnologies/tyk/gateway/api.go:1031.15,1033.4 1 0
github.com/TykTechnologies/tyk/gateway/api.go:1035.3,1035.28 1 0
github.com/TykTechnologies/tyk/gateway/api.go:1038.2,1038.66 1 0
github.com/TykTechnologies/tyk/gateway/api.go:1038.66,1040.3 1 0
github.com/TykTechnologies/tyk/gateway/api.go:1042.2,1042.16 1 0
github.com/TykTechnologies/tyk/gateway/api.go:1042.16,1044.3 1 0
github.com/TykTechnologies/tyk/gateway/api.go:1046.2,1052.33 2 0
github.com/TykTechnologies/tyk/gateway/api.go:1055.85,1057.2 1 0
github.com/TykTechnologies/tyk/gateway/api.go:1059.109,1061.2 1 0
github.com/TykTechnologies/tyk/gateway/api.go:1063.89,1065.2 1 0
github.com/TykTechnologies/tyk/gateway/api.go:1067.69,1068.57 1 0
github.com/TykTechnologies/tyk/gateway/api.go:1068.57,1070.3 1 0
github.com/TykTechnologies/tyk/gateway/api.go:1072.2,1076.58 2 0
github.com/TykTechnologies/tyk/gateway/api.go:1079.61,1084.38 5 0
github.com/TykTechnologies/tyk/gateway/api.go:1084.38,1087.3 2 0
github.com/TykTechnologies/tyk/gateway/api.go:1088.2,1088.33 1 0
github.com/TykTechnologies/tyk/gateway/api.go:1091.62,1094.22 2 0
github.com/TykTechnologies/tyk/gateway/api.go:1094.22,1096.3 1 0
github.com/TykTechnologies/tyk/gateway/api.go:1098.2,1098.35 1 0
github.com/TykTechnologies/tyk/gateway/api.go:1101.94,1102.55 1 0
github.com/TykTechnologies/tyk/gateway/api.go:1102.55,1105.3 2 0
github.com/TykTechnologies/tyk/gateway/api.go:1107.2,1108.63 2 0
github.com/TykTechnologies/tyk/gateway/api.go:1108.63,1111.3 2 0
github.com/TykTechnologies/tyk/gateway/api.go:1113.2,1113.69 1 0
github.com/TykTechnologies/tyk/gateway/api.go:1113.69,1116.3 2 0
github.com/TykTechnologies/tyk/gateway/api.go:1118.2,1118.29 1 0
github.com/TykTechnologies/tyk/gateway/api.go:1118.29,1122.3 3 0
github.com/TykTechnologies/tyk/gateway/api.go:1124.2,1125.16 2 0
github.com/TykTechnologies/tyk/gateway/api.go:1125.16,1128.3 2 0
github.com/TykTechnologies/tyk/gateway/api.go:1130.2,1131.16 2 0
github.com/TykTechnologies/tyk/gateway/api.go:1131.16,1134.3 2 0
github.com/TykTechnologies/tyk/gateway/api.go:1136.2,1136.72 1 0
github.com/TykTechnologies/tyk/gateway/api.go:1136.72,1139.3 2 0
github.com/TykTechnologies/tyk/gateway/api.go:1141.2,1142.33 2 0
github.com/TykTechnologies/tyk/gateway/api.go:1142.33,1144.3 1 0
github.com/TykTechnologies/tyk/gateway/api.go:1146.2,1152.32 2 0
github.com/TykTechnologies/tyk/gateway/api.go:1155.72,1158.16 2 0
github.com/TykTechnologies/tyk/gateway/api.go:1158.16,1161.3 2 0
github.com/TykTechnologies/tyk/gateway/api.go:1163.2,1166.50 2 0
github.com/TykTechnologies/tyk/gateway/api.go:1166.50,1169.3 2 0
github.com/TykTechnologies/tyk/gateway/api.go:1171.2,1171.49 1 0
github.com/TykTechnologies/tyk/gateway/api.go:1171.49,1174.3 2 0
github.com/TykTechnologies/tyk/gateway/api.go:1176.2,1182.32 2 0
github.com/TykTechnologies/tyk/gateway/api.go:1185.58,1190.38 5 0
github.com/TykTechnologies/tyk/gateway/api.go:1190.38,1193.3 2 0
github.com/TykTechnologies/tyk/gateway/api.go:1194.2,1194.33 1 0
github.com/TykTechnologies/tyk/gateway/api.go:1197.76,1203.38 4 0
github.com/TykTechnologies/tyk/gateway/api.go:1203.38,1204.20 1 0
github.com/TykTechnologies/tyk/gateway/api.go:1204.20,1206.18 2 0
github.com/TykTechnologies/tyk/gateway/api.go:1206.18,1208.5 1 0
github.com/TykTechnologies/tyk/gateway/api.go:1209.4,1209.44 1 0
github.com/TykTechnologies/tyk/gateway/api.go:1213.2,1213.32 1 0
github.com/TykTechnologies/tyk/gateway/api.go:1216.84,1217.47 1 0
github.com/TykTechnologies/tyk/gateway/api.go:1217.47,1218.32 1 0
github.com/TykTechnologies/tyk/gateway/api.go:1218.32,1221.4 2 0
github.com/TykTechnologies/tyk/gateway/api.go:1221.9,1221.40 1 0
github.com/TykTechnologies/tyk/gateway/api.go:1221.40,1223.4 1 0
github.com/TykTechnologies/tyk/gateway/api.go:1225.3,1225.43 1 0
github.com/TykTechnologies/tyk/gateway/api.go:1228.2,1233.69 2 0
github.com/TykTechnologies/tyk/gateway/api.go:1236.86,1241.52 4 0
github.com/TykTechnologies/tyk/gateway/api.go:1241.52,1243.3 1 0
github.com/TykTechnologies/tyk/gateway/api.go:1244.2,1244.18 1 0
github.com/TykTechnologies/tyk/gateway/api.go:1248.100,1255.54 3 0
github.com/TykTechnologies/tyk/gateway/api.go:1255.54,1258.21 3 0
github.com/TykTechnologies/tyk/gateway/api.go:1258.21,1260.4 1 0
github.com/TykTechnologies/tyk/gateway/api.go:1262.3,1262.19 1 0
github.com/TykTechnologies/tyk/gateway/api.go:1265.2,1265.16 1 0
github.com/TykTechnologies/tyk/gateway/api.go:1265.16,1269.48 1 0
github.com/TykTechnologies/tyk/gateway/api.go:1269.48,1271.4 1 0
github.com/TykTechnologies/tyk/gateway/api.go:1273.3,1273.54 1 0
github.com/TykTechnologies/tyk/gateway/api.go:1276.2,1276.17 1 0
github.com/TykTechnologies/tyk/gateway/api.go:1276.17,1277.65 1 0
github.com/TykTechnologies/tyk/gateway/api.go:1277.65,1280.4 2 0
github.com/TykTechnologies/tyk/gateway/api.go:1282.3,1282.28 1 0
github.com/TykTechnologies/tyk/gateway/api.go:1283.8,1284.65 1 0
github.com/TykTechnologies/tyk/gateway/api.go:1284.65,1287.4 2 0
github.com/TykTechnologies/tyk/gateway/api.go:1290.2,1290.68 1 0
github.com/TykTechnologies/tyk/gateway/api.go:1290.68,1292.3 1 0
github.com/TykTechnologies/tyk/gateway/api.go:1294.2,1294.24 1 0
github.com/TykTechnologies/tyk/gateway/api.go:1294.24,1296.3 1 0
github.com/TykTechnologies/tyk/gateway/api.go:1298.2,1298.17 1 0
github.com/TykTechnologies/tyk/gateway/api.go:1298.17,1304.90 2 0
github.com/TykTechnologies/tyk/gateway/api.go:1304.90,1306.4 1 0
github.com/TykTechnologies/tyk/gateway/api.go:1308.3,1311.17 4 0
github.com/TykTechnologies/tyk/gateway/api.go:1311.17,1313.4 1 0
github.com/TykTechnologies/tyk/gateway/api.go:1315.8,1319.17 3 0
github.com/TykTechnologies/tyk/gateway/api.go:1319.17,1321.4 1 0
github.com/TykTechnologies/tyk/gateway/api.go:1324.2,1324.43 1 0
github.com/TykTechnologies/tyk/gateway/api.go:1324.43,1332.20 4 0
github.com/TykTechnologies/tyk/gateway/api.go:1332.20,1335.18 3 0
github.com/TykTechnologies/tyk/gateway/api.go:1335.18,1337.5 1 0
github.com/TykTechnologies/tyk/gateway/api.go:1338.9,1340.18 2 0
github.com/TykTechnologies/tyk/gateway/api.go:1340.18,1342.5 1 0
github.com/TykTechnologies/tyk/gateway/api.go:1346.3,1347.104 2 0
github.com/TykTechnologies/tyk/gateway/api.go:1347.104,1348.92 1 0
github.com/TykTechnologies/tyk/gateway/api.go:1348.92,1351.5 1 0
github.com/TykTechnologies/tyk/gateway/api.go:1355.2,1361.32 2 0
github.com/TykTechnologies/tyk/gateway/api.go:1364.117,1366.17 2 0
github.com/TykTechnologies/tyk/gateway/api.go:1366.17,1368.3 1 0
github.com/TykTechnologies/tyk/gateway/api.go:1370.2,1375.17 2 0
github.com/TykTechnologies/tyk/gateway/api.go:1375.17,1376.18 1 0
github.com/TykTechnologies/tyk/gateway/api.go:1376.18,1378.4 1 0
github.com/TykTechnologies/tyk/gateway/api.go:1380.3,1380.65 1 0
github.com/TykTechnologies/tyk/gateway/api.go:1380.65,1383.4 2 0
github.com/TykTechnologies/tyk/gateway/api.go:1385.3,1385.28 1 0
github.com/TykTechnologies/tyk/gateway/api.go:1386.8,1387.17 1 0
github.com/TykTechnologies/tyk/gateway/api.go:1387.17,1389.4 1 0
github.com/TykTechnologies/tyk/gateway/api.go:1391.3,1391.65 1 0
github.com/TykTechnologies/tyk/gateway/api.go:1391.65,1394.4 2 0
github.com/TykTechnologies/tyk/gateway/api.go:1398.2,1398.42 1 0
github.com/TykTechnologies/tyk/gateway/api.go:1398.42,1401.3 2 0
github.com/TykTechnologies/tyk/gateway/api.go:1403.2,1403.68 1 0
github.com/TykTechnologies/tyk/gateway/api.go:1403.68,1405.3 1 0
github.com/TykTechnologies/tyk/gateway/api.go:1407.2,1407.31 1 0
github.com/TykTechnologies/tyk/gateway/api.go:1407.31,1409.78 1 0
github.com/TykTechnologies/tyk/gateway/api.go:1409.78,1411.4 1 0
github.com/TykTechnologies/tyk/gateway/api.go:1413.3,1416.17 3 0
github.com/TykTechnologies/tyk/gateway/api.go:1416.17,1418.4 1 0
github.com/TykTechnologies/tyk/gateway/api.go:1420.8,1420.25 1 0
github.com/TykTechnologies/tyk/gateway/api.go:1420.25,1424.17 3 0
github.com/TykTechnologies/tyk/gateway/api.go:1424.17,1426.4 1 0
github.com/TykTechnologies/tyk/gateway/api.go:1429.2,1435.32 2 0
github.com/TykTechnologies/tyk/gateway/api.go:1438.129,1440.16 2 0
github.com/TykTechnologies/tyk/gateway/api.go:1440.16,1442.3 1 0
github.com/TykTechnologies/tyk/gateway/api.go:1444.2,1445.16 2 0
github.com/TykTechnologies/tyk/gateway/api.go:1445.16,1447.3 1 0
github.com/TykTechnologies/tyk/gateway/api.go:1449.2,1449.8 1 0
github.com/TykTechnologies/tyk/gateway/api.go:1452.107,1458.48 3 0
github.com/TykTechnologies/tyk/gateway/api.go:1458.48,1461.3 2 0
github.com/TykTechnologies/tyk/gateway/api.go:1464.2,1465.16 2 0
github.com/TykTechnologies/tyk/gateway/api.go:1465.16,1468.3 2 0
github.com/TykTechnologies/tyk/gateway/api.go:1470.2,1470.68 1 0
github.com/TykTechnologies/tyk/gateway/api.go:1470.68,1474.3 3 0
github.com/TykTechnologies/tyk/gateway/api.go:1476.2,1476.15 1 0
github.com/TykTechnologies/tyk/gateway/api.go:1479.69,1481.17 2 0
github.com/TykTechnologies/tyk/gateway/api.go:1481.17,1483.3 1 0
github.com/TykTechnologies/tyk/gateway/api.go:1486.2,1492.48 5 0
github.com/TykTechnologies/tyk/gateway/api.go:1492.48,1495.3 2 0
github.com/TykTechnologies/tyk/gateway/api.go:1497.2,1497.62 1 0
github.com/TykTechnologies/tyk/gateway/api.go:1497.62,1500.3 2 0
github.com/TykTechnologies/tyk/gateway/api.go:1502.2,1503.16 2 0
github.com/TykTechnologies/tyk/gateway/api.go:1503.16,1505.3 1 0
github.com/TykTechnologies/tyk/gateway/api.go:1507.2,1507.41 1 0
github.com/TykTechnologies/tyk/gateway/api.go:1507.41,1510.17 3 0
github.com/TykTechnologies/tyk/gateway/api.go:1510.17,1512.4 1 0
github.com/TykTechnologies/tyk/gateway/api.go:1514.3,1516.17 3 0
github.com/TykTechnologies/tyk/gateway/api.go:1516.17,1518.4 1 0
github.com/TykTechnologies/tyk/gateway/api.go:1520.3,1520.77 1 0
github.com/TykTechnologies/tyk/gateway/api.go:1520.77,1521.29 1 0
github.com/TykTechnologies/tyk/gateway/api.go:1521.29,1523.57 2 0
github.com/TykTechnologies/tyk/gateway/api.go:1523.57,1525.6 1 0
github.com/TykTechnologies/tyk/gateway/api.go:1527.5,1527.10 1 0
github.com/TykTechnologies/tyk/gateway/api.go:1531.3,1532.20 2 0
github.com/TykTechnologies/tyk/gateway/api.go:1532.20,1535.18 3 0
github.com/TykTechnologies/tyk/gateway/api.go:1535.18,1537.5 1 0
github.com/TykTechnologies/tyk/gateway/api.go:1538.9,1540.18 2 0
github.com/TykTechnologies/tyk/gateway/api.go:1540.18,1542.5 1 0
github.com/TykTechnologies/tyk/gateway/api.go:1546.2,1552.32 2 0
github.com/TykTechnologies/tyk/gateway/api.go:1555.71,1561.18 4 0
github.com/TykTechnologies/tyk/gateway/api.go:1562.22,1563.18 1 0
github.com/TykTechnologies/tyk/gateway/api.go:1563.18,1566.4 2 0
github.com/TykTechnologies/tyk/gateway/api.go:1566.9,1569.4 2 0
github.com/TykTechnologies/tyk/gateway/api.go:1570.23,1572.51 2 0
github.com/TykTechnologies/tyk/gateway/api.go:1573.22,1574.18 1 0
github.com/TykTechnologies/tyk/gateway/api.go:1574.18,1577.4 2 0
github.com/TykTechnologies/tyk/gateway/api.go:1577.9,1579.4 1 0
github.com/TykTechnologies/tyk/gateway/api.go:1580.25,1581.18 1 0
github.com/TykTechnologies/tyk/gateway/api.go:1581.18,1584.4 2 0
github.com/TykTechnologies/tyk/gateway/api.go:1584.9,1586.4 1 0
github.com/TykTechnologies/tyk/gateway/api.go:1589.2,1589.27 1 0
github.com/TykTechnologies/tyk/gateway/api.go:1592.71,1598.18 4 0
github.com/TykTechnologies/tyk/gateway/api.go:1599.22,1600.18 1 0
github.com/TykTechnologies/tyk/gateway/api.go:1600.18,1603.4 2 0
github.com/TykTechnologies/tyk/gateway/api.go:1603.9,1606.4 2 0
github.com/TykTechnologies/tyk/gateway/api.go:1608.3,1608.49 1 0
github.com/TykTechnologies/tyk/gateway/api.go:1608.49,1609.42 1 0
github.com/TykTechnologies/tyk/gateway/api.go:1609.42,1611.5 1 0
github.com/TykTechnologies/tyk/gateway/api.go:1613.23,1615.57 2 0
github.com/TykTechnologies/tyk/gateway/api.go:1616.22,1617.18 1 0
github.com/TykTechnologies/tyk/gateway/api.go:1617.18,1620.4 2 0
github.com/TykTechnologies/tyk/gateway/api.go:1620.9,1622.4 1 0
github.com/TykTechnologies/tyk/gateway/api.go:1623.25,1624.18 1 0
github.com/TykTechnologies/tyk/gateway/api.go:1624.18,1627.4 2 0
github.com/TykTechnologies/tyk/gateway/api.go:1627.9,1629.4 1 0
github.com/TykTechnologies/tyk/gateway/api.go:1632.2,1632.27 1 0
github.com/TykTechnologies/tyk/gateway/api.go:1635.77,1641.17 2 0
github.com/TykTechnologies/tyk/gateway/api.go:1641.17,1644.3 2 0
github.com/TykTechnologies/tyk/gateway/api.go:1644.8,1647.3 2 0
github.com/TykTechnologies/tyk/gateway/api.go:1649.2,1649.38 1 0
github.com/TykTechnologies/tyk/gateway/api.go:1649.38,1651.55 2 0
github.com/TykTechnologies/tyk/gateway/api.go:1651.55,1653.4 1 0
github.com/TykTechnologies/tyk/gateway/api.go:1656.2,1656.27 1 0
github.com/TykTechnologies/tyk/gateway/api.go:1659.78,1669.2 4 0
github.com/TykTechnologies/tyk/gateway/api.go:1671.77,1677.17 2 0
github.com/TykTechnologies/tyk/gateway/api.go:1677.17,1680.3 2 0
github.com/TykTechnologies/tyk/gateway/api.go:1680.8,1682.3 1 0
github.com/TykTechnologies/tyk/gateway/api.go:1684.2,1684.27 1 0
github.com/TykTechnologies/tyk/gateway/api.go:1687.79,1689.17 2 0
github.com/TykTechnologies/tyk/gateway/api.go:1689.17,1692.3 2 0
github.com/TykTechnologies/tyk/gateway/api.go:1694.2,1695.28 2 0
github.com/TykTechnologies/tyk/gateway/api.go:1695.28,1698.3 2 0
github.com/TykTechnologies/tyk/gateway/api.go:1700.2,1700.28 1 0
github.com/TykTechnologies/tyk/gateway/api.go:1700.28,1703.3 2 0
github.com/TykTechnologies/tyk/gateway/api.go:1705.2,1707.16 2 0
github.com/TykTechnologies/tyk/gateway/api.go:1707.16,1710.3 2 0
github.com/TykTechnologies/tyk/gateway/api.go:1712.2,1714.72 2 0
github.com/TykTechnologies/tyk/gateway/api.go:1714.72,1719.3 4 0
github.com/TykTechnologies/tyk/gateway/api.go:1721.2,1727.37 5 0
github.com/TykTechnologies/tyk/gateway/api.go:1727.37,1729.3 1 0
github.com/TykTechnologies/tyk/gateway/api.go:1729.8,1731.3 1 0
github.com/TykTechnologies/tyk/gateway/api.go:1733.2,1741.16 3 0
github.com/TykTechnologies/tyk/gateway/api.go:1741.16,1744.3 2 0
github.com/TykTechnologies/tyk/gateway/api.go:1746.2,1749.32 3 0
github.com/TykTechnologies/tyk/gateway/api.go:1749.32,1751.3 1 0
github.com/TykTechnologies/tyk/gateway/api.go:1753.2,1759.37 4 0
github.com/TykTechnologies/tyk/gateway/api.go:1759.37,1761.17 2 0
github.com/TykTechnologies/tyk/gateway/api.go:1761.17,1764.4 2 0
github.com/TykTechnologies/tyk/gateway/api.go:1767.2,1770.16 3 0
github.com/TykTechnologies/tyk/gateway/api.go:1770.16,1773.3 2 0
github.com/TykTechnologies/tyk/gateway/api.go:1775.2,1780.27 4 0
github.com/TykTechnologies/tyk/gateway/api.go:1783.80,1797.17 3 0
github.com/TykTechnologies/tyk/gateway/api.go:1797.17,1799.3 1 0
github.com/TykTechnologies/tyk/gateway/api.go:1801.2,1801.17 1 0
github.com/TykTechnologies/tyk/gateway/api.go:1801.17,1805.3 3 0
github.com/TykTechnologies/tyk/gateway/api.go:1805.8,1808.3 2 0
github.com/TykTechnologies/tyk/gateway/api.go:1810.2,1810.74 1 0
github.com/TykTechnologies/tyk/gateway/api.go:1813.71,1824.88 8 0
github.com/TykTechnologies/tyk/gateway/api.go:1824.88,1826.3 1 0
github.com/TykTechnologies/tyk/gateway/api.go:1828.2,1832.18 4 0
github.com/TykTechnologies/tyk/gateway/api.go:1833.23,1834.57 1 0
github.com/TykTechnologies/tyk/gateway/api.go:1835.22,1837.53 2 0
github.com/TykTechnologies/tyk/gateway/api.go:1837.53,1840.4 1 0
github.com/TykTechnologies/tyk/gateway/api.go:1841.22,1842.20 1 0
github.com/TykTechnologies/tyk/gateway/api.go:1842.20,1845.54 2 0
github.com/TykTechnologies/tyk/gateway/api.go:1845.54,1848.5 1 0
github.com/TykTechnologies/tyk/gateway/api.go:1849.9,1851.25 1 0
github.com/TykTechnologies/tyk/gateway/api.go:1851.25,1853.42 1 0
github.com/TykTechnologies/tyk/gateway/api.go:1853.42,1856.6 2 0
github.com/TykTechnologies/tyk/gateway/api.go:1857.5,1857.66 1 0
github.com/TykTechnologies/tyk/gateway/api.go:1858.10,1860.36 2 0
github.com/TykTechnologies/tyk/gateway/api.go:1860.36,1863.6 2 0
github.com/TykTechnologies/tyk/gateway/api.go:1864.5,1864.71 1 0
github.com/TykTechnologies/tyk/gateway/api.go:1868.25,1870.16 1 0
github.com/TykTechnologies/tyk/gateway/api.go:1870.16,1872.4 1 0
github.com/TykTechnologies/tyk/gateway/api.go:1872.9,1874.4 1 0
github.com/TykTechnologies/tyk/gateway/api.go:1875.3,1875.53 1 0
github.com/TykTechnologies/tyk/gateway/api.go:1875.53,1877.17 1 0
github.com/TykTechnologies/tyk/gateway/api.go:1877.17,1879.5 1 0
github.com/TykTechnologies/tyk/gateway/api.go:1879.10,1881.5 1 0
github.com/TykTechnologies/tyk/gateway/api.go:1885.2,1885.27 1 0
github.com/TykTechnologies/tyk/gateway/api.go:1893.80,1897.69 3 0
github.com/TykTechnologies/tyk/gateway/api.go:1897.69,1900.3 2 0
github.com/TykTechnologies/tyk/gateway/api.go:1902.2,1902.30 1 0
github.com/TykTechnologies/tyk/gateway/api.go:1902.30,1904.3 1 0
github.com/TykTechnologies/tyk/gateway/api.go:1906.2,1909.27 3 0
github.com/TykTechnologies/tyk/gateway/api.go:1912.101,1914.29 2 0
github.com/TykTechnologies/tyk/gateway/api.go:1914.29,1918.3 3 0
github.com/TykTechnologies/tyk/gateway/api.go:1920.2,1922.9 3 0
github.com/TykTechnologies/tyk/gateway/api.go:1922.9,1930.3 2 0
github.com/TykTechnologies/tyk/gateway/api.go:1933.2,1937.16 4 0
github.com/TykTechnologies/tyk/gateway/api.go:1937.16,1946.3 2 0
github.com/TykTechnologies/tyk/gateway/api.go:1948.2,1960.33 3 0
github.com/TykTechnologies/tyk/gateway/api.go:1963.71,1969.18 5 0
github.com/TykTechnologies/tyk/gateway/api.go:1970.21,1971.48 1 0
github.com/TykTechnologies/tyk/gateway/api.go:1973.13,1974.18 1 0
github.com/TykTechnologies/tyk/gateway/api.go:1974.18,1977.4 1 0
github.com/TykTechnologies/tyk/gateway/api.go:1977.9,1980.4 1 0
github.com/TykTechnologies/tyk/gateway/api.go:1982.16,1984.43 1 0
github.com/TykTechnologies/tyk/gateway/api.go:1987.2,1987.27 1 0
github.com/TykTechnologies/tyk/gateway/api.go:1990.91,1993.67 2 0
github.com/TykTechnologies/tyk/gateway/api.go:1993.67,1996.3 2 0
github.com/TykTechnologies/tyk/gateway/api.go:1999.2,2002.17 3 0
github.com/TykTechnologies/tyk/gateway/api.go:2002.17,2004.44 2 0
github.com/TykTechnologies/tyk/gateway/api.go:2004.44,2006.4 1 0
github.com/TykTechnologies/tyk/gateway/api.go:2007.3,2007.39 1 0
github.com/TykTechnologies/tyk/gateway/api.go:2008.8,2010.3 1 0
github.com/TykTechnologies/tyk/gateway/api.go:2012.2,2012.45 1 0
github.com/TykTechnologies/tyk/gateway/api.go:2012.45,2019.3 4 0
github.com/TykTechnologies/tyk/gateway/api.go:2021.2,2023.16 3 0
github.com/TykTechnologies/tyk/gateway/api.go:2023.16,2025.3 1 0
github.com/TykTechnologies/tyk/gateway/api.go:2028.2,2028.17 1 0
github.com/TykTechnologies/tyk/gateway/api.go:2028.17,2032.3 3 0
github.com/TykTechnologies/tyk/gateway/api.go:2034.2,2041.33 3 0
github.com/TykTechnologies/tyk/gateway/api.go:2041.33,2043.3 1 0
github.com/TykTechnologies/tyk/gateway/api.go:2045.2,2051.32 2 0
github.com/TykTechnologies/tyk/gateway/api.go:2054.72,2056.17 2 0
github.com/TykTechnologies/tyk/gateway/api.go:2056.17,2058.3 1 0
github.com/TykTechnologies/tyk/gateway/api.go:2060.2,2061.9 2 0
github.com/TykTechnologies/tyk/gateway/api.go:2061.9,2069.3 2 0
github.com/TykTechnologies/tyk/gateway/api.go:2070.2,2075.39 2 0
github.com/TykTechnologies/tyk/gateway/api.go:2078.74,2080.17 2 0
github.com/TykTechnologies/tyk/gateway/api.go:2080.17,2082.3 1 0
github.com/TykTechnologies/tyk/gateway/api.go:2084.2,2086.29 3 0
github.com/TykTechnologies/tyk/gateway/api.go:2086.29,2087.89 1 0
github.com/TykTechnologies/tyk/gateway/api.go:2087.89,2089.4 1 0
github.com/TykTechnologies/tyk/gateway/api.go:2091.2,2092.35 2 0
github.com/TykTechnologies/tyk/gateway/api.go:2095.72,2097.17 2 0
github.com/TykTechnologies/tyk/gateway/api.go:2097.17,2106.3 2 0
github.com/TykTechnologies/tyk/gateway/api.go:2108.2,2108.64 1 0
github.com/TykTechnologies/tyk/gateway/api.go:2108.64,2110.3 1 0
github.com/TykTechnologies/tyk/gateway/api.go:2112.2,2128.33 6 0
github.com/TykTechnologies/tyk/gateway/api.go:2131.78,2145.2 4 0
github.com/TykTechnologies/tyk/gateway/api.go:2151.61,2152.54 1 0
github.com/TykTechnologies/tyk/gateway/api.go:2152.54,2155.56 2 0
github.com/TykTechnologies/tyk/gateway/api.go:2155.56,2158.4 2 0
github.com/TykTechnologies/tyk/gateway/api.go:2158.9,2160.4 1 0
github.com/TykTechnologies/tyk/gateway/api.go:2162.3,2166.43 3 0
github.com/TykTechnologies/tyk/gateway/api.go:2170.77,2172.67 2 0
github.com/TykTechnologies/tyk/gateway/api.go:2172.67,2180.3 3 0
github.com/TykTechnologies/tyk/gateway/api.go:2182.2,2183.28 2 0
github.com/TykTechnologies/tyk/gateway/api.go:2183.28,2185.3 1 0
github.com/TykTechnologies/tyk/gateway/api.go:2187.2,2187.34 1 0
github.com/TykTechnologies/tyk/gateway/api.go:2187.34,2190.9 3 0
github.com/TykTechnologies/tyk/gateway/api.go:2190.9,2193.4 2 0
github.com/TykTechnologies/tyk/gateway/api.go:2197.2,2197.125 1 0
github.com/TykTechnologies/tyk/gateway/api.go:2197.125,2200.3 2 0
github.com/TykTechnologies/tyk/gateway/api.go:2202.2,2208.53 5 0
github.com/TykTechnologies/tyk/gateway/api.go:2208.53,2211.3 2 0
github.com/TykTechnologies/tyk/gateway/api.go:2213.2,2213.38 1 0
github.com/TykTechnologies/tyk/gateway/api.go:2213.38,2216.46 2 0
github.com/TykTechnologies/tyk/gateway/api.go:2216.46,2218.22 2 0
github.com/TykTechnologies/tyk/gateway/api.go:2218.22,2220.5 1 0
github.com/TykTechnologies/tyk/gateway/api.go:2222.4,2222.56 1 0
github.com/TykTechnologies/tyk/gateway/api.go:2222.56,2226.5 2 0
github.com/TykTechnologies/tyk/gateway/api.go:2229.4,2229.86 1 0
github.com/TykTechnologies/tyk/gateway/api.go:2229.86,2232.5 2 0
github.com/TykTechnologies/tyk/gateway/api.go:2234.8,2235.37 1 0
github.com/TykTechnologies/tyk/gateway/api.go:2235.37,2250.37 4 0
github.com/TykTechnologies/tyk/gateway/api.go:2250.37,2252.36 2 0
github.com/TykTechnologies/tyk/gateway/api.go:2252.36,2256.6 2 0
github.com/TykTechnologies/tyk/gateway/api.go:2257.5,2257.84 1 0
github.com/TykTechnologies/tyk/gateway/api.go:2257.84,2260.6 2 0
github.com/TykTechnologies/tyk/gateway/api.go:2262.9,2277.4 3 0
github.com/TykTechnologies/tyk/gateway/api.go:2281.2,2288.29 2 0
github.com/TykTechnologies/tyk/gateway/api.go:2288.29,2290.3 1 0
github.com/TykTechnologies/tyk/gateway/api.go:2292.2,2310.36 3 0
github.com/TykTechnologies/tyk/gateway/api.go:2313.78,2316.67 2 0
github.com/TykTechnologies/tyk/gateway/api.go:2316.67,2324.3 3 0
github.com/TykTechnologies/tyk/gateway/api.go:2326.2,2333.43 5 0
github.com/TykTechnologies/tyk/gateway/api.go:2349.51,2351.2 1 0
github.com/TykTechnologies/tyk/gateway/api.go:2353.78,2355.72 2 0
github.com/TykTechnologies/tyk/gateway/api.go:2355.72,2363.3 3 0
github.com/TykTechnologies/tyk/gateway/api.go:2366.2,2368.35 2 0
github.com/TykTechnologies/tyk/gateway/api.go:2368.35,2370.3 1 0
github.com/TykTechnologies/tyk/gateway/api.go:2373.2,2374.39 2 0
github.com/TykTechnologies/tyk/gateway/api.go:2374.39,2376.3 1 0
github.com/TykTechnologies/tyk/gateway/api.go:2378.2,2392.32 4 0
github.com/TykTechnologies/tyk/gateway/api.go:2392.32,2395.21 2 0
github.com/TykTechnologies/tyk/gateway/api.go:2395.21,2404.4 3 0
github.com/TykTechnologies/tyk/gateway/api.go:2406.3,2406.25 1 0
github.com/TykTechnologies/tyk/gateway/api.go:2406.25,2410.4 2 0
github.com/TykTechnologies/tyk/gateway/api.go:2412.3,2413.17 2 0
github.com/TykTechnologies/tyk/gateway/api.go:2413.17,2422.4 3 0
github.com/TykTechnologies/tyk/gateway/api.go:2423.8,2428.10 4 0
github.com/TykTechnologies/tyk/gateway/api.go:2428.10,2437.4 3 0
github.com/TykTechnologies/tyk/gateway/api.go:2439.3,2441.42 2 0
github.com/TykTechnologies/tyk/gateway/api.go:2441.42,2443.22 2 0
github.com/TykTechnologies/tyk/gateway/api.go:2443.22,2452.5 3 0
github.com/TykTechnologies/tyk/gateway/api.go:2454.4,2454.46 1 0
github.com/TykTechnologies/tyk/gateway/api.go:2454.46,2456.36 2 0
github.com/TykTechnologies/tyk/gateway/api.go:2456.36,2476.6 6 0
github.com/TykTechnologies/tyk/gateway/api.go:2477.5,2478.19 2 0
github.com/TykTechnologies/tyk/gateway/api.go:2478.19,2487.6 3 0
github.com/TykTechnologies/tyk/gateway/api.go:2491.3,2491.14 1 0
github.com/TykTechnologies/tyk/gateway/api.go:2491.14,2495.4 2 0
github.com/TykTechnologies/tyk/gateway/api.go:2498.2,2517.43 3 0
github.com/TykTechnologies/tyk/gateway/api.go:2520.80,2523.20 2 0
github.com/TykTechnologies/tyk/gateway/api.go:2523.20,2525.3 1 0
github.com/TykTechnologies/tyk/gateway/api.go:2528.2,2530.16 3 0
github.com/TykTechnologies/tyk/gateway/api.go:2530.16,2532.3 1 0
github.com/TykTechnologies/tyk/gateway/api.go:2535.2,2545.16 3 0
github.com/TykTechnologies/tyk/gateway/api.go:2545.16,2553.3 2 0
github.com/TykTechnologies/tyk/gateway/api.go:2556.2,2568.33 3 0
github.com/TykTechnologies/tyk/gateway/api.go:2572.97,2575.74 2 0
github.com/TykTechnologies/tyk/gateway/api.go:2575.74,2582.3 2 0
github.com/TykTechnologies/tyk/gateway/api.go:2585.2,2586.20 2 0
github.com/TykTechnologies/tyk/gateway/api.go:2586.20,2588.3 1 0
github.com/TykTechnologies/tyk/gateway/api.go:2591.2,2591.37 1 0
github.com/TykTechnologies/tyk/gateway/api.go:2591.37,2595.10 4 0
github.com/TykTechnologies/tyk/gateway/api.go:2595.10,2597.4 1 0
github.com/TykTechnologies/tyk/gateway/api.go:2598.3,2598.47 1 0
github.com/TykTechnologies/tyk/gateway/api.go:2598.47,2601.4 1 0
github.com/TykTechnologies/tyk/gateway/api.go:2605.2,2607.16 3 0
github.com/TykTechnologies/tyk/gateway/api.go:2607.16,2609.3 1 0
github.com/TykTechnologies/tyk/gateway/api.go:2612.2,2622.16 3 0
github.com/TykTechnologies/tyk/gateway/api.go:2622.16,2630.3 2 0
github.com/TykTechnologies/tyk/gateway/api.go:2633.2,2645.33 3 0
github.com/TykTechnologies/tyk/gateway/api.go:2648.83,2650.17 2 0
github.com/TykTechnologies/tyk/gateway/api.go:2650.17,2653.3 2 0
github.com/TykTechnologies/tyk/gateway/api.go:2654.2,2661.20 3 0
github.com/TykTechnologies/tyk/gateway/api.go:2661.20,2671.3 3 0
github.com/TykTechnologies/tyk/gateway/api.go:2673.2,2673.33 1 0
github.com/TykTechnologies/tyk/gateway/api.go:2673.33,2683.3 3 0
github.com/TykTechnologies/tyk/gateway/api.go:2685.2,2687.16 3 0
github.com/TykTechnologies/tyk/gateway/api.go:2687.16,2697.3 3 0
github.com/TykTechnologies/tyk/gateway/api.go:2699.2,2712.40 3 0
github.com/TykTechnologies/tyk/gateway/api.go:2715.85,2723.2 4 0
github.com/TykTechnologies/tyk/gateway/api.go:2725.79,2733.29 5 0
github.com/TykTechnologies/tyk/gateway/api.go:2733.29,2734.55 1 0
github.com/TykTechnologies/tyk/gateway/api.go:2734.55,2735.21 1 0
github.com/TykTechnologies/tyk/gateway/api.go:2735.21,2737.30 2 0
github.com/TykTechnologies/tyk/gateway/api.go:2737.30,2738.37 1 0
github.com/TykTechnologies/tyk/gateway/api.go:2738.37,2739.34 1 0
github.com/TykTechnologies/tyk/gateway/api.go:2739.34,2741.8 1 0
github.com/TykTechnologies/tyk/gateway/api.go:2748.2,2748.37 1 0
github.com/TykTechnologies/tyk/gateway/api.go:2751.79,2757.18 5 0
github.com/TykTechnologies/tyk/gateway/api.go:2758.22,2759.20 1 0
github.com/TykTechnologies/tyk/gateway/api.go:2759.20,2762.4 1 0
github.com/TykTechnologies/tyk/gateway/api.go:2762.9,2765.4 1 0
github.com/TykTechnologies/tyk/gateway/api.go:2766.22,2768.54 1 0
github.com/TykTechnologies/tyk/gateway/api.go:2769.25,2771.57 1 0
github.com/TykTechnologies/tyk/gateway/api.go:2774.2,2774.27 1 0
github.com/TykTechnologies/tyk/gateway/api.go:2777.85,2782.20 4 0
github.com/TykTechnologies/tyk/gateway/api.go:2782.20,2792.3 3 0
github.com/TykTechnologies/tyk/gateway/api.go:2794.2,2794.45 1 0
github.com/TykTechnologies/tyk/gateway/api.go:2794.45,2798.17 3 0
github.com/TykTechnologies/tyk/gateway/api.go:2798.17,2800.4 1 0
github.com/TykTechnologies/tyk/gateway/api.go:2802.3,2802.16 1 0
github.com/TykTechnologies/tyk/gateway/api.go:2802.16,2804.4 1 0
github.com/TykTechnologies/tyk/gateway/api.go:2806.3,2807.17 2 0
github.com/TykTechnologies/tyk/gateway/api.go:2807.17,2810.4 2 0
github.com/TykTechnologies/tyk/gateway/api.go:2812.3,2821.9 2 0
github.com/TykTechnologies/tyk/gateway/api.go:2824.2,2825.16 2 0
github.com/TykTechnologies/tyk/gateway/api.go:2825.16,2828.3 2 0
github.com/TykTechnologies/tyk/gateway/api.go:2830.2,2830.39 1 0
github.com/TykTechnologies/tyk/gateway/api.go:2834.84,2837.20 3 0
github.com/TykTechnologies/tyk/gateway/api.go:2837.20,2846.3 2 0
github.com/TykTechnologies/tyk/gateway/api.go:2848.2,2848.33 1 0
github.com/TykTechnologies/tyk/gateway/api.go:2848.33,2866.3 6 0
github.com/TykTechnologies/tyk/gateway/api.go:2868.2,2869.16 2 0
github.com/TykTechnologies/tyk/gateway/api.go:2869.16,2871.3 1 0
github.com/TykTechnologies/tyk/gateway/api.go:2872.2,2888.44 3 0
github.com/TykTechnologies/tyk/gateway/api.go:2891.79,2892.33 1 0
github.com/TykTechnologies/tyk/gateway/api.go:2892.33,2895.3 2 0
github.com/TykTechnologies/tyk/gateway/api.go:2897.2,2897.44 1 0
github.com/TykTechnologies/tyk/gateway/api.go:2897.44,2900.3 2 0
github.com/TykTechnologies/tyk/gateway/api.go:2902.2,2903.16 2 0
github.com/TykTechnologies/tyk/gateway/api.go:2903.16,2906.3 2 0
github.com/TykTechnologies/tyk/gateway/api.go:2908.2,2908.62 1 0
github.com/TykTechnologies/tyk/gateway/api.go:2912.86,2916.20 3 0
github.com/TykTechnologies/tyk/gateway/api.go:2916.20,2926.3 2 0
github.com/TykTechnologies/tyk/gateway/api.go:2928.2,2928.33 1 0
github.com/TykTechnologies/tyk/gateway/api.go:2928.33,2930.17 2 0
github.com/TykTechnologies/tyk/gateway/api.go:2930.17,2932.4 1 0
github.com/TykTechnologies/tyk/gateway/api.go:2934.3,2947.34 3 0
github.com/TykTechnologies/tyk/gateway/api.go:2950.2,2950.67 1 0
github.com/TykTechnologies/tyk/gateway/api.go:2960.103,2965.20 4 0
github.com/TykTechnologies/tyk/gateway/api.go:2965.20,2973.3 2 0
github.com/TykTechnologies/tyk/gateway/api.go:2975.2,2976.23 2 0
github.com/TykTechnologies/tyk/gateway/api.go:2976.23,2978.17 2 0
github.com/TykTechnologies/tyk/gateway/api.go:2978.17,2987.4 2 0
github.com/TykTechnologies/tyk/gateway/api.go:2990.2,2990.54 1 0
github.com/TykTechnologies/tyk/gateway/api.go:2994.69,2998.26 2 0
github.com/TykTechnologies/tyk/gateway/api.go:2998.26,3000.3 1 0
github.com/TykTechnologies/tyk/gateway/api.go:3002.2,3003.40 2 0
github.com/TykTechnologies/tyk/gateway/api.go:3003.40,3014.3 2 0
github.com/TykTechnologies/tyk/gateway/api.go:3015.2,3021.31 2 0
github.com/TykTechnologies/tyk/gateway/api.go:3024.89,3028.29 3 0
github.com/TykTechnologies/tyk/gateway/api.go:3028.29,3030.30 2 0
github.com/TykTechnologies/tyk/gateway/api.go:3030.30,3031.39 1 0
github.com/TykTechnologies/tyk/gateway/api.go:3031.39,3032.40 1 0
github.com/TykTechnologies/tyk/gateway/api.go:3032.40,3034.6 1 0
github.com/TykTechnologies/tyk/gateway/api.go:3039.2,3039.13 1 0
github.com/TykTechnologies/tyk/gateway/api.go:3042.79,3043.52 1 0
github.com/TykTechnologies/tyk/gateway/api.go:3043.52,3046.3 2 0
github.com/TykTechnologies/tyk/gateway/api.go:3047.2,3048.17 2 0
github.com/TykTechnologies/tyk/gateway/api.go:3048.17,3051.3 2 0
github.com/TykTechnologies/tyk/gateway/api.go:3052.2,3053.20 2 0
github.com/TykTechnologies/tyk/gateway/api.go:3053.20,3056.3 2 0
github.com/TykTechnologies/tyk/gateway/api.go:3057.2,3058.39 2 0
github.com/TykTechnologies/tyk/gateway/api.go:3061.61,3063.20 2 0
github.com/TykTechnologies/tyk/gateway/api.go:3063.20,3066.3 2 0
github.com/TykTechnologies/tyk/gateway/api.go:3068.2,3075.46 7 0
github.com/TykTechnologies/tyk/gateway/api.go:3078.83,3081.45 2 0
github.com/TykTechnologies/tyk/gateway/api.go:3081.45,3084.48 3 0
github.com/TykTechnologies/tyk/gateway/api.go:3084.48,3086.4 1 0
github.com/TykTechnologies/tyk/gateway/api.go:3087.3,3100.9 3 0
github.com/TykTechnologies/tyk/gateway/api.go:3103.2,3103.59 1 0
github.com/TykTechnologies/tyk/gateway/api.go:3106.79,3109.16 2 0
github.com/TykTechnologies/tyk/gateway/api.go:3109.16,3112.3 2 0
github.com/TykTechnologies/tyk/gateway/api.go:3114.2,3119.17 5 0
github.com/TykTechnologies/tyk/gateway/api.go:3119.17,3122.3 2 0
github.com/TykTechnologies/tyk/gateway/api.go:3124.2,3124.20 1 0
github.com/TykTechnologies/tyk/gateway/api.go:3124.20,3127.3 2 0
github.com/TykTechnologies/tyk/gateway/api.go:3129.2,3130.20 2 0
github.com/TykTechnologies/tyk/gateway/api.go:3130.20,3133.3 2 0
github.com/TykTechnologies/tyk/gateway/api.go:3135.2,3135.29 1 0
github.com/TykTechnologies/tyk/gateway/api.go:3135.29,3137.17 2 0
github.com/TykTechnologies/tyk/gateway/api.go:3137.17,3139.4 1 0
github.com/TykTechnologies/tyk/gateway/api.go:3141.2,3141.68 1 0
github.com/TykTechnologies/tyk/gateway/api.go:3144.94,3146.20 2 0
github.com/TykTechnologies/tyk/gateway/api.go:3146.20,3155.3 2 0
github.com/TykTechnologies/tyk/gateway/api.go:3157.2,3157.33 1 0
github.com/TykTechnologies/tyk/gateway/api.go:3157.33,3166.3 2 0
github.com/TykTechnologies/tyk/gateway/api.go:3168.2,3168.59 1 0
github.com/TykTechnologies/tyk/gateway/api.go:3171.83,3174.16 2 0
github.com/TykTechnologies/tyk/gateway/api.go:3174.16,3177.3 2 0
github.com/TykTechnologies/tyk/gateway/api.go:3179.2,3183.20 4 0
github.com/TykTechnologies/tyk/gateway/api.go:3183.20,3186.3 2 0
github.com/TykTechnologies/tyk/gateway/api.go:3188.2,3188.24 1 0
github.com/TykTechnologies/tyk/gateway/api.go:3188.24,3191.3 2 0
github.com/TykTechnologies/tyk/gateway/api.go:3193.2,3194.20 2 0
github.com/TykTechnologies/tyk/gateway/api.go:3194.20,3198.3 2 0
github.com/TykTechnologies/tyk/gateway/api.go:3200.2,3201.29 2 0
github.com/TykTechnologies/tyk/gateway/api.go:3201.29,3203.17 2 0
github.com/TykTechnologies/tyk/gateway/api.go:3203.17,3206.4 2 0
github.com/TykTechnologies/tyk/gateway/api.go:3209.2,3216.69 3 0
github.com/TykTechnologies/tyk/gateway/api.go:3219.72,3220.54 1 0
github.com/TykTechnologies/tyk/gateway/api.go:3220.54,3223.17 2 0
github.com/TykTechnologies/tyk/gateway/api.go:3223.17,3226.4 2 0
github.com/TykTechnologies/tyk/gateway/api.go:3228.3,3228.82 1 0
github.com/TykTechnologies/tyk/gateway/api.go:3228.82,3231.4 2 0
github.com/TykTechnologies/tyk/gateway/api.go:3233.3,3233.146 1 0
github.com/TykTechnologies/tyk/gateway/api.go:3233.146,3236.4 2 0
github.com/TykTechnologies/tyk/gateway/api.go:3238.3,3238.78 1 0
github.com/TykTechnologies/tyk/gateway/api.go:3238.78,3241.4 2 0
github.com/TykTechnologies/tyk/gateway/api.go:3243.3,3243.112 1 0
github.com/TykTechnologies/tyk/gateway/api.go:3243.112,3246.4 2 0
github.com/TykTechnologies/tyk/gateway/api.go:3248.3,3249.23 2 0
github.com/TykTechnologies/tyk/gateway/api.go:3253.81,3254.54 1 0
github.com/TykTechnologies/tyk/gateway/api.go:3254.54,3255.37 1 0
github.com/TykTechnologies/tyk/gateway/api.go:3255.37,3258.4 2 0
github.com/TykTechnologies/tyk/gateway/api.go:3260.3,3260.23 1 0
github.com/TykTechnologies/tyk/gateway/api.go:3264.82,3265.54 1 0
github.com/TykTechnologies/tyk/gateway/api.go:3265.54,3267.17 2 0
github.com/TykTechnologies/tyk/gateway/api.go:3267.17,3270.4 2 0
github.com/TykTechnologies/tyk/gateway/api.go:3272.3,3273.38 2 0
github.com/TykTechnologies/tyk/gateway/api.go:3273.38,3275.4 1 0
github.com/TykTechnologies/tyk/gateway/api.go:3277.3,3278.17 2 0
github.com/TykTechnologies/tyk/gateway/api.go:3278.17,3281.4 2 0
github.com/TykTechnologies/tyk/gateway/api.go:3283.3,3286.17 3 0
github.com/TykTechnologies/tyk/gateway/api.go:3286.17,3289.4 2 0
github.com/TykTechnologies/tyk/gateway/api.go:3291.3,3292.23 2 0
github.com/TykTechnologies/tyk/gateway/api.go:3297.65,3299.2 1 0
github.com/TykTechnologies/tyk/gateway/api.go:3302.56,3305.2 2 0
github.com/TykTechnologies/tyk/gateway/api.go:3307.56,3309.2 1 0
github.com/TykTechnologies/tyk/gateway/api.go:3311.94,3313.2 1 0
github.com/TykTechnologies/tyk/gateway/api.go:3315.46,3317.2 1 0
github.com/TykTechnologies/tyk/gateway/api.go:3319.48,3320.61 1 0
github.com/TykTechnologies/tyk/gateway/api.go:3320.61,3322.3 1 0
github.com/TykTechnologies/tyk/gateway/api.go:3323.2,3323.11 1 0
github.com/TykTechnologies/tyk/gateway/api.go:3326.51,3327.13 1 0
github.com/TykTechnologies/tyk/gateway/api.go:3327.13,3328.51 1 0
github.com/TykTechnologies/tyk/gateway/api.go:3330.2,3330.42 1 0
github.com/TykTechnologies/tyk/gateway/api.go:3333.45,3335.2 1 0
github.com/TykTechnologies/tyk/gateway/api.go:3337.48,3339.2 1 0
github.com/TykTechnologies/tyk/gateway/api.go:3341.59,3343.2 1 0
github.com/TykTechnologies/tyk/gateway/api.go:3345.56,3346.60 1 0
github.com/TykTechnologies/tyk/gateway/api.go:3346.60,3347.33 1 0
github.com/TykTechnologies/tyk/gateway/api.go:3347.33,3349.4 1 0
github.com/TykTechnologies/tyk/gateway/api.go:3351.2,3351.20 1 0
github.com/TykTechnologies/tyk/gateway/api.go:3354.61,3355.55 1 0
github.com/TykTechnologies/tyk/gateway/api.go:3355.55,3357.3 1 0
github.com/TykTechnologies/tyk/gateway/api.go:3358.2,3358.12 1 0
github.com/TykTechnologies/tyk/gateway/api.go:3361.64,3363.2 1 0
github.com/TykTechnologies/tyk/gateway/api.go:3365.49,3366.55 1 0
github.com/TykTechnologies/tyk/gateway/api.go:3366.55,3368.3 1 0
github.com/TykTechnologies/tyk/gateway/api.go:3370.2,3370.12 1 0
github.com/TykTechnologies/tyk/gateway/api.go:3373.56,3375.2 1 0
github.com/TykTechnologies/tyk/gateway/api.go:3377.58,3379.2 1 0
github.com/TykTechnologies/tyk/gateway/api.go:3381.53,3382.58 1 0
github.com/TykTechnologies/tyk/gateway/api.go:3382.58,3383.37 1 0
github.com/TykTechnologies/tyk/gateway/api.go:3383.37,3385.4 1 0
github.com/TykTechnologies/tyk/gateway/api.go:3388.2,3388.12 1 0
github.com/TykTechnologies/tyk/gateway/api.go:3391.60,3393.2 1 0
github.com/TykTechnologies/tyk/gateway/api.go:3395.55,3396.60 1 0
github.com/TykTechnologies/tyk/gateway/api.go:3396.60,3397.37 1 0
github.com/TykTechnologies/tyk/gateway/api.go:3397.37,3399.4 1 0
github.com/TykTechnologies/tyk/gateway/api.go:3402.2,3402.12 1 0
github.com/TykTechnologies/tyk/gateway/api.go:3405.57,3407.2 1 0
github.com/TykTechnologies/tyk/gateway/api.go:3409.51,3410.58 1 0
github.com/TykTechnologies/tyk/gateway/api.go:3410.58,3411.35 1 0
github.com/TykTechnologies/tyk/gateway/api.go:3411.35,3413.4 1 0
github.com/TykTechnologies/tyk/gateway/api.go:3415.2,3415.11 1 0
github.com/TykTechnologies/tyk/gateway/api.go:3418.64,3420.2 1 0
github.com/TykTechnologies/tyk/gateway/api.go:3422.61,3423.66 1 0
github.com/TykTechnologies/tyk/gateway/api.go:3423.66,3424.34 1 0
github.com/TykTechnologies/tyk/gateway/api.go:3424.34,3426.4 1 0
github.com/TykTechnologies/tyk/gateway/api.go:3429.2,3429.18 1 0
github.com/TykTechnologies/tyk/gateway/api.go:3429.18,3431.3 1 0
github.com/TykTechnologies/tyk/gateway/api.go:3433.2,3434.15 2 0
github.com/TykTechnologies/tyk/gateway/api.go:3437.53,3439.2 1 0
github.com/TykTechnologies/tyk/gateway/api.go:3442.43,3444.30 1 0
github.com/TykTechnologies/tyk/gateway/api.go:3444.30,3446.3 1 0
github.com/TykTechnologies/tyk/gateway/api.go:3449.2,3449.27 1 0
github.com/TykTechnologies/tyk/gateway/api.go:3449.27,3451.3 1 0
github.com/TykTechnologies/tyk/gateway/api.go:3453.2,3453.59 1 0
github.com/TykTechnologies/tyk/gateway/api.go:3453.59,3455.3 1 0
github.com/TykTechnologies/tyk/gateway/api.go:3457.2,3457.14 1 0
github.com/TykTechnologies/tyk/gateway/api.go:3460.56,3462.2 1 0
github.com/TykTechnologies/tyk/gateway/api.go:3464.50,3465.57 1 0
github.com/TykTechnologies/tyk/gateway/api.go:3465.57,3466.35 1 0
github.com/TykTechnologies/tyk/gateway/api.go:3466.35,3468.4 1 0
github.com/TykTechnologies/tyk/gateway/api.go:3470.2,3470.17 1 0
github.com/TykTechnologies/tyk/gateway/api.go:3473.65,3475.2 1 0
github.com/TykTechnologies/tyk/gateway/api.go:3477.59,3478.68 1 0
github.com/TykTechnologies/tyk/gateway/api.go:3478.68,3479.35 1 0
github.com/TykTechnologies/tyk/gateway/api.go:3479.35,3481.4 1 0
github.com/TykTechnologies/tyk/gateway/api.go:3483.2,3483.17 1 0
github.com/TykTechnologies/tyk/gateway/api.go:3486.69,3488.2 1 0
github.com/TykTechnologies/tyk/gateway/api.go:3490.70,3491.58 1 0
github.com/TykTechnologies/tyk/gateway/api.go:3491.58,3492.45 1 0
github.com/TykTechnologies/tyk/gateway/api.go:3492.45,3494.4 1 0
github.com/TykTechnologies/tyk/gateway/api.go:3496.2,3496.12 1 0
github.com/TykTechnologies/tyk/gateway/api.go:3499.73,3501.2 1 0
github.com/TykTechnologies/tyk/gateway/api.go:3503.74,3504.58 1 0
github.com/TykTechnologies/tyk/gateway/api.go:3504.58,3505.47 1 0
github.com/TykTechnologies/tyk/gateway/api.go:3505.47,3507.4 1 0
github.com/TykTechnologies/tyk/gateway/api.go:3509.2,3509.12 1 0
github.com/TykTechnologies/tyk/gateway/api.go:3512.80,3514.2 1 0
github.com/TykTechnologies/tyk/gateway/api.go:3516.81,3517.69 1 0
github.com/TykTechnologies/tyk/gateway/api.go:3517.69,3518.45 1 0
github.com/TykTechnologies/tyk/gateway/api.go:3518.45,3520.4 1 0
github.com/TykTechnologies/tyk/gateway/api.go:3523.2,3523.14 1 0
github.com/TykTechnologies/tyk/gateway/api.go:3526.49,3528.2 1 0
github.com/TykTechnologies/tyk/gateway/api.go:3530.44,3532.2 1 0
github.com/TykTechnologies/tyk/gateway/api.go:3534.46,3536.2 1 0
github.com/TykTechnologies/tyk/gateway/api.go:3538.40,3539.53 1 0
github.com/TykTechnologies/tyk/gateway/api.go:3539.53,3540.32 1 0
github.com/TykTechnologies/tyk/gateway/api.go:3540.32,3542.4 1 0
github.com/TykTechnologies/tyk/gateway/api.go:3545.2,3545.10 1 0
github.com/TykTechnologies/tyk/gateway/api.go:3548.50,3550.2 1 0
github.com/TykTechnologies/tyk/gateway/api.go:3552.54,3555.2 2 0
github.com/TykTechnologies/tyk/gateway/api.go:3557.45,3558.58 1 0
github.com/TykTechnologies/tyk/gateway/api.go:3558.58,3559.32 1 0
github.com/TykTechnologies/tyk/gateway/api.go:3559.32,3561.4 1 0
github.com/TykTechnologies/tyk/gateway/api.go:3564.2,3564.10 1 0
github.com/TykTechnologies/tyk/gateway/api.go:3567.50,3569.44 1 0
github.com/TykTechnologies/tyk/gateway/api.go:3569.44,3571.3 1 0
github.com/TykTechnologies/tyk/gateway/api.go:3574.49,3575.62 1 0
github.com/TykTechnologies/tyk/gateway/api.go:3575.62,3576.32 1 0
github.com/TykTechnologies/tyk/gateway/api.go:3576.32,3578.4 1 0
github.com/TykTechnologies/tyk/gateway/api.go:3581.2,3581.10 1 0
github.com/TykTechnologies/tyk/gateway/api.go:3584.44,3585.57 1 0
github.com/TykTechnologies/tyk/gateway/api.go:3585.57,3586.32 1 0
github.com/TykTechnologies/tyk/gateway/api.go:3586.32,3588.4 1 0
github.com/TykTechnologies/tyk/gateway/api.go:3591.2,3591.10 1 0
github.com/TykTechnologies/tyk/gateway/api.go:3594.54,3596.48 1 0
github.com/TykTechnologies/tyk/gateway/api.go:3596.48,3598.3 1 0
github.com/TykTechnologies/tyk/gateway/api.go:3601.54,3603.2 1 0
github.com/TykTechnologies/tyk/gateway/api.go:3605.62,3608.2 2 0
github.com/TykTechnologies/tyk/gateway/api.go:3610.88,3611.20 1 0
github.com/TykTechnologies/tyk/gateway/api.go:3611.20,3613.3 1 0
github.com/TykTechnologies/tyk/gateway/api.go:3616.88,3617.46 1 0
github.com/TykTechnologies/tyk/gateway/api.go:3617.46,3619.9 2 0
github.com/TykTechnologies/tyk/gateway/api.go:3619.9,3621.4 1 0
github.com/TykTechnologies/tyk/gateway/api.go:3623.2,3623.8 1 0
github.com/TykTechnologies/tyk/gateway/api.go:3626.63,3628.2 1 0
github.com/TykTechnologies/tyk/gateway/api.go:3630.64,3631.57 1 0
github.com/TykTechnologies/tyk/gateway/api.go:3631.57,3633.3 1 0
github.com/TykTechnologies/tyk/gateway/api.go:3634.2,3634.8 1 0
github.com/TykTechnologies/tyk/gateway/api.go:3637.45,3640.2 2 0
github.com/TykTechnologies/tyk/gateway/api.go:3643.126,3644.102 1 0
github.com/TykTechnologies/tyk/gateway/api.go:3644.102,3646.17 2 0
github.com/TykTechnologies/tyk/gateway/api.go:3646.17,3648.4 1 0
github.com/TykTechnologies/tyk/gateway/api.go:3650.3,3650.35 1 0
github.com/TykTechnologies/tyk/gateway/api.go:3650.35,3651.75 1 0
github.com/TykTechnologies/tyk/gateway/api.go:3651.75,3653.5 1 0
github.com/TykTechnologies/tyk/gateway/api.go:3658.72,3661.16 3 0
github.com/TykTechnologies/tyk/gateway/api.go:3661.16,3663.3 1 0
github.com/TykTechnologies/tyk/gateway/api.go:3665.2,3667.16 3 0
github.com/TykTechnologies/tyk/gateway/api.go:3667.16,3669.3 1 0
github.com/TykTechnologies/tyk/gateway/api.go:3671.2,3673.37 2 0
github.com/TykTechnologies/tyk/gateway/api.go:3676.69,3678.31 2 0
github.com/TykTechnologies/tyk/gateway/api.go:3678.31,3680.40 2 0
github.com/TykTechnologies/tyk/gateway/api.go:3680.40,3682.4 1 0
github.com/TykTechnologies/tyk/gateway/api.go:3684.3,3685.17 2 0
github.com/TykTechnologies/tyk/gateway/api.go:3688.2,3688.12 1 0
github.com/TykTechnologies/tyk/gateway/api.go:3691.105,3693.44 2 0
github.com/TykTechnologies/tyk/gateway/api.go:3693.44,3695.3 1 0
github.com/TykTechnologies/tyk/gateway/api.go:3697.2,3698.44 2 0
github.com/TykTechnologies/tyk/gateway/api_definition.go:157.66,158.57 1 0
github.com/TykTechnologies/tyk/gateway/api_definition.go:158.57,160.3 1 0
github.com/TykTechnologies/tyk/gateway/api_definition.go:162.2,162.47 1 0
github.com/TykTechnologies/tyk/gateway/api_definition.go:166.46,168.2 1 0
github.com/TykTechnologies/tyk/gateway/api_definition.go:171.28,176.33 3 0
github.com/TykTechnologies/tyk/gateway/api_definition.go:176.33,177.32 1 0
github.com/TykTechnologies/tyk/gateway/api_definition.go:177.32,178.40 1 0
github.com/TykTechnologies/tyk/gateway/api_definition.go:178.40,181.5 1 0
github.com/TykTechnologies/tyk/gateway/api_definition.go:186.2,186.26 1 0
github.com/TykTechnologies/tyk/gateway/api_definition.go:186.26,188.3 1 0
github.com/TykTechnologies/tyk/gateway/api_definition.go:193.2,193.22 1 0
github.com/TykTechnologies/tyk/gateway/api_definition.go:193.22,195.3 1 0
github.com/TykTechnologies/tyk/gateway/api_definition.go:197.2,197.28 1 0
github.com/TykTechnologies/tyk/gateway/api_definition.go:197.28,202.3 3 0
github.com/TykTechnologies/tyk/gateway/api_definition.go:204.2,204.37 1 0
github.com/TykTechnologies/tyk/gateway/api_definition.go:204.37,206.3 1 0
github.com/TykTechnologies/tyk/gateway/api_definition.go:207.2,207.21 1 0
github.com/TykTechnologies/tyk/gateway/api_definition.go:211.62,212.13 1 0
github.com/TykTechnologies/tyk/gateway/api_definition.go:212.13,214.17 2 0
github.com/TykTechnologies/tyk/gateway/api_definition.go:214.17,216.4 1 0
github.com/TykTechnologies/tyk/gateway/api_definition.go:220.2,220.20 1 0
github.com/TykTechnologies/tyk/gateway/api_definition.go:221.20,222.25 1 0
github.com/TykTechnologies/tyk/gateway/api_definition.go:223.10,224.26 1 0
github.com/TykTechnologies/tyk/gateway/api_definition.go:228.39,229.23 1 0
github.com/TykTechnologies/tyk/gateway/api_definition.go:229.23,231.3 1 0
github.com/TykTechnologies/tyk/gateway/api_definition.go:232.2,232.12 1 0
github.com/TykTechnologies/tyk/gateway/api_definition.go:235.40,238.2 1 0
github.com/TykTechnologies/tyk/gateway/api_definition.go:240.41,241.31 1 0
github.com/TykTechnologies/tyk/gateway/api_definition.go:241.31,243.3 1 0
github.com/TykTechnologies/tyk/gateway/api_definition.go:245.2,246.11 2 0
github.com/TykTechnologies/tyk/gateway/api_definition.go:257.101,258.19 1 0
github.com/TykTechnologies/tyk/gateway/api_definition.go:258.19,264.3 1 0
github.com/TykTechnologies/tyk/gateway/api_definition.go:266.2,268.16 3 0
github.com/TykTechnologies/tyk/gateway/api_definition.go:268.16,271.3 2 0
github.com/TykTechnologies/tyk/gateway/api_definition.go:273.2,279.79 4 0
github.com/TykTechnologies/tyk/gateway/api_definition.go:279.79,281.3 1 0
github.com/TykTechnologies/tyk/gateway/api_definition.go:284.2,284.26 1 0
github.com/TykTechnologies/tyk/gateway/api_definition.go:284.26,285.84 1 0
github.com/TykTechnologies/tyk/gateway/api_definition.go:285.84,287.4 1 0
github.com/TykTechnologies/tyk/gateway/api_definition.go:287.9,289.4 1 0
github.com/TykTechnologies/tyk/gateway/api_definition.go:294.2,294.49 1 0
github.com/TykTechnologies/tyk/gateway/api_definition.go:294.49,295.47 1 0
github.com/TykTechnologies/tyk/gateway/api_definition.go:295.47,296.12 1 0
github.com/TykTechnologies/tyk/gateway/api_definition.go:299.3,299.81 1 0
github.com/TykTechnologies/tyk/gateway/api_definition.go:299.81,301.4 1 0
github.com/TykTechnologies/tyk/gateway/api_definition.go:301.9,304.4 2 0
github.com/TykTechnologies/tyk/gateway/api_definition.go:308.2,322.45 5 0
github.com/TykTechnologies/tyk/gateway/api_definition.go:322.45,325.3 2 0
github.com/TykTechnologies/tyk/gateway/api_definition.go:327.2,327.117 1 0
github.com/TykTechnologies/tyk/gateway/api_definition.go:327.117,330.3 2 0
github.com/TykTechnologies/tyk/gateway/api_definition.go:333.2,333.39 1 0
github.com/TykTechnologies/tyk/gateway/api_definition.go:333.39,335.3 1 0
github.com/TykTechnologies/tyk/gateway/api_definition.go:336.2,337.69 2 0
github.com/TykTechnologies/tyk/gateway/api_definition.go:337.69,339.49 2 0
github.com/TykTechnologies/tyk/gateway/api_definition.go:339.49,343.18 3 0
github.com/TykTechnologies/tyk/gateway/api_definition.go:343.18,345.5 1 0
github.com/TykTechnologies/tyk/gateway/api_definition.go:345.10,348.5 2 0
github.com/TykTechnologies/tyk/gateway/api_definition.go:354.2,354.34 1 0
github.com/TykTechnologies/tyk/gateway/api_definition.go:354.34,356.63 2 0
github.com/TykTechnologies/tyk/gateway/api_definition.go:356.63,358.4 1 0
github.com/TykTechnologies/tyk/gateway/api_definition.go:360.3,365.24 2 0
github.com/TykTechnologies/tyk/gateway/api_definition.go:368.2,370.45 3 0
github.com/TykTechnologies/tyk/gateway/api_definition.go:370.45,375.25 3 0
github.com/TykTechnologies/tyk/gateway/api_definition.go:375.25,377.4 1 0
github.com/TykTechnologies/tyk/gateway/api_definition.go:377.9,380.4 2 0
github.com/TykTechnologies/tyk/gateway/api_definition.go:381.3,382.49 2 0
github.com/TykTechnologies/tyk/gateway/api_definition.go:385.2,385.69 1 0
github.com/TykTechnologies/tyk/gateway/api_definition.go:385.69,388.3 2 0
github.com/TykTechnologies/tyk/gateway/api_definition.go:390.2,396.16 4 0
github.com/TykTechnologies/tyk/gateway/api_definition.go:396.16,398.3 1 0
github.com/TykTechnologies/tyk/gateway/api_definition.go:400.2,400.18 1 0
github.com/TykTechnologies/tyk/gateway/api_definition.go:404.88,409.44 2 0
github.com/TykTechnologies/tyk/gateway/api_definition.go:409.44,411.17 2 0
github.com/TykTechnologies/tyk/gateway/api_definition.go:411.17,414.4 2 0
github.com/TykTechnologies/tyk/gateway/api_definition.go:416.3,427.25 9 0
github.com/TykTechnologies/tyk/gateway/api_definition.go:431.2,432.16 2 0
github.com/TykTechnologies/tyk/gateway/api_definition.go:432.16,434.3 1 0
github.com/TykTechnologies/tyk/gateway/api_definition.go:435.2,438.45 2 0
github.com/TykTechnologies/tyk/gateway/api_definition.go:438.45,440.17 2 0
github.com/TykTechnologies/tyk/gateway/api_definition.go:440.17,442.4 1 0
github.com/TykTechnologies/tyk/gateway/api_definition.go:443.3,443.74 1 0
github.com/TykTechnologies/tyk/gateway/api_definition.go:446.2,446.38 1 0
github.com/TykTechnologies/tyk/gateway/api_definition.go:446.38,448.17 2 0
github.com/TykTechnologies/tyk/gateway/api_definition.go:448.17,450.4 1 0
github.com/TykTechnologies/tyk/gateway/api_definition.go:451.3,451.80 1 0
github.com/TykTechnologies/tyk/gateway/api_definition.go:455.2,457.16 3 0
github.com/TykTechnologies/tyk/gateway/api_definition.go:457.16,460.73 2 0
github.com/TykTechnologies/tyk/gateway/api_definition.go:460.73,462.4 1 0
github.com/TykTechnologies/tyk/gateway/api_definition.go:463.3,463.18 1 0
github.com/TykTechnologies/tyk/gateway/api_definition.go:466.2,469.16 3 0
github.com/TykTechnologies/tyk/gateway/api_definition.go:469.16,473.3 2 0
github.com/TykTechnologies/tyk/gateway/api_definition.go:476.2,488.19 8 0
github.com/TykTechnologies/tyk/gateway/api_definition.go:502.63,505.40 2 0
github.com/TykTechnologies/tyk/gateway/api_definition.go:505.40,508.29 3 0
github.com/TykTechnologies/tyk/gateway/api_definition.go:508.29,509.25 1 0
github.com/TykTechnologies/tyk/gateway/api_definition.go:509.25,510.13 1 0
github.com/TykTechnologies/tyk/gateway/api_definition.go:513.4,515.17 3 0
github.com/TykTechnologies/tyk/gateway/api_definition.go:515.17,517.5 1 0
github.com/TykTechnologies/tyk/gateway/api_definition.go:521.2,521.44 1 0
github.com/TykTechnologies/tyk/gateway/api_definition.go:521.44,522.46 1 0
github.com/TykTechnologies/tyk/gateway/api_definition.go:522.46,524.4 1 0
github.com/TykTechnologies/tyk/gateway/api_definition.go:527.2,527.43 1 0
github.com/TykTechnologies/tyk/gateway/api_definition.go:527.43,528.56 1 0
github.com/TykTechnologies/tyk/gateway/api_definition.go:528.56,530.4 1 0
github.com/TykTechnologies/tyk/gateway/api_definition.go:533.2,533.42 1 0
github.com/TykTechnologies/tyk/gateway/api_definition.go:533.42,534.55 1 0
github.com/TykTechnologies/tyk/gateway/api_definition.go:534.55,536.4 1 0
github.com/TykTechnologies/tyk/gateway/api_definition.go:539.2,539.22 1 0
github.com/TykTechnologies/tyk/gateway/api_definition.go:542.72,543.43 1 0
github.com/TykTechnologies/tyk/gateway/api_definition.go:543.43,545.3 1 0
github.com/TykTechnologies/tyk/gateway/api_definition.go:547.2,548.16 2 0
github.com/TykTechnologies/tyk/gateway/api_definition.go:548.16,550.3 1 0
github.com/TykTechnologies/tyk/gateway/api_definition.go:552.2,552.34 1 0
github.com/TykTechnologies/tyk/gateway/api_definition.go:552.34,555.3 2 0
github.com/TykTechnologies/tyk/gateway/api_definition.go:557.2,557.12 1 0
github.com/TykTechnologies/tyk/gateway/api_definition.go:560.71,561.42 1 0
github.com/TykTechnologies/tyk/gateway/api_definition.go:561.42,563.3 1 0
github.com/TykTechnologies/tyk/gateway/api_definition.go:565.2,566.16 2 0
github.com/TykTechnologies/tyk/gateway/api_definition.go:566.16,568.3 1 0
github.com/TykTechnologies/tyk/gateway/api_definition.go:570.2,571.9 2 0
github.com/TykTechnologies/tyk/gateway/api_definition.go:571.9,573.3 1 0
github.com/TykTechnologies/tyk/gateway/api_definition.go:575.2,576.9 2 0
github.com/TykTechnologies/tyk/gateway/api_definition.go:576.9,578.3 1 0
github.com/TykTechnologies/tyk/gateway/api_definition.go:580.2,580.29 1 0
github.com/TykTechnologies/tyk/gateway/api_definition.go:580.29,582.3 1 0
github.com/TykTechnologies/tyk/gateway/api_definition.go:584.2,584.12 1 0
github.com/TykTechnologies/tyk/gateway/api_definition.go:588.106,589.27 1 0
github.com/TykTechnologies/tyk/gateway/api_definition.go:589.27,591.3 1 0
github.com/TykTechnologies/tyk/gateway/api_definition.go:593.2,593.22 1 0
github.com/TykTechnologies/tyk/gateway/api_definition.go:593.22,595.3 1 0
github.com/TykTechnologies/tyk/gateway/api_definition.go:598.2,599.53 2 0
github.com/TykTechnologies/tyk/gateway/api_definition.go:599.53,602.3 2 0
github.com/TykTechnologies/tyk/gateway/api_definition.go:604.2,609.25 3 0
github.com/TykTechnologies/tyk/gateway/api_definition.go:609.25,610.68 1 0
github.com/TykTechnologies/tyk/gateway/api_definition.go:610.68,612.4 1 0
github.com/TykTechnologies/tyk/gateway/api_definition.go:615.2,615.51 1 0
github.com/TykTechnologies/tyk/gateway/api_definition.go:618.107,620.72 2 0
github.com/TykTechnologies/tyk/gateway/api_definition.go:620.72,622.3 1 0
github.com/TykTechnologies/tyk/gateway/api_definition.go:624.2,633.19 5 0
github.com/TykTechnologies/tyk/gateway/api_definition.go:636.119,639.30 2 0
github.com/TykTechnologies/tyk/gateway/api_definition.go:639.30,640.14 1 0
github.com/TykTechnologies/tyk/gateway/api_definition.go:640.14,643.61 2 0
github.com/TykTechnologies/tyk/gateway/api_definition.go:643.61,651.5 3 0
github.com/TykTechnologies/tyk/gateway/api_definition.go:654.3,655.17 2 0
github.com/TykTechnologies/tyk/gateway/api_definition.go:655.17,656.12 1 0
github.com/TykTechnologies/tyk/gateway/api_definition.go:659.3,659.30 1 0
github.com/TykTechnologies/tyk/gateway/api_definition.go:662.2,662.14 1 0
github.com/TykTechnologies/tyk/gateway/api_definition.go:665.86,666.56 1 0
github.com/TykTechnologies/tyk/gateway/api_definition.go:666.56,668.3 1 0
github.com/TykTechnologies/tyk/gateway/api_definition.go:670.2,670.8 1 0
github.com/TykTechnologies/tyk/gateway/api_definition.go:673.66,674.56 1 0
github.com/TykTechnologies/tyk/gateway/api_definition.go:674.56,676.3 1 0
github.com/TykTechnologies/tyk/gateway/api_definition.go:678.2,678.8 1 0
github.com/TykTechnologies/tyk/gateway/api_definition.go:681.65,683.2 1 0
github.com/TykTechnologies/tyk/gateway/api_definition.go:687.61,691.29 3 0
github.com/TykTechnologies/tyk/gateway/api_definition.go:691.29,692.43 1 0
github.com/TykTechnologies/tyk/gateway/api_definition.go:692.43,693.12 1 0
github.com/TykTechnologies/tyk/gateway/api_definition.go:696.3,698.17 2 0
github.com/TykTechnologies/tyk/gateway/api_definition.go:698.17,699.12 1 0
github.com/TykTechnologies/tyk/gateway/api_definition.go:702.3,702.30 1 0
github.com/TykTechnologies/tyk/gateway/api_definition.go:704.2,704.14 1 0
github.com/TykTechnologies/tyk/gateway/api_definition.go:706.85,710.16 3 0
github.com/TykTechnologies/tyk/gateway/api_definition.go:710.16,713.3 2 0
github.com/TykTechnologies/tyk/gateway/api_definition.go:715.2,719.16 4 0
github.com/TykTechnologies/tyk/gateway/api_definition.go:719.16,722.3 2 0
github.com/TykTechnologies/tyk/gateway/api_definition.go:724.2,725.15 2 0
github.com/TykTechnologies/tyk/gateway/api_definition.go:725.15,730.17 4 0
github.com/TykTechnologies/tyk/gateway/api_definition.go:730.17,732.4 1 0
github.com/TykTechnologies/tyk/gateway/api_definition.go:735.2,735.34 1 0
github.com/TykTechnologies/tyk/gateway/api_definition.go:738.115,749.2 8 0
github.com/TykTechnologies/tyk/gateway/api_definition.go:751.121,764.18 6 0
github.com/TykTechnologies/tyk/gateway/api_definition.go:764.18,766.3 1 0
github.com/TykTechnologies/tyk/gateway/api_definition.go:768.2,772.24 4 0
github.com/TykTechnologies/tyk/gateway/api_definition.go:775.112,780.35 2 0
github.com/TykTechnologies/tyk/gateway/api_definition.go:780.35,784.3 3 0
github.com/TykTechnologies/tyk/gateway/api_definition.go:786.2,786.16 1 0
github.com/TykTechnologies/tyk/gateway/api_definition.go:789.158,794.35 2 0
github.com/TykTechnologies/tyk/gateway/api_definition.go:794.35,795.26 1 0
github.com/TykTechnologies/tyk/gateway/api_definition.go:795.26,796.12 1 0
github.com/TykTechnologies/tyk/gateway/api_definition.go:799.3,802.19 3 0
github.com/TykTechnologies/tyk/gateway/api_definition.go:803.18,804.34 1 0
github.com/TykTechnologies/tyk/gateway/api_definition.go:805.18,806.34 1 0
github.com/TykTechnologies/tyk/gateway/api_definition.go:807.16,808.32 1 0
github.com/TykTechnologies/tyk/gateway/api_definition.go:812.3,814.37 2 0
github.com/TykTechnologies/tyk/gateway/api_definition.go:817.2,817.16 1 0
github.com/TykTechnologies/tyk/gateway/api_definition.go:820.166,823.35 2 0
github.com/TykTechnologies/tyk/gateway/api_definition.go:823.35,824.26 1 0
github.com/TykTechnologies/tyk/gateway/api_definition.go:824.26,825.12 1 0
github.com/TykTechnologies/tyk/gateway/api_definition.go:828.3,832.37 4 0
github.com/TykTechnologies/tyk/gateway/api_definition.go:835.2,835.16 1 0
github.com/TykTechnologies/tyk/gateway/api_definition.go:838.130,843.38 2 0
github.com/TykTechnologies/tyk/gateway/api_definition.go:843.38,850.3 5 0
github.com/TykTechnologies/tyk/gateway/api_definition.go:852.2,852.32 1 0
github.com/TykTechnologies/tyk/gateway/api_definition.go:852.32,853.20 1 0
github.com/TykTechnologies/tyk/gateway/api_definition.go:853.20,854.12 1 0
github.com/TykTechnologies/tyk/gateway/api_definition.go:857.3,864.37 7 0
github.com/TykTechnologies/tyk/gateway/api_definition.go:867.2,867.16 1 0
github.com/TykTechnologies/tyk/gateway/api_definition.go:870.70,876.2 4 0
github.com/TykTechnologies/tyk/gateway/api_definition.go:878.92,882.2 3 0
github.com/TykTechnologies/tyk/gateway/api_definition.go:884.92,887.16 3 0
github.com/TykTechnologies/tyk/gateway/api_definition.go:887.16,889.3 1 0
github.com/TykTechnologies/tyk/gateway/api_definition.go:890.2,890.80 1 0
github.com/TykTechnologies/tyk/gateway/api_definition.go:893.130,899.35 3 0
github.com/TykTechnologies/tyk/gateway/api_definition.go:899.35,900.26 1 0
github.com/TykTechnologies/tyk/gateway/api_definition.go:900.26,901.12 1 0
github.com/TykTechnologies/tyk/gateway/api_definition.go:904.3,914.39 6 0
github.com/TykTechnologies/tyk/gateway/api_definition.go:915.23,917.95 2 0
github.com/TykTechnologies/tyk/gateway/api_definition.go:918.23,920.95 2 0
github.com/TykTechnologies/tyk/gateway/api_definition.go:921.11,923.87 2 0
github.com/TykTechnologies/tyk/gateway/api_definition.go:926.3,926.26 1 0
github.com/TykTechnologies/tyk/gateway/api_definition.go:926.26,928.4 1 0
github.com/TykTechnologies/tyk/gateway/api_definition.go:928.9,930.4 1 0
github.com/TykTechnologies/tyk/gateway/api_definition.go:932.3,932.17 1 0
github.com/TykTechnologies/tyk/gateway/api_definition.go:932.17,935.4 2 0
github.com/TykTechnologies/tyk/gateway/api_definition.go:935.9,937.4 1 0
github.com/TykTechnologies/tyk/gateway/api_definition.go:941.2,941.16 1 0
github.com/TykTechnologies/tyk/gateway/api_definition.go:944.138,949.35 2 0
github.com/TykTechnologies/tyk/gateway/api_definition.go:949.35,950.26 1 0
github.com/TykTechnologies/tyk/gateway/api_definition.go:950.26,951.12 1 0
github.com/TykTechnologies/tyk/gateway/api_definition.go:954.3,957.29 3 0
github.com/TykTechnologies/tyk/gateway/api_definition.go:957.29,959.4 1 0
[...]
github.com/TykTechnologies/tyk/gateway/testutil.go:1343.16,1345.3 1 0
github.com/TykTechnologies/tyk/gateway/testutil.go:1345.8,1347.3 1 0
github.com/TykTechnologies/tyk/gateway/testutil.go:1349.2,1355.16 6 0
github.com/TykTechnologies/tyk/gateway/testutil.go:1355.16,1357.3 1 0
github.com/TykTechnologies/tyk/gateway/testutil.go:1359.2,1359.19 1 0
github.com/TykTechnologies/tyk/gateway/testutil.go:1363.35,1365.15 2 0
github.com/TykTechnologies/tyk/gateway/testutil.go:1365.15,1369.3 3 0
github.com/TykTechnologies/tyk/gateway/testutil.go:1372.2,1372.37 1 0
github.com/TykTechnologies/tyk/gateway/testutil.go:1372.37,1374.46 2 0
github.com/TykTechnologies/tyk/gateway/testutil.go:1374.46,1377.4 2 0
github.com/TykTechnologies/tyk/gateway/testutil.go:1380.2,1382.16 2 0
github.com/TykTechnologies/tyk/gateway/testutil.go:1382.16,1384.3 1 0
github.com/TykTechnologies/tyk/gateway/testutil.go:1386.2,1386.12 1 0
github.com/TykTechnologies/tyk/gateway/testutil.go:1389.86,1392.2 2 0
github.com/TykTechnologies/tyk/gateway/testutil.go:1395.65,1409.31 4 0
github.com/TykTechnologies/tyk/gateway/testutil.go:1409.31,1414.48 4 0
github.com/TykTechnologies/tyk/gateway/testutil.go:1414.48,1416.4 1 0
github.com/TykTechnologies/tyk/gateway/testutil.go:1420.69,1423.17 2 0
github.com/TykTechnologies/tyk/gateway/testutil.go:1423.17,1425.3 1 0
github.com/TykTechnologies/tyk/gateway/testutil.go:1427.2,1427.21 1 0
github.com/TykTechnologies/tyk/gateway/testutil.go:1427.21,1432.3 4 0
github.com/TykTechnologies/tyk/gateway/testutil.go:1432.8,1434.3 1 0
github.com/TykTechnologies/tyk/gateway/testutil.go:1436.2,1436.18 1 0
github.com/TykTechnologies/tyk/gateway/testutil.go:1439.70,1446.2 3 0
github.com/TykTechnologies/tyk/gateway/testutil.go:1448.95,1450.19 2 0
github.com/TykTechnologies/tyk/gateway/testutil.go:1450.19,1452.3 1 0
github.com/TykTechnologies/tyk/gateway/testutil.go:1454.2,1464.16 3 0
github.com/TykTechnologies/tyk/gateway/testutil.go:1464.16,1467.3 2 0
github.com/TykTechnologies/tyk/gateway/testutil.go:1469.2,1471.16 3 0
github.com/TykTechnologies/tyk/gateway/testutil.go:1471.16,1474.3 2 0
github.com/TykTechnologies/tyk/gateway/testutil.go:1476.2,1478.40 2 0
github.com/TykTechnologies/tyk/gateway/testutil.go:1481.50,1483.2 1 0
github.com/TykTechnologies/tyk/gateway/testutil.go:1485.32,1487.2 1 0
github.com/TykTechnologies/tyk/gateway/testutil.go:1489.67,1494.2 4 0
github.com/TykTechnologies/tyk/gateway/testutil.go:1683.168,1685.87 2 0
github.com/TykTechnologies/tyk/gateway/testutil.go:1685.87,1686.13 1 0
github.com/TykTechnologies/tyk/gateway/testutil.go:1689.2,1690.61 2 0
github.com/TykTechnologies/tyk/gateway/testutil.go:1690.61,1691.13 1 0
github.com/TykTechnologies/tyk/gateway/testutil.go:1694.2,1697.16 3 0
github.com/TykTechnologies/tyk/gateway/testutil.go:1697.16,1698.13 1 0
github.com/TykTechnologies/tyk/gateway/testutil.go:1701.2,1702.11 2 0
github.com/TykTechnologies/tyk/gateway/testutil.go:1705.177,1707.90 2 0
github.com/TykTechnologies/tyk/gateway/testutil.go:1707.90,1708.13 1 0
github.com/TykTechnologies/tyk/gateway/testutil.go:1711.2,1712.64 2 0
github.com/TykTechnologies/tyk/gateway/testutil.go:1712.64,1713.13 1 0
github.com/TykTechnologies/tyk/gateway/testutil.go:1716.2,1719.16 3 0
github.com/TykTechnologies/tyk/gateway/testutil.go:1719.16,1720.13 1 0
github.com/TykTechnologies/tyk/gateway/testutil.go:1723.2,1724.11 2 0
github.com/TykTechnologies/tyk/gateway/testutil.go:1727.111,1729.105 2 0
github.com/TykTechnologies/tyk/gateway/testutil.go:1729.105,1730.13 1 0
github.com/TykTechnologies/tyk/gateway/testutil.go:1733.2,1736.18 3 0
github.com/TykTechnologies/tyk/gateway/testutil.go:1736.18,1738.3 1 0
github.com/TykTechnologies/tyk/gateway/testutil.go:1740.2,1742.16 2 0
github.com/TykTechnologies/tyk/gateway/testutil.go:1745.116,1747.108 2 0
github.com/TykTechnologies/tyk/gateway/testutil.go:1747.108,1748.13 1 0
github.com/TykTechnologies/tyk/gateway/testutil.go:1751.2,1754.18 3 0
github.com/TykTechnologies/tyk/gateway/testutil.go:1754.18,1756.3 1 0
github.com/TykTechnologies/tyk/gateway/testutil.go:1758.2,1760.16 2 0
github.com/TykTechnologies/tyk/gateway/testutil.go:1763.93,1767.2 3 0
github.com/TykTechnologies/tyk/gateway/testutil.go:1769.52,1772.2 2 0
github.com/TykTechnologies/tyk/gateway/testutil.go:1774.71,1775.30 1 0
github.com/TykTechnologies/tyk/gateway/testutil.go:1775.30,1784.3 7 0
github.com/TykTechnologies/tyk/gateway/testutil.go:1786.2,1786.14 1 0
github.com/TykTechnologies/tyk/gateway/testutil.go:1789.32,1821.2 4 0
github.com/TykTechnologies/tyk/gateway/testutil.go:1823.66,1824.23 1 0
github.com/TykTechnologies/tyk/gateway/testutil.go:1824.23,1825.49 1 0
github.com/TykTechnologies/tyk/gateway/testutil.go:1825.50,1825.51 0 0
github.com/TykTechnologies/tyk/gateway/testutil.go:1828.2,1828.32 1 0
github.com/TykTechnologies/tyk/gateway/testutil.go:1828.32,1830.79 2 0
github.com/TykTechnologies/tyk/gateway/testutil.go:1830.79,1831.14 1 0
github.com/TykTechnologies/tyk/gateway/testutil.go:1833.3,1833.14 1 0
github.com/TykTechnologies/tyk/gateway/testutil.go:1833.14,1835.4 1 0
github.com/TykTechnologies/tyk/gateway/testutil.go:1836.3,1837.30 2 0
github.com/TykTechnologies/tyk/gateway/testutil.go:1840.2,1840.14 1 0
github.com/TykTechnologies/tyk/gateway/testutil.go:1843.64,1848.16 5 0
github.com/TykTechnologies/tyk/gateway/testutil.go:1848.16,1850.3 1 0
github.com/TykTechnologies/tyk/gateway/testutil.go:1851.2,1852.15 2 0
github.com/TykTechnologies/tyk/gateway/testutil.go:1852.15,1857.3 4 0
github.com/TykTechnologies/tyk/gateway/testutil.go:1859.2,1859.29 1 0
github.com/TykTechnologies/tyk/gateway/testutil.go:1859.29,1860.22 1 0
github.com/TykTechnologies/tyk/gateway/testutil.go:1860.22,1862.4 1 0
github.com/TykTechnologies/tyk/gateway/testutil.go:1864.3,1865.17 2 0
github.com/TykTechnologies/tyk/gateway/testutil.go:1865.17,1867.14 2 0
github.com/TykTechnologies/tyk/gateway/testutil.go:1870.3,1871.73 2 0
github.com/TykTechnologies/tyk/gateway/testutil.go:1871.73,1872.14 1 0
github.com/TykTechnologies/tyk/gateway/testutil.go:1875.3,1876.17 2 0
github.com/TykTechnologies/tyk/gateway/testutil.go:1876.17,1878.14 2 0
github.com/TykTechnologies/tyk/gateway/testutil.go:1881.3,1882.79 2 0
github.com/TykTechnologies/tyk/gateway/testutil.go:1882.79,1883.14 1 0
github.com/TykTechnologies/tyk/gateway/testutil.go:1887.2,1888.29 2 0
github.com/TykTechnologies/tyk/gateway/testutil.go:1888.29,1890.3 1 0
github.com/TykTechnologies/tyk/gateway/testutil.go:1892.2,1892.12 1 0
github.com/TykTechnologies/tyk/gateway/testutil.go:1895.87,1897.2 1 0
github.com/TykTechnologies/tyk/gateway/testutil.go:1899.36,1905.2 4 0
github.com/TykTechnologies/tyk/gateway/testutil.go:1915.84,1917.16 2 0
github.com/TykTechnologies/tyk/gateway/testutil.go:1917.16,1920.3 2 0
github.com/TykTechnologies/tyk/gateway/testutil.go:1921.2,1923.9 3 0
github.com/TykTechnologies/tyk/gateway/testutil.go:1923.9,1926.3 2 0
github.com/TykTechnologies/tyk/gateway/testutil.go:1927.2,1928.16 2 0
github.com/TykTechnologies/tyk/gateway/testutil.go:1928.16,1930.3 1 0
github.com/TykTechnologies/tyk/gateway/testutil.go:1931.2,1932.39 2 0
github.com/TykTechnologies/tyk/gateway/testutil.go:1935.87,1939.2 3 0
github.com/TykTechnologies/tyk/gateway/testutil.go:1940.81,1942.16 2 0
github.com/TykTechnologies/tyk/gateway/testutil.go:1942.16,1945.3 2 0
github.com/TykTechnologies/tyk/gateway/testutil.go:1946.2,1949.23 4 0
github.com/TykTechnologies/tyk/gateway/testutil.go:1952.48,1954.2 1 0
github.com/TykTechnologies/tyk/gateway/testutil.go:1956.61,1957.25 1 0
github.com/TykTechnologies/tyk/gateway/testutil.go:1957.25,1958.24 1 0
github.com/TykTechnologies/tyk/gateway/testutil.go:1958.24,1960.4 1 0
github.com/TykTechnologies/tyk/gateway/testutil.go:1964.71,1968.74 2 0
github.com/TykTechnologies/tyk/gateway/testutil.go:1968.74,1969.38 1 0
github.com/TykTechnologies/tyk/gateway/testutil.go:1969.38,1971.5 1 0
github.com/TykTechnologies/tyk/gateway/testutil.go:1971.10,1973.5 1 0
github.com/TykTechnologies/tyk/gateway/testutil.go:1979.2,1981.15 2 0
github.com/TykTechnologies/tyk/gateway/testutil.go:1982.14,1983.48 1 0
github.com/TykTechnologies/tyk/gateway/testutil.go:1984.15,1985.59 1 0
github.com/TykTechnologies/tyk/gateway/testutil.go:1986.10,1987.47 1 0
github.com/TykTechnologies/tyk/gateway/testutil.go:1990.2,1990.16 1 0
github.com/TykTechnologies/tyk/gateway/testutil.go:1990.16,1992.3 1 0
github.com/TykTechnologies/tyk/gateway/testutil.go:1994.2,1998.14 3 0
github.com/TykTechnologies/tyk/gateway/testutil.go:2001.51,2008.26 3 0
github.com/TykTechnologies/tyk/gateway/testutil.go:2008.26,2011.3 2 0
github.com/TykTechnologies/tyk/gateway/testutil.go:2012.2,2012.12 1 0
github.com/TykTechnologies/tyk/gateway/testutil.go:2060.36,2063.19 2 0
github.com/TykTechnologies/tyk/gateway/testutil.go:2063.19,2065.3 1 0
github.com/TykTechnologies/tyk/gateway/testutil.go:2067.2,2067.18 1 0
github.com/TykTechnologies/tyk/gateway/testutil.go:2075.44,2077.2 1 0
github.com/TykTechnologies/tyk/gateway/testutil.go:2080.56,2082.2 1 0
github.com/TykTechnologies/tyk/gateway/testutil.go:2085.56,2087.2 1 0
github.com/TykTechnologies/tyk/gateway/testutil.go:2089.58,2091.90 2 0
github.com/TykTechnologies/tyk/gateway/testutil.go:2091.90,2097.26 5 0
github.com/TykTechnologies/tyk/gateway/testutil.go:2097.26,2101.4 3 0
github.com/TykTechnologies/tyk/gateway/testutil.go:2104.86,2127.12 17 0
github.com/TykTechnologies/tyk/gateway/testutil.go:2127.12,2128.7 1 0
github.com/TykTechnologies/tyk/gateway/testutil.go:2128.7,2130.67 2 0
github.com/TykTechnologies/tyk/gateway/testutil.go:2130.67,2132.5 1 0
github.com/TykTechnologies/tyk/gateway/testutil.go:2134.4,2136.22 2 0
github.com/TykTechnologies/tyk/gateway/testutil.go:2136.22,2137.10 1 0
github.com/TykTechnologies/tyk/gateway/testutil.go:2140.4,2141.7 2 0
github.com/TykTechnologies/tyk/gateway/testutil.go:2143.3,2143.16 1 0
github.com/TykTechnologies/tyk/gateway/testutil.go:2146.2,2146.9 1 0
github.com/TykTechnologies/tyk/gateway/testutil.go:2147.20,2148.19 1 0
github.com/TykTechnologies/tyk/gateway/testutil.go:2149.16,2149.16 0 0
github.com/TykTechnologies/tyk/gateway/testutil.go:2151.2,2152.12 2 0
github.com/TykTechnologies/tyk/gateway/testutil.go:2160.61,2162.2 1 0
github.com/TykTechnologies/tyk/gateway/testutil.go:2170.60,2172.2 1 0
github.com/TykTechnologies/tyk/gateway/testutil.go:2174.40,2178.2 2 0
github.com/TykTechnologies/tyk/gateway/testutil.go:2180.63,2184.2 1 0
github.com/TykTechnologies/tyk/gateway/tracing.go:69.39,71.2 1 0
github.com/TykTechnologies/tyk/gateway/tracing.go:78.78,80.2 1 0
github.com/TykTechnologies/tyk/gateway/tracing.go:83.58,87.21 3 0
github.com/TykTechnologies/tyk/gateway/tracing.go:87.21,90.53 2 0
github.com/TykTechnologies/tyk/gateway/tracing.go:90.53,91.12 1 0
github.com/TykTechnologies/tyk/gateway/tracing.go:94.3,95.57 2 0
github.com/TykTechnologies/tyk/gateway/tracing.go:95.57,97.4 1 0
github.com/TykTechnologies/tyk/gateway/tracing.go:99.3,99.25 1 0
github.com/TykTechnologies/tyk/gateway/tracing.go:102.2,102.38 1 0
github.com/TykTechnologies/tyk/gateway/tracing.go:102.38,104.3 1 0
github.com/TykTechnologies/tyk/gateway/tracing.go:106.2,106.17 1 0
github.com/TykTechnologies/tyk/gateway/tracing.go:112.26,119.16 2 0
github.com/TykTechnologies/tyk/gateway/tracing.go:119.16,121.3 1 0
github.com/TykTechnologies/tyk/gateway/tracing.go:123.2,125.16 2 0
github.com/TykTechnologies/tyk/gateway/tracing.go:125.16,127.3 1 0
github.com/TykTechnologies/tyk/gateway/tracing.go:129.2,129.46 1 0
github.com/TykTechnologies/tyk/gateway/tracing.go:129.46,131.3 1 0
github.com/TykTechnologies/tyk/gateway/tracing.go:134.2,136.15 2 0
github.com/TykTechnologies/tyk/gateway/tracing.go:173.73,175.66 2 0
github.com/TykTechnologies/tyk/gateway/tracing.go:175.66,179.3 3 0
github.com/TykTechnologies/tyk/gateway/tracing.go:181.2,181.25 1 0
github.com/TykTechnologies/tyk/gateway/tracing.go:181.25,185.3 3 0
github.com/TykTechnologies/tyk/gateway/tracing.go:187.2,187.26 1 0
github.com/TykTechnologies/tyk/gateway/tracing.go:187.26,191.3 3 0
github.com/TykTechnologies/tyk/gateway/tracing.go:193.2,193.29 1 0
github.com/TykTechnologies/tyk/gateway/tracing.go:193.29,197.3 3 0
github.com/TykTechnologies/tyk/gateway/tracing.go:199.2,215.16 10 0
github.com/TykTechnologies/tyk/gateway/tracing.go:215.16,218.3 2 0
github.com/TykTechnologies/tyk/gateway/tracing.go:220.2,229.33 3 0
github.com/TykTechnologies/tyk/gateway/tracing.go:229.33,232.3 2 0
github.com/TykTechnologies/tyk/gateway/tracing.go:234.2,236.16 3 0
github.com/TykTechnologies/tyk/gateway/tracing.go:236.16,239.3 2 0
github.com/TykTechnologies/tyk/gateway/tracing.go:241.2,245.71 4 0
github.com/TykTechnologies/tyk/gateway/tracing.go:245.71,247.3 1 0
github.com/TykTechnologies/tyk/gateway/tracing.go:247.8,249.3 1 0
github.com/TykTechnologies/tyk/gateway/tracing.go:251.2,252.61 2 0
github.com/TykTechnologies/tyk/gateway/tracing.go:252.61,254.3 1 0
github.com/TykTechnologies/tyk/gateway/tracing.go:254.8,256.3 1 0
github.com/TykTechnologies/tyk/gateway/tracing.go:258.2,262.4 1 0
github.com/TykTechnologies/tyk/gateway/tracing.go:265.53,272.2 6 0
github.com/TykTechnologies/tyk/gateway/tracing.go:274.89,278.21 3 0
github.com/TykTechnologies/tyk/gateway/tracing.go:278.21,281.3 2 0
github.com/TykTechnologies/tyk/gateway/tracing.go:283.2,284.53 2 0
github.com/TykTechnologies/tyk/gateway/tracing.go:284.53,286.3 1 0
github.com/TykTechnologies/tyk/gateway/tracing.go:288.2,291.8 3 0
github.com/TykTechnologies/tyk/gateway/util.go:14.59,17.24 2 0
github.com/TykTechnologies/tyk/gateway/util.go:17.24,19.3 1 0
github.com/TykTechnologies/tyk/gateway/util.go:20.2,20.23 1 0
github.com/TykTechnologies/tyk/gateway/util.go:20.23,22.3 1 0
github.com/TykTechnologies/tyk/gateway/util.go:25.2,25.68 1 0
github.com/TykTechnologies/tyk/gateway/util.go:25.68,27.25 2 0
github.com/TykTechnologies/tyk/gateway/util.go:27.25,29.27 1 0
github.com/TykTechnologies/tyk/gateway/util.go:29.27,32.5 2 0
github.com/TykTechnologies/tyk/gateway/util.go:34.3,34.16 1 0
github.com/TykTechnologies/tyk/gateway/util.go:38.2,38.29 1 0
github.com/TykTechnologies/tyk/gateway/util.go:38.29,40.3 1 0
github.com/TykTechnologies/tyk/gateway/util.go:42.2,45.27 3 0
github.com/TykTechnologies/tyk/gateway/util.go:49.60,52.25 2 0
github.com/TykTechnologies/tyk/gateway/util.go:52.25,54.3 1 0
github.com/TykTechnologies/tyk/gateway/util.go:56.2,56.25 1 0
github.com/TykTechnologies/tyk/gateway/util.go:56.25,57.27 1 0
github.com/TykTechnologies/tyk/gateway/util.go:57.27,59.4 1 0
github.com/TykTechnologies/tyk/gateway/util.go:62.2,62.8 1 0
github.com/TykTechnologies/tyk/gateway/util.go:66.42,67.22 1 0
github.com/TykTechnologies/tyk/gateway/util.go:67.22,68.13 1 0
github.com/TykTechnologies/tyk/gateway/util.go:68.13,70.4 1 0
github.com/TykTechnologies/tyk/gateway/util.go:72.2,72.14 1 0
github.com/TykTechnologies/tyk/gateway/util.go:77.53,78.17 1 0
github.com/TykTechnologies/tyk/gateway/util.go:78.17,80.3 1 0
github.com/TykTechnologies/tyk/gateway/util.go:82.2,82.18 1 0
github.com/TykTechnologies/tyk/gateway/util.go:82.18,84.3 1 0
github.com/TykTechnologies/tyk/gateway/util.go:86.2,86.23 1 0
github.com/TykTechnologies/tyk/gateway/util.go:91.49,92.17 1 0
github.com/TykTechnologies/tyk/gateway/util.go:92.17,94.3 1 0
github.com/TykTechnologies/tyk/gateway/util.go:96.2,96.18 1 0
github.com/TykTechnologies/tyk/gateway/util.go:96.18,98.3 1 0
github.com/TykTechnologies/tyk/gateway/util.go:100.2,100.23 1 0
github.com/TykTechnologies/tyk/gateway/util.go:105.45,106.17 1 0
github.com/TykTechnologies/tyk/gateway/util.go:106.17,108.3 1 0
github.com/TykTechnologies/tyk/gateway/util.go:110.2,110.18 1 0
github.com/TykTechnologies/tyk/gateway/util.go:110.18,112.3 1 0
github.com/TykTechnologies/tyk/gateway/util.go:114.2,114.23 1 0
github.com/TykTechnologies/tyk/gateway/util.go:117.76,124.39 2 0
github.com/TykTechnologies/tyk/gateway/util.go:124.39,126.3 1 0
github.com/TykTechnologies/tyk/gateway/util.go:129.2,129.23 1 0
github.com/TykTechnologies/tyk/gateway/util.go:129.23,131.3 1 0
github.com/TykTechnologies/tyk/gateway/util.go:133.2,134.29 2 0
github.com/TykTechnologies/tyk/gateway/util.go:134.29,136.3 1 0
github.com/TykTechnologies/tyk/gateway/util.go:138.2,138.23 1 0
github.com/TykTechnologies/tyk/gateway/util.go:138.23,140.3 1 0
github.com/TykTechnologies/tyk/gateway/util.go:143.2,144.58 1 0
github.com/TykTechnologies/tyk/gateway/util.go:144.58,146.3 1 0
github.com/TykTechnologies/tyk/gateway/util.go:148.2,150.24 2 0
github.com/TykTechnologies/tyk/gateway/util.go:153.60,154.25 1 0
github.com/TykTechnologies/tyk/gateway/util.go:154.25,156.3 1 0
github.com/TykTechnologies/tyk/gateway/util.go:158.2,158.47 1 0
github.com/TykTechnologies/tyk/gateway/util.go:158.47,160.3 1 0
github.com/TykTechnologies/tyk/gateway/util.go:162.2,162.34 1 0
github.com/TykTechnologies/tyk/gateway/util.go:162.34,164.3 1 0
github.com/TykTechnologies/tyk/gateway/util.go:166.2,166.85 1 0
github.com/TykTechnologies/tyk/gateway/util.go:166.85,168.3 1 0
github.com/TykTechnologies/tyk/gateway/util.go:170.2,170.58 1 0
github.com/TykTechnologies/tyk/gateway/util.go:170.58,172.3 1 0
github.com/TykTechnologies/tyk/gateway/util.go:174.2,174.60 1 0
github.com/TykTechnologies/tyk/gateway/util.go:174.60,176.3 1 0
github.com/TykTechnologies/tyk/gateway/util.go:178.2,178.57 1 0
github.com/TykTechnologies/tyk/gateway/util.go:178.57,180.3 1 0
github.com/TykTechnologies/tyk/gateway/util.go:182.2,182.65 1 0
github.com/TykTechnologies/tyk/gateway/util.go:182.65,184.3 1 0
github.com/TykTechnologies/tyk/gateway/util.go:186.2,186.58 1 0
github.com/TykTechnologies/tyk/gateway/util.go:186.58,188.3 1 0
github.com/TykTechnologies/tyk/gateway/util.go:190.2,190.62 1 0
github.com/TykTechnologies/tyk/gateway/util.go:190.62,192.3 1 0
github.com/TykTechnologies/tyk/gateway/util.go:194.2,194.14 1 0
github.com/TykTechnologies/tyk/gateway/util.go:198.48,199.22 1 0
github.com/TykTechnologies/tyk/gateway/util.go:199.22,201.3 1 0
github.com/TykTechnologies/tyk/gateway/util.go:202.2,202.22 1 0
github.com/TykTechnologies/tyk/gateway/util.go:202.22,203.16 1 0
github.com/TykTechnologies/tyk/gateway/util.go:203.16,205.4 1 0
github.com/TykTechnologies/tyk/gateway/util.go:207.2,207.13 1 0
github.com/TykTechnologies/tyk/gateway/util.go:211.44,213.16 2 0
github.com/TykTechnologies/tyk/gateway/util.go:213.16,215.3 1 0
github.com/TykTechnologies/tyk/gateway/util.go:217.2,217.25 1 0
github.com/TykTechnologies/tyk/gateway/versions_handler.go:17.96,19.2 1 0
github.com/TykTechnologies/tyk/gateway/versions_handler.go:21.77,27.66 5 0
github.com/TykTechnologies/tyk/gateway/versions_handler.go:27.66,28.36 1 0
github.com/TykTechnologies/tyk/gateway/versions_handler.go:28.36,30.4 1 0
github.com/TykTechnologies/tyk/gateway/versions_handler.go:32.3,32.35 1 0
github.com/TykTechnologies/tyk/gateway/versions_handler.go:32.35,34.4 1 0
github.com/TykTechnologies/tyk/gateway/versions_handler.go:36.3,36.23 1 0
github.com/TykTechnologies/tyk/gateway/versions_handler.go:36.23,38.4 1 0
github.com/TykTechnologies/tyk/gateway/versions_handler.go:40.3,40.61 1 0
github.com/TykTechnologies/tyk/gateway/versions_handler.go:43.2,44.16 2 0
github.com/TykTechnologies/tyk/gateway/versions_handler.go:44.16,47.3 2 0
github.com/TykTechnologies/tyk/gateway/versions_handler.go:49.2,51.59 2 0
github.com/TykTechnologies/tyk/gateway/versions_handler.go:51.59,54.17 2 0
github.com/TykTechnologies/tyk/gateway/versions_handler.go:54.17,56.12 2 0
github.com/TykTechnologies/tyk/gateway/versions_handler.go:59.3,59.36 1 0
github.com/TykTechnologies/tyk/gateway/versions_handler.go:59.36,60.12 1 0
github.com/TykTechnologies/tyk/gateway/versions_handler.go:63.3,70.5 1 0
github.com/TykTechnologies/tyk/gateway/versions_handler.go:73.2,73.53 1 0
github.com/TykTechnologies/tyk/gateway/versions_handler.go:73.53,75.3 1 0
github.com/TykTechnologies/tyk/gateway/versions_handler.go:77.2,77.57 1 0
github.com/TykTechnologies/tyk/gateway/versions_handler.go:77.57,86.3 1 0
github.com/TykTechnologies/tyk/gateway/versions_handler.go:88.2,90.45 2 0
