<?xml version="1.0" encoding="UTF-8"?>
<testsuites tests="361" skipped="9">
	<testsuite name="" tests="361" failures="0" errors="0" id="0" hostname="MacBook-Pro.local" skipped="9" time="0.020" timestamp="2026-04-19T22:59:00+03:00">
		<testcase name="TestApplyRateLimits_PolicyLimits/policy_limits_unset" classname="" time="0.000"></testcase>
		<testcase name="TestApplyRateLimits_PolicyLimits/policy_limits_apply_all" classname="" time="0.000"></testcase>
		<testcase name="TestApplyRateLimits_PolicyLimits/policy_limits_apply_per-api" classname="" time="0.000"></testcase>
		<testcase name="TestApplyRateLimits_PolicyLimits/policy_limits_skip" classname="" time="0.000"></testcase>
		<testcase name="TestApplyRateLimits_PolicyLimits" classname="" time="0.000"></testcase>
		<testcase name="TestApplyRateLimits_FromCustomPolicies" classname="" time="0.000"></testcase>
		<testcase name="TestApplyACL_FromCustomPolicies/RateLimit_first" classname="" time="0.000"></testcase>
		<testcase name="TestApplyACL_FromCustomPolicies/ACL_first" classname="" time="0.000"></testcase>
		<testcase name="TestApplyACL_FromCustomPolicies" classname="" time="0.000"></testcase>
		<testcase name="TestApplyEndpointLevelLimits/both_empty" classname="" time="0.000"></testcase>
		<testcase name="TestApplyEndpointLevelLimits/policy_endpoints_empty" classname="" time="0.000"></testcase>
		<testcase name="TestApplyEndpointLevelLimits/curr_endpoints_empty" classname="" time="0.000"></testcase>
		<testcase name="TestApplyEndpointLevelLimits/non_overlapping_endpoints" classname="" time="0.000"></testcase>
		<testcase name="TestApplyEndpointLevelLimits/overlapping_endpoints_with_different_limits_#1" classname="" time="0.000"></testcase>
		<testcase name="TestApplyEndpointLevelLimits/overlapping_endpoints_with_different_limits_#2" classname="" time="0.000"></testcase>
		<testcase name="TestApplyEndpointLevelLimits/overlapping_endpoints_with_same_limits" classname="" time="0.000"></testcase>
		<testcase name="TestApplyEndpointLevelLimits" classname="" time="0.000"></testcase>
		<testcase name="TestService_Apply/Empty" classname="" time="0.000"></testcase>
		<testcase name="TestService_Apply/Single" classname="" time="0.000"></testcase>
		<testcase name="TestService_Apply/Missing" classname="" time="0.000"></testcase>
		<testcase name="TestService_Apply/DiffOrg" classname="" time="0.000"></testcase>
		<testcase name="TestService_Apply/MultiNonPart" classname="" time="0.000"></testcase>
		<testcase name="TestService_Apply/MultiACLPolicy" classname="" time="0.000"></testcase>
		<testcase name="TestService_Apply/QuotaPart_with_unlimited" classname="" time="0.000"></testcase>
		<testcase name="TestService_Apply/QuotaPart" classname="" time="0.000"></testcase>
		<testcase name="TestService_Apply/QuotaParts" classname="" time="0.000"></testcase>
		<testcase name="TestService_Apply/QuotaParts_with_acl" classname="" time="0.000"></testcase>
		<testcase name="TestService_Apply/QuotaPart_with_access_rights" classname="" time="0.000"></testcase>
		<testcase name="TestService_Apply/QuotaPart_with_access_rights_in_multi-policy" classname="" time="0.000"></testcase>
		<testcase name="TestService_Apply/RatePart_with_unlimited" classname="" time="0.000"></testcase>
		<testcase name="TestService_Apply/RatePart" classname="" time="0.000"></testcase>
		<testcase name="TestService_Apply/RateParts" classname="" time="0.000"></testcase>
		<testcase name="TestService_Apply/RateParts_with_acl" classname="" time="0.000"></testcase>
		<testcase name="TestService_Apply/RateParts_with_acl_respected_by_session" classname="" time="0.000"></testcase>
		<testcase name="TestService_Apply/Rate_with_no_partition_respected_by_session" classname="" time="0.000"></testcase>
		<testcase name="TestService_Apply/ComplexityPart_with_unlimited" classname="" time="0.000"></testcase>
		<testcase name="TestService_Apply/ComplexityPart" classname="" time="0.000"></testcase>
		<testcase name="TestService_Apply/ComplexityParts" classname="" time="0.000"></testcase>
		<testcase name="TestService_Apply/AclPart" classname="" time="0.000"></testcase>
		<testcase name="TestService_Apply/AclPart#01" classname="" time="0.000"></testcase>
		<testcase name="TestService_Apply/Acl_for_a_and_rate_for_a,b" classname="" time="0.000"></testcase>
		<testcase name="TestService_Apply/Acl_for_a,b_and_individual_rate_for_a,b" classname="" time="0.000"></testcase>
		<testcase name="TestService_Apply/RightsUpdate" classname="" time="0.000"></testcase>
		<testcase name="TestService_Apply/InactiveMergeOne" classname="" time="0.000"></testcase>
		<testcase name="TestService_Apply/InactiveMergeAll" classname="" time="0.000"></testcase>
		<testcase name="TestService_Apply/InactiveWithSession" classname="" time="0.000"></testcase>
		<testcase name="TestService_Apply/Per_API_is_set_with_other_partitions_to_true" classname="" time="0.000"></testcase>
		<testcase name="TestService_Apply/Per_API_is_set_to_true_with_some_partitions_set_to_true" classname="" time="0.000"></testcase>
		<testcase name="TestService_Apply/Per_API_is_set_to_true_with_no_other_partitions_set_to_true" classname="" time="0.000"></testcase>
		<testcase name="TestService_Apply/several_policies_with_Per_API_set_to_true_specifying_limit_for_the_same_API" classname="" time="0.000"></testcase>
		<testcase name="TestService_Apply/several_policies_with_Per_API_set_to_true_specifying_limit_for_the_same_APIs" classname="" time="0.000"></testcase>
		<testcase name="TestService_Apply/several_policies,_mixed_the_one_which_has_Per_API_set_to_true_and_partitioned_ones" classname="" time="0.000"></testcase>
		<testcase name="TestService_Apply/several_policies,_mixed_the_one_which_has_Per_API_set_to_true_and_partitioned_ones_(different_order)" classname="" time="0.000"></testcase>
		<testcase name="TestService_Apply/Per_API_is_set_to_true_and_some_API_gets_limit_set_from_policy&#39;s_fields" classname="" time="0.000"></testcase>
		<testcase name="TestService_Apply/Per_API_with_limits_override" classname="" time="0.000"></testcase>
		<testcase name="TestService_Apply/Merge_per_path_rules_for_the_same_API" classname="" time="0.000"></testcase>
		<testcase name="TestService_Apply/Merge_restricted_fields_for_the_same_GraphQL_API" classname="" time="0.000"></testcase>
		<testcase name="TestService_Apply/Merge_allowed_fields_for_the_same_GraphQL_API" classname="" time="0.000"></testcase>
		<testcase name="TestService_Apply/If_GQL_introspection_is_disabled,_it_remains_disabled_after_merging" classname="" time="0.000"></testcase>
		<testcase name="TestService_Apply/Merge_field_level_depth_limit_for_the_same_GraphQL_API" classname="" time="0.000"></testcase>
		<testcase name="TestService_Apply/Throttle_interval_from_policy" classname="" time="0.000"></testcase>
		<testcase name="TestService_Apply/Throttle_retry_limit_from_policy" classname="" time="0.000"></testcase>
		<testcase name="TestService_Apply/TagMerge" classname="" time="0.000"></testcase>
		<testcase name="TestService_Apply/NonpartAndPart" classname="" time="0.000"></testcase>
		<testcase name="TestService_Apply/inherit_quota_and_rate_from_partitioned_policies" classname="" time="0.000"></testcase>
		<testcase name="TestService_Apply/inherit_quota_and_rate_from_partitioned_policies_applied_in_different_order" classname="" time="0.000"></testcase>
		<testcase name="TestService_Apply/Per_API_and_per_endpoint_policies" classname="" time="0.000"></testcase>
		<testcase name="TestService_Apply/Per_API_and_per_endpoint_policies,_reversed=true" classname="" time="0.000"></testcase>
		<testcase name="TestService_Apply/Endpoint_level_limits_overlapping" classname="" time="0.000"></testcase>
		<testcase name="TestService_Apply/Endpoint_level_limits_overlapping,_reversed=true" classname="" time="0.000"></testcase>
		<testcase name="TestService_Apply/endpoint_rate_limits_on_acl_partition_only" classname="" time="0.000"></testcase>
		<testcase name="TestService_Apply/endpoint_rate_limits_when_acl_and_quota_partitions_combined" classname="" time="0.000"></testcase>
		<testcase name="TestService_Apply/endpoint_rate_limits_when_acl_and_quota_partitions_combined,_reversed=true" classname="" time="0.000"></testcase>
		<testcase name="TestService_Apply/combine_non_partitioned_policies_with_endpoint_rate_limits_configured_on_api_d" classname="" time="0.000"></testcase>
		<testcase name="TestService_Apply/combine_non_partitioned_policies_with_endpoint_rate_limits_configured_on_api_d,_reversed=true" classname="" time="0.000"></testcase>
		<testcase name="TestService_Apply/combine_non_partitioned_policies_with_endpoint_rate_limits_no_bound_configured_on_api_d" classname="" time="0.000"></testcase>
		<testcase name="TestService_Apply/combine_non_partitioned_policies_with_endpoint_rate_limits_no_bound_configured_on_api_d,_reversed=true" classname="" time="0.000"></testcase>
		<testcase name="TestService_Apply/combine_non_partitioned_policies_with_multiple_endpoint_rate_limits_configured_on_api_d" classname="" time="0.000"></testcase>
		<testcase name="TestService_Apply/combine_non_partitioned_policies_with_multiple_endpoint_rate_limits_configured_on_api_d,_reversed=true" classname="" time="0.000"></testcase>
		<testcase name="TestService_Apply/combine_non_partitioned_policies_with_endpoint_rate_limits_configured_on_api_d_and_e" classname="" time="0.000"></testcase>
		<testcase name="TestService_Apply/combine_non_partitioned_policies_with_endpoint_rate_limits_configured_on_api_d_and_e,_reversed=true" classname="" time="0.000"></testcase>
		<testcase name="TestService_Apply" classname="" time="0.010"></testcase>
		<testcase name="TestMCDCClosure_Apply199_LimitIsEmpty" classname="" time="0.000"></testcase>
		<testcase name="TestMCDCClosure_Apply242_SetByNotEmpty" classname="" time="0.000"></testcase>
		<testcase name="TestMCDCClosure_ApplyPerAPI337_ExistingSessionLimit" classname="" time="0.000"></testcase>
		<testcase name="TestMCDCClosure_ApplyPerAPI341_343_DisableIntrospection" classname="" time="0.000"></testcase>
		<testcase name="TestMCDCClosure_ApplyPerAPI362_EmptyAccessRights" classname="" time="0.000"></testcase>
		<testcase name="TestMCDCClosure_ApplyPartitions397_NewAPIKey" classname="" time="0.000"></testcase>
		<testcase name="TestMCDCClosure_ApplyPartitions428_455_TypeFoundTrue" classname="" time="0.000"></testcase>
		<testcase name="TestMCDCClosure_ApplyPartitions496_QuotaNotGreater" classname="" time="0.000"></testcase>
		<testcase name="TestMCDCClosure_ApplyPartitions501_503_QuotaRenewalRate/higher_renewal_rate_updates_both_ar_and_session" classname="" time="0.000"></testcase>
		<testcase name="TestMCDCClosure_ApplyPartitions501_503_QuotaRenewalRate/lower_renewal_rate_does_not_update_session" classname="" time="0.000"></testcase>
		<testcase name="TestMCDCClosure_ApplyPartitions501_503_QuotaRenewalRate" classname="" time="0.000"></testcase>
		<testcase name="TestMCDCClosure_ApplyPartitions514_EndpointLimits" classname="" time="0.000"></testcase>
		<testcase name="TestMCDCClosure_ApplyPartitions520_527_ThrottleNotGreater" classname="" time="0.000"></testcase>
		<testcase name="TestMCDCClosure_ApplyPartitions538_ComplexityNotGreater" classname="" time="0.000"></testcase>
		<testcase name="TestMCDCClosure_ApplyPartitions545_QuotaRenewsPreserved" classname="" time="0.000"></testcase>
		<testcase name="TestMCDCClosure_ApplyPartitions562_ComplexityPartitionMaster" classname="" time="0.000"></testcase>
		<testcase name="TestMCDCClosure_ApplyPartitions576_HTTPSignatureValidation/policy_enables_HTTP_signature_validation" classname="" time="0.000"></testcase>
		<testcase name="TestMCDCClosure_ApplyPartitions576_HTTPSignatureValidation/session_already_has_HTTP_signature_validation" classname="" time="0.000"></testcase>
		<testcase name="TestMCDCClosure_ApplyPartitions576_HTTPSignatureValidation" classname="" time="0.000"></testcase>
		<testcase name="TestMCDCClosure_UpdateSessionRootVars589_595_601/single_API_updates_session_root_vars" classname="" time="0.000"></testcase>
		<testcase name="TestMCDCClosure_UpdateSessionRootVars589_595_601/multi_API_does_NOT_update_session_root_vars_from_rights" classname="" time="0.000"></testcase>
		<testcase name="TestMCDCClosure_UpdateSessionRootVars589_595_601" classname="" time="0.000"></testcase>
		<testcase name="TestMCDCClosure_Store_EmptyPolicyIDs" classname="" time="0.000"></testcase>
		<testcase name="TestMCDCClosure_StoreMap_Coverage/NewStoreMap_with_nil_creates_empty_map" classname="" time="0.000"></testcase>
		<testcase name="TestMCDCClosure_StoreMap_Coverage/NewStoreMap_with_empty_map" classname="" time="0.000"></testcase>
		<testcase name="TestMCDCClosure_StoreMap_Coverage/NewStoreMap_with_policies_returns_IDs" classname="" time="0.000"></testcase>
		<testcase name="TestMCDCClosure_StoreMap_Coverage/PolicyByID_found_and_not_found" classname="" time="0.000"></testcase>
		<testcase name="TestMCDCClosure_StoreMap_Coverage" classname="" time="0.000"></testcase>
		<testcase name="TestMCDCClosure_Store_PolicyCount/empty_store" classname="" time="0.000"></testcase>
		<testcase name="TestMCDCClosure_Store_PolicyCount/non-empty_store" classname="" time="0.000"></testcase>
		<testcase name="TestMCDCClosure_Store_PolicyCount" classname="" time="0.000"></testcase>
		<testcase name="TestMCDCClosure_RPCDataLoaderMock/Connect_returns_configured_status" classname="" time="0.000"></testcase>
		<testcase name="TestMCDCClosure_RPCDataLoaderMock/GetPolicies_returns_JSON" classname="" time="0.000"></testcase>
		<testcase name="TestMCDCClosure_RPCDataLoaderMock/GetPolicies_empty_returns_empty_array" classname="" time="0.000"></testcase>
		<testcase name="TestMCDCClosure_RPCDataLoaderMock/GetApiDefinitions_returns_JSON" classname="" time="0.000"></testcase>
		<testcase name="TestMCDCClosure_RPCDataLoaderMock" classname="" time="0.000"></testcase>
		<testcase name="TestMCDCClosure_Intersection/MergeAllowedURLs_nil_inputs" classname="" time="0.000"></testcase>
		<testcase name="TestMCDCClosure_Intersection/MergeAllowedURLs_one_nil" classname="" time="0.000"></testcase>
		<testcase name="TestMCDCClosure_Intersection/MergeAllowedURLs_merge" classname="" time="0.000"></testcase>
		<testcase name="TestMCDCClosure_Intersection" classname="" time="0.000"></testcase>
		<testcase name="TestMCDCClosure_ClearSession_Partitioned/quota_partition_clears_only_quota" classname="" time="0.000"></testcase>
		<testcase name="TestMCDCClosure_ClearSession_Partitioned/rate_partition_clears_only_rate" classname="" time="0.000"></testcase>
		<testcase name="TestMCDCClosure_ClearSession_Partitioned/complexity_partition_clears_only_complexity" classname="" time="0.000"></testcase>
		<testcase name="TestMCDCClosure_ClearSession_Partitioned/nil_store_returns_error" classname="" time="0.000"></testcase>
		<testcase name="TestMCDCClosure_ClearSession_Partitioned" classname="" time="0.000"></testcase>
		<testcase name="TestMCDCClosure_Apply_LastUpdated" classname="" time="0.000"></testcase>
		<testcase name="TestMCDCClosure_Apply_NilLoggerClearSessionError" classname="" time="0.000"></testcase>
		<testcase name="TestMCDCClosure_Apply_HMACEnabled" classname="" time="0.000"></testcase>
		<testcase name="TestMCDCClosure_Apply_SinglePolicyMissing" classname="" time="0.000"></testcase>
		<testcase name="TestMCDCClosure_Apply_NilMetaData" classname="" time="0.000"></testcase>
		<testcase name="TestMCDCClosure_MockRPCDataLoader_Coverage" classname="" time="0.000"></testcase>
		<testcase name="TestMCDCClosure_MockRPCDataLoader_Chains" classname="" time="0.000"></testcase>
		<testcase name="TestMCDCClosure_RPCMock_GetApiDefinitions_MultipleTags" classname="" time="0.000"></testcase>
		<testcase name="TestMCDCClosure_RPCMock_GetApiDefinitions_WithApis" classname="" time="0.000"></testcase>
		<testcase name="TestMCDCClosure_Apply242_SetByEmpty" classname="" time="0.000"></testcase>
		<testcase name="TestMCDCClosure_ApplyPartitions397_ExistingRights" classname="" time="0.000"></testcase>
		<testcase name="TestMCDCClosure_ApplyPartitions428_455_TypeFoundBoth" classname="" time="0.000"></testcase>
		<testcase name="TestMCDCClosure_ApplyPartitions503_QuotaRenewalBothPaths" classname="" time="0.000"></testcase>
		<testcase name="TestMCDCClosure_ApplyPartitions514_RightsExist" classname="" time="0.000"></testcase>
		<testcase name="TestMCDCClosure_ApplyPartitions520_527_ThrottleBothPaths" classname="" time="0.000"></testcase>
		<testcase name="TestMCDCClosure_ApplyPartitions545_BothPaths/session_has_non-empty_limit_for_API" classname="" time="0.000"></testcase>
		<testcase name="TestMCDCClosure_ApplyPartitions545_BothPaths/session_has_empty_limit_for_API" classname="" time="0.000"></testcase>
		<testcase name="TestMCDCClosure_ApplyPartitions545_BothPaths/session_does_NOT_have_API_in_access_rights" classname="" time="0.000"></testcase>
		<testcase name="TestMCDCClosure_ApplyPartitions545_BothPaths" classname="" time="0.000"></testcase>
		<testcase name="TestMCDCClosure_UpdateSessionRootVars_InnerConditions/single_API_all_partitions" classname="" time="0.000"></testcase>
		<testcase name="TestMCDCClosure_UpdateSessionRootVars_InnerConditions/two_APIs_-_guard_fails_all_inner_conditions" classname="" time="0.000"></testcase>
		<testcase name="TestMCDCClosure_UpdateSessionRootVars_InnerConditions/mixed_partition_counts" classname="" time="0.000"></testcase>
		<testcase name="TestMCDCClosure_UpdateSessionRootVars_InnerConditions" classname="" time="0.000"></testcase>
		<testcase name="TestMCDCFlip_QuotaRenewalRate503" classname="" time="0.000"></testcase>
		<testcase name="TestMCDCFlip_Throttle520_527" classname="" time="0.000"></testcase>
		<testcase name="TestMCDCFlip_ACL397" classname="" time="0.000"></testcase>
		<testcase name="TestMCDCFlip_RateLimitEndpoints514" classname="" time="0.000"></testcase>
		<testcase name="TestMCDCFlip_UpdateSessionRootVars" classname="" time="0.000"></testcase>
		<testcase name="TestMCDCFlip_AllowanceScope242" classname="" time="0.000"></testcase>
		<testcase name="TestMCDCClosure_Apply_CustomPoliciesWithNilStore" classname="" time="0.000"></testcase>
		<testcase name="TestMCDC_SYS_REQ_040_Row1_NoApply" classname="" time="0.000"></testcase>
		<testcase name="TestMCDC_SYS_REQ_040_Row2_NotAllMissing" classname="" time="0.000"></testcase>
		<testcase name="TestMCDC_SYS_REQ_040_Row3_Violation" classname="" time="0.000"></testcase>
		<testcase name="TestMCDC_SYS_REQ_040_Row4_ErrorReported" classname="" time="0.000"></testcase>
		<testcase name="TestMCDC_SYS_REQ_042_NilStore" classname="" time="0.000"></testcase>
		<testcase name="TestMCDC_SYS_REQ_050_Row1_NoApply" classname="" time="0.000"></testcase>
		<testcase name="TestMCDC_SYS_REQ_050_Row2_Baseline" classname="" time="0.000"></testcase>
		<testcase name="TestMCDC_SYS_REQ_050_Row3_ResultReturned" classname="" time="0.000"></testcase>
		<testcase name="TestMCDC_SYS_REQ_050_Row4_SinglePolicy" classname="" time="0.000"></testcase>
		<testcase name="TestMCDC_SYS_REQ_050_Row5_MultiplePolicies" classname="" time="0.000"></testcase>
		<testcase name="TestMCDC_SYS_REQ_053_Row1_NoApply" classname="" time="0.000"></testcase>
		<testcase name="TestMCDC_SYS_REQ_053_Row2_ActivePolicy" classname="" time="0.000"></testcase>
		<testcase name="TestMCDC_SYS_REQ_053_Row3_Baseline" classname="" time="0.000"></testcase>
		<testcase name="TestMCDC_SYS_REQ_053_Row4_InactiveSet" classname="" time="0.000"></testcase>
		<testcase name="TestMCDC_SYS_REQ_054_Row1_NoAccessRights" classname="" time="0.000"></testcase>
		<testcase name="TestMCDC_SYS_REQ_054_Row2_NoApply" classname="" time="0.000"></testcase>
		<testcase name="TestMCDC_SYS_REQ_054_Row3_SinglePolicy" classname="" time="0.000"></testcase>
		<testcase name="TestMCDC_SYS_REQ_054_Row4_Baseline" classname="" time="0.000"></testcase>
		<testcase name="TestMCDC_SYS_REQ_054_Row5_ResultReturned" classname="" time="0.000"></testcase>
		<testcase name="TestMCDC_SYS_REQ_054_Row6_ErrorReported" classname="" time="0.000"></testcase>
		<testcase name="TestMCDC_SYS_REQ_013_PerAPI_AccessRights" classname="" time="0.000"></testcase>
		<testcase name="TestMCDC_SYS_REQ_014_PerAPI_QuotaApplied" classname="" time="0.000"></testcase>
		<testcase name="TestMCDC_SYS_REQ_015_PerAPI_RateLimitApplied" classname="" time="0.000"></testcase>
		<testcase name="TestMCDC_SYS_REQ_027_IdleState" classname="" time="0.000"></testcase>
		<testcase name="TestMCDC_SYS_REQ_030_Partition_AccessRights" classname="" time="0.000"></testcase>
		<testcase name="TestMCDC_SYS_REQ_030_Row6_PerAPI" classname="" time="0.000"></testcase>
		<testcase name="TestMCDC_SYS_REQ_031_Partition_Complexity" classname="" time="0.000"></testcase>
		<testcase name="TestMCDC_SYS_REQ_031_Row6_PerAPI" classname="" time="0.000"></testcase>
		<testcase name="TestMCDC_SYS_REQ_032_PerAPI_Complexity" classname="" time="0.000"></testcase>
		<testcase name="TestMCDC_SYS_REQ_021_Row2_Baseline" classname="" time="0.000"></testcase>
		<testcase name="TestMCDC_SYS_REQ_021_Row6_PolicyEmpty" classname="" time="0.000"></testcase>
		<testcase name="TestMCDC_SYS_REQ_021_Row7_APIEmpty" classname="" time="0.000"></testcase>
		<testcase name="TestMCDC_SYS_REQ_041_Row3_Baseline" classname="" time="0.000"></testcase>
		<testcase name="TestMCDC_SYS_REQ_041_Row6_PolicyEmpty" classname="" time="0.000"></testcase>
		<testcase name="TestSpec_MetadataMerged" classname="" time="0.000"></testcase>
		<testcase name="TestSpec_ClearSession/clear_resets_values_for_existing_policy" classname="" time="0.000"></testcase>
		<testcase name="TestSpec_ClearSession/clear_errors_for_missing_policy" classname="" time="0.000"></testcase>
		<testcase name="TestSpec_ClearSession" classname="" time="0.000"></testcase>
		<testcase name="TestSpec_MutualExclusivity_ErrorAndAccess/success_means_no_error" classname="" time="0.000"></testcase>
		<testcase name="TestSpec_MutualExclusivity_ErrorAndAccess/error_means_no_access_rights" classname="" time="0.000"></testcase>
		<testcase name="TestSpec_MutualExclusivity_ErrorAndAccess" classname="" time="0.000"></testcase>
		<testcase name="TestProperty_FromFixtures/rate_limit_applied/rate_limit_applied_highest_first_higher" classname="" time="0.000"></testcase>
		<testcase name="TestProperty_FromFixtures/rate_limit_applied/rate_limit_applied_highest_second_higher" classname="" time="0.000"></testcase>
		<testcase name="TestProperty_FromFixtures/rate_limit_applied/rate_limit_applied_highest_equal" classname="" time="0.000"></testcase>
		<testcase name="TestProperty_FromFixtures/rate_limit_applied/rate_limit_applied_highest_zero_values" classname="" time="0.000">
			<skipped message="Skipped"></skipped>
		</testcase>
		<testcase name="TestProperty_FromFixtures/rate_limit_applied/rate_limit_applied_highest_negative" classname="" time="0.000">
			<skipped message="Skipped"></skipped>
		</testcase>
		<testcase name="TestProperty_FromFixtures/rate_limit_applied/rate_limit_applied_highest_single" classname="" time="0.000">
			<skipped message="Skipped"></skipped>
		</testcase>
		<testcase name="TestProperty_FromFixtures/rate_limit_applied/rate_limit_applied_highest_by_duration_first" classname="" time="0.000"></testcase>
		<testcase name="TestProperty_FromFixtures/rate_limit_applied/rate_limit_applied_highest_by_duration_second" classname="" time="0.000"></testcase>
		<testcase name="TestProperty_FromFixtures/rate_limit_applied" classname="" time="0.000"></testcase>
		<testcase name="TestProperty_FromFixtures/quota_applied/quota_applied_highest_first_higher" classname="" time="0.000"></testcase>
		<testcase name="TestProperty_FromFixtures/quota_applied/quota_applied_highest_second_higher" classname="" time="0.000"></testcase>
		<testcase name="TestProperty_FromFixtures/quota_applied/quota_applied_highest_equal" classname="" time="0.000"></testcase>
		<testcase name="TestProperty_FromFixtures/quota_applied/quota_applied_highest_zero_values" classname="" time="0.000"></testcase>
		<testcase name="TestProperty_FromFixtures/quota_applied/quota_applied_highest_negative" classname="" time="0.000"></testcase>
		<testcase name="TestProperty_FromFixtures/quota_applied/quota_applied_highest_single" classname="" time="0.000">
			<skipped message="Skipped"></skipped>
		</testcase>
		<testcase name="TestProperty_FromFixtures/quota_applied/quota_applied_special_unlimited_in_first" classname="" time="0.000"></testcase>
		<testcase name="TestProperty_FromFixtures/quota_applied/quota_applied_special_unlimited_in_second" classname="" time="0.000"></testcase>
		<testcase name="TestProperty_FromFixtures/quota_applied/quota_applied_special_unlimited_in_both" classname="" time="0.000"></testcase>
		<testcase name="TestProperty_FromFixtures/quota_applied/quota_applied_special_unlimited_in_neither" classname="" time="0.000"></testcase>
		<testcase name="TestProperty_FromFixtures/quota_applied" classname="" time="0.000"></testcase>
		<testcase name="TestProperty_FromFixtures/complexity_applied/complexity_applied_highest_first_higher" classname="" time="0.000"></testcase>
		<testcase name="TestProperty_FromFixtures/complexity_applied/complexity_applied_highest_second_higher" classname="" time="0.000"></testcase>
		<testcase name="TestProperty_FromFixtures/complexity_applied/complexity_applied_highest_equal" classname="" time="0.000"></testcase>
		<testcase name="TestProperty_FromFixtures/complexity_applied/complexity_applied_highest_zero_values" classname="" time="0.000"></testcase>
		<testcase name="TestProperty_FromFixtures/complexity_applied/complexity_applied_highest_negative" classname="" time="0.000"></testcase>
		<testcase name="TestProperty_FromFixtures/complexity_applied/complexity_applied_highest_single" classname="" time="0.000">
			<skipped message="Skipped"></skipped>
		</testcase>
		<testcase name="TestProperty_FromFixtures/complexity_applied/complexity_applied_special_unlimited_in_first" classname="" time="0.000"></testcase>
		<testcase name="TestProperty_FromFixtures/complexity_applied/complexity_applied_special_unlimited_in_second" classname="" time="0.000"></testcase>
		<testcase name="TestProperty_FromFixtures/complexity_applied/complexity_applied_special_unlimited_in_both" classname="" time="0.000"></testcase>
		<testcase name="TestProperty_FromFixtures/complexity_applied/complexity_applied_special_unlimited_in_neither" classname="" time="0.000"></testcase>
		<testcase name="TestProperty_FromFixtures/complexity_applied" classname="" time="0.000"></testcase>
		<testcase name="TestProperty_FromFixtures/tags_merged/tags_merged_union_basic" classname="" time="0.000"></testcase>
		<testcase name="TestProperty_FromFixtures/tags_merged/tags_merged_union_empty_first" classname="" time="0.000"></testcase>
		<testcase name="TestProperty_FromFixtures/tags_merged/tags_merged_union_empty_second" classname="" time="0.000"></testcase>
		<testcase name="TestProperty_FromFixtures/tags_merged/tags_merged_union_both_empty" classname="" time="0.000"></testcase>
		<testcase name="TestProperty_FromFixtures/tags_merged/tags_merged_union_identical" classname="" time="0.000"></testcase>
		<testcase name="TestProperty_FromFixtures/tags_merged/tags_merged_union_single_input" classname="" time="0.000"></testcase>
		<testcase name="TestProperty_FromFixtures/tags_merged/tags_merged_union_disjoint" classname="" time="0.000"></testcase>
		<testcase name="TestProperty_FromFixtures/tags_merged/tags_merged_union_dedup" classname="" time="0.000"></testcase>
		<testcase name="TestProperty_FromFixtures/tags_merged/tags_merged_commutative_union" classname="" time="0.000"></testcase>
		<testcase name="TestProperty_FromFixtures/tags_merged" classname="" time="0.000"></testcase>
		<testcase name="TestProperty_FromFixtures" classname="" time="0.010"></testcase>
		<testcase name="TestProperty_Tags_Dedup" classname="" time="0.000"></testcase>
		<testcase name="TestProperty_Tags_Commutativity" classname="" time="0.000"></testcase>
		<testcase name="TestProperty_RateLimit_HighestWins_ByDuration/higher_rate_same_period" classname="" time="0.000"></testcase>
		<testcase name="TestProperty_RateLimit_HighestWins_ByDuration/different_periods_-_shorter_duration_wins" classname="" time="0.000"></testcase>
		<testcase name="TestProperty_RateLimit_HighestWins_ByDuration/lower_rate_is_NOT_applied" classname="" time="0.000"></testcase>
		<testcase name="TestProperty_RateLimit_HighestWins_ByDuration/empty_policy_rate_is_skipped" classname="" time="0.000"></testcase>
		<testcase name="TestProperty_RateLimit_HighestWins_ByDuration" classname="" time="0.000"></testcase>
		<testcase name="TestProperty_Quota_HighestWins/higher_numeric_quota_wins" classname="" time="0.000"></testcase>
		<testcase name="TestProperty_Quota_HighestWins/unlimited_-1_always_wins_over_positive" classname="" time="0.000"></testcase>
		<testcase name="TestProperty_Quota_HighestWins/unlimited_-1_first_also_wins" classname="" time="0.000"></testcase>
		<testcase name="TestProperty_Quota_HighestWins/both_unlimited_stays_unlimited" classname="" time="0.000"></testcase>
		<testcase name="TestProperty_Quota_HighestWins" classname="" time="0.000"></testcase>
		<testcase name="TestProperty_AccessRights_NestedURLUnion" classname="" time="0.000"></testcase>
		<testcase name="TestProperty_AccessRights_VersionUnion" classname="" time="0.000"></testcase>
		<testcase name="TestProperty_Metadata_CombineByKey/disjoint_keys_are_all_present" classname="" time="0.000"></testcase>
		<testcase name="TestProperty_Metadata_CombineByKey/overlapping_keys:_last_policy_wins" classname="" time="0.000"></testcase>
		<testcase name="TestProperty_Metadata_CombineByKey/session_existing_metadata_preserved_when_no_conflict" classname="" time="0.000"></testcase>
		<testcase name="TestProperty_Metadata_CombineByKey" classname="" time="0.000"></testcase>
		<testcase name="TestProperty_Endpoints_CombineHighest/overlapping_endpoint_-_higher_rate_wins" classname="" time="0.000"></testcase>
		<testcase name="TestProperty_Endpoints_CombineHighest/disjoint_endpoints_are_both_present" classname="" time="0.000"></testcase>
		<testcase name="TestProperty_Endpoints_CombineHighest/empty_current_endpoints_returns_policy_endpoints" classname="" time="0.000"></testcase>
		<testcase name="TestProperty_Endpoints_CombineHighest/empty_policy_endpoints_returns_current_endpoints" classname="" time="0.000"></testcase>
		<testcase name="TestProperty_Endpoints_CombineHighest/equal_duration_picks_higher_raw_rate" classname="" time="0.000"></testcase>
		<testcase name="TestProperty_Endpoints_CombineHighest" classname="" time="0.000"></testcase>
		<testcase name="TestProperty_MergeAllowedURLs_Union/methods_are_unioned_per_URL" classname="" time="0.000"></testcase>
		<testcase name="TestProperty_MergeAllowedURLs_Union/disjoint_URLs_produce_union" classname="" time="0.000"></testcase>
		<testcase name="TestProperty_MergeAllowedURLs_Union/empty_+_non-empty_returns_non-empty" classname="" time="0.000"></testcase>
		<testcase name="TestProperty_MergeAllowedURLs_Union/both_empty_returns_nil" classname="" time="0.000"></testcase>
		<testcase name="TestProperty_MergeAllowedURLs_Union/order_preserved" classname="" time="0.000"></testcase>
		<testcase name="TestProperty_MergeAllowedURLs_Union" classname="" time="0.000"></testcase>
		<testcase name="TestProperty_ClearSession_PartitionBehavior/quota_partition_only_clears_quota" classname="" time="0.000"></testcase>
		<testcase name="TestProperty_ClearSession_PartitionBehavior/rate_limit_partition_only_clears_rate" classname="" time="0.000"></testcase>
		<testcase name="TestProperty_ClearSession_PartitionBehavior/complexity_partition_only_clears_depth" classname="" time="0.000"></testcase>
		<testcase name="TestProperty_ClearSession_PartitionBehavior/no_partitions_clears_everything" classname="" time="0.000"></testcase>
		<testcase name="TestProperty_ClearSession_PartitionBehavior" classname="" time="0.000"></testcase>
		<testcase name="TestProperty_MasterPolicy_SessionLevelValues" classname="" time="0.000"></testcase>
		<testcase name="TestProperty_HMACEnabled_StickyTrue" classname="" time="0.000"></testcase>
		<testcase name="TestProperty_LastUpdated_HighestWins" classname="" time="0.000"></testcase>
		<testcase name="TestSpec_Issue1_TagsNotMergedOnError/tags_not_merged_when_single_policy_not_found" classname="" time="0.000"></testcase>
		<testcase name="TestSpec_Issue1_TagsNotMergedOnError/tags_not_merged_when_org_mismatch" classname="" time="0.000"></testcase>
		<testcase name="TestSpec_Issue1_TagsNotMergedOnError" classname="" time="0.000"></testcase>
		<testcase name="TestSpec_Issue1_MetadataNotMergedOnError/metadata_not_merged_when_single_policy_not_found" classname="" time="0.000"></testcase>
		<testcase name="TestSpec_Issue1_MetadataNotMergedOnError/metadata_not_merged_when_org_mismatch" classname="" time="0.000"></testcase>
		<testcase name="TestSpec_Issue1_MetadataNotMergedOnError" classname="" time="0.000"></testcase>
		<testcase name="TestSpec_Issue1_SessionInactiveNotSetOnError" classname="" time="0.000"></testcase>
		<testcase name="TestSpec_Issue2_AllPoliciesMissing" classname="" time="0.000"></testcase>
		<testcase name="TestSpec_Issue3_EqualRateLimits/equal_duration_does_NOT_overwrite" classname="" time="0.000"></testcase>
		<testcase name="TestSpec_Issue3_EqualRateLimits/equal_duration_with_different_rate/per_values" classname="" time="0.000"></testcase>
		<testcase name="TestSpec_Issue3_EqualRateLimits" classname="" time="0.000"></testcase>
		<testcase name="TestSpec_Issue4_NilStore/nil_store_panics_or_errors_on_Apply" classname="" time="0.000"></testcase>
		<testcase name="TestSpec_Issue4_NilStore" classname="" time="0.000"></testcase>
		<testcase name="TestSpec_Issue6_MetadataIterationOrder" classname="" time="0.000"></testcase>
		<testcase name="TestSpec_Issue7_PerformanceBound" classname="" time="0.000"></testcase>
		<testcase name="TestSpec_Issue2_AllPoliciesMissing_MultiplePolicies" classname="" time="0.000"></testcase>
		<testcase name="TestSpec_Issue1_TagsMergedOnPartialError" classname="" time="0.000"></testcase>
		<testcase name="TestSpec_NilStore_ClearSession" classname="" time="0.000"></testcase>
		<testcase name="TestSpec_InactivePolicy_ORAccumulation/one_inactive_policy_makes_session_inactive" classname="" time="0.000"></testcase>
		<testcase name="TestSpec_InactivePolicy_ORAccumulation/all_active_policies_keep_session_active" classname="" time="0.000"></testcase>
		<testcase name="TestSpec_InactivePolicy_ORAccumulation" classname="" time="0.000"></testcase>
		<testcase name="TestSpec_MixedModeAcrossPolicies" classname="" time="0.000"></testcase>
		<testcase name="TestSpec_SentinelValues_UnlimitedAlwaysWins/quota_-1_wins_over_max_int64" classname="" time="0.000"></testcase>
		<testcase name="TestSpec_SentinelValues_UnlimitedAlwaysWins/complexity_-1_wins_over_large_depth" classname="" time="0.000"></testcase>
		<testcase name="TestSpec_SentinelValues_UnlimitedAlwaysWins" classname="" time="0.000"></testcase>
		<testcase name="TestSpec_EmptyPolicyList_PreservesSession" classname="" time="0.000"></testcase>
		<testcase name="TestSpec_SinglePolicyProvided_Applied" classname="" time="0.000"></testcase>
		<testcase name="TestSpec_MultiplePolicies_Provided" classname="" time="0.000"></testcase>
		<testcase name="TestSpec_SomePoliciesMissing_NoError" classname="" time="0.000"></testcase>
		<testcase name="TestSpec_ValidStore_NoError" classname="" time="0.000"></testcase>
		<testcase name="TestSpec_InactivePolicy_NotSet_WhenError" classname="" time="0.000"></testcase>
		<testcase name="TestSpec_MultiplePolicies_NoMixedMode_Success" classname="" time="0.000"></testcase>
		<testcase name="TestSpec_SinglePolicy_NoMixedModeCheck" classname="" time="0.000"></testcase>
		<testcase name="TestAssumption_ApplyWithPolicies" classname="" time="0.000"></testcase>
		<testcase name="TestAssumption_MutuallyExclusiveModes" classname="" time="0.000"></testcase>
		<testcase name="TestAssumption_ClearThenApply_Sequential" classname="" time="0.000"></testcase>
		<testcase name="TestAssumption_PolicyExistsAndHasRights" classname="" time="0.000"></testcase>
		<testcase name="TestAssumption_ZeroRateNeverHigher" classname="" time="0.000"></testcase>
		<testcase name="TestAssumption_MultiplePoliciesImpliesProvided" classname="" time="0.000"></testcase>
		<testcase name="TestAssumption_APILimitEmptiness_DuringApply" classname="" time="0.000"></testcase>
		<testcase name="TestAssumption_AllMissingRequiresMultiple" classname="" time="0.000"></testcase>
		<testcase name="TestAssumption_NilStoreNoPolicyFound" classname="" time="0.000"></testcase>
		<testcase name="TestMergeAllowedURLs" classname="" time="0.000"></testcase>
		<testcase name="TestZ3_AllProperties/rate_limit_applied/rate_limit_applied_z3_highest_a_gt_b" classname="" time="0.000">
			<skipped message="Skipped"></skipped>
		</testcase>
		<testcase name="TestZ3_AllProperties/rate_limit_applied/rate_limit_applied_z3_highest_a_lt_b" classname="" time="0.000">
			<skipped message="Skipped"></skipped>
		</testcase>
		<testcase name="TestZ3_AllProperties/rate_limit_applied/rate_limit_applied_z3_highest_equal" classname="" time="0.000"></testcase>
		<testcase name="TestZ3_AllProperties/rate_limit_applied/rate_limit_applied_z3_highest_zero_boundary" classname="" time="0.000">
			<skipped message="Skipped"></skipped>
		</testcase>
		<testcase name="TestZ3_AllProperties/rate_limit_applied/rate_limit_applied_z3_highest_negative_boundary" classname="" time="0.000">
			<skipped message="Skipped"></skipped>
		</testcase>
		<testcase name="TestZ3_AllProperties/rate_limit_applied/rate_limit_applied_z3_highest_large_values" classname="" time="0.000"></testcase>
		<testcase name="TestZ3_AllProperties/rate_limit_applied" classname="" time="0.000"></testcase>
		<testcase name="TestZ3_AllProperties/quota_applied/quota_applied_z3_highest_a_gt_b" classname="" time="0.000"></testcase>
		<testcase name="TestZ3_AllProperties/quota_applied/quota_applied_z3_highest_a_lt_b" classname="" time="0.000"></testcase>
		<testcase name="TestZ3_AllProperties/quota_applied/quota_applied_z3_highest_equal" classname="" time="0.000"></testcase>
		<testcase name="TestZ3_AllProperties/quota_applied/quota_applied_z3_highest_zero_boundary" classname="" time="0.000"></testcase>
		<testcase name="TestZ3_AllProperties/quota_applied/quota_applied_z3_highest_negative_boundary" classname="" time="0.000"></testcase>
		<testcase name="TestZ3_AllProperties/quota_applied/quota_applied_z3_highest_large_values" classname="" time="0.000"></testcase>
		<testcase name="TestZ3_AllProperties/quota_applied/quota_applied_z3_special_-1_in_first" classname="" time="0.000"></testcase>
		<testcase name="TestZ3_AllProperties/quota_applied/quota_applied_z3_special_-1_in_second" classname="" time="0.000"></testcase>
		<testcase name="TestZ3_AllProperties/quota_applied/quota_applied_z3_special_-1_in_both" classname="" time="0.000"></testcase>
		<testcase name="TestZ3_AllProperties/quota_applied/quota_applied_z3_special_-1_in_neither" classname="" time="0.000"></testcase>
		<testcase name="TestZ3_AllProperties/quota_applied" classname="" time="0.000"></testcase>
		<testcase name="TestZ3_AllProperties/complexity_applied/complexity_applied_z3_highest_a_gt_b" classname="" time="0.000"></testcase>
		<testcase name="TestZ3_AllProperties/complexity_applied/complexity_applied_z3_highest_a_lt_b" classname="" time="0.000"></testcase>
		<testcase name="TestZ3_AllProperties/complexity_applied/complexity_applied_z3_highest_equal" classname="" time="0.000"></testcase>
		<testcase name="TestZ3_AllProperties/complexity_applied/complexity_applied_z3_highest_zero_boundary" classname="" time="0.000"></testcase>
		<testcase name="TestZ3_AllProperties/complexity_applied/complexity_applied_z3_highest_negative_boundary" classname="" time="0.000"></testcase>
		<testcase name="TestZ3_AllProperties/complexity_applied/complexity_applied_z3_highest_large_values" classname="" time="0.000"></testcase>
		<testcase name="TestZ3_AllProperties/complexity_applied/complexity_applied_z3_special_-1_in_first" classname="" time="0.000"></testcase>
		<testcase name="TestZ3_AllProperties/complexity_applied/complexity_applied_z3_special_-1_in_second" classname="" time="0.000"></testcase>
		<testcase name="TestZ3_AllProperties/complexity_applied/complexity_applied_z3_special_-1_in_both" classname="" time="0.000"></testcase>
		<testcase name="TestZ3_AllProperties/complexity_applied/complexity_applied_z3_special_-1_in_neither" classname="" time="0.000"></testcase>
		<testcase name="TestZ3_AllProperties/complexity_applied" classname="" time="0.000"></testcase>
		<testcase name="TestZ3_AllProperties/tags_merged/tags_merged_z3_union_overlapping" classname="" time="0.000"></testcase>
		<testcase name="TestZ3_AllProperties/tags_merged/tags_merged_z3_union_disjoint" classname="" time="0.000"></testcase>
		<testcase name="TestZ3_AllProperties/tags_merged/tags_merged_z3_union_identical" classname="" time="0.000"></testcase>
		<testcase name="TestZ3_AllProperties/tags_merged" classname="" time="0.000"></testcase>
		<testcase name="TestZ3_AllProperties/metadata_merged/metadata_merged_z3_combine_overlapping_keys" classname="" time="0.000"></testcase>
		<testcase name="TestZ3_AllProperties/metadata_merged/metadata_merged_z3_combine_disjoint_keys" classname="" time="0.000"></testcase>
		<testcase name="TestZ3_AllProperties/metadata_merged" classname="" time="0.000"></testcase>
		<testcase name="TestZ3_AllProperties" classname="" time="0.000"></testcase>
		<testcase name="TestZ3_QuotaBoundary_ZeroVsNegative" classname="" time="0.000"></testcase>
		<testcase name="TestZ3_ComplexityBoundary_ZeroVsNegative" classname="" time="0.000"></testcase>
		<testcase name="TestZ3_QuotaBoundary_NegativeVsNegative" classname="" time="0.000"></testcase>
		<system-out><![CDATA[{"Time":"2026-04-19T22:58:59.391776+03:00","Action":"start","Package":"github.com/TykTechnologies/tyk/internal/policy"}
{"Time":"2026-04-19T22:58:59.666181+03:00","Action":"run","Package":"github.com/TykTechnologies/tyk/internal/policy","Test":"TestApplyRateLimits_PolicyLimits"}
{"Time":"2026-04-19T22:58:59.666257+03:00","Action":"output","Package":"github.com/TykTechnologies/tyk/internal/policy","Test":"TestApplyRateLimits_PolicyLimits","Output":"=== RUN   TestApplyRateLimits_PolicyLimits\n"}
{"Time":"2026-04-19T22:58:59.666296+03:00","Action":"run","Package":"github.com/TykTechnologies/tyk/internal/policy","Test":"TestApplyRateLimits_PolicyLimits/policy_limits_unset"}
{"Time":"2026-04-19T22:58:59.666302+03:00","Action":"output","Package":"github.com/TykTechnologies/tyk/internal/policy","Test":"TestApplyRateLimits_PolicyLimits/policy_limits_unset","Output":"=== RUN   TestApplyRateLimits_PolicyLimits/policy_limits_unset\n"}
{"Time":"2026-04-19T22:58:59.666336+03:00","Action":"output","Package":"github.com/TykTechnologies/tyk/internal/policy","Test":"TestApplyRateLimits_PolicyLimits/policy_limits_unset","Output":"
{"Time":"2026-04-19T22:58:59.666346+03:00","Action":"pass","Package":"github.com/TykTechnologies/tyk/internal/policy","Test":"TestApplyRateLimits_PolicyLimits/policy_limits_unset","Elapsed":0}
{"Time":"2026-04-19T22:58:59.666352+03:00","Action":"run","Package":"github.com/TykTechnologies/tyk/internal/policy","Test":"TestApplyRateLimits_PolicyLimits/policy_limits_apply_all"}
{"Time":"2026-04-19T22:58:59.666353+03:00","Action":"output","Package":"github.com/TykTechnologies/tyk/internal/policy","Test":"TestApplyRateLimits_PolicyLimits/policy_limits_apply_all","Output":"=== RUN   TestApplyRateLimits_PolicyLimits/policy_limits_apply_all\n"}
{"Time":"2026-04-19T22:58:59.666389+03:00","Action":"output","Package":"github.com/TykTechnologies/tyk/internal/policy","Test":"TestApplyRateLimits_PolicyLimits/policy_limits_apply_all","Output":"
{"Time":"2026-04-19T22:58:59.666393+03:00","Action":"pass","Package":"github.com/TykTechnologies/tyk/internal/policy","Test":"TestApplyRateLimits_PolicyLimits/policy_limits_apply_all","Elapsed":0}
{"Time":"2026-04-19T22:58:59.666415+03:00","Action":"run","Package":"github.com/TykTechnologies/tyk/internal/policy","Test":"TestApplyRateLimits_PolicyLimits/policy_limits_apply_per-api"}
{"Time":"2026-04-19T22:58:59.666416+03:00","Action":"output","Package":"github.com/TykTechnologies/tyk/internal/policy","Test":"TestApplyRateLimits_PolicyLimits/policy_limits_apply_per-api","Output":"=== RUN   TestApplyRateLimits_PolicyLimits/policy_limits_apply_per-api\n"}
{"Time":"2026-04-19T22:58:59.666446+03:00","Action":"output","Package":"github.com/TykTechnologies/tyk/internal/policy","Test":"TestApplyRateLimits_PolicyLimits/policy_limits_apply_per-api","Output":"
{"Time":"2026-04-19T22:58:59.666451+03:00","Action":"pass","Package":"github.com/TykTechnologies/tyk/internal/policy","Test":"TestApplyRateLimits_PolicyLimits/policy_limits_apply_per-api","Elapsed":0}
{"Time":"2026-04-19T22:58:59.666462+03:00","Action":"run","Package":"github.com/TykTechnologies/tyk/internal/policy","Test":"TestApplyRateLimits_PolicyLimits/policy_limits_skip"}
{"Time":"2026-04-19T22:58:59.666463+03:00","Action":"output","Package":"github.com/TykTechnologies/tyk/internal/policy","Test":"TestApplyRateLimits_PolicyLimits/policy_limits_skip","Output":"=== RUN   TestApplyRateLimits_PolicyLimits/policy_limits_skip\n"}
{"Time":"2026-04-19T22:58:59.666491+03:00","Action":"output","Package":"github.com/TykTechnologies/tyk/internal/policy","Test":"TestApplyRateLimits_PolicyLimits/policy_limits_skip","Output":"
{"Time":"2026-04-19T22:58:59.666503+03:00","Action":"pass","Package":"github.com/TykTechnologies/tyk/internal/policy","Test":"TestApplyRateLimits_PolicyLimits/policy_limits_skip","Elapsed":0}
{"Time":"2026-04-19T22:58:59.666576+03:00","Action":"output","Package":"github.com/TykTechnologies/tyk/internal/policy","Test":"TestApplyRateLimits_PolicyLimits","Output":"
{"Time":"2026-04-19T22:58:59.666581+03:00","Action":"pass","Package":"github.com/TykTechnologies/tyk/internal/policy","Test":"TestApplyRateLimits_PolicyLimits","Elapsed":0}
{"Time":"2026-04-19T22:58:59.666588+03:00","Action":"run","Package":"github.com/TykTechnologies/tyk/internal/policy","Test":"TestApplyRateLimits_FromCustomPolicies"}
{"Time":"2026-04-19T22:58:59.666589+03:00","Action":"output","Package":"github.com/TykTechnologies/tyk/internal/policy","Test":"TestApplyRateLimits_FromCustomPolicies","Output":"=== RUN   TestApplyRateLimits_FromCustomPolicies\n"}
{"Time":"2026-04-19T22:58:59.66752+03:00","Action":"output","Package":"github.com/TykTechnologies/tyk/internal/policy","Test":"TestApplyRateLimits_FromCustomPolicies","Output":"
{"Time":"2026-04-19T22:58:59.667524+03:00","Action":"pass","Package":"github.com/TykTechnologies/tyk/internal/policy","Test":"TestApplyRateLimits_FromCustomPolicies","Elapsed":0}
{"Time":"2026-04-19T22:58:59.667534+03:00","Action":"run","Package":"github.com/TykTechnologies/tyk/internal/policy","Test":"TestApplyACL_FromCustomPolicies"}
{"Time":"2026-04-19T22:58:59.667535+03:00","Action":"output","Package":"github.com/TykTechnologies/tyk/internal/policy","Test":"TestApplyACL_FromCustomPolicies","Output":"=== RUN   TestApplyACL_FromCustomPolicies\n"}
{"Time":"2026-04-19T22:58:59.667562+03:00","Action":"run","Package":"github.com/TykTechnologies/tyk/internal/policy","Test":"TestApplyACL_FromCustomPolicies/RateLimit_first"}
{"Time":"2026-04-19T22:58:59.667564+03:00","Action":"output","Package":"github.com/TykTechnologies/tyk/internal/policy","Test":"TestApplyACL_FromCustomPolicies/RateLimit_first","Output":"=== RUN   TestApplyACL_FromCustomPolicies/RateLimit_first\n"}
{"Time":"2026-04-19T22:58:59.667952+03:00","Action":"output","Package":"github.com/TykTechnologies/tyk/internal/policy","Test":"TestApplyACL_FromCustomPolicies/RateLimit_first","Output":"
{"Time":"2026-04-19T22:58:59.667955+03:00","Action":"pass","Package":"github.com/TykTechnologies/tyk/internal/policy","Test":"TestApplyACL_FromCustomPolicies/RateLimit_first","Elapsed":0}
{"Time":"2026-04-19T22:58:59.667969+03:00","Action":"run","Package":"github.com/TykTechnologies/tyk/internal/policy","Test":"TestApplyACL_FromCustomPolicies/ACL_first"}
{"Time":"2026-04-19T22:58:59.66797+03:00","Action":"output","Package":"github.com/TykTechnologies/tyk/internal/policy","Test":"TestApplyACL_FromCustomPolicies/ACL_first","Output":"=== RUN   TestApplyACL_FromCustomPolicies/ACL_first\n"}
{"Time":"2026-04-19T22:58:59.668325+03:00","Action":"output","Package":"github.com/TykTechnologies/tyk/internal/policy","Test":"TestApplyACL_FromCustomPolicies/ACL_first","Output":"
{"Time":"2026-04-19T22:58:59.668329+03:00","Action":"pass","Package":"github.com/TykTechnologies/tyk/internal/policy","Test":"TestApplyACL_FromCustomPolicies/ACL_first","Elapsed":0}
{"Time":"2026-04-19T22:58:59.668346+03:00","Action":"output","Package":"github.com/TykTechnologies/tyk/internal/policy","Test":"TestApplyACL_FromCustomPolicies","Output":"
{"Time":"2026-04-19T22:58:59.66835+03:00","Action":"pass","Package":"github.com/TykTechnologies/tyk/internal/policy","Test":"TestApplyACL_FromCustomPolicies","Elapsed":0}
{"Time":"2026-04-19T22:58:59.668363+03:00","Action":"run","Package":"github.com/TykTechnologies/tyk/internal/policy","Test":"TestApplyEndpointLevelLimits"}
{"Time":"2026-04-19T22:58:59.668364+03:00","Action":"output","Package":"github.com/TykTechnologies/tyk/internal/policy","Test":"TestApplyEndpointLevelLimits","Output":"=== RUN   TestApplyEndpointLevelLimits\n"}
{"Time":"2026-04-19T22:58:59.66889+03:00","Action":"run","Package":"github.com/TykTechnologies/tyk/internal/policy","Test":"TestApplyEndpointLevelLimits/both_empty"}
{"Time":"2026-04-19T22:58:59.668892+03:00","Action":"output","Package":"github.com/TykTechnologies/tyk/internal/policy","Test":"TestApplyEndpointLevelLimits/both_empty","Output":"=== RUN   TestApplyEndpointLevelLimits/both_empty\n"}
{"Time":"2026-04-19T22:58:59.668926+03:00","Action":"output","Package":"github.com/TykTechnologies/tyk/internal/policy","Test":"TestApplyEndpointLevelLimits/both_empty","Output":"
{"Time":"2026-04-19T22:58:59.668932+03:00","Action":"pass","Package":"github.com/TykTechnologies/tyk/internal/policy","Test":"TestApplyEndpointLevelLimits/both_empty","Elapsed":0}
{"Time":"2026-04-19T22:58:59.668937+03:00","Action":"run","Package":"github.com/TykTechnologies/tyk/internal/policy","Test":"TestApplyEndpointLevelLimits/policy_endpoints_empty"}
{"Time":"2026-04-19T22:58:59.668938+03:00","Action":"output","Package":"github.com/TykTechnologies/tyk/internal/policy","Test":"TestApplyEndpointLevelLimits/policy_endpoints_empty","Output":"=== RUN   TestApplyEndpointLevelLimits/policy_endpoints_empty\n"}
{"Time":"2026-04-19T22:58:59.668993+03:00","Action":"output","Package":"github.com/TykTechnologies/tyk/internal/policy","Test":"TestApplyEndpointLevelLimits/policy_endpoints_empty","Output":"
{"Time":"2026-04-19T22:58:59.668996+03:00","Action":"pass","Package":"github.com/TykTechnologies/tyk/internal/policy","Test":"TestApplyEndpointLevelLimits/policy_endpoints_empty","Elapsed":0}
{"Time":"2026-04-19T22:58:59.669007+03:00","Action":"run","Package":"github.com/TykTechnologies/tyk/internal/policy","Test":"TestApplyEndpointLevelLimits/curr_endpoints_empty"}
{"Time":"2026-04-19T22:58:59.669011+03:00","Action":"output","Package":"github.com/TykTechnologies/tyk/internal/policy","Test":"TestApplyEndpointLevelLimits/curr_endpoints_empty","Output":"=== RUN   TestApplyEndpointLevelLimits/curr_endpoints_empty\n"}
{"Time":"2026-04-19T22:58:59.669042+03:00","Action":"output","Package":"github.com/TykTechnologies/tyk/internal/policy","Test":"TestApplyEndpointLevelLimits/curr_endpoints_empty","Output":"
{"Time":"2026-04-19T22:58:59.669045+03:00","Action":"pass","Package":"github.com/TykTechnologies/tyk/internal/policy","Test":"TestApplyEndpointLevelLimits/curr_endpoints_empty","Elapsed":0}
{"Time":"2026-04-19T22:58:59.669059+03:00","Action":"run","Package":"github.com/TykTechnologies/tyk/internal/policy","Test":"TestApplyEndpointLevelLimits/non_overlapping_endpoints"}
{"Time":"2026-04-19T22:58:59.66906+03:00","Action":"output","Package":"github.com/TykTechnologies/tyk/internal/policy","Test":"TestApplyEndpointLevelLimits/non_overlapping_endpoints","Output":"=== RUN   TestApplyEndpointLevelLimits/non_overlapping_endpoints\n"}
{"Time":"2026-04-19T22:58:59.669099+03:00","Action":"output","Package":"github.com/TykTechnologies/tyk/internal/policy","Test":"TestApplyEndpointLevelLimits/non_overlapping_endpoints","Output":"
{"Time":"2026-04-19T22:58:59.669109+03:00","Action":"pass","Package":"github.com/TykTechnologies/tyk/internal/policy","Test":"TestApplyEndpointLevelLimits/non_overlapping_endpoints","Elapsed":0}
{"Time":"2026-04-19T22:58:59.669119+03:00","Action":"run","Package":"github.com/TykTechnologies/tyk/internal/policy","Test":"TestApplyEndpointLevelLimits/overlapping_endpoints_with_different_limits_#1"}
{"Time":"2026-04-19T22:58:59.66912+03:00","Action":"output","Package":"github.com/TykTechnologies/tyk/internal/policy","Test":"TestApplyEndpointLevelLimits/overlapping_endpoints_with_different_limits_#1","Output":"=== RUN   TestApplyEndpointLevelLimits/overlapping_endpoints_with_different_limits_#1\n"}
{"Time":"2026-04-19T22:58:59.669157+03:00","Action":"output","Package":"github.com/TykTechnologies/tyk/internal/policy","Test":"TestApplyEndpointLevelLimits/overlapping_endpoints_with_different_limits_#1","Output":"
{"Time":"2026-04-19T22:58:59.669161+03:00","Action":"pass","Package":"github.com/TykTechnologies/tyk/internal/policy","Test":"TestApplyEndpointLevelLimits/overlapping_endpoints_with_different_limits_#1","Elapsed":0}
{"Time":"2026-04-19T22:58:59.669174+03:00","Action":"run","Package":"github.com/TykTechnologies/tyk/internal/policy","Test":"TestApplyEndpointLevelLimits/overlapping_endpoints_with_different_limits_#2"}
{"Time":"2026-04-19T22:58:59.669175+03:00","Action":"output","Package":"github.com/TykTechnologies/tyk/internal/policy","Test":"TestApplyEndpointLevelLimits/overlapping_endpoints_with_different_limits_#2","Output":"=== RUN   TestApplyEndpointLevelLimits/overlapping_endpoints_with_different_limits_#2\n"}
{"Time":"2026-04-19T22:58:59.669212+03:00","Action":"output","Package":"github.com/TykTechnologies/tyk/internal/policy","Test":"TestApplyEndpointLevelLimits/overlapping_endpoints_with_different_limits_#2","Output":"
{"Time":"2026-04-19T22:58:59.669215+03:00","Action":"pass","Package":"github.com/TykTechnologies/tyk/internal/policy","Test":"TestApplyEndpointLevelLimits/overlapping_endpoints_with_different_limits_#2","Elapsed":0}
{"Time":"2026-04-19T22:58:59.669224+03:00","Action":"run","Package":"github.com/TykTechnologies/tyk/internal/policy","Test":"TestApplyEndpointLevelLimits/overlapping_endpoints_with_same_limits"}
{"Time":"2026-04-19T22:58:59.669225+03:00","Action":"output","Package":"github.com/TykTechnologies/tyk/internal/policy","Test":"TestApplyEndpointLevelLimits/overlapping_endpoints_with_same_limits","Output":"=== RUN   TestApplyEndpointLevelLimits/overlapping_endpoints_with_same_limits\n"}
{"Time":"2026-04-19T22:58:59.669263+03:00","Action":"output","Package":"github.com/TykTechnologies/tyk/internal/policy","Test":"TestApplyEndpointLevelLimits/overlapping_endpoints_with_same_limits","Output":"
{"Time":"2026-04-19T22:58:59.669266+03:00","Action":"pass","Package":"github.com/TykTechnologies/tyk/internal/policy","Test":"TestApplyEndpointLevelLimits/overlapping_endpoints_with_same_limits","Elapsed":0}
{"Time":"2026-04-19T22:58:59.669281+03:00","Action":"output","Package":"github.com/TykTechnologies/tyk/internal/policy","Test":"TestApplyEndpointLevelLimits","Output":"
{"Time":"2026-04-19T22:58:59.669289+03:00","Action":"pass","Package":"github.com/TykTechnologies/tyk/internal/policy","Test":"TestApplyEndpointLevelLimits","Elapsed":0}
{"Time":"2026-04-19T22:58:59.669301+03:00","Action":"run","Package":"github.com/TykTechnologies/tyk/internal/policy","Test":"TestService_Apply"}
{"Time":"2026-04-19T22:58:59.669302+03:00","Action":"output","Package":"github.com/TykTechnologies/tyk/internal/policy","Test":"TestService_Apply","Output":"=== RUN   TestService_Apply\n"}
{"Time":"2026-04-19T22:58:59.673927+03:00","Action":"run","Package":"github.com/TykTechnologies/tyk/internal/policy","Test":"TestService_Apply/Empty"}
{"Time":"2026-04-19T22:58:59.67393+03:00","Action":"output","Package":"github.com/TykTechnologies/tyk/internal/policy","Test":"TestService_Apply/Empty","Output":"=== RUN   TestService_Apply/Empty\n"}
{"Time":"2026-04-19T22:58:59.673957+03:00","Action":"output","Package":"github.com/TykTechnologies/tyk/internal/policy","Test":"TestService_Apply/Empty","Output":"
{"Time":"2026-04-19T22:58:59.673967+03:00","Action":"pass","Package":"github.com/TykTechnologies/tyk/internal/policy","Test":"TestService_Apply/Empty","Elapsed":0}
{"Time":"2026-04-19T22:58:59.673988+03:00","Action":"run","Package":"github.com/TykTechnologies/tyk/internal/policy","Test":"TestService_Apply/Single"}
{"Time":"2026-04-19T22:58:59.67399+03:00","Action":"output","Package":"github.com/TykTechnologies/tyk/internal/policy","Test":"TestService_Apply/Single","Output":"=== RUN   TestService_Apply/Single\n"}
{"Time":"2026-04-19T22:58:59.674069+03:00","Action":"output","Package":"github.com/TykTechnologies/tyk/internal/policy","Test":"TestService_Apply/Single","Output":"
{"Time":"2026-04-19T22:58:59.674073+03:00","Action":"pass","Package":"github.com/TykTechnologies/tyk/internal/policy","Test":"TestService_Apply/Single","Elapsed":0}
{"Time":"2026-04-19T22:58:59.674085+03:00","Action":"run","Package":"github.com/TykTechnologies/tyk/internal/policy","Test":"TestService_Apply/Missing"}
{"Time":"2026-04-19T22:58:59.674086+03:00","Action":"output","Package":"github.com/TykTechnologies/tyk/internal/policy","Test":"TestService_Apply/Missing","Output":"=== RUN   TestService_Apply/Missing\n"}
{"Time":"2026-04-19T22:58:59.674362+03:00","Action":"output","Package":"github.com/TykTechnologies/tyk/internal/policy","Test":"TestService_Apply/Missing","Output":"time=\"2026-04-19T22:58:59+03:00\" level=warning msg=\"error clearing session\" error=\"policy not found: nonexistent\"\n"}
{"Time":"2026-04-19T22:58:59.674387+03:00","Action":"output","Package":"github.com/TykTechnologies/tyk/internal/policy","Test":"TestService_Apply/Missing","Output":"time=\"2026-04-19T22:58:59+03:00\" level=error msg=\"policy not found: \\\"nonexistent\\\"\"\n"}
{"Time":"2026-04-19T22:58:59.674408+03:00","Action":"output","Package":"github.com/TykTechnologies/tyk/internal/policy","Test":"TestService_Apply/Missing","Output":"
{"Time":"2026-04-19T22:58:59.674424+03:00","Action":"pass","Package":"github.com/TykTechnologies/tyk/internal/policy","Test":"TestService_Apply/Missing","Elapsed":0}
{"Time":"2026-04-19T22:58:59.674427+03:00","Action":"run","Package":"github.com/TykTechnologies/tyk/internal/policy","Test":"TestService_Apply/DiffOrg"}
{"Time":"2026-04-19T22:58:59.674428+03:00","Action":"output","Package":"github.com/TykTechnologies/tyk/internal/policy","Test":"TestService_Apply/DiffOrg","Output":"=== RUN   TestService_Apply/DiffOrg\n"}
{"Time":"2026-04-19T22:58:59.674476+03:00","Action":"output","Package":"github.com/TykTechnologies/tyk/internal/policy","Test":"TestService_Apply/DiffOrg","Output":"time=\"2026-04-19T22:58:59+03:00\" level=error msg=\"attempting to apply policy from different organisation to key, skipping\"\n"}
{"Time":"2026-04-19T22:58:59.674497+03:00","Action":"output","Package":"github.com/TykTechnologies/tyk/internal/policy","Test":"TestService_Apply/DiffOrg","Output":"
{"Time":"2026-04-19T22:58:59.6745+03:00","Action":"pass","Package":"github.com/TykTechnologies/tyk/internal/policy","Test":"TestService_Apply/DiffOrg","Elapsed":0}
{"Time":"2026-04-19T22:58:59.674511+03:00","Action":"run","Package":"github.com/TykTechnologies/tyk/internal/policy","Test":"TestService_Apply/MultiNonPart"}
{"Time":"2026-04-19T22:58:59.674513+03:00","Action":"output","Package":"github.com/TykTechnologies/tyk/internal/policy","Test":"TestService_Apply/MultiNonPart","Output":"=== RUN   TestService_Apply/MultiNonPart\n"}
{"Time":"2026-04-19T22:58:59.674565+03:00","Action":"output","Package":"github.com/TykTechnologies/tyk/internal/policy","Test":"TestService_Apply/MultiNonPart","Output":"time=\"2026-04-19T22:58:59+03:00\" level=warning msg=\"error clearing session\" error=\"policy not found: nonexistent\"\n"}
{"Time":"2026-04-19T22:58:59.674613+03:00","Action":"output","Package":"github.com/TykTechnologies/tyk/internal/policy","Test":"TestService_Apply/MultiNonPart","Output":"time=\"2026-04-19T22:58:59+03:00\" level=error msg=\"policy not found: \\\"nonexistent\\\"\"\n"}
{"Time":"2026-04-19T22:58:59.674687+03:00","Action":"output","Package":"github.com/TykTechnologies/tyk/internal/policy","Test":"TestService_Apply/MultiNonPart","Output":"
{"Time":"2026-04-19T22:58:59.67469+03:00","Action":"pass","Package":"github.com/TykTechnologies/tyk/internal/policy","Test":"TestService_Apply/MultiNonPart","Elapsed":0}
{"Time":"2026-04-19T22:58:59.674707+03:00","Action":"run","Package":"github.com/TykTechnologies/tyk/internal/policy","Test":"TestService_Apply/MultiACLPolicy"}
{"Time":"2026-04-19T22:58:59.674708+03:00","Action":"output","Package":"github.com/TykTechnologies/tyk/internal/policy","Test":"TestService_Apply/MultiACLPolicy","Output":"=== RUN   TestService_Apply/MultiACLPolicy\n"}
{"Time":"2026-04-19T22:58:59.674789+03:00","Action":"output","Package":"github.com/TykTechnologies/tyk/internal/policy","Test":"TestService_Apply/MultiACLPolicy","Output":"
{"Time":"2026-04-19T22:58:59.674804+03:00","Action":"pass","Package":"github.com/TykTechnologies/tyk/internal/policy","Test":"TestService_Apply/MultiACLPolicy","Elapsed":0}
{"Time":"2026-04-19T22:58:59.67482+03:00","Action":"run","Package":"github.com/TykTechnologies/tyk/internal/policy","Test":"TestService_Apply/QuotaPart_with_unlimited"}
{"Time":"2026-04-19T22:58:59.674825+03:00","Action":"output","Package":"github.com/TykTechnologies/tyk/internal/policy","Test":"TestService_Apply/QuotaPart_with_unlimited","Output":"=== RUN   TestService_Apply/QuotaPart_with_unlimited\n"}
{"Time":"2026-04-19T22:58:59.674875+03:00","Action":"output","Package":"github.com/TykTechnologies/tyk/internal/policy","Test":"TestService_Apply/QuotaPart_with_unlimited","Output":"
{"Time":"2026-04-19T22:58:59.67488+03:00","Action":"pass","Package":"github.com/TykTechnologies/tyk/internal/policy","Test":"TestService_Apply/QuotaPart_with_unlimited","Elapsed":0}
{"Time":"2026-04-19T22:58:59.674887+03:00","Action":"run","Package":"github.com/TykTechnologies/tyk/internal/policy","Test":"TestService_Apply/QuotaPart"}
{"Time":"2026-04-19T22:58:59.674888+03:00","Action":"output","Package":"github.com/TykTechnologies/tyk/internal/policy","Test":"TestService_Apply/QuotaPart","Output":"=== RUN   TestService_Apply/QuotaPart\n"}
{"Time":"2026-04-19T22:58:59.674936+03:00","Action":"output","Package":"github.com/TykTechnologies/tyk/internal/policy","Test":"TestService_Apply/QuotaPart","Output":"
{"Time":"2026-04-19T22:58:59.674941+03:00","Action":"pass","Package":"github.com/TykTechnologies/tyk/internal/policy","Test":"TestService_Apply/QuotaPart","Elapsed":0}
{"Time":"2026-04-19T22:58:59.674952+03:00","Action":"run","Package":"github.com/TykTechnologies/tyk/internal/policy","Test":"TestService_Apply/QuotaParts"}
{"Time":"2026-04-19T22:58:59.674953+03:00","Action":"output","Package":"github.com/TykTechnologies/tyk/internal/policy","Test":"TestService_Apply/QuotaParts","Output":"=== RUN   TestService_Apply/QuotaParts\n"}
{"Time":"2026-04-19T22:58:59.67501+03:00","Action":"output","Package":"github.com/TykTechnologies/tyk/internal/policy","Test":"TestService_Apply/QuotaParts","Output":"
{"Time":"2026-04-19T22:58:59.675015+03:00","Action":"pass","Package":"github.com/TykTechnologies/tyk/internal/policy","Test":"TestService_Apply/QuotaParts","Elapsed":0}
{"Time":"2026-04-19T22:58:59.675028+03:00","Action":"run","Package":"github.com/TykTechnologies/tyk/internal/policy","Test":"TestService_Apply/QuotaParts_with_acl"}
{"Time":"2026-04-19T22:58:59.675029+03:00","Action":"output","Package":"github.com/TykTechnologies/tyk/internal/policy","Test":"TestService_Apply/QuotaParts_with_acl","Output":"=== RUN   TestService_Apply/QuotaParts_with_acl\n"}
{"Time":"2026-04-19T22:58:59.675078+03:00","Action":"output","Package":"github.com/TykTechnologies/tyk/internal/policy","Test":"TestService_Apply/QuotaParts_with_acl","Output":"
{"Time":"2026-04-19T22:58:59.675084+03:00","Action":"pass","Package":"github.com/TykTechnologies/tyk/internal/policy","Test":"TestService_Apply/QuotaParts_with_acl","Elapsed":0}
{"Time":"2026-04-19T22:58:59.675097+03:00","Action":"run","Package":"github.com/TykTechnologies/tyk/internal/policy","Test":"TestService_Apply/QuotaPart_with_access_rights"}
{"Time":"2026-04-19T22:58:59.675101+03:00","Action":"output","Package":"github.com/TykTechnologies/tyk/internal/policy","Test":"TestService_Apply/QuotaPart_with_access_rights","Output":"=== RUN   TestService_Apply/QuotaPart_with_access_rights\n"}
{"Time":"2026-04-19T22:58:59.675139+03:00","Action":"output","Package":"github.com/TykTechnologies/tyk/internal/policy","Test":"TestService_Apply/QuotaPart_with_access_rights","Output":"
{"Time":"2026-04-19T22:58:59.675147+03:00","Action":"pass","Package":"github.com/TykTechnologies/tyk/internal/policy","Test":"TestService_Apply/QuotaPart_with_access_rights","Elapsed":0}
{"Time":"2026-04-19T22:58:59.67516+03:00","Action":"run","Package":"github.com/TykTechnologies/tyk/internal/policy","Test":"TestService_Apply/QuotaPart_with_access_rights_in_multi-policy"}
{"Time":"2026-04-19T22:58:59.675161+03:00","Action":"output","Package":"github.com/TykTechnologies/tyk/internal/policy","Test":"TestService_Apply/QuotaPart_with_access_rights_in_multi-policy","Output":"=== RUN   TestService_Apply/QuotaPart_with_access_rights_in_multi-policy\n"}
{"Time":"2026-04-19T22:58:59.675228+03:00","Action":"output","Package":"github.com/TykTechnologies/tyk/internal/policy","Test":"TestService_Apply/QuotaPart_with_access_rights_in_multi-policy","Output":"
{"Time":"2026-04-19T22:58:59.675232+03:00","Action":"pass","Package":"github.com/TykTechnologies/tyk/internal/policy","Test":"TestService_Apply/QuotaPart_with_access_rights_in_multi-policy","Elapsed":0}
{"Time":"2026-04-19T22:58:59.67538+03:00","Action":"run","Package":"github.com/TykTechnologies/tyk/internal/policy","Test":"TestService_Apply/RatePart_with_unlimited"}
{"Time":"2026-04-19T22:58:59.675383+03:00","Action":"output","Package":"github.com/TykTechnologies/tyk/internal/policy","Test":"TestService_Apply/RatePart_with_unlimited","Output":"=== RUN   TestService_Apply/RatePart_with_unlimited\n"}
{"Time":"2026-04-19T22:58:59.675613+03:00","Action":"output","Package":"github.com/TykTechnologies/tyk/internal/policy","Test":"TestService_Apply/RatePart_with_unlimited","Output":"
{"Time":"2026-04-19T22:58:59.675917+03:00","Action":"pass","Package":"github.com/TykTechnologies/tyk/internal/policy","Test":"TestService_Apply/RatePart_with_unlimited","Elapsed":0}
{"Time":"2026-04-19T22:58:59.675928+03:00","Action":"run","Package":"github.com/TykTechnologies/tyk/internal/policy","Test":"TestService_Apply/RatePart"}
{"Time":"2026-04-19T22:58:59.67593+03:00","Action":"output","Package":"github.com/TykTechnologies/tyk/internal/policy","Test":"TestService_Apply/RatePart","Output":"=== RUN   TestService_Apply/RatePart\n"}
{"Time":"2026-04-19T22:58:59.676041+03:00","Action":"output","Package":"github.com/TykTechnologies/tyk/internal/policy","Test":"TestService_Apply/RatePart","Output":"
{"Time":"2026-04-19T22:58:59.676046+03:00","Action":"pass","Package":"github.com/TykTechnologies/tyk/internal/policy","Test":"TestService_Apply/RatePart","Elapsed":0}
{"Time":"2026-04-19T22:58:59.67606+03:00","Action":"run","Package":"github.com/TykTechnologies/tyk/internal/policy","Test":"TestService_Apply/RateParts"}
{"Time":"2026-04-19T22:58:59.676062+03:00","Action":"output","Package":"github.com/TykTechnologies/tyk/internal/policy","Test":"TestService_Apply/RateParts","Output":"=== RUN   TestService_Apply/RateParts\n"}
{"Time":"2026-04-19T22:58:59.676129+03:00","Action":"output","Package":"github.com/TykTechnologies/tyk/internal/policy","Test":"TestService_Apply/RateParts","Output":"
{"Time":"2026-04-19T22:58:59.676133+03:00","Action":"pass","Package":"github.com/TykTechnologies/tyk/internal/policy","Test":"TestService_Apply/RateParts","Elapsed":0}
{"Time":"2026-04-19T22:58:59.676147+03:00","Action":"run","Package":"github.com/TykTechnologies/tyk/internal/policy","Test":"TestService_Apply/RateParts_with_acl"}
{"Time":"2026-04-19T22:58:59.676149+03:00","Action":"output","Package":"github.com/TykTechnologies/tyk/internal/policy","Test":"TestService_Apply/RateParts_with_acl","Output":"=== RUN   TestService_Apply/RateParts_with_acl\n"}
{"Time":"2026-04-19T22:58:59.676212+03:00","Action":"output","Package":"github.com/TykTechnologies/tyk/internal/policy","Test":"TestService_Apply/RateParts_with_acl","Output":"
{"Time":"2026-04-19T22:58:59.676216+03:00","Action":"pass","Package":"github.com/TykTechnologies/tyk/internal/policy","Test":"TestService_Apply/RateParts_with_acl","Elapsed":0}
{"Time":"2026-04-19T22:58:59.676229+03:00","Action":"run","Package":"github.com/TykTechnologies/tyk/internal/policy","Test":"TestService_Apply/RateParts_with_acl_respected_by_session"}
{"Time":"2026-04-19T22:58:59.67623+03:00","Action":"output","Package":"github.com/TykTechnologies/tyk/internal/policy","Test":"TestService_Apply/RateParts_with_acl_respected_by_session","Output":"=== RUN   TestService_Apply/RateParts_with_acl_respected_by_session\n"}
{"Time":"2026-04-19T22:58:59.676292+03:00","Action":"output","Package":"github.com/TykTechnologies/tyk/internal/policy","Test":"TestService_Apply/RateParts_with_acl_respected_by_session","Output":"
{"Time":"2026-04-19T22:58:59.676296+03:00","Action":"pass","Package":"github.com/TykTechnologies/tyk/internal/policy","Test":"TestService_Apply/RateParts_with_acl_respected_by_session","Elapsed":0}
{"Time":"2026-04-19T22:58:59.676309+03:00","Action":"run","Package":"github.com/TykTechnologies/tyk/internal/policy","Test":"TestService_Apply/Rate_with_no_partition_respected_by_session"}
{"Time":"2026-04-19T22:58:59.67631+03:00","Action":"output","Package":"github.com/TykTechnologies/tyk/internal/policy","Test":"TestService_Apply/Rate_with_no_partition_respected_by_session","Output":"=== RUN   TestService_Apply/Rate_with_no_partition_respected_by_session\n"}
{"Time":"2026-04-19T22:58:59.676366+03:00","Action":"output","Package":"github.com/TykTechnologies/tyk/internal/policy","Test":"TestService_Apply/Rate_with_no_partition_respected_by_session","Output":"
{"Time":"2026-04-19T22:58:59.676369+03:00","Action":"pass","Package":"github.com/TykTechnologies/tyk/internal/policy","Test":"TestService_Apply/Rate_with_no_partition_respected_by_session","Elapsed":0}
{"Time":"2026-04-19T22:58:59.676379+03:00","Action":"run","Package":"github.com/TykTechnologies/tyk/internal/policy","Test":"TestService_Apply/ComplexityPart_with_unlimited"}
{"Time":"2026-04-19T22:58:59.676381+03:00","Action":"output","Package":"github.com/TykTechnologies/tyk/internal/policy","Test":"TestService_Apply/ComplexityPart_with_unlimited","Output":"=== RUN   TestService_Apply/ComplexityPart_with_unlimited\n"}
{"Time":"2026-04-19T22:58:59.676422+03:00","Action":"output","Package":"github.com/TykTechnologies/tyk/internal/policy","Test":"TestService_Apply/ComplexityPart_with_unlimited","Output":"
{"Time":"2026-04-19T22:58:59.676433+03:00","Action":"pass","Package":"github.com/TykTechnologies/tyk/internal/policy","Test":"TestService_Apply/ComplexityPart_with_unlimited","Elapsed":0}
{"Time":"2026-04-19T22:58:59.676444+03:00","Action":"run","Package":"github.com/TykTechnologies/tyk/internal/policy","Test":"TestService_Apply/ComplexityPart"}
{"Time":"2026-04-19T22:58:59.676445+03:00","Action":"output","Package":"github.com/TykTechnologies/tyk/internal/policy","Test":"TestService_Apply/ComplexityPart","Output":"=== RUN   TestService_Apply/ComplexityPart\n"}
{"Time":"2026-04-19T22:58:59.676484+03:00","Action":"output","Package":"github.com/TykTechnologies/tyk/internal/policy","Test":"TestService_Apply/ComplexityPart","Output":"
{"Time":"2026-04-19T22:58:59.676495+03:00","Action":"pass","Package":"github.com/TykTechnologies/tyk/internal/policy","Test":"TestService_Apply/ComplexityPart","Elapsed":0}
{"Time":"2026-04-19T22:58:59.676505+03:00","Action":"run","Package":"github.com/TykTechnologies/tyk/internal/policy","Test":"TestService_Apply/ComplexityParts"}
{"Time":"2026-04-19T22:58:59.676506+03:00","Action":"output","Package":"github.com/TykTechnologies/tyk/internal/policy","Test":"TestService_Apply/ComplexityParts","Output":"=== RUN   TestService_Apply/ComplexityParts\n"}
{"Time":"2026-04-19T22:58:59.676557+03:00","Action":"output","Package":"github.com/TykTechnologies/tyk/internal/policy","Test":"TestService_Apply/ComplexityParts","Output":"
{"Time":"2026-04-19T22:58:59.67656+03:00","Action":"pass","Package":"github.com/TykTechnologies/tyk/internal/policy","Test":"TestService_Apply/ComplexityParts","Elapsed":0}
{"Time":"2026-04-19T22:58:59.67657+03:00","Action":"run","Package":"github.com/TykTechnologies/tyk/internal/policy","Test":"TestService_Apply/AclPart"}
{"Time":"2026-04-19T22:58:59.676571+03:00","Action":"output","Package":"github.com/TykTechnologies/tyk/internal/policy","Test":"TestService_Apply/AclPart","Output":"=== RUN   TestService_Apply/AclPart\n"}
{"Time":"2026-04-19T22:58:59.676627+03:00","Action":"output","Package":"github.com/TykTechnologies/tyk/internal/policy","Test":"TestService_Apply/AclPart","Output":"
{"Time":"2026-04-19T22:58:59.676631+03:00","Action":"pass","Package":"github.com/TykTechnologies/tyk/internal/policy","Test":"TestService_Apply/AclPart","Elapsed":0}
{"Time":"2026-04-19T22:58:59.676645+03:00","Action":"run","Package":"github.com/TykTechnologies/tyk/internal/policy","Test":"TestService_Apply/AclPart#01"}
{"Time":"2026-04-19T22:58:59.676646+03:00","Action":"output","Package":"github.com/TykTechnologies/tyk/internal/policy","Test":"TestService_Apply/AclPart#01","Output":"=== RUN   TestService_Apply/AclPart#01\n"}
{"Time":"2026-04-19T22:58:59.676718+03:00","Action":"output","Package":"github.com/TykTechnologies/tyk/internal/policy","Test":"TestService_Apply/AclPart#01","Output":"
{"Time":"2026-04-19T22:58:59.676722+03:00","Action":"pass","Package":"github.com/TykTechnologies/tyk/internal/policy","Test":"TestService_Apply/AclPart#01","Elapsed":0}
{"Time":"2026-04-19T22:58:59.676731+03:00","Action":"run","Package":"github.com/TykTechnologies/tyk/internal/policy","Test":"TestService_Apply/Acl_for_a_and_rate_for_a,b"}
{"Time":"2026-04-19T22:58:59.676732+03:00","Action":"output","Package":"github.com/TykTechnologies/tyk/internal/policy","Test":"TestService_Apply/Acl_for_a_and_rate_for_a,b","Output":"=== RUN   TestService_Apply/Acl_for_a_and_rate_for_a,b\n"}
{"Time":"2026-04-19T22:58:59.676799+03:00","Action":"output","Package":"github.com/TykTechnologies/tyk/internal/policy","Test":"TestService_Apply/Acl_for_a_and_rate_for_a,b","Output":"
{"Time":"2026-04-19T22:58:59.67681+03:00","Action":"pass","Package":"github.com/TykTechnologies/tyk/internal/policy","Test":"TestService_Apply/Acl_for_a_and_rate_for_a,b","Elapsed":0}
{"Time":"2026-04-19T22:58:59.676813+03:00","Action":"run","Package":"github.com/TykTechnologies/tyk/internal/policy","Test":"TestService_Apply/Acl_for_a,b_and_individual_rate_for_a,b"}
{"Time":"2026-04-19T22:58:59.676814+03:00","Action":"output","Package":"github.com/TykTechnologies/tyk/internal/policy","Test":"TestService_Apply/Acl_for_a,b_and_individual_rate_for_a,b","Output":"=== RUN   TestService_Apply/Acl_for_a,b_and_individual_rate_for_a,b\n"}
{"Time":"2026-04-19T22:58:59.676904+03:00","Action":"output","Package":"github.com/TykTechnologies/tyk/internal/policy","Test":"TestService_Apply/Acl_for_a,b_and_individual_rate_for_a,b","Output":"
{"Time":"2026-04-19T22:58:59.676907+03:00","Action":"pass","Package":"github.com/TykTechnologies/tyk/internal/policy","Test":"TestService_Apply/Acl_for_a,b_and_individual_rate_for_a,b","Elapsed":0}
{"Time":"2026-04-19T22:58:59.676909+03:00","Action":"run","Package":"github.com/TykTechnologies/tyk/internal/policy","Test":"TestService_Apply/RightsUpdate"}
{"Time":"2026-04-19T22:58:59.67691+03:00","Action":"output","Package":"github.com/TykTechnologies/tyk/internal/policy","Test":"TestService_Apply/RightsUpdate","Output":"=== RUN   TestService_Apply/RightsUpdate\n"}
{"Time":"2026-04-19T22:58:59.676986+03:00","Action":"output","Package":"github.com/TykTechnologies/tyk/internal/policy","Test":"TestService_Apply/RightsUpdate","Output":"
{"Time":"2026-04-19T22:58:59.67699+03:00","Action":"pass","Package":"github.com/TykTechnologies/tyk/internal/policy","Test":"TestService_Apply/RightsUpdate","Elapsed":0}
{"Time":"2026-04-19T22:58:59.677006+03:00","Action":"run","Package":"github.com/TykTechnologies/tyk/internal/policy","Test":"TestService_Apply/InactiveMergeOne"}
{"Time":"2026-04-19T22:58:59.677007+03:00","Action":"output","Package":"github.com/TykTechnologies/tyk/internal/policy","Test":"TestService_Apply/InactiveMergeOne","Output":"=== RUN   TestService_Apply/InactiveMergeOne\n"}
{"Time":"2026-04-19T22:58:59.677053+03:00","Action":"output","Package":"github.com/TykTechnologies/tyk/internal/policy","Test":"TestService_Apply/InactiveMergeOne","Output":"
{"Time":"2026-04-19T22:58:59.677065+03:00","Action":"pass","Package":"github.com/TykTechnologies/tyk/internal/policy","Test":"TestService_Apply/InactiveMergeOne","Elapsed":0}
{"Time":"2026-04-19T22:58:59.677073+03:00","Action":"run","Package":"github.com/TykTechnologies/tyk/internal/policy","Test":"TestService_Apply/InactiveMergeAll"}
{"Time":"2026-04-19T22:58:59.677074+03:00","Action":"output","Package":"github.com/TykTechnologies/tyk/internal/policy","Test":"TestService_Apply/InactiveMergeAll","Output":"=== RUN   TestService_Apply/InactiveMergeAll\n"}
{"Time":"2026-04-19T22:58:59.677122+03:00","Action":"output","Package":"github.com/TykTechnologies/tyk/internal/policy","Test":"TestService_Apply/InactiveMergeAll","Output":"
{"Time":"2026-04-19T22:58:59.677131+03:00","Action":"pass","Package":"github.com/TykTechnologies/tyk/internal/policy","Test":"TestService_Apply/InactiveMergeAll","Elapsed":0}
{"Time":"2026-04-19T22:58:59.677142+03:00","Action":"run","Package":"github.com/TykTechnologies/tyk/internal/policy","Test":"TestService_Apply/InactiveWithSession"}
{"Time":"2026-04-19T22:58:59.677143+03:00","Action":"output","Package":"github.com/TykTechnologies/tyk/internal/policy","Test":"TestService_Apply/InactiveWithSession","Output":"=== RUN   TestService_Apply/InactiveWithSession\n"}
{"Time":"2026-04-19T22:58:59.677198+03:00","Action":"output","Package":"github.com/TykTechnologies/tyk/internal/policy","Test":"TestService_Apply/InactiveWithSession","Output":"
{"Time":"2026-04-19T22:58:59.677201+03:00","Action":"pass","Package":"github.com/TykTechnologies/tyk/internal/policy","Test":"TestService_Apply/InactiveWithSession","Elapsed":0}
{"Time":"2026-04-19T22:58:59.677216+03:00","Action":"run","Package":"github.com/TykTechnologies/tyk/internal/policy","Test":"TestService_Apply/Per_API_is_set_with_other_partitions_to_true"}
{"Time":"2026-04-19T22:58:59.677217+03:00","Action":"output","Package":"github.com/TykTechnologies/tyk/internal/policy","Test":"TestService_Apply/Per_API_is_set_with_other_partitions_to_true","Output":"=== RUN   TestService_Apply/Per_API_is_set_with_other_partitions_to_true\n"}
[...]
{"Time":"2026-04-19T22:58:59.70571+03:00","Action":"pass","Package":"github.com/TykTechnologies/tyk/internal/policy","Test":"TestZ3_AllProperties/quota_applied","Elapsed":0}
{"Time":"2026-04-19T22:58:59.705717+03:00","Action":"run","Package":"github.com/TykTechnologies/tyk/internal/policy","Test":"TestZ3_AllProperties/complexity_applied"}
{"Time":"2026-04-19T22:58:59.705718+03:00","Action":"output","Package":"github.com/TykTechnologies/tyk/internal/policy","Test":"TestZ3_AllProperties/complexity_applied","Output":"=== RUN   TestZ3_AllProperties/complexity_applied\n"}
{"Time":"2026-04-19T22:58:59.70573+03:00","Action":"run","Package":"github.com/TykTechnologies/tyk/internal/policy","Test":"TestZ3_AllProperties/complexity_applied/complexity_applied_z3_highest_a_gt_b"}
{"Time":"2026-04-19T22:58:59.705731+03:00","Action":"output","Package":"github.com/TykTechnologies/tyk/internal/policy","Test":"TestZ3_AllProperties/complexity_applied/complexity_applied_z3_highest_a_gt_b","Output":"=== RUN   TestZ3_AllProperties/complexity_applied/complexity_applied_z3_highest_a_gt_b\n"}
{"Time":"2026-04-19T22:58:59.705783+03:00","Action":"output","Package":"github.com/TykTechnologies/tyk/internal/policy","Test":"TestZ3_AllProperties/complexity_applied/complexity_applied_z3_highest_a_gt_b","Output":"
{"Time":"2026-04-19T22:58:59.705787+03:00","Action":"pass","Package":"github.com/TykTechnologies/tyk/internal/policy","Test":"TestZ3_AllProperties/complexity_applied/complexity_applied_z3_highest_a_gt_b","Elapsed":0}
{"Time":"2026-04-19T22:58:59.705799+03:00","Action":"run","Package":"github.com/TykTechnologies/tyk/internal/policy","Test":"TestZ3_AllProperties/complexity_applied/complexity_applied_z3_highest_a_lt_b"}
{"Time":"2026-04-19T22:58:59.7058+03:00","Action":"output","Package":"github.com/TykTechnologies/tyk/internal/policy","Test":"TestZ3_AllProperties/complexity_applied/complexity_applied_z3_highest_a_lt_b","Output":"=== RUN   TestZ3_AllProperties/complexity_applied/complexity_applied_z3_highest_a_lt_b\n"}
{"Time":"2026-04-19T22:58:59.705848+03:00","Action":"output","Package":"github.com/TykTechnologies/tyk/internal/policy","Test":"TestZ3_AllProperties/complexity_applied/complexity_applied_z3_highest_a_lt_b","Output":"
{"Time":"2026-04-19T22:58:59.705851+03:00","Action":"pass","Package":"github.com/TykTechnologies/tyk/internal/policy","Test":"TestZ3_AllProperties/complexity_applied/complexity_applied_z3_highest_a_lt_b","Elapsed":0}
{"Time":"2026-04-19T22:58:59.705862+03:00","Action":"run","Package":"github.com/TykTechnologies/tyk/internal/policy","Test":"TestZ3_AllProperties/complexity_applied/complexity_applied_z3_highest_equal"}
{"Time":"2026-04-19T22:58:59.705863+03:00","Action":"output","Package":"github.com/TykTechnologies/tyk/internal/policy","Test":"TestZ3_AllProperties/complexity_applied/complexity_applied_z3_highest_equal","Output":"=== RUN   TestZ3_AllProperties/complexity_applied/complexity_applied_z3_highest_equal\n"}
{"Time":"2026-04-19T22:58:59.705915+03:00","Action":"output","Package":"github.com/TykTechnologies/tyk/internal/policy","Test":"TestZ3_AllProperties/complexity_applied/complexity_applied_z3_highest_equal","Output":"
{"Time":"2026-04-19T22:58:59.705918+03:00","Action":"pass","Package":"github.com/TykTechnologies/tyk/internal/policy","Test":"TestZ3_AllProperties/complexity_applied/complexity_applied_z3_highest_equal","Elapsed":0}
{"Time":"2026-04-19T22:58:59.705924+03:00","Action":"run","Package":"github.com/TykTechnologies/tyk/internal/policy","Test":"TestZ3_AllProperties/complexity_applied/complexity_applied_z3_highest_zero_boundary"}
{"Time":"2026-04-19T22:58:59.705925+03:00","Action":"output","Package":"github.com/TykTechnologies/tyk/internal/policy","Test":"TestZ3_AllProperties/complexity_applied/complexity_applied_z3_highest_zero_boundary","Output":"=== RUN   TestZ3_AllProperties/complexity_applied/complexity_applied_z3_highest_zero_boundary\n"}
{"Time":"2026-04-19T22:58:59.705977+03:00","Action":"output","Package":"github.com/TykTechnologies/tyk/internal/policy","Test":"TestZ3_AllProperties/complexity_applied/complexity_applied_z3_highest_zero_boundary","Output":"
{"Time":"2026-04-19T22:58:59.70598+03:00","Action":"pass","Package":"github.com/TykTechnologies/tyk/internal/policy","Test":"TestZ3_AllProperties/complexity_applied/complexity_applied_z3_highest_zero_boundary","Elapsed":0}
{"Time":"2026-04-19T22:58:59.705992+03:00","Action":"run","Package":"github.com/TykTechnologies/tyk/internal/policy","Test":"TestZ3_AllProperties/complexity_applied/complexity_applied_z3_highest_negative_boundary"}
{"Time":"2026-04-19T22:58:59.705993+03:00","Action":"output","Package":"github.com/TykTechnologies/tyk/internal/policy","Test":"TestZ3_AllProperties/complexity_applied/complexity_applied_z3_highest_negative_boundary","Output":"=== RUN   TestZ3_AllProperties/complexity_applied/complexity_applied_z3_highest_negative_boundary\n"}
{"Time":"2026-04-19T22:58:59.706034+03:00","Action":"output","Package":"github.com/TykTechnologies/tyk/internal/policy","Test":"TestZ3_AllProperties/complexity_applied/complexity_applied_z3_highest_negative_boundary","Output":"
{"Time":"2026-04-19T22:58:59.706043+03:00","Action":"pass","Package":"github.com/TykTechnologies/tyk/internal/policy","Test":"TestZ3_AllProperties/complexity_applied/complexity_applied_z3_highest_negative_boundary","Elapsed":0}
{"Time":"2026-04-19T22:58:59.706052+03:00","Action":"run","Package":"github.com/TykTechnologies/tyk/internal/policy","Test":"TestZ3_AllProperties/complexity_applied/complexity_applied_z3_highest_large_values"}
{"Time":"2026-04-19T22:58:59.706053+03:00","Action":"output","Package":"github.com/TykTechnologies/tyk/internal/policy","Test":"TestZ3_AllProperties/complexity_applied/complexity_applied_z3_highest_large_values","Output":"=== RUN   TestZ3_AllProperties/complexity_applied/complexity_applied_z3_highest_large_values\n"}
{"Time":"2026-04-19T22:58:59.7061+03:00","Action":"output","Package":"github.com/TykTechnologies/tyk/internal/policy","Test":"TestZ3_AllProperties/complexity_applied/complexity_applied_z3_highest_large_values","Output":"
{"Time":"2026-04-19T22:58:59.706103+03:00","Action":"pass","Package":"github.com/TykTechnologies/tyk/internal/policy","Test":"TestZ3_AllProperties/complexity_applied/complexity_applied_z3_highest_large_values","Elapsed":0}
{"Time":"2026-04-19T22:58:59.706114+03:00","Action":"run","Package":"github.com/TykTechnologies/tyk/internal/policy","Test":"TestZ3_AllProperties/complexity_applied/complexity_applied_z3_special_-1_in_first"}
{"Time":"2026-04-19T22:58:59.706115+03:00","Action":"output","Package":"github.com/TykTechnologies/tyk/internal/policy","Test":"TestZ3_AllProperties/complexity_applied/complexity_applied_z3_special_-1_in_first","Output":"=== RUN   TestZ3_AllProperties/complexity_applied/complexity_applied_z3_special_-1_in_first\n"}
{"Time":"2026-04-19T22:58:59.706162+03:00","Action":"output","Package":"github.com/TykTechnologies/tyk/internal/policy","Test":"TestZ3_AllProperties/complexity_applied/complexity_applied_z3_special_-1_in_first","Output":"
{"Time":"2026-04-19T22:58:59.706165+03:00","Action":"pass","Package":"github.com/TykTechnologies/tyk/internal/policy","Test":"TestZ3_AllProperties/complexity_applied/complexity_applied_z3_special_-1_in_first","Elapsed":0}
{"Time":"2026-04-19T22:58:59.706176+03:00","Action":"run","Package":"github.com/TykTechnologies/tyk/internal/policy","Test":"TestZ3_AllProperties/complexity_applied/complexity_applied_z3_special_-1_in_second"}
{"Time":"2026-04-19T22:58:59.706177+03:00","Action":"output","Package":"github.com/TykTechnologies/tyk/internal/policy","Test":"TestZ3_AllProperties/complexity_applied/complexity_applied_z3_special_-1_in_second","Output":"=== RUN   TestZ3_AllProperties/complexity_applied/complexity_applied_z3_special_-1_in_second\n"}
{"Time":"2026-04-19T22:58:59.706223+03:00","Action":"output","Package":"github.com/TykTechnologies/tyk/internal/policy","Test":"TestZ3_AllProperties/complexity_applied/complexity_applied_z3_special_-1_in_second","Output":"
{"Time":"2026-04-19T22:58:59.706226+03:00","Action":"pass","Package":"github.com/TykTechnologies/tyk/internal/policy","Test":"TestZ3_AllProperties/complexity_applied/complexity_applied_z3_special_-1_in_second","Elapsed":0}
{"Time":"2026-04-19T22:58:59.706237+03:00","Action":"run","Package":"github.com/TykTechnologies/tyk/internal/policy","Test":"TestZ3_AllProperties/complexity_applied/complexity_applied_z3_special_-1_in_both"}
{"Time":"2026-04-19T22:58:59.706238+03:00","Action":"output","Package":"github.com/TykTechnologies/tyk/internal/policy","Test":"TestZ3_AllProperties/complexity_applied/complexity_applied_z3_special_-1_in_both","Output":"=== RUN   TestZ3_AllProperties/complexity_applied/complexity_applied_z3_special_-1_in_both\n"}
{"Time":"2026-04-19T22:58:59.706283+03:00","Action":"output","Package":"github.com/TykTechnologies/tyk/internal/policy","Test":"TestZ3_AllProperties/complexity_applied/complexity_applied_z3_special_-1_in_both","Output":"
{"Time":"2026-04-19T22:58:59.706285+03:00","Action":"pass","Package":"github.com/TykTechnologies/tyk/internal/policy","Test":"TestZ3_AllProperties/complexity_applied/complexity_applied_z3_special_-1_in_both","Elapsed":0}
{"Time":"2026-04-19T22:58:59.706298+03:00","Action":"run","Package":"github.com/TykTechnologies/tyk/internal/policy","Test":"TestZ3_AllProperties/complexity_applied/complexity_applied_z3_special_-1_in_neither"}
{"Time":"2026-04-19T22:58:59.706299+03:00","Action":"output","Package":"github.com/TykTechnologies/tyk/internal/policy","Test":"TestZ3_AllProperties/complexity_applied/complexity_applied_z3_special_-1_in_neither","Output":"=== RUN   TestZ3_AllProperties/complexity_applied/complexity_applied_z3_special_-1_in_neither\n"}
{"Time":"2026-04-19T22:58:59.706425+03:00","Action":"output","Package":"github.com/TykTechnologies/tyk/internal/policy","Test":"TestZ3_AllProperties/complexity_applied/complexity_applied_z3_special_-1_in_neither","Output":"
{"Time":"2026-04-19T22:58:59.706548+03:00","Action":"pass","Package":"github.com/TykTechnologies/tyk/internal/policy","Test":"TestZ3_AllProperties/complexity_applied/complexity_applied_z3_special_-1_in_neither","Elapsed":0}
{"Time":"2026-04-19T22:58:59.706723+03:00","Action":"output","Package":"github.com/TykTechnologies/tyk/internal/policy","Test":"TestZ3_AllProperties/complexity_applied","Output":"
{"Time":"2026-04-19T22:58:59.70673+03:00","Action":"pass","Package":"github.com/TykTechnologies/tyk/internal/policy","Test":"TestZ3_AllProperties/complexity_applied","Elapsed":0}
{"Time":"2026-04-19T22:58:59.70674+03:00","Action":"run","Package":"github.com/TykTechnologies/tyk/internal/policy","Test":"TestZ3_AllProperties/tags_merged"}
{"Time":"2026-04-19T22:58:59.706742+03:00","Action":"output","Package":"github.com/TykTechnologies/tyk/internal/policy","Test":"TestZ3_AllProperties/tags_merged","Output":"=== RUN   TestZ3_AllProperties/tags_merged\n"}
{"Time":"2026-04-19T22:58:59.70676+03:00","Action":"run","Package":"github.com/TykTechnologies/tyk/internal/policy","Test":"TestZ3_AllProperties/tags_merged/tags_merged_z3_union_overlapping"}
{"Time":"2026-04-19T22:58:59.706762+03:00","Action":"output","Package":"github.com/TykTechnologies/tyk/internal/policy","Test":"TestZ3_AllProperties/tags_merged/tags_merged_z3_union_overlapping","Output":"=== RUN   TestZ3_AllProperties/tags_merged/tags_merged_z3_union_overlapping\n"}
{"Time":"2026-04-19T22:58:59.706831+03:00","Action":"output","Package":"github.com/TykTechnologies/tyk/internal/policy","Test":"TestZ3_AllProperties/tags_merged/tags_merged_z3_union_overlapping","Output":"
{"Time":"2026-04-19T22:58:59.706835+03:00","Action":"pass","Package":"github.com/TykTechnologies/tyk/internal/policy","Test":"TestZ3_AllProperties/tags_merged/tags_merged_z3_union_overlapping","Elapsed":0}
{"Time":"2026-04-19T22:58:59.706847+03:00","Action":"run","Package":"github.com/TykTechnologies/tyk/internal/policy","Test":"TestZ3_AllProperties/tags_merged/tags_merged_z3_union_disjoint"}
{"Time":"2026-04-19T22:58:59.706848+03:00","Action":"output","Package":"github.com/TykTechnologies/tyk/internal/policy","Test":"TestZ3_AllProperties/tags_merged/tags_merged_z3_union_disjoint","Output":"=== RUN   TestZ3_AllProperties/tags_merged/tags_merged_z3_union_disjoint\n"}
{"Time":"2026-04-19T22:58:59.706909+03:00","Action":"output","Package":"github.com/TykTechnologies/tyk/internal/policy","Test":"TestZ3_AllProperties/tags_merged/tags_merged_z3_union_disjoint","Output":"
{"Time":"2026-04-19T22:58:59.706912+03:00","Action":"pass","Package":"github.com/TykTechnologies/tyk/internal/policy","Test":"TestZ3_AllProperties/tags_merged/tags_merged_z3_union_disjoint","Elapsed":0}
{"Time":"2026-04-19T22:58:59.706924+03:00","Action":"run","Package":"github.com/TykTechnologies/tyk/internal/policy","Test":"TestZ3_AllProperties/tags_merged/tags_merged_z3_union_identical"}
{"Time":"2026-04-19T22:58:59.706926+03:00","Action":"output","Package":"github.com/TykTechnologies/tyk/internal/policy","Test":"TestZ3_AllProperties/tags_merged/tags_merged_z3_union_identical","Output":"=== RUN   TestZ3_AllProperties/tags_merged/tags_merged_z3_union_identical\n"}
{"Time":"2026-04-19T22:58:59.706979+03:00","Action":"output","Package":"github.com/TykTechnologies/tyk/internal/policy","Test":"TestZ3_AllProperties/tags_merged/tags_merged_z3_union_identical","Output":"
{"Time":"2026-04-19T22:58:59.706982+03:00","Action":"pass","Package":"github.com/TykTechnologies/tyk/internal/policy","Test":"TestZ3_AllProperties/tags_merged/tags_merged_z3_union_identical","Elapsed":0}
{"Time":"2026-04-19T22:58:59.707003+03:00","Action":"output","Package":"github.com/TykTechnologies/tyk/internal/policy","Test":"TestZ3_AllProperties/tags_merged","Output":"
{"Time":"2026-04-19T22:58:59.707006+03:00","Action":"pass","Package":"github.com/TykTechnologies/tyk/internal/policy","Test":"TestZ3_AllProperties/tags_merged","Elapsed":0}
{"Time":"2026-04-19T22:58:59.707018+03:00","Action":"run","Package":"github.com/TykTechnologies/tyk/internal/policy","Test":"TestZ3_AllProperties/metadata_merged"}
{"Time":"2026-04-19T22:58:59.707019+03:00","Action":"output","Package":"github.com/TykTechnologies/tyk/internal/policy","Test":"TestZ3_AllProperties/metadata_merged","Output":"=== RUN   TestZ3_AllProperties/metadata_merged\n"}
{"Time":"2026-04-19T22:58:59.707032+03:00","Action":"run","Package":"github.com/TykTechnologies/tyk/internal/policy","Test":"TestZ3_AllProperties/metadata_merged/metadata_merged_z3_combine_overlapping_keys"}
{"Time":"2026-04-19T22:58:59.707034+03:00","Action":"output","Package":"github.com/TykTechnologies/tyk/internal/policy","Test":"TestZ3_AllProperties/metadata_merged/metadata_merged_z3_combine_overlapping_keys","Output":"=== RUN   TestZ3_AllProperties/metadata_merged/metadata_merged_z3_combine_overlapping_keys\n"}
{"Time":"2026-04-19T22:58:59.707087+03:00","Action":"output","Package":"github.com/TykTechnologies/tyk/internal/policy","Test":"TestZ3_AllProperties/metadata_merged/metadata_merged_z3_combine_overlapping_keys","Output":"
{"Time":"2026-04-19T22:58:59.707091+03:00","Action":"pass","Package":"github.com/TykTechnologies/tyk/internal/policy","Test":"TestZ3_AllProperties/metadata_merged/metadata_merged_z3_combine_overlapping_keys","Elapsed":0}
{"Time":"2026-04-19T22:58:59.707101+03:00","Action":"run","Package":"github.com/TykTechnologies/tyk/internal/policy","Test":"TestZ3_AllProperties/metadata_merged/metadata_merged_z3_combine_disjoint_keys"}
{"Time":"2026-04-19T22:58:59.707102+03:00","Action":"output","Package":"github.com/TykTechnologies/tyk/internal/policy","Test":"TestZ3_AllProperties/metadata_merged/metadata_merged_z3_combine_disjoint_keys","Output":"=== RUN   TestZ3_AllProperties/metadata_merged/metadata_merged_z3_combine_disjoint_keys\n"}
{"Time":"2026-04-19T22:58:59.707156+03:00","Action":"output","Package":"github.com/TykTechnologies/tyk/internal/policy","Test":"TestZ3_AllProperties/metadata_merged/metadata_merged_z3_combine_disjoint_keys","Output":"
{"Time":"2026-04-19T22:58:59.707159+03:00","Action":"pass","Package":"github.com/TykTechnologies/tyk/internal/policy","Test":"TestZ3_AllProperties/metadata_merged/metadata_merged_z3_combine_disjoint_keys","Elapsed":0}
{"Time":"2026-04-19T22:58:59.707175+03:00","Action":"output","Package":"github.com/TykTechnologies/tyk/internal/policy","Test":"TestZ3_AllProperties/metadata_merged","Output":"
{"Time":"2026-04-19T22:58:59.707183+03:00","Action":"pass","Package":"github.com/TykTechnologies/tyk/internal/policy","Test":"TestZ3_AllProperties/metadata_merged","Elapsed":0}
{"Time":"2026-04-19T22:58:59.707194+03:00","Action":"output","Package":"github.com/TykTechnologies/tyk/internal/policy","Test":"TestZ3_AllProperties","Output":"
{"Time":"2026-04-19T22:58:59.707202+03:00","Action":"pass","Package":"github.com/TykTechnologies/tyk/internal/policy","Test":"TestZ3_AllProperties","Elapsed":0}
{"Time":"2026-04-19T22:58:59.707207+03:00","Action":"run","Package":"github.com/TykTechnologies/tyk/internal/policy","Test":"TestZ3_QuotaBoundary_ZeroVsNegative"}
{"Time":"2026-04-19T22:58:59.707208+03:00","Action":"output","Package":"github.com/TykTechnologies/tyk/internal/policy","Test":"TestZ3_QuotaBoundary_ZeroVsNegative","Output":"=== RUN   TestZ3_QuotaBoundary_ZeroVsNegative\n"}
{"Time":"2026-04-19T22:58:59.707259+03:00","Action":"output","Package":"github.com/TykTechnologies/tyk/internal/policy","Test":"TestZ3_QuotaBoundary_ZeroVsNegative","Output":"
{"Time":"2026-04-19T22:58:59.707261+03:00","Action":"pass","Package":"github.com/TykTechnologies/tyk/internal/policy","Test":"TestZ3_QuotaBoundary_ZeroVsNegative","Elapsed":0}
{"Time":"2026-04-19T22:58:59.707268+03:00","Action":"run","Package":"github.com/TykTechnologies/tyk/internal/policy","Test":"TestZ3_ComplexityBoundary_ZeroVsNegative"}
{"Time":"2026-04-19T22:58:59.707269+03:00","Action":"output","Package":"github.com/TykTechnologies/tyk/internal/policy","Test":"TestZ3_ComplexityBoundary_ZeroVsNegative","Output":"=== RUN   TestZ3_ComplexityBoundary_ZeroVsNegative\n"}
{"Time":"2026-04-19T22:58:59.707317+03:00","Action":"output","Package":"github.com/TykTechnologies/tyk/internal/policy","Test":"TestZ3_ComplexityBoundary_ZeroVsNegative","Output":"
{"Time":"2026-04-19T22:58:59.70732+03:00","Action":"pass","Package":"github.com/TykTechnologies/tyk/internal/policy","Test":"TestZ3_ComplexityBoundary_ZeroVsNegative","Elapsed":0}
{"Time":"2026-04-19T22:58:59.707326+03:00","Action":"run","Package":"github.com/TykTechnologies/tyk/internal/policy","Test":"TestZ3_QuotaBoundary_NegativeVsNegative"}
{"Time":"2026-04-19T22:58:59.707327+03:00","Action":"output","Package":"github.com/TykTechnologies/tyk/internal/policy","Test":"TestZ3_QuotaBoundary_NegativeVsNegative","Output":"=== RUN   TestZ3_QuotaBoundary_NegativeVsNegative\n"}
{"Time":"2026-04-19T22:58:59.707382+03:00","Action":"output","Package":"github.com/TykTechnologies/tyk/internal/policy","Test":"TestZ3_QuotaBoundary_NegativeVsNegative","Output":"
{"Time":"2026-04-19T22:58:59.707384+03:00","Action":"pass","Package":"github.com/TykTechnologies/tyk/internal/policy","Test":"TestZ3_QuotaBoundary_NegativeVsNegative","Elapsed":0}
{"Time":"2026-04-19T22:58:59.70741+03:00","Action":"output","Package":"github.com/TykTechnologies/tyk/internal/policy","Output":"PASS\n"}
{"Time":"2026-04-19T22:58:59.709171+03:00","Action":"output","Package":"github.com/TykTechnologies/tyk/internal/policy","Output":"coverage: 99.5% of statements\n"}
{"Time":"2026-04-19T22:59:00.720946+03:00","Action":"output","Package":"github.com/TykTechnologies/tyk/internal/policy","Output":"ok  \tgithub.com/TykTechnologies/tyk/internal/policy\t1.328s\tcoverage: 99.5% of statements\n"}
{"Time":"2026-04-19T22:59:00.720986+03:00","Action":"pass","Package":"github.com/TykTechnologies/tyk/internal/policy","Elapsed":1.329}]]></system-out>
	</testsuite>
</testsuites>
