<?xml version="1.0" encoding="UTF-8"?>
<testsuites tests="286" skipped="9">
	<testsuite name="" tests="286" failures="0" errors="0" id="0" hostname="MacBook-Pro.local" skipped="9" time="0.010" timestamp="2026-04-19T22:27:30+03:00">
		<testcase name="TestApplyRateLimits_PolicyLimits/policy_limits_unset" classname="" time="0.000"></testcase>
		<testcase name="TestApplyRateLimits_PolicyLimits/policy_limits_apply_all" classname="" time="0.000"></testcase>
		<testcase name="TestApplyRateLimits_PolicyLimits/policy_limits_apply_per-api" classname="" time="0.000"></testcase>
		<testcase name="TestApplyRateLimits_PolicyLimits/policy_limits_skip" classname="" time="0.000"></testcase>
		<testcase name="TestApplyRateLimits_PolicyLimits" classname="" time="0.000"></testcase>
		<testcase name="TestApplyRateLimits_FromCustomPolicies" classname="" time="0.000"></testcase>
		<testcase name="TestApplyACL_FromCustomPolicies/RateLimit_first" classname="" time="0.000"></testcase>
		<testcase name="TestApplyACL_FromCustomPolicies/ACL_first" classname="" time="0.000"></testcase>
		<testcase name="TestApplyACL_FromCustomPolicies" classname="" time="0.000"></testcase>
		<testcase name="TestApplyEndpointLevelLimits/both_empty" classname="" time="0.000"></testcase>
		<testcase name="TestApplyEndpointLevelLimits/policy_endpoints_empty" classname="" time="0.000"></testcase>
		<testcase name="TestApplyEndpointLevelLimits/curr_endpoints_empty" classname="" time="0.000"></testcase>
		<testcase name="TestApplyEndpointLevelLimits/non_overlapping_endpoints" classname="" time="0.000"></testcase>
		<testcase name="TestApplyEndpointLevelLimits/overlapping_endpoints_with_different_limits_#1" classname="" time="0.000"></testcase>
		<testcase name="TestApplyEndpointLevelLimits/overlapping_endpoints_with_different_limits_#2" classname="" time="0.000"></testcase>
		<testcase name="TestApplyEndpointLevelLimits/overlapping_endpoints_with_same_limits" classname="" time="0.000"></testcase>
		<testcase name="TestApplyEndpointLevelLimits" classname="" time="0.000"></testcase>
		<testcase name="TestService_Apply/Empty" classname="" time="0.000"></testcase>
		<testcase name="TestService_Apply/Single" classname="" time="0.000"></testcase>
		<testcase name="TestService_Apply/Missing" classname="" time="0.000"></testcase>
		<testcase name="TestService_Apply/DiffOrg" classname="" time="0.000"></testcase>
		<testcase name="TestService_Apply/MultiNonPart" classname="" time="0.000"></testcase>
		<testcase name="TestService_Apply/MultiACLPolicy" classname="" time="0.000"></testcase>
		<testcase name="TestService_Apply/QuotaPart_with_unlimited" classname="" time="0.000"></testcase>
		<testcase name="TestService_Apply/QuotaPart" classname="" time="0.000"></testcase>
		<testcase name="TestService_Apply/QuotaParts" classname="" time="0.000"></testcase>
		<testcase name="TestService_Apply/QuotaParts_with_acl" classname="" time="0.000"></testcase>
		<testcase name="TestService_Apply/QuotaPart_with_access_rights" classname="" time="0.000"></testcase>
		<testcase name="TestService_Apply/QuotaPart_with_access_rights_in_multi-policy" classname="" time="0.000"></testcase>
		<testcase name="TestService_Apply/RatePart_with_unlimited" classname="" time="0.000"></testcase>
		<testcase name="TestService_Apply/RatePart" classname="" time="0.000"></testcase>
		<testcase name="TestService_Apply/RateParts" classname="" time="0.000"></testcase>
		<testcase name="TestService_Apply/RateParts_with_acl" classname="" time="0.000"></testcase>
		<testcase name="TestService_Apply/RateParts_with_acl_respected_by_session" classname="" time="0.000"></testcase>
		<testcase name="TestService_Apply/Rate_with_no_partition_respected_by_session" classname="" time="0.000"></testcase>
		<testcase name="TestService_Apply/ComplexityPart_with_unlimited" classname="" time="0.000"></testcase>
		<testcase name="TestService_Apply/ComplexityPart" classname="" time="0.000"></testcase>
		<testcase name="TestService_Apply/ComplexityParts" classname="" time="0.000"></testcase>
		<testcase name="TestService_Apply/AclPart" classname="" time="0.000"></testcase>
		<testcase name="TestService_Apply/AclPart#01" classname="" time="0.000"></testcase>
		<testcase name="TestService_Apply/Acl_for_a_and_rate_for_a,b" classname="" time="0.000"></testcase>
		<testcase name="TestService_Apply/Acl_for_a,b_and_individual_rate_for_a,b" classname="" time="0.000"></testcase>
		<testcase name="TestService_Apply/RightsUpdate" classname="" time="0.000"></testcase>
		<testcase name="TestService_Apply/InactiveMergeOne" classname="" time="0.000"></testcase>
		<testcase name="TestService_Apply/InactiveMergeAll" classname="" time="0.000"></testcase>
		<testcase name="TestService_Apply/InactiveWithSession" classname="" time="0.000"></testcase>
		<testcase name="TestService_Apply/Per_API_is_set_with_other_partitions_to_true" classname="" time="0.000"></testcase>
		<testcase name="TestService_Apply/Per_API_is_set_to_true_with_some_partitions_set_to_true" classname="" time="0.000"></testcase>
		<testcase name="TestService_Apply/Per_API_is_set_to_true_with_no_other_partitions_set_to_true" classname="" time="0.000"></testcase>
		<testcase name="TestService_Apply/several_policies_with_Per_API_set_to_true_specifying_limit_for_the_same_API" classname="" time="0.000"></testcase>
		<testcase name="TestService_Apply/several_policies_with_Per_API_set_to_true_specifying_limit_for_the_same_APIs" classname="" time="0.000"></testcase>
		<testcase name="TestService_Apply/several_policies,_mixed_the_one_which_has_Per_API_set_to_true_and_partitioned_ones" classname="" time="0.000"></testcase>
		<testcase name="TestService_Apply/several_policies,_mixed_the_one_which_has_Per_API_set_to_true_and_partitioned_ones_(different_order)" classname="" time="0.000"></testcase>
		<testcase name="TestService_Apply/Per_API_is_set_to_true_and_some_API_gets_limit_set_from_policy&#39;s_fields" classname="" time="0.000"></testcase>
		<testcase name="TestService_Apply/Per_API_with_limits_override" classname="" time="0.000"></testcase>
		<testcase name="TestService_Apply/Merge_per_path_rules_for_the_same_API" classname="" time="0.000"></testcase>
		<testcase name="TestService_Apply/Merge_restricted_fields_for_the_same_GraphQL_API" classname="" time="0.000"></testcase>
		<testcase name="TestService_Apply/Merge_allowed_fields_for_the_same_GraphQL_API" classname="" time="0.000"></testcase>
		<testcase name="TestService_Apply/If_GQL_introspection_is_disabled,_it_remains_disabled_after_merging" classname="" time="0.000"></testcase>
		<testcase name="TestService_Apply/Merge_field_level_depth_limit_for_the_same_GraphQL_API" classname="" time="0.000"></testcase>
		<testcase name="TestService_Apply/Throttle_interval_from_policy" classname="" time="0.000"></testcase>
		<testcase name="TestService_Apply/Throttle_retry_limit_from_policy" classname="" time="0.000"></testcase>
		<testcase name="TestService_Apply/TagMerge" classname="" time="0.000"></testcase>
		<testcase name="TestService_Apply/NonpartAndPart" classname="" time="0.000"></testcase>
		<testcase name="TestService_Apply/inherit_quota_and_rate_from_partitioned_policies" classname="" time="0.000"></testcase>
		<testcase name="TestService_Apply/inherit_quota_and_rate_from_partitioned_policies_applied_in_different_order" classname="" time="0.000"></testcase>
		<testcase name="TestService_Apply/Per_API_and_per_endpoint_policies" classname="" time="0.000"></testcase>
		<testcase name="TestService_Apply/Per_API_and_per_endpoint_policies,_reversed=true" classname="" time="0.000"></testcase>
		<testcase name="TestService_Apply/Endpoint_level_limits_overlapping" classname="" time="0.000"></testcase>
		<testcase name="TestService_Apply/Endpoint_level_limits_overlapping,_reversed=true" classname="" time="0.000"></testcase>
		<testcase name="TestService_Apply/endpoint_rate_limits_on_acl_partition_only" classname="" time="0.000"></testcase>
		<testcase name="TestService_Apply/endpoint_rate_limits_when_acl_and_quota_partitions_combined" classname="" time="0.000"></testcase>
		<testcase name="TestService_Apply/endpoint_rate_limits_when_acl_and_quota_partitions_combined,_reversed=true" classname="" time="0.000"></testcase>
		<testcase name="TestService_Apply/combine_non_partitioned_policies_with_endpoint_rate_limits_configured_on_api_d" classname="" time="0.000"></testcase>
		<testcase name="TestService_Apply/combine_non_partitioned_policies_with_endpoint_rate_limits_configured_on_api_d,_reversed=true" classname="" time="0.000"></testcase>
		<testcase name="TestService_Apply/combine_non_partitioned_policies_with_endpoint_rate_limits_no_bound_configured_on_api_d" classname="" time="0.000"></testcase>
		<testcase name="TestService_Apply/combine_non_partitioned_policies_with_endpoint_rate_limits_no_bound_configured_on_api_d,_reversed=true" classname="" time="0.000"></testcase>
		<testcase name="TestService_Apply/combine_non_partitioned_policies_with_multiple_endpoint_rate_limits_configured_on_api_d" classname="" time="0.000"></testcase>
		<testcase name="TestService_Apply/combine_non_partitioned_policies_with_multiple_endpoint_rate_limits_configured_on_api_d,_reversed=true" classname="" time="0.000"></testcase>
		<testcase name="TestService_Apply/combine_non_partitioned_policies_with_endpoint_rate_limits_configured_on_api_d_and_e" classname="" time="0.000"></testcase>
		<testcase name="TestService_Apply/combine_non_partitioned_policies_with_endpoint_rate_limits_configured_on_api_d_and_e,_reversed=true" classname="" time="0.000"></testcase>
		<testcase name="TestService_Apply" classname="" time="0.010"></testcase>
		<testcase name="TestMCDC_SYS_REQ_040_Row1_NoApply" classname="" time="0.000"></testcase>
		<testcase name="TestMCDC_SYS_REQ_040_Row2_NotAllMissing" classname="" time="0.000"></testcase>
		<testcase name="TestMCDC_SYS_REQ_040_Row3_Violation" classname="" time="0.000"></testcase>
		<testcase name="TestMCDC_SYS_REQ_040_Row4_ErrorReported" classname="" time="0.000"></testcase>
		<testcase name="TestMCDC_SYS_REQ_042_NilStore" classname="" time="0.000"></testcase>
		<testcase name="TestMCDC_SYS_REQ_050_Row1_NoApply" classname="" time="0.000"></testcase>
		<testcase name="TestMCDC_SYS_REQ_050_Row2_Baseline" classname="" time="0.000"></testcase>
		<testcase name="TestMCDC_SYS_REQ_050_Row3_ResultReturned" classname="" time="0.000"></testcase>
		<testcase name="TestMCDC_SYS_REQ_050_Row4_SinglePolicy" classname="" time="0.000"></testcase>
		<testcase name="TestMCDC_SYS_REQ_050_Row5_MultiplePolicies" classname="" time="0.000"></testcase>
		<testcase name="TestMCDC_SYS_REQ_053_Row1_NoApply" classname="" time="0.000"></testcase>
		<testcase name="TestMCDC_SYS_REQ_053_Row2_ActivePolicy" classname="" time="0.000"></testcase>
		<testcase name="TestMCDC_SYS_REQ_053_Row3_Baseline" classname="" time="0.000"></testcase>
		<testcase name="TestMCDC_SYS_REQ_053_Row4_InactiveSet" classname="" time="0.000"></testcase>
		<testcase name="TestMCDC_SYS_REQ_054_Row1_NoAccessRights" classname="" time="0.000"></testcase>
		<testcase name="TestMCDC_SYS_REQ_054_Row2_NoApply" classname="" time="0.000"></testcase>
		<testcase name="TestMCDC_SYS_REQ_054_Row3_SinglePolicy" classname="" time="0.000"></testcase>
		<testcase name="TestMCDC_SYS_REQ_054_Row4_Baseline" classname="" time="0.000"></testcase>
		<testcase name="TestMCDC_SYS_REQ_054_Row5_ResultReturned" classname="" time="0.000"></testcase>
		<testcase name="TestMCDC_SYS_REQ_054_Row6_ErrorReported" classname="" time="0.000"></testcase>
		<testcase name="TestMCDC_SYS_REQ_013_PerAPI_AccessRights" classname="" time="0.000"></testcase>
		<testcase name="TestMCDC_SYS_REQ_014_PerAPI_QuotaApplied" classname="" time="0.000"></testcase>
		<testcase name="TestMCDC_SYS_REQ_015_PerAPI_RateLimitApplied" classname="" time="0.000"></testcase>
		<testcase name="TestMCDC_SYS_REQ_027_IdleState" classname="" time="0.000"></testcase>
		<testcase name="TestMCDC_SYS_REQ_030_Partition_AccessRights" classname="" time="0.000"></testcase>
		<testcase name="TestMCDC_SYS_REQ_030_Row6_PerAPI" classname="" time="0.000"></testcase>
		<testcase name="TestMCDC_SYS_REQ_031_Partition_Complexity" classname="" time="0.000"></testcase>
		<testcase name="TestMCDC_SYS_REQ_031_Row6_PerAPI" classname="" time="0.000"></testcase>
		<testcase name="TestMCDC_SYS_REQ_032_PerAPI_Complexity" classname="" time="0.000"></testcase>
		<testcase name="TestMCDC_SYS_REQ_021_Row2_Baseline" classname="" time="0.000"></testcase>
		<testcase name="TestMCDC_SYS_REQ_021_Row6_PolicyEmpty" classname="" time="0.000"></testcase>
		<testcase name="TestMCDC_SYS_REQ_021_Row7_APIEmpty" classname="" time="0.000"></testcase>
		<testcase name="TestMCDC_SYS_REQ_041_Row3_Baseline" classname="" time="0.000"></testcase>
		<testcase name="TestMCDC_SYS_REQ_041_Row6_PolicyEmpty" classname="" time="0.000"></testcase>
		<testcase name="TestSpec_MetadataMerged" classname="" time="0.000"></testcase>
		<testcase name="TestSpec_ClearSession/clear_resets_values_for_existing_policy" classname="" time="0.000"></testcase>
		<testcase name="TestSpec_ClearSession/clear_errors_for_missing_policy" classname="" time="0.000"></testcase>
		<testcase name="TestSpec_ClearSession" classname="" time="0.000"></testcase>
		<testcase name="TestSpec_MutualExclusivity_ErrorAndAccess/success_means_no_error" classname="" time="0.000"></testcase>
		<testcase name="TestSpec_MutualExclusivity_ErrorAndAccess/error_means_no_access_rights" classname="" time="0.000"></testcase>
		<testcase name="TestSpec_MutualExclusivity_ErrorAndAccess" classname="" time="0.000"></testcase>
		<testcase name="TestProperty_FromFixtures/quota_applied/quota_applied_highest_first_higher" classname="" time="0.000"></testcase>
		<testcase name="TestProperty_FromFixtures/quota_applied/quota_applied_highest_second_higher" classname="" time="0.000"></testcase>
		<testcase name="TestProperty_FromFixtures/quota_applied/quota_applied_highest_equal" classname="" time="0.000"></testcase>
		<testcase name="TestProperty_FromFixtures/quota_applied/quota_applied_highest_zero_values" classname="" time="0.000"></testcase>
		<testcase name="TestProperty_FromFixtures/quota_applied/quota_applied_highest_negative" classname="" time="0.000"></testcase>
		<testcase name="TestProperty_FromFixtures/quota_applied/quota_applied_highest_single" classname="" time="0.000">
			<skipped message="Skipped"></skipped>
		</testcase>
		<testcase name="TestProperty_FromFixtures/quota_applied/quota_applied_special_unlimited_in_first" classname="" time="0.000"></testcase>
		<testcase name="TestProperty_FromFixtures/quota_applied/quota_applied_special_unlimited_in_second" classname="" time="0.000"></testcase>
		<testcase name="TestProperty_FromFixtures/quota_applied/quota_applied_special_unlimited_in_both" classname="" time="0.000"></testcase>
		<testcase name="TestProperty_FromFixtures/quota_applied/quota_applied_special_unlimited_in_neither" classname="" time="0.000"></testcase>
		<testcase name="TestProperty_FromFixtures/quota_applied" classname="" time="0.000"></testcase>
		<testcase name="TestProperty_FromFixtures/complexity_applied/complexity_applied_highest_first_higher" classname="" time="0.000"></testcase>
		<testcase name="TestProperty_FromFixtures/complexity_applied/complexity_applied_highest_second_higher" classname="" time="0.000"></testcase>
		<testcase name="TestProperty_FromFixtures/complexity_applied/complexity_applied_highest_equal" classname="" time="0.000"></testcase>
		<testcase name="TestProperty_FromFixtures/complexity_applied/complexity_applied_highest_zero_values" classname="" time="0.000"></testcase>
		<testcase name="TestProperty_FromFixtures/complexity_applied/complexity_applied_highest_negative" classname="" time="0.000"></testcase>
		<testcase name="TestProperty_FromFixtures/complexity_applied/complexity_applied_highest_single" classname="" time="0.000">
			<skipped message="Skipped"></skipped>
		</testcase>
		<testcase name="TestProperty_FromFixtures/complexity_applied/complexity_applied_special_unlimited_in_first" classname="" time="0.000"></testcase>
		<testcase name="TestProperty_FromFixtures/complexity_applied/complexity_applied_special_unlimited_in_second" classname="" time="0.000"></testcase>
		<testcase name="TestProperty_FromFixtures/complexity_applied/complexity_applied_special_unlimited_in_both" classname="" time="0.000"></testcase>
		<testcase name="TestProperty_FromFixtures/complexity_applied/complexity_applied_special_unlimited_in_neither" classname="" time="0.000"></testcase>
		<testcase name="TestProperty_FromFixtures/complexity_applied" classname="" time="0.000"></testcase>
		<testcase name="TestProperty_FromFixtures/tags_merged/tags_merged_union_basic" classname="" time="0.000"></testcase>
		<testcase name="TestProperty_FromFixtures/tags_merged/tags_merged_union_empty_first" classname="" time="0.000"></testcase>
		<testcase name="TestProperty_FromFixtures/tags_merged/tags_merged_union_empty_second" classname="" time="0.000"></testcase>
		<testcase name="TestProperty_FromFixtures/tags_merged/tags_merged_union_both_empty" classname="" time="0.000"></testcase>
		<testcase name="TestProperty_FromFixtures/tags_merged/tags_merged_union_identical" classname="" time="0.000"></testcase>
		<testcase name="TestProperty_FromFixtures/tags_merged/tags_merged_union_single_input" classname="" time="0.000"></testcase>
		<testcase name="TestProperty_FromFixtures/tags_merged/tags_merged_union_disjoint" classname="" time="0.000"></testcase>
		<testcase name="TestProperty_FromFixtures/tags_merged/tags_merged_union_dedup" classname="" time="0.000"></testcase>
		<testcase name="TestProperty_FromFixtures/tags_merged/tags_merged_commutative_union" classname="" time="0.000"></testcase>
		<testcase name="TestProperty_FromFixtures/tags_merged" classname="" time="0.000"></testcase>
		<testcase name="TestProperty_FromFixtures/rate_limit_applied/rate_limit_applied_highest_first_higher" classname="" time="0.000"></testcase>
		<testcase name="TestProperty_FromFixtures/rate_limit_applied/rate_limit_applied_highest_second_higher" classname="" time="0.000"></testcase>
		<testcase name="TestProperty_FromFixtures/rate_limit_applied/rate_limit_applied_highest_equal" classname="" time="0.000"></testcase>
		<testcase name="TestProperty_FromFixtures/rate_limit_applied/rate_limit_applied_highest_zero_values" classname="" time="0.000">
			<skipped message="Skipped"></skipped>
		</testcase>
		<testcase name="TestProperty_FromFixtures/rate_limit_applied/rate_limit_applied_highest_negative" classname="" time="0.000">
			<skipped message="Skipped"></skipped>
		</testcase>
		<testcase name="TestProperty_FromFixtures/rate_limit_applied/rate_limit_applied_highest_single" classname="" time="0.000">
			<skipped message="Skipped"></skipped>
		</testcase>
		<testcase name="TestProperty_FromFixtures/rate_limit_applied/rate_limit_applied_highest_by_duration_first" classname="" time="0.000"></testcase>
		<testcase name="TestProperty_FromFixtures/rate_limit_applied/rate_limit_applied_highest_by_duration_second" classname="" time="0.000"></testcase>
		<testcase name="TestProperty_FromFixtures/rate_limit_applied" classname="" time="0.000"></testcase>
		<testcase name="TestProperty_FromFixtures" classname="" time="0.000"></testcase>
		<testcase name="TestProperty_Tags_Dedup" classname="" time="0.000"></testcase>
		<testcase name="TestProperty_Tags_Commutativity" classname="" time="0.000"></testcase>
		<testcase name="TestProperty_RateLimit_HighestWins_ByDuration/higher_rate_same_period" classname="" time="0.000"></testcase>
		<testcase name="TestProperty_RateLimit_HighestWins_ByDuration/different_periods_-_shorter_duration_wins" classname="" time="0.000"></testcase>
		<testcase name="TestProperty_RateLimit_HighestWins_ByDuration/lower_rate_is_NOT_applied" classname="" time="0.000"></testcase>
		<testcase name="TestProperty_RateLimit_HighestWins_ByDuration/empty_policy_rate_is_skipped" classname="" time="0.000"></testcase>
		<testcase name="TestProperty_RateLimit_HighestWins_ByDuration" classname="" time="0.000"></testcase>
		<testcase name="TestProperty_Quota_HighestWins/higher_numeric_quota_wins" classname="" time="0.000"></testcase>
		<testcase name="TestProperty_Quota_HighestWins/unlimited_-1_always_wins_over_positive" classname="" time="0.000"></testcase>
		<testcase name="TestProperty_Quota_HighestWins/unlimited_-1_first_also_wins" classname="" time="0.000"></testcase>
		<testcase name="TestProperty_Quota_HighestWins/both_unlimited_stays_unlimited" classname="" time="0.000"></testcase>
		<testcase name="TestProperty_Quota_HighestWins" classname="" time="0.000"></testcase>
		<testcase name="TestProperty_AccessRights_NestedURLUnion" classname="" time="0.000"></testcase>
		<testcase name="TestProperty_AccessRights_VersionUnion" classname="" time="0.000"></testcase>
		<testcase name="TestProperty_Metadata_CombineByKey/disjoint_keys_are_all_present" classname="" time="0.000"></testcase>
		<testcase name="TestProperty_Metadata_CombineByKey/overlapping_keys:_last_policy_wins" classname="" time="0.000"></testcase>
		<testcase name="TestProperty_Metadata_CombineByKey/session_existing_metadata_preserved_when_no_conflict" classname="" time="0.000"></testcase>
		<testcase name="TestProperty_Metadata_CombineByKey" classname="" time="0.000"></testcase>
		<testcase name="TestProperty_Endpoints_CombineHighest/overlapping_endpoint_-_higher_rate_wins" classname="" time="0.000"></testcase>
		<testcase name="TestProperty_Endpoints_CombineHighest/disjoint_endpoints_are_both_present" classname="" time="0.000"></testcase>
		<testcase name="TestProperty_Endpoints_CombineHighest/empty_current_endpoints_returns_policy_endpoints" classname="" time="0.000"></testcase>
		<testcase name="TestProperty_Endpoints_CombineHighest/empty_policy_endpoints_returns_current_endpoints" classname="" time="0.000"></testcase>
		<testcase name="TestProperty_Endpoints_CombineHighest/equal_duration_picks_higher_raw_rate" classname="" time="0.000"></testcase>
		<testcase name="TestProperty_Endpoints_CombineHighest" classname="" time="0.000"></testcase>
		<testcase name="TestProperty_MergeAllowedURLs_Union/methods_are_unioned_per_URL" classname="" time="0.000"></testcase>
		<testcase name="TestProperty_MergeAllowedURLs_Union/disjoint_URLs_produce_union" classname="" time="0.000"></testcase>
		<testcase name="TestProperty_MergeAllowedURLs_Union/empty_+_non-empty_returns_non-empty" classname="" time="0.000"></testcase>
		<testcase name="TestProperty_MergeAllowedURLs_Union/both_empty_returns_nil" classname="" time="0.000"></testcase>
		<testcase name="TestProperty_MergeAllowedURLs_Union/order_preserved" classname="" time="0.000"></testcase>
		<testcase name="TestProperty_MergeAllowedURLs_Union" classname="" time="0.000"></testcase>
		<testcase name="TestProperty_ClearSession_PartitionBehavior/quota_partition_only_clears_quota" classname="" time="0.000"></testcase>
		<testcase name="TestProperty_ClearSession_PartitionBehavior/rate_limit_partition_only_clears_rate" classname="" time="0.000"></testcase>
		<testcase name="TestProperty_ClearSession_PartitionBehavior/complexity_partition_only_clears_depth" classname="" time="0.000"></testcase>
		<testcase name="TestProperty_ClearSession_PartitionBehavior/no_partitions_clears_everything" classname="" time="0.000"></testcase>
		<testcase name="TestProperty_ClearSession_PartitionBehavior" classname="" time="0.000"></testcase>
		<testcase name="TestProperty_MasterPolicy_SessionLevelValues" classname="" time="0.000"></testcase>
		<testcase name="TestProperty_HMACEnabled_StickyTrue" classname="" time="0.000"></testcase>
		<testcase name="TestProperty_LastUpdated_HighestWins" classname="" time="0.000"></testcase>
		<testcase name="TestSpec_Issue1_TagsNotMergedOnError/tags_not_merged_when_single_policy_not_found" classname="" time="0.000"></testcase>
		<testcase name="TestSpec_Issue1_TagsNotMergedOnError/tags_not_merged_when_org_mismatch" classname="" time="0.000"></testcase>
		<testcase name="TestSpec_Issue1_TagsNotMergedOnError" classname="" time="0.000"></testcase>
		<testcase name="TestSpec_Issue1_MetadataNotMergedOnError/metadata_not_merged_when_single_policy_not_found" classname="" time="0.000"></testcase>
		<testcase name="TestSpec_Issue1_MetadataNotMergedOnError/metadata_not_merged_when_org_mismatch" classname="" time="0.000"></testcase>
		<testcase name="TestSpec_Issue1_MetadataNotMergedOnError" classname="" time="0.000"></testcase>
		<testcase name="TestSpec_Issue1_SessionInactiveNotSetOnError" classname="" time="0.000"></testcase>
		<testcase name="TestSpec_Issue2_AllPoliciesMissing" classname="" time="0.000"></testcase>
		<testcase name="TestSpec_Issue3_EqualRateLimits/equal_duration_does_NOT_overwrite" classname="" time="0.000"></testcase>
		<testcase name="TestSpec_Issue3_EqualRateLimits/equal_duration_with_different_rate/per_values" classname="" time="0.000"></testcase>
		<testcase name="TestSpec_Issue3_EqualRateLimits" classname="" time="0.000"></testcase>
		<testcase name="TestSpec_Issue4_NilStore/nil_store_panics_or_errors_on_Apply" classname="" time="0.000"></testcase>
		<testcase name="TestSpec_Issue4_NilStore" classname="" time="0.000"></testcase>
		<testcase name="TestSpec_Issue6_MetadataIterationOrder" classname="" time="0.000"></testcase>
		<testcase name="TestSpec_Issue7_PerformanceBound" classname="" time="0.000"></testcase>
		<testcase name="TestSpec_Issue2_AllPoliciesMissing_MultiplePolicies" classname="" time="0.000"></testcase>
		<testcase name="TestSpec_Issue1_TagsMergedOnPartialError" classname="" time="0.000"></testcase>
		<testcase name="TestSpec_NilStore_ClearSession" classname="" time="0.000"></testcase>
		<testcase name="TestSpec_InactivePolicy_ORAccumulation/one_inactive_policy_makes_session_inactive" classname="" time="0.000"></testcase>
		<testcase name="TestSpec_InactivePolicy_ORAccumulation/all_active_policies_keep_session_active" classname="" time="0.000"></testcase>
		<testcase name="TestSpec_InactivePolicy_ORAccumulation" classname="" time="0.000"></testcase>
		<testcase name="TestSpec_MixedModeAcrossPolicies" classname="" time="0.000"></testcase>
		<testcase name="TestSpec_SentinelValues_UnlimitedAlwaysWins/quota_-1_wins_over_max_int64" classname="" time="0.000"></testcase>
		<testcase name="TestSpec_SentinelValues_UnlimitedAlwaysWins/complexity_-1_wins_over_large_depth" classname="" time="0.000"></testcase>
		<testcase name="TestSpec_SentinelValues_UnlimitedAlwaysWins" classname="" time="0.000"></testcase>
		<testcase name="TestSpec_EmptyPolicyList_PreservesSession" classname="" time="0.000"></testcase>
		<testcase name="TestSpec_SinglePolicyProvided_Applied" classname="" time="0.000"></testcase>
		<testcase name="TestSpec_MultiplePolicies_Provided" classname="" time="0.000"></testcase>
		<testcase name="TestSpec_SomePoliciesMissing_NoError" classname="" time="0.000"></testcase>
		<testcase name="TestSpec_ValidStore_NoError" classname="" time="0.000"></testcase>
		<testcase name="TestSpec_InactivePolicy_NotSet_WhenError" classname="" time="0.000"></testcase>
		<testcase name="TestSpec_MultiplePolicies_NoMixedMode_Success" classname="" time="0.000"></testcase>
		<testcase name="TestSpec_SinglePolicy_NoMixedModeCheck" classname="" time="0.000"></testcase>
		<testcase name="TestAssumption_ApplyWithPolicies" classname="" time="0.000"></testcase>
		<testcase name="TestAssumption_MutuallyExclusiveModes" classname="" time="0.000"></testcase>
		<testcase name="TestAssumption_ClearThenApply_Sequential" classname="" time="0.000"></testcase>
		<testcase name="TestAssumption_PolicyExistsAndHasRights" classname="" time="0.000"></testcase>
		<testcase name="TestAssumption_ZeroRateNeverHigher" classname="" time="0.000"></testcase>
		<testcase name="TestAssumption_MultiplePoliciesImpliesProvided" classname="" time="0.000"></testcase>
		<testcase name="TestAssumption_APILimitEmptiness_DuringApply" classname="" time="0.000"></testcase>
		<testcase name="TestAssumption_AllMissingRequiresMultiple" classname="" time="0.000"></testcase>
		<testcase name="TestAssumption_NilStoreNoPolicyFound" classname="" time="0.000"></testcase>
		<testcase name="TestMergeAllowedURLs" classname="" time="0.000"></testcase>
		<testcase name="TestZ3_AllProperties/quota_applied/quota_applied_z3_highest_a_gt_b" classname="" time="0.000"></testcase>
		<testcase name="TestZ3_AllProperties/quota_applied/quota_applied_z3_highest_a_lt_b" classname="" time="0.000"></testcase>
		<testcase name="TestZ3_AllProperties/quota_applied/quota_applied_z3_highest_equal" classname="" time="0.000"></testcase>
		<testcase name="TestZ3_AllProperties/quota_applied/quota_applied_z3_highest_zero_boundary" classname="" time="0.000"></testcase>
		<testcase name="TestZ3_AllProperties/quota_applied/quota_applied_z3_highest_negative_boundary" classname="" time="0.000"></testcase>
		<testcase name="TestZ3_AllProperties/quota_applied/quota_applied_z3_highest_large_values" classname="" time="0.000"></testcase>
		<testcase name="TestZ3_AllProperties/quota_applied/quota_applied_z3_special_-1_in_first" classname="" time="0.000"></testcase>
		<testcase name="TestZ3_AllProperties/quota_applied/quota_applied_z3_special_-1_in_second" classname="" time="0.000"></testcase>
		<testcase name="TestZ3_AllProperties/quota_applied/quota_applied_z3_special_-1_in_both" classname="" time="0.000"></testcase>
		<testcase name="TestZ3_AllProperties/quota_applied/quota_applied_z3_special_-1_in_neither" classname="" time="0.000"></testcase>
		<testcase name="TestZ3_AllProperties/quota_applied" classname="" time="0.000"></testcase>
		<testcase name="TestZ3_AllProperties/complexity_applied/complexity_applied_z3_highest_a_gt_b" classname="" time="0.000"></testcase>
		<testcase name="TestZ3_AllProperties/complexity_applied/complexity_applied_z3_highest_a_lt_b" classname="" time="0.000"></testcase>
		<testcase name="TestZ3_AllProperties/complexity_applied/complexity_applied_z3_highest_equal" classname="" time="0.000"></testcase>
		<testcase name="TestZ3_AllProperties/complexity_applied/complexity_applied_z3_highest_zero_boundary" classname="" time="0.000"></testcase>
		<testcase name="TestZ3_AllProperties/complexity_applied/complexity_applied_z3_highest_negative_boundary" classname="" time="0.000"></testcase>
		<testcase name="TestZ3_AllProperties/complexity_applied/complexity_applied_z3_highest_large_values" classname="" time="0.000"></testcase>
		<testcase name="TestZ3_AllProperties/complexity_applied/complexity_applied_z3_special_-1_in_first" classname="" time="0.000"></testcase>
		<testcase name="TestZ3_AllProperties/complexity_applied/complexity_applied_z3_special_-1_in_second" classname="" time="0.000"></testcase>
		<testcase name="TestZ3_AllProperties/complexity_applied/complexity_applied_z3_special_-1_in_both" classname="" time="0.000"></testcase>
		<testcase name="TestZ3_AllProperties/complexity_applied/complexity_applied_z3_special_-1_in_neither" classname="" time="0.000"></testcase>
		<testcase name="TestZ3_AllProperties/complexity_applied" classname="" time="0.000"></testcase>
		<testcase name="TestZ3_AllProperties/tags_merged/tags_merged_z3_union_overlapping" classname="" time="0.000"></testcase>
		<testcase name="TestZ3_AllProperties/tags_merged/tags_merged_z3_union_disjoint" classname="" time="0.000"></testcase>
		<testcase name="TestZ3_AllProperties/tags_merged/tags_merged_z3_union_identical" classname="" time="0.000"></testcase>
		<testcase name="TestZ3_AllProperties/tags_merged" classname="" time="0.000"></testcase>
		<testcase name="TestZ3_AllProperties/metadata_merged/metadata_merged_z3_combine_overlapping_keys" classname="" time="0.000"></testcase>
		<testcase name="TestZ3_AllProperties/metadata_merged/metadata_merged_z3_combine_disjoint_keys" classname="" time="0.000"></testcase>
		<testcase name="TestZ3_AllProperties/metadata_merged" classname="" time="0.000"></testcase>
		<testcase name="TestZ3_AllProperties/rate_limit_applied/rate_limit_applied_z3_highest_a_gt_b" classname="" time="0.000">
			<skipped message="Skipped"></skipped>
		</testcase>
		<testcase name="TestZ3_AllProperties/rate_limit_applied/rate_limit_applied_z3_highest_a_lt_b" classname="" time="0.000">
			<skipped message="Skipped"></skipped>
		</testcase>
		<testcase name="TestZ3_AllProperties/rate_limit_applied/rate_limit_applied_z3_highest_equal" classname="" time="0.000"></testcase>
		<testcase name="TestZ3_AllProperties/rate_limit_applied/rate_limit_applied_z3_highest_zero_boundary" classname="" time="0.000">
			<skipped message="Skipped"></skipped>
		</testcase>
		<testcase name="TestZ3_AllProperties/rate_limit_applied/rate_limit_applied_z3_highest_negative_boundary" classname="" time="0.000">
			<skipped message="Skipped"></skipped>
		</testcase>
		<testcase name="TestZ3_AllProperties/rate_limit_applied/rate_limit_applied_z3_highest_large_values" classname="" time="0.000"></testcase>
		<testcase name="TestZ3_AllProperties/rate_limit_applied" classname="" time="0.000"></testcase>
		<testcase name="TestZ3_AllProperties" classname="" time="0.000"></testcase>
		<testcase name="TestZ3_QuotaBoundary_ZeroVsNegative" classname="" time="0.000"></testcase>
		<testcase name="TestZ3_ComplexityBoundary_ZeroVsNegative" classname="" time="0.000"></testcase>
		<testcase name="TestZ3_QuotaBoundary_NegativeVsNegative" classname="" time="0.000"></testcase>
		<system-out><![CDATA[{"Time":"2026-04-19T22:27:29.288058+03:00","Action":"start","Package":"github.com/TykTechnologies/tyk/internal/policy"}
{"Time":"2026-04-19T22:27:29.537121+03:00","Action":"run","Package":"github.com/TykTechnologies/tyk/internal/policy","Test":"TestApplyRateLimits_PolicyLimits"}
{"Time":"2026-04-19T22:27:29.537146+03:00","Action":"output","Package":"github.com/TykTechnologies/tyk/internal/policy","Test":"TestApplyRateLimits_PolicyLimits","Output":"=== RUN   TestApplyRateLimits_PolicyLimits\n"}
{"Time":"2026-04-19T22:27:29.537172+03:00","Action":"run","Package":"github.com/TykTechnologies/tyk/internal/policy","Test":"TestApplyRateLimits_PolicyLimits/policy_limits_unset"}
{"Time":"2026-04-19T22:27:29.537177+03:00","Action":"output","Package":"github.com/TykTechnologies/tyk/internal/policy","Test":"TestApplyRateLimits_PolicyLimits/policy_limits_unset","Output":"=== RUN   TestApplyRateLimits_PolicyLimits/policy_limits_unset\n"}
{"Time":"2026-04-19T22:27:29.537286+03:00","Action":"output","Package":"github.com/TykTechnologies/tyk/internal/policy","Test":"TestApplyRateLimits_PolicyLimits/policy_limits_unset","Output":"
{"Time":"2026-04-19T22:27:29.537296+03:00","Action":"pass","Package":"github.com/TykTechnologies/tyk/internal/policy","Test":"TestApplyRateLimits_PolicyLimits/policy_limits_unset","Elapsed":0}
{"Time":"2026-04-19T22:27:29.5373+03:00","Action":"run","Package":"github.com/TykTechnologies/tyk/internal/policy","Test":"TestApplyRateLimits_PolicyLimits/policy_limits_apply_all"}
{"Time":"2026-04-19T22:27:29.537306+03:00","Action":"output","Package":"github.com/TykTechnologies/tyk/internal/policy","Test":"TestApplyRateLimits_PolicyLimits/policy_limits_apply_all","Output":"=== RUN   TestApplyRateLimits_PolicyLimits/policy_limits_apply_all\n"}
{"Time":"2026-04-19T22:27:29.53733+03:00","Action":"output","Package":"github.com/TykTechnologies/tyk/internal/policy","Test":"TestApplyRateLimits_PolicyLimits/policy_limits_apply_all","Output":"
{"Time":"2026-04-19T22:27:29.537341+03:00","Action":"pass","Package":"github.com/TykTechnologies/tyk/internal/policy","Test":"TestApplyRateLimits_PolicyLimits/policy_limits_apply_all","Elapsed":0}
{"Time":"2026-04-19T22:27:29.537359+03:00","Action":"run","Package":"github.com/TykTechnologies/tyk/internal/policy","Test":"TestApplyRateLimits_PolicyLimits/policy_limits_apply_per-api"}
{"Time":"2026-04-19T22:27:29.537362+03:00","Action":"output","Package":"github.com/TykTechnologies/tyk/internal/policy","Test":"TestApplyRateLimits_PolicyLimits/policy_limits_apply_per-api","Output":"=== RUN   TestApplyRateLimits_PolicyLimits/policy_limits_apply_per-api\n"}
{"Time":"2026-04-19T22:27:29.53738+03:00","Action":"output","Package":"github.com/TykTechnologies/tyk/internal/policy","Test":"TestApplyRateLimits_PolicyLimits/policy_limits_apply_per-api","Output":"
{"Time":"2026-04-19T22:27:29.537385+03:00","Action":"pass","Package":"github.com/TykTechnologies/tyk/internal/policy","Test":"TestApplyRateLimits_PolicyLimits/policy_limits_apply_per-api","Elapsed":0}
{"Time":"2026-04-19T22:27:29.537392+03:00","Action":"run","Package":"github.com/TykTechnologies/tyk/internal/policy","Test":"TestApplyRateLimits_PolicyLimits/policy_limits_skip"}
{"Time":"2026-04-19T22:27:29.537393+03:00","Action":"output","Package":"github.com/TykTechnologies/tyk/internal/policy","Test":"TestApplyRateLimits_PolicyLimits/policy_limits_skip","Output":"=== RUN   TestApplyRateLimits_PolicyLimits/policy_limits_skip\n"}
{"Time":"2026-04-19T22:27:29.537418+03:00","Action":"output","Package":"github.com/TykTechnologies/tyk/internal/policy","Test":"TestApplyRateLimits_PolicyLimits/policy_limits_skip","Output":"
{"Time":"2026-04-19T22:27:29.537425+03:00","Action":"pass","Package":"github.com/TykTechnologies/tyk/internal/policy","Test":"TestApplyRateLimits_PolicyLimits/policy_limits_skip","Elapsed":0}
{"Time":"2026-04-19T22:27:29.537486+03:00","Action":"output","Package":"github.com/TykTechnologies/tyk/internal/policy","Test":"TestApplyRateLimits_PolicyLimits","Output":"
{"Time":"2026-04-19T22:27:29.537496+03:00","Action":"pass","Package":"github.com/TykTechnologies/tyk/internal/policy","Test":"TestApplyRateLimits_PolicyLimits","Elapsed":0}
{"Time":"2026-04-19T22:27:29.537503+03:00","Action":"run","Package":"github.com/TykTechnologies/tyk/internal/policy","Test":"TestApplyRateLimits_FromCustomPolicies"}
{"Time":"2026-04-19T22:27:29.537504+03:00","Action":"output","Package":"github.com/TykTechnologies/tyk/internal/policy","Test":"TestApplyRateLimits_FromCustomPolicies","Output":"=== RUN   TestApplyRateLimits_FromCustomPolicies\n"}
{"Time":"2026-04-19T22:27:29.538274+03:00","Action":"output","Package":"github.com/TykTechnologies/tyk/internal/policy","Test":"TestApplyRateLimits_FromCustomPolicies","Output":"
{"Time":"2026-04-19T22:27:29.538278+03:00","Action":"pass","Package":"github.com/TykTechnologies/tyk/internal/policy","Test":"TestApplyRateLimits_FromCustomPolicies","Elapsed":0}
{"Time":"2026-04-19T22:27:29.538295+03:00","Action":"run","Package":"github.com/TykTechnologies/tyk/internal/policy","Test":"TestApplyACL_FromCustomPolicies"}
{"Time":"2026-04-19T22:27:29.538296+03:00","Action":"output","Package":"github.com/TykTechnologies/tyk/internal/policy","Test":"TestApplyACL_FromCustomPolicies","Output":"=== RUN   TestApplyACL_FromCustomPolicies\n"}
{"Time":"2026-04-19T22:27:29.538308+03:00","Action":"run","Package":"github.com/TykTechnologies/tyk/internal/policy","Test":"TestApplyACL_FromCustomPolicies/RateLimit_first"}
{"Time":"2026-04-19T22:27:29.538313+03:00","Action":"output","Package":"github.com/TykTechnologies/tyk/internal/policy","Test":"TestApplyACL_FromCustomPolicies/RateLimit_first","Output":"=== RUN   TestApplyACL_FromCustomPolicies/RateLimit_first\n"}
{"Time":"2026-04-19T22:27:29.538691+03:00","Action":"output","Package":"github.com/TykTechnologies/tyk/internal/policy","Test":"TestApplyACL_FromCustomPolicies/RateLimit_first","Output":"
{"Time":"2026-04-19T22:27:29.538694+03:00","Action":"pass","Package":"github.com/TykTechnologies/tyk/internal/policy","Test":"TestApplyACL_FromCustomPolicies/RateLimit_first","Elapsed":0}
{"Time":"2026-04-19T22:27:29.538695+03:00","Action":"run","Package":"github.com/TykTechnologies/tyk/internal/policy","Test":"TestApplyACL_FromCustomPolicies/ACL_first"}
{"Time":"2026-04-19T22:27:29.538696+03:00","Action":"output","Package":"github.com/TykTechnologies/tyk/internal/policy","Test":"TestApplyACL_FromCustomPolicies/ACL_first","Output":"=== RUN   TestApplyACL_FromCustomPolicies/ACL_first\n"}
{"Time":"2026-04-19T22:27:29.539035+03:00","Action":"output","Package":"github.com/TykTechnologies/tyk/internal/policy","Test":"TestApplyACL_FromCustomPolicies/ACL_first","Output":"
{"Time":"2026-04-19T22:27:29.539039+03:00","Action":"pass","Package":"github.com/TykTechnologies/tyk/internal/policy","Test":"TestApplyACL_FromCustomPolicies/ACL_first","Elapsed":0}
{"Time":"2026-04-19T22:27:29.539063+03:00","Action":"output","Package":"github.com/TykTechnologies/tyk/internal/policy","Test":"TestApplyACL_FromCustomPolicies","Output":"
{"Time":"2026-04-19T22:27:29.539071+03:00","Action":"pass","Package":"github.com/TykTechnologies/tyk/internal/policy","Test":"TestApplyACL_FromCustomPolicies","Elapsed":0}
{"Time":"2026-04-19T22:27:29.539081+03:00","Action":"run","Package":"github.com/TykTechnologies/tyk/internal/policy","Test":"TestApplyEndpointLevelLimits"}
{"Time":"2026-04-19T22:27:29.539083+03:00","Action":"output","Package":"github.com/TykTechnologies/tyk/internal/policy","Test":"TestApplyEndpointLevelLimits","Output":"=== RUN   TestApplyEndpointLevelLimits\n"}
{"Time":"2026-04-19T22:27:29.539571+03:00","Action":"run","Package":"github.com/TykTechnologies/tyk/internal/policy","Test":"TestApplyEndpointLevelLimits/both_empty"}
{"Time":"2026-04-19T22:27:29.539574+03:00","Action":"output","Package":"github.com/TykTechnologies/tyk/internal/policy","Test":"TestApplyEndpointLevelLimits/both_empty","Output":"=== RUN   TestApplyEndpointLevelLimits/both_empty\n"}
{"Time":"2026-04-19T22:27:29.539601+03:00","Action":"output","Package":"github.com/TykTechnologies/tyk/internal/policy","Test":"TestApplyEndpointLevelLimits/both_empty","Output":"
{"Time":"2026-04-19T22:27:29.53961+03:00","Action":"pass","Package":"github.com/TykTechnologies/tyk/internal/policy","Test":"TestApplyEndpointLevelLimits/both_empty","Elapsed":0}
{"Time":"2026-04-19T22:27:29.539618+03:00","Action":"run","Package":"github.com/TykTechnologies/tyk/internal/policy","Test":"TestApplyEndpointLevelLimits/policy_endpoints_empty"}
{"Time":"2026-04-19T22:27:29.53962+03:00","Action":"output","Package":"github.com/TykTechnologies/tyk/internal/policy","Test":"TestApplyEndpointLevelLimits/policy_endpoints_empty","Output":"=== RUN   TestApplyEndpointLevelLimits/policy_endpoints_empty\n"}
{"Time":"2026-04-19T22:27:29.539673+03:00","Action":"output","Package":"github.com/TykTechnologies/tyk/internal/policy","Test":"TestApplyEndpointLevelLimits/policy_endpoints_empty","Output":"
{"Time":"2026-04-19T22:27:29.539678+03:00","Action":"pass","Package":"github.com/TykTechnologies/tyk/internal/policy","Test":"TestApplyEndpointLevelLimits/policy_endpoints_empty","Elapsed":0}
{"Time":"2026-04-19T22:27:29.539688+03:00","Action":"run","Package":"github.com/TykTechnologies/tyk/internal/policy","Test":"TestApplyEndpointLevelLimits/curr_endpoints_empty"}
{"Time":"2026-04-19T22:27:29.539694+03:00","Action":"output","Package":"github.com/TykTechnologies/tyk/internal/policy","Test":"TestApplyEndpointLevelLimits/curr_endpoints_empty","Output":"=== RUN   TestApplyEndpointLevelLimits/curr_endpoints_empty\n"}
{"Time":"2026-04-19T22:27:29.539713+03:00","Action":"output","Package":"github.com/TykTechnologies/tyk/internal/policy","Test":"TestApplyEndpointLevelLimits/curr_endpoints_empty","Output":"
{"Time":"2026-04-19T22:27:29.539721+03:00","Action":"pass","Package":"github.com/TykTechnologies/tyk/internal/policy","Test":"TestApplyEndpointLevelLimits/curr_endpoints_empty","Elapsed":0}
{"Time":"2026-04-19T22:27:29.539729+03:00","Action":"run","Package":"github.com/TykTechnologies/tyk/internal/policy","Test":"TestApplyEndpointLevelLimits/non_overlapping_endpoints"}
{"Time":"2026-04-19T22:27:29.53973+03:00","Action":"output","Package":"github.com/TykTechnologies/tyk/internal/policy","Test":"TestApplyEndpointLevelLimits/non_overlapping_endpoints","Output":"=== RUN   TestApplyEndpointLevelLimits/non_overlapping_endpoints\n"}
{"Time":"2026-04-19T22:27:29.539768+03:00","Action":"output","Package":"github.com/TykTechnologies/tyk/internal/policy","Test":"TestApplyEndpointLevelLimits/non_overlapping_endpoints","Output":"
{"Time":"2026-04-19T22:27:29.539779+03:00","Action":"pass","Package":"github.com/TykTechnologies/tyk/internal/policy","Test":"TestApplyEndpointLevelLimits/non_overlapping_endpoints","Elapsed":0}
{"Time":"2026-04-19T22:27:29.539783+03:00","Action":"run","Package":"github.com/TykTechnologies/tyk/internal/policy","Test":"TestApplyEndpointLevelLimits/overlapping_endpoints_with_different_limits_#1"}
{"Time":"2026-04-19T22:27:29.539784+03:00","Action":"output","Package":"github.com/TykTechnologies/tyk/internal/policy","Test":"TestApplyEndpointLevelLimits/overlapping_endpoints_with_different_limits_#1","Output":"=== RUN   TestApplyEndpointLevelLimits/overlapping_endpoints_with_different_limits_#1\n"}
{"Time":"2026-04-19T22:27:29.539823+03:00","Action":"output","Package":"github.com/TykTechnologies/tyk/internal/policy","Test":"TestApplyEndpointLevelLimits/overlapping_endpoints_with_different_limits_#1","Output":"
{"Time":"2026-04-19T22:27:29.539825+03:00","Action":"pass","Package":"github.com/TykTechnologies/tyk/internal/policy","Test":"TestApplyEndpointLevelLimits/overlapping_endpoints_with_different_limits_#1","Elapsed":0}
{"Time":"2026-04-19T22:27:29.53984+03:00","Action":"run","Package":"github.com/TykTechnologies/tyk/internal/policy","Test":"TestApplyEndpointLevelLimits/overlapping_endpoints_with_different_limits_#2"}
{"Time":"2026-04-19T22:27:29.539841+03:00","Action":"output","Package":"github.com/TykTechnologies/tyk/internal/policy","Test":"TestApplyEndpointLevelLimits/overlapping_endpoints_with_different_limits_#2","Output":"=== RUN   TestApplyEndpointLevelLimits/overlapping_endpoints_with_different_limits_#2\n"}
{"Time":"2026-04-19T22:27:29.539871+03:00","Action":"output","Package":"github.com/TykTechnologies/tyk/internal/policy","Test":"TestApplyEndpointLevelLimits/overlapping_endpoints_with_different_limits_#2","Output":"
{"Time":"2026-04-19T22:27:29.539876+03:00","Action":"pass","Package":"github.com/TykTechnologies/tyk/internal/policy","Test":"TestApplyEndpointLevelLimits/overlapping_endpoints_with_different_limits_#2","Elapsed":0}
{"Time":"2026-04-19T22:27:29.539892+03:00","Action":"run","Package":"github.com/TykTechnologies/tyk/internal/policy","Test":"TestApplyEndpointLevelLimits/overlapping_endpoints_with_same_limits"}
{"Time":"2026-04-19T22:27:29.539893+03:00","Action":"output","Package":"github.com/TykTechnologies/tyk/internal/policy","Test":"TestApplyEndpointLevelLimits/overlapping_endpoints_with_same_limits","Output":"=== RUN   TestApplyEndpointLevelLimits/overlapping_endpoints_with_same_limits\n"}
{"Time":"2026-04-19T22:27:29.539923+03:00","Action":"output","Package":"github.com/TykTechnologies/tyk/internal/policy","Test":"TestApplyEndpointLevelLimits/overlapping_endpoints_with_same_limits","Output":"
{"Time":"2026-04-19T22:27:29.539926+03:00","Action":"pass","Package":"github.com/TykTechnologies/tyk/internal/policy","Test":"TestApplyEndpointLevelLimits/overlapping_endpoints_with_same_limits","Elapsed":0}
{"Time":"2026-04-19T22:27:29.539945+03:00","Action":"output","Package":"github.com/TykTechnologies/tyk/internal/policy","Test":"TestApplyEndpointLevelLimits","Output":"
{"Time":"2026-04-19T22:27:29.539948+03:00","Action":"pass","Package":"github.com/TykTechnologies/tyk/internal/policy","Test":"TestApplyEndpointLevelLimits","Elapsed":0}
{"Time":"2026-04-19T22:27:29.539961+03:00","Action":"run","Package":"github.com/TykTechnologies/tyk/internal/policy","Test":"TestService_Apply"}
{"Time":"2026-04-19T22:27:29.539962+03:00","Action":"output","Package":"github.com/TykTechnologies/tyk/internal/policy","Test":"TestService_Apply","Output":"=== RUN   TestService_Apply\n"}
{"Time":"2026-04-19T22:27:29.543495+03:00","Action":"run","Package":"github.com/TykTechnologies/tyk/internal/policy","Test":"TestService_Apply/Empty"}
{"Time":"2026-04-19T22:27:29.543499+03:00","Action":"output","Package":"github.com/TykTechnologies/tyk/internal/policy","Test":"TestService_Apply/Empty","Output":"=== RUN   TestService_Apply/Empty\n"}
{"Time":"2026-04-19T22:27:29.54352+03:00","Action":"output","Package":"github.com/TykTechnologies/tyk/internal/policy","Test":"TestService_Apply/Empty","Output":"
{"Time":"2026-04-19T22:27:29.543531+03:00","Action":"pass","Package":"github.com/TykTechnologies/tyk/internal/policy","Test":"TestService_Apply/Empty","Elapsed":0}
{"Time":"2026-04-19T22:27:29.543541+03:00","Action":"run","Package":"github.com/TykTechnologies/tyk/internal/policy","Test":"TestService_Apply/Single"}
{"Time":"2026-04-19T22:27:29.543543+03:00","Action":"output","Package":"github.com/TykTechnologies/tyk/internal/policy","Test":"TestService_Apply/Single","Output":"=== RUN   TestService_Apply/Single\n"}
{"Time":"2026-04-19T22:27:29.543614+03:00","Action":"output","Package":"github.com/TykTechnologies/tyk/internal/policy","Test":"TestService_Apply/Single","Output":"
{"Time":"2026-04-19T22:27:29.543617+03:00","Action":"pass","Package":"github.com/TykTechnologies/tyk/internal/policy","Test":"TestService_Apply/Single","Elapsed":0}
{"Time":"2026-04-19T22:27:29.543618+03:00","Action":"run","Package":"github.com/TykTechnologies/tyk/internal/policy","Test":"TestService_Apply/Missing"}
{"Time":"2026-04-19T22:27:29.543619+03:00","Action":"output","Package":"github.com/TykTechnologies/tyk/internal/policy","Test":"TestService_Apply/Missing","Output":"=== RUN   TestService_Apply/Missing\n"}
{"Time":"2026-04-19T22:27:29.543822+03:00","Action":"output","Package":"github.com/TykTechnologies/tyk/internal/policy","Test":"TestService_Apply/Missing","Output":"time=\"2026-04-19T22:27:29+03:00\" level=warning msg=\"error clearing session\" error=\"policy not found: nonexistent\"\n"}
{"Time":"2026-04-19T22:27:29.543841+03:00","Action":"output","Package":"github.com/TykTechnologies/tyk/internal/policy","Test":"TestService_Apply/Missing","Output":"time=\"2026-04-19T22:27:29+03:00\" level=error msg=\"policy not found: \\\"nonexistent\\\"\"\n"}
{"Time":"2026-04-19T22:27:29.543858+03:00","Action":"output","Package":"github.com/TykTechnologies/tyk/internal/policy","Test":"TestService_Apply/Missing","Output":"
{"Time":"2026-04-19T22:27:29.543868+03:00","Action":"pass","Package":"github.com/TykTechnologies/tyk/internal/policy","Test":"TestService_Apply/Missing","Elapsed":0}
{"Time":"2026-04-19T22:27:29.54387+03:00","Action":"run","Package":"github.com/TykTechnologies/tyk/internal/policy","Test":"TestService_Apply/DiffOrg"}
{"Time":"2026-04-19T22:27:29.543871+03:00","Action":"output","Package":"github.com/TykTechnologies/tyk/internal/policy","Test":"TestService_Apply/DiffOrg","Output":"=== RUN   TestService_Apply/DiffOrg\n"}
{"Time":"2026-04-19T22:27:29.543924+03:00","Action":"output","Package":"github.com/TykTechnologies/tyk/internal/policy","Test":"TestService_Apply/DiffOrg","Output":"time=\"2026-04-19T22:27:29+03:00\" level=error msg=\"attempting to apply policy from different organisation to key, skipping\"\n"}
{"Time":"2026-04-19T22:27:29.543937+03:00","Action":"output","Package":"github.com/TykTechnologies/tyk/internal/policy","Test":"TestService_Apply/DiffOrg","Output":"
{"Time":"2026-04-19T22:27:29.543945+03:00","Action":"pass","Package":"github.com/TykTechnologies/tyk/internal/policy","Test":"TestService_Apply/DiffOrg","Elapsed":0}
{"Time":"2026-04-19T22:27:29.543954+03:00","Action":"run","Package":"github.com/TykTechnologies/tyk/internal/policy","Test":"TestService_Apply/MultiNonPart"}
{"Time":"2026-04-19T22:27:29.543956+03:00","Action":"output","Package":"github.com/TykTechnologies/tyk/internal/policy","Test":"TestService_Apply/MultiNonPart","Output":"=== RUN   TestService_Apply/MultiNonPart\n"}
{"Time":"2026-04-19T22:27:29.543996+03:00","Action":"output","Package":"github.com/TykTechnologies/tyk/internal/policy","Test":"TestService_Apply/MultiNonPart","Output":"time=\"2026-04-19T22:27:29+03:00\" level=warning msg=\"error clearing session\" error=\"policy not found: nonexistent\"\n"}
{"Time":"2026-04-19T22:27:29.544038+03:00","Action":"output","Package":"github.com/TykTechnologies/tyk/internal/policy","Test":"TestService_Apply/MultiNonPart","Output":"time=\"2026-04-19T22:27:29+03:00\" level=error msg=\"policy not found: \\\"nonexistent\\\"\"\n"}
{"Time":"2026-04-19T22:27:29.544098+03:00","Action":"output","Package":"github.com/TykTechnologies/tyk/internal/policy","Test":"TestService_Apply/MultiNonPart","Output":"
{"Time":"2026-04-19T22:27:29.544101+03:00","Action":"pass","Package":"github.com/TykTechnologies/tyk/internal/policy","Test":"TestService_Apply/MultiNonPart","Elapsed":0}
{"Time":"2026-04-19T22:27:29.54411+03:00","Action":"run","Package":"github.com/TykTechnologies/tyk/internal/policy","Test":"TestService_Apply/MultiACLPolicy"}
{"Time":"2026-04-19T22:27:29.544112+03:00","Action":"output","Package":"github.com/TykTechnologies/tyk/internal/policy","Test":"TestService_Apply/MultiACLPolicy","Output":"=== RUN   TestService_Apply/MultiACLPolicy\n"}
{"Time":"2026-04-19T22:27:29.544176+03:00","Action":"output","Package":"github.com/TykTechnologies/tyk/internal/policy","Test":"TestService_Apply/MultiACLPolicy","Output":"
{"Time":"2026-04-19T22:27:29.544179+03:00","Action":"pass","Package":"github.com/TykTechnologies/tyk/internal/policy","Test":"TestService_Apply/MultiACLPolicy","Elapsed":0}
{"Time":"2026-04-19T22:27:29.544191+03:00","Action":"run","Package":"github.com/TykTechnologies/tyk/internal/policy","Test":"TestService_Apply/QuotaPart_with_unlimited"}
{"Time":"2026-04-19T22:27:29.544193+03:00","Action":"output","Package":"github.com/TykTechnologies/tyk/internal/policy","Test":"TestService_Apply/QuotaPart_with_unlimited","Output":"=== RUN   TestService_Apply/QuotaPart_with_unlimited\n"}
{"Time":"2026-04-19T22:27:29.544237+03:00","Action":"output","Package":"github.com/TykTechnologies/tyk/internal/policy","Test":"TestService_Apply/QuotaPart_with_unlimited","Output":"
{"Time":"2026-04-19T22:27:29.54424+03:00","Action":"pass","Package":"github.com/TykTechnologies/tyk/internal/policy","Test":"TestService_Apply/QuotaPart_with_unlimited","Elapsed":0}
{"Time":"2026-04-19T22:27:29.544253+03:00","Action":"run","Package":"github.com/TykTechnologies/tyk/internal/policy","Test":"TestService_Apply/QuotaPart"}
{"Time":"2026-04-19T22:27:29.544254+03:00","Action":"output","Package":"github.com/TykTechnologies/tyk/internal/policy","Test":"TestService_Apply/QuotaPart","Output":"=== RUN   TestService_Apply/QuotaPart\n"}
{"Time":"2026-04-19T22:27:29.544289+03:00","Action":"output","Package":"github.com/TykTechnologies/tyk/internal/policy","Test":"TestService_Apply/QuotaPart","Output":"
{"Time":"2026-04-19T22:27:29.544291+03:00","Action":"pass","Package":"github.com/TykTechnologies/tyk/internal/policy","Test":"TestService_Apply/QuotaPart","Elapsed":0}
{"Time":"2026-04-19T22:27:29.544301+03:00","Action":"run","Package":"github.com/TykTechnologies/tyk/internal/policy","Test":"TestService_Apply/QuotaParts"}
{"Time":"2026-04-19T22:27:29.544302+03:00","Action":"output","Package":"github.com/TykTechnologies/tyk/internal/policy","Test":"TestService_Apply/QuotaParts","Output":"=== RUN   TestService_Apply/QuotaParts\n"}
{"Time":"2026-04-19T22:27:29.544341+03:00","Action":"output","Package":"github.com/TykTechnologies/tyk/internal/policy","Test":"TestService_Apply/QuotaParts","Output":"
{"Time":"2026-04-19T22:27:29.544344+03:00","Action":"pass","Package":"github.com/TykTechnologies/tyk/internal/policy","Test":"TestService_Apply/QuotaParts","Elapsed":0}
{"Time":"2026-04-19T22:27:29.544357+03:00","Action":"run","Package":"github.com/TykTechnologies/tyk/internal/policy","Test":"TestService_Apply/QuotaParts_with_acl"}
{"Time":"2026-04-19T22:27:29.544359+03:00","Action":"output","Package":"github.com/TykTechnologies/tyk/internal/policy","Test":"TestService_Apply/QuotaParts_with_acl","Output":"=== RUN   TestService_Apply/QuotaParts_with_acl\n"}
{"Time":"2026-04-19T22:27:29.544405+03:00","Action":"output","Package":"github.com/TykTechnologies/tyk/internal/policy","Test":"TestService_Apply/QuotaParts_with_acl","Output":"
{"Time":"2026-04-19T22:27:29.544408+03:00","Action":"pass","Package":"github.com/TykTechnologies/tyk/internal/policy","Test":"TestService_Apply/QuotaParts_with_acl","Elapsed":0}
{"Time":"2026-04-19T22:27:29.544419+03:00","Action":"run","Package":"github.com/TykTechnologies/tyk/internal/policy","Test":"TestService_Apply/QuotaPart_with_access_rights"}
{"Time":"2026-04-19T22:27:29.544421+03:00","Action":"output","Package":"github.com/TykTechnologies/tyk/internal/policy","Test":"TestService_Apply/QuotaPart_with_access_rights","Output":"=== RUN   TestService_Apply/QuotaPart_with_access_rights\n"}
{"Time":"2026-04-19T22:27:29.544464+03:00","Action":"output","Package":"github.com/TykTechnologies/tyk/internal/policy","Test":"TestService_Apply/QuotaPart_with_access_rights","Output":"
{"Time":"2026-04-19T22:27:29.544467+03:00","Action":"pass","Package":"github.com/TykTechnologies/tyk/internal/policy","Test":"TestService_Apply/QuotaPart_with_access_rights","Elapsed":0}
{"Time":"2026-04-19T22:27:29.54448+03:00","Action":"run","Package":"github.com/TykTechnologies/tyk/internal/policy","Test":"TestService_Apply/QuotaPart_with_access_rights_in_multi-policy"}
{"Time":"2026-04-19T22:27:29.544487+03:00","Action":"output","Package":"github.com/TykTechnologies/tyk/internal/policy","Test":"TestService_Apply/QuotaPart_with_access_rights_in_multi-policy","Output":"=== RUN   TestService_Apply/QuotaPart_with_access_rights_in_multi-policy\n"}
{"Time":"2026-04-19T22:27:29.54453+03:00","Action":"output","Package":"github.com/TykTechnologies/tyk/internal/policy","Test":"TestService_Apply/QuotaPart_with_access_rights_in_multi-policy","Output":"
{"Time":"2026-04-19T22:27:29.544534+03:00","Action":"pass","Package":"github.com/TykTechnologies/tyk/internal/policy","Test":"TestService_Apply/QuotaPart_with_access_rights_in_multi-policy","Elapsed":0}
{"Time":"2026-04-19T22:27:29.544545+03:00","Action":"run","Package":"github.com/TykTechnologies/tyk/internal/policy","Test":"TestService_Apply/RatePart_with_unlimited"}
{"Time":"2026-04-19T22:27:29.544554+03:00","Action":"output","Package":"github.com/TykTechnologies/tyk/internal/policy","Test":"TestService_Apply/RatePart_with_unlimited","Output":"=== RUN   TestService_Apply/RatePart_with_unlimited\n"}
{"Time":"2026-04-19T22:27:29.544579+03:00","Action":"output","Package":"github.com/TykTechnologies/tyk/internal/policy","Test":"TestService_Apply/RatePart_with_unlimited","Output":"
{"Time":"2026-04-19T22:27:29.544589+03:00","Action":"pass","Package":"github.com/TykTechnologies/tyk/internal/policy","Test":"TestService_Apply/RatePart_with_unlimited","Elapsed":0}
{"Time":"2026-04-19T22:27:29.544595+03:00","Action":"run","Package":"github.com/TykTechnologies/tyk/internal/policy","Test":"TestService_Apply/RatePart"}
{"Time":"2026-04-19T22:27:29.544596+03:00","Action":"output","Package":"github.com/TykTechnologies/tyk/internal/policy","Test":"TestService_Apply/RatePart","Output":"=== RUN   TestService_Apply/RatePart\n"}
{"Time":"2026-04-19T22:27:29.544638+03:00","Action":"output","Package":"github.com/TykTechnologies/tyk/internal/policy","Test":"TestService_Apply/RatePart","Output":"
{"Time":"2026-04-19T22:27:29.544641+03:00","Action":"pass","Package":"github.com/TykTechnologies/tyk/internal/policy","Test":"TestService_Apply/RatePart","Elapsed":0}
{"Time":"2026-04-19T22:27:29.544649+03:00","Action":"run","Package":"github.com/TykTechnologies/tyk/internal/policy","Test":"TestService_Apply/RateParts"}
{"Time":"2026-04-19T22:27:29.544651+03:00","Action":"output","Package":"github.com/TykTechnologies/tyk/internal/policy","Test":"TestService_Apply/RateParts","Output":"=== RUN   TestService_Apply/RateParts\n"}
{"Time":"2026-04-19T22:27:29.544697+03:00","Action":"output","Package":"github.com/TykTechnologies/tyk/internal/policy","Test":"TestService_Apply/RateParts","Output":"
{"Time":"2026-04-19T22:27:29.5447+03:00","Action":"pass","Package":"github.com/TykTechnologies/tyk/internal/policy","Test":"TestService_Apply/RateParts","Elapsed":0}
{"Time":"2026-04-19T22:27:29.544711+03:00","Action":"run","Package":"github.com/TykTechnologies/tyk/internal/policy","Test":"TestService_Apply/RateParts_with_acl"}
{"Time":"2026-04-19T22:27:29.544713+03:00","Action":"output","Package":"github.com/TykTechnologies/tyk/internal/policy","Test":"TestService_Apply/RateParts_with_acl","Output":"=== RUN   TestService_Apply/RateParts_with_acl\n"}
{"Time":"2026-04-19T22:27:29.54476+03:00","Action":"output","Package":"github.com/TykTechnologies/tyk/internal/policy","Test":"TestService_Apply/RateParts_with_acl","Output":"
{"Time":"2026-04-19T22:27:29.544763+03:00","Action":"pass","Package":"github.com/TykTechnologies/tyk/internal/policy","Test":"TestService_Apply/RateParts_with_acl","Elapsed":0}
{"Time":"2026-04-19T22:27:29.544774+03:00","Action":"run","Package":"github.com/TykTechnologies/tyk/internal/policy","Test":"TestService_Apply/RateParts_with_acl_respected_by_session"}
{"Time":"2026-04-19T22:27:29.544775+03:00","Action":"output","Package":"github.com/TykTechnologies/tyk/internal/policy","Test":"TestService_Apply/RateParts_with_acl_respected_by_session","Output":"=== RUN   TestService_Apply/RateParts_with_acl_respected_by_session\n"}
{"Time":"2026-04-19T22:27:29.544821+03:00","Action":"output","Package":"github.com/TykTechnologies/tyk/internal/policy","Test":"TestService_Apply/RateParts_with_acl_respected_by_session","Output":"
{"Time":"2026-04-19T22:27:29.544827+03:00","Action":"pass","Package":"github.com/TykTechnologies/tyk/internal/policy","Test":"TestService_Apply/RateParts_with_acl_respected_by_session","Elapsed":0}
{"Time":"2026-04-19T22:27:29.544836+03:00","Action":"run","Package":"github.com/TykTechnologies/tyk/internal/policy","Test":"TestService_Apply/Rate_with_no_partition_respected_by_session"}
{"Time":"2026-04-19T22:27:29.544837+03:00","Action":"output","Package":"github.com/TykTechnologies/tyk/internal/policy","Test":"TestService_Apply/Rate_with_no_partition_respected_by_session","Output":"=== RUN   TestService_Apply/Rate_with_no_partition_respected_by_session\n"}
{"Time":"2026-04-19T22:27:29.544881+03:00","Action":"output","Package":"github.com/TykTechnologies/tyk/internal/policy","Test":"TestService_Apply/Rate_with_no_partition_respected_by_session","Output":"
{"Time":"2026-04-19T22:27:29.544884+03:00","Action":"pass","Package":"github.com/TykTechnologies/tyk/internal/policy","Test":"TestService_Apply/Rate_with_no_partition_respected_by_session","Elapsed":0}
{"Time":"2026-04-19T22:27:29.5449+03:00","Action":"run","Package":"github.com/TykTechnologies/tyk/internal/policy","Test":"TestService_Apply/ComplexityPart_with_unlimited"}
{"Time":"2026-04-19T22:27:29.544902+03:00","Action":"output","Package":"github.com/TykTechnologies/tyk/internal/policy","Test":"TestService_Apply/ComplexityPart_with_unlimited","Output":"=== RUN   TestService_Apply/ComplexityPart_with_unlimited\n"}
{"Time":"2026-04-19T22:27:29.544932+03:00","Action":"output","Package":"github.com/TykTechnologies/tyk/internal/policy","Test":"TestService_Apply/ComplexityPart_with_unlimited","Output":"
{"Time":"2026-04-19T22:27:29.544935+03:00","Action":"pass","Package":"github.com/TykTechnologies/tyk/internal/policy","Test":"TestService_Apply/ComplexityPart_with_unlimited","Elapsed":0}
{"Time":"2026-04-19T22:27:29.544946+03:00","Action":"run","Package":"github.com/TykTechnologies/tyk/internal/policy","Test":"TestService_Apply/ComplexityPart"}
{"Time":"2026-04-19T22:27:29.544948+03:00","Action":"output","Package":"github.com/TykTechnologies/tyk/internal/policy","Test":"TestService_Apply/ComplexityPart","Output":"=== RUN   TestService_Apply/ComplexityPart\n"}
{"Time":"2026-04-19T22:27:29.544991+03:00","Action":"output","Package":"github.com/TykTechnologies/tyk/internal/policy","Test":"TestService_Apply/ComplexityPart","Output":"
{"Time":"2026-04-19T22:27:29.544993+03:00","Action":"pass","Package":"github.com/TykTechnologies/tyk/internal/policy","Test":"TestService_Apply/ComplexityPart","Elapsed":0}
{"Time":"2026-04-19T22:27:29.544995+03:00","Action":"run","Package":"github.com/TykTechnologies/tyk/internal/policy","Test":"TestService_Apply/ComplexityParts"}
{"Time":"2026-04-19T22:27:29.544997+03:00","Action":"output","Package":"github.com/TykTechnologies/tyk/internal/policy","Test":"TestService_Apply/ComplexityParts","Output":"=== RUN   TestService_Apply/ComplexityParts\n"}
{"Time":"2026-04-19T22:27:29.545041+03:00","Action":"output","Package":"github.com/TykTechnologies/tyk/internal/policy","Test":"TestService_Apply/ComplexityParts","Output":"
{"Time":"2026-04-19T22:27:29.545045+03:00","Action":"pass","Package":"github.com/TykTechnologies/tyk/internal/policy","Test":"TestService_Apply/ComplexityParts","Elapsed":0}
{"Time":"2026-04-19T22:27:29.545053+03:00","Action":"run","Package":"github.com/TykTechnologies/tyk/internal/policy","Test":"TestService_Apply/AclPart"}
{"Time":"2026-04-19T22:27:29.545054+03:00","Action":"output","Package":"github.com/TykTechnologies/tyk/internal/policy","Test":"TestService_Apply/AclPart","Output":"=== RUN   TestService_Apply/AclPart\n"}
{"Time":"2026-04-19T22:27:29.545102+03:00","Action":"output","Package":"github.com/TykTechnologies/tyk/internal/policy","Test":"TestService_Apply/AclPart","Output":"
{"Time":"2026-04-19T22:27:29.545105+03:00","Action":"pass","Package":"github.com/TykTechnologies/tyk/internal/policy","Test":"TestService_Apply/AclPart","Elapsed":0}
{"Time":"2026-04-19T22:27:29.545116+03:00","Action":"run","Package":"github.com/TykTechnologies/tyk/internal/policy","Test":"TestService_Apply/AclPart#01"}
{"Time":"2026-04-19T22:27:29.54512+03:00","Action":"output","Package":"github.com/TykTechnologies/tyk/internal/policy","Test":"TestService_Apply/AclPart#01","Output":"=== RUN   TestService_Apply/AclPart#01\n"}
{"Time":"2026-04-19T22:27:29.545176+03:00","Action":"output","Package":"github.com/TykTechnologies/tyk/internal/policy","Test":"TestService_Apply/AclPart#01","Output":"
{"Time":"2026-04-19T22:27:29.545179+03:00","Action":"pass","Package":"github.com/TykTechnologies/tyk/internal/policy","Test":"TestService_Apply/AclPart#01","Elapsed":0}
{"Time":"2026-04-19T22:27:29.545188+03:00","Action":"run","Package":"github.com/TykTechnologies/tyk/internal/policy","Test":"TestService_Apply/Acl_for_a_and_rate_for_a,b"}
{"Time":"2026-04-19T22:27:29.545189+03:00","Action":"output","Package":"github.com/TykTechnologies/tyk/internal/policy","Test":"TestService_Apply/Acl_for_a_and_rate_for_a,b","Output":"=== RUN   TestService_Apply/Acl_for_a_and_rate_for_a,b\n"}
{"Time":"2026-04-19T22:27:29.545249+03:00","Action":"output","Package":"github.com/TykTechnologies/tyk/internal/policy","Test":"TestService_Apply/Acl_for_a_and_rate_for_a,b","Output":"
{"Time":"2026-04-19T22:27:29.545252+03:00","Action":"pass","Package":"github.com/TykTechnologies/tyk/internal/policy","Test":"TestService_Apply/Acl_for_a_and_rate_for_a,b","Elapsed":0}
{"Time":"2026-04-19T22:27:29.545262+03:00","Action":"run","Package":"github.com/TykTechnologies/tyk/internal/policy","Test":"TestService_Apply/Acl_for_a,b_and_individual_rate_for_a,b"}
{"Time":"2026-04-19T22:27:29.545263+03:00","Action":"output","Package":"github.com/TykTechnologies/tyk/internal/policy","Test":"TestService_Apply/Acl_for_a,b_and_individual_rate_for_a,b","Output":"=== RUN   TestService_Apply/Acl_for_a,b_and_individual_rate_for_a,b\n"}
{"Time":"2026-04-19T22:27:29.545328+03:00","Action":"output","Package":"github.com/TykTechnologies/tyk/internal/policy","Test":"TestService_Apply/Acl_for_a,b_and_individual_rate_for_a,b","Output":"
{"Time":"2026-04-19T22:27:29.545332+03:00","Action":"pass","Package":"github.com/TykTechnologies/tyk/internal/policy","Test":"TestService_Apply/Acl_for_a,b_and_individual_rate_for_a,b","Elapsed":0}
{"Time":"2026-04-19T22:27:29.545342+03:00","Action":"run","Package":"github.com/TykTechnologies/tyk/internal/policy","Test":"TestService_Apply/RightsUpdate"}
{"Time":"2026-04-19T22:27:29.545344+03:00","Action":"output","Package":"github.com/TykTechnologies/tyk/internal/policy","Test":"TestService_Apply/RightsUpdate","Output":"=== RUN   TestService_Apply/RightsUpdate\n"}
{"Time":"2026-04-19T22:27:29.5454+03:00","Action":"output","Package":"github.com/TykTechnologies/tyk/internal/policy","Test":"TestService_Apply/RightsUpdate","Output":"
{"Time":"2026-04-19T22:27:29.545404+03:00","Action":"pass","Package":"github.com/TykTechnologies/tyk/internal/policy","Test":"TestService_Apply/RightsUpdate","Elapsed":0}
{"Time":"2026-04-19T22:27:29.545415+03:00","Action":"run","Package":"github.com/TykTechnologies/tyk/internal/policy","Test":"TestService_Apply/InactiveMergeOne"}
{"Time":"2026-04-19T22:27:29.545416+03:00","Action":"output","Package":"github.com/TykTechnologies/tyk/internal/policy","Test":"TestService_Apply/InactiveMergeOne","Output":"=== RUN   TestService_Apply/InactiveMergeOne\n"}
{"Time":"2026-04-19T22:27:29.545457+03:00","Action":"output","Package":"github.com/TykTechnologies/tyk/internal/policy","Test":"TestService_Apply/InactiveMergeOne","Output":"
{"Time":"2026-04-19T22:27:29.54546+03:00","Action":"pass","Package":"github.com/TykTechnologies/tyk/internal/policy","Test":"TestService_Apply/InactiveMergeOne","Elapsed":0}
{"Time":"2026-04-19T22:27:29.545476+03:00","Action":"run","Package":"github.com/TykTechnologies/tyk/internal/policy","Test":"TestService_Apply/InactiveMergeAll"}
{"Time":"2026-04-19T22:27:29.545478+03:00","Action":"output","Package":"github.com/TykTechnologies/tyk/internal/policy","Test":"TestService_Apply/InactiveMergeAll","Output":"=== RUN   TestService_Apply/InactiveMergeAll\n"}
{"Time":"2026-04-19T22:27:29.545516+03:00","Action":"output","Package":"github.com/TykTechnologies/tyk/internal/policy","Test":"TestService_Apply/InactiveMergeAll","Output":"
{"Time":"2026-04-19T22:27:29.545519+03:00","Action":"pass","Package":"github.com/TykTechnologies/tyk/internal/policy","Test":"TestService_Apply/InactiveMergeAll","Elapsed":0}
{"Time":"2026-04-19T22:27:29.545531+03:00","Action":"run","Package":"github.com/TykTechnologies/tyk/internal/policy","Test":"TestService_Apply/InactiveWithSession"}
{"Time":"2026-04-19T22:27:29.545533+03:00","Action":"output","Package":"github.com/TykTechnologies/tyk/internal/policy","Test":"TestService_Apply/InactiveWithSession","Output":"=== RUN   TestService_Apply/InactiveWithSession\n"}
{"Time":"2026-04-19T22:27:29.545576+03:00","Action":"output","Package":"github.com/TykTechnologies/tyk/internal/policy","Test":"TestService_Apply/InactiveWithSession","Output":"
{"Time":"2026-04-19T22:27:29.545585+03:00","Action":"pass","Package":"github.com/TykTechnologies/tyk/internal/policy","Test":"TestService_Apply/InactiveWithSession","Elapsed":0}
{"Time":"2026-04-19T22:27:29.545597+03:00","Action":"run","Package":"github.com/TykTechnologies/tyk/internal/policy","Test":"TestService_Apply/Per_API_is_set_with_other_partitions_to_true"}
{"Time":"2026-04-19T22:27:29.545598+03:00","Action":"output","Package":"github.com/TykTechnologies/tyk/internal/policy","Test":"TestService_Apply/Per_API_is_set_with_other_partitions_to_true","Output":"=== RUN   TestService_Apply/Per_API_is_set_with_other_partitions_to_true\n"}
{"Time":"2026-04-19T22:27:29.545644+03:00","Action":"output","Package":"github.com/TykTechnologies/tyk/internal/policy","Test":"TestService_Apply/Per_API_is_set_with_other_partitions_to_true","Output":"time=\"2026-04-19T22:27:29+03:00\" level=error msg=\"cannot apply policy per_api_and_partitions which has per_api and any of partitions set\"\n"}
{"Time":"2026-04-19T22:27:29.545658+03:00","Action":"output","Package":"github.com/TykTechnologies/tyk/internal/policy","Test":"TestService_Apply/Per_API_is_set_with_other_partitions_to_true","Output":"
{"Time":"2026-04-19T22:27:29.545665+03:00","Action":"pass","Package":"github.com/TykTechnologies/tyk/internal/policy","Test":"TestService_Apply/Per_API_is_set_with_other_partitions_to_true","Elapsed":0}
{"Time":"2026-04-19T22:27:29.545676+03:00","Action":"run","Package":"github.com/TykTechnologies/tyk/internal/policy","Test":"TestService_Apply/Per_API_is_set_to_true_with_some_partitions_set_to_true"}
{"Time":"2026-04-19T22:27:29.545678+03:00","Action":"output","Package":"github.com/TykTechnologies/tyk/internal/policy","Test":"TestService_Apply/Per_API_is_set_to_true_with_some_partitions_set_to_true","Output":"=== RUN   TestService_Apply/Per_API_is_set_to_true_with_some_partitions_set_to_true\n"}
{"Time":"2026-04-19T22:27:29.545715+03:00","Action":"output","Package":"github.com/TykTechnologies/tyk/internal/policy","Test":"TestService_Apply/Per_API_is_set_to_true_with_some_partitions_set_to_true","Output":"time=\"2026-04-19T22:27:29+03:00\" level=error msg=\"cannot apply policy per_api_and_some_partitions which has per_api and any of partitions set\"\n"}
{"Time":"2026-04-19T22:27:29.545732+03:00","Action":"output","Package":"github.com/TykTechnologies/tyk/internal/policy","Test":"TestService_Apply/Per_API_is_set_to_true_with_some_partitions_set_to_true","Output":"
{"Time":"2026-04-19T22:27:29.545734+03:00","Action":"pass","Package":"github.com/TykTechnologies/tyk/internal/policy","Test":"TestService_Apply/Per_API_is_set_to_true_with_some_partitions_set_to_true","Elapsed":0}
{"Time":"2026-04-19T22:27:29.545745+03:00","Action":"run","Package":"github.com/TykTechnologies/tyk/internal/policy","Test":"TestService_Apply/Per_API_is_set_to_true_with_no_other_partitions_set_to_true"}
{"Time":"2026-04-19T22:27:29.545746+03:00","Action":"output","Package":"github.com/TykTechnologies/tyk/internal/policy","Test":"TestService_Apply/Per_API_is_set_to_true_with_no_other_partitions_set_to_true","Output":"=== RUN   TestService_Apply/Per_API_is_set_to_true_with_no_other_partitions_set_to_true\n"}
{"Time":"2026-04-19T22:27:29.545807+03:00","Action":"output","Package":"github.com/TykTechnologies/tyk/internal/policy","Test":"TestService_Apply/Per_API_is_set_to_true_with_no_other_partitions_set_to_true","Output":"
{"Time":"2026-04-19T22:27:29.54581+03:00","Action":"pass","Package":"github.com/TykTechnologies/tyk/internal/policy","Test":"TestService_Apply/Per_API_is_set_to_true_with_no_other_partitions_set_to_true","Elapsed":0}
{"Time":"2026-04-19T22:27:29.545825+03:00","Action":"run","Package":"github.com/TykTechnologies/tyk/internal/policy","Test":"TestService_Apply/several_policies_with_Per_API_set_to_true_specifying_limit_for_the_same_API"}
{"Time":"2026-04-19T22:27:29.545826+03:00","Action":"output","Package":"github.com/TykTechnologies/tyk/internal/policy","Test":"TestService_Apply/several_policies_with_Per_API_set_to_true_specifying_limit_for_the_same_API","Output":"=== RUN   TestService_Apply/several_policies_with_Per_API_set_to_true_specifying_limit_for_the_same_API\n"}
{"Time":"2026-04-19T22:27:29.545882+03:00","Action":"output","Package":"github.com/TykTechnologies/tyk/internal/policy","Test":"TestService_Apply/several_policies_with_Per_API_set_to_true_specifying_limit_for_the_same_API","Output":"
{"Time":"2026-04-19T22:27:29.545897+03:00","Action":"pass","Package":"github.com/TykTechnologies/tyk/internal/policy","Test":"TestService_Apply/several_policies_with_Per_API_set_to_true_specifying_limit_for_the_same_API","Elapsed":0}
{"Time":"2026-04-19T22:27:29.545921+03:00","Action":"run","Package":"github.com/TykTechnologies/tyk/internal/policy","Test":"TestService_Apply/several_policies_with_Per_API_set_to_true_specifying_limit_for_the_same_APIs"}
{"Time":"2026-04-19T22:27:29.545927+03:00","Action":"output","Package":"github.com/TykTechnologies/tyk/internal/policy","Test":"TestService_Apply/several_policies_with_Per_API_set_to_true_specifying_limit_for_the_same_APIs","Output":"=== RUN   TestService_Apply/several_policies_with_Per_API_set_to_true_specifying_limit_for_the_same_APIs\n"}
{"Time":"2026-04-19T22:27:29.546004+03:00","Action":"output","Package":"github.com/TykTechnologies/tyk/internal/policy","Test":"TestService_Apply/several_policies_with_Per_API_set_to_true_specifying_limit_for_the_same_APIs","Output":"
{"Time":"2026-04-19T22:27:29.546009+03:00","Action":"pass","Package":"github.com/TykTechnologies/tyk/internal/policy","Test":"TestService_Apply/several_policies_with_Per_API_set_to_true_specifying_limit_for_the_same_APIs","Elapsed":0}
{"Time":"2026-04-19T22:27:29.546025+03:00","Action":"run","Package":"github.com/TykTechnologies/tyk/internal/policy","Test":"TestService_Apply/several_policies,_mixed_the_one_which_has_Per_API_set_to_true_and_partitioned_ones"}
{"Time":"2026-04-19T22:27:29.546026+03:00","Action":"output","Package":"github.com/TykTechnologies/tyk/internal/policy","Test":"TestService_Apply/several_policies,_mixed_the_one_which_has_Per_API_set_to_true_and_partitioned_ones","Output":"=== RUN   TestService_Apply/several_policies,_mixed_the_one_which_has_Per_API_set_to_true_and_partitioned_ones\n"}
{"Time":"2026-04-19T22:27:29.546076+03:00","Action":"output","Package":"github.com/TykTechnologies/tyk/internal/policy","Test":"TestService_Apply/several_policies,_mixed_the_one_which_has_Per_API_set_to_true_and_partitioned_ones","Output":"time=\"2026-04-19T22:27:29+03:00\" level=error msg=\"cannot apply multiple policies when some have per_api set and some are partitioned\"\n"}
{"Time":"2026-04-19T22:27:29.546095+03:00","Action":"output","Package":"github.com/TykTechnologies/tyk/internal/policy","Test":"TestService_Apply/several_policies,_mixed_the_one_which_has_Per_API_set_to_true_and_partitioned_ones","Output":"
{"Time":"2026-04-19T22:27:29.546105+03:00","Action":"pass","Package":"github.com/TykTechnologies/tyk/internal/policy","Test":"TestService_Apply/several_policies,_mixed_the_one_which_has_Per_API_set_to_true_and_partitioned_ones","Elapsed":0}
{"Time":"2026-04-19T22:27:29.546119+03:00","Action":"run","Package":"github.com/TykTechnologies/tyk/internal/policy","Test":"TestService_Apply/several_policies,_mixed_the_one_which_has_Per_API_set_to_true_and_partitioned_ones_(different_order)"}
{"Time":"2026-04-19T22:27:29.54612+03:00","Action":"output","Package":"github.com/TykTechnologies/tyk/internal/policy","Test":"TestService_Apply/several_policies,_mixed_the_one_which_has_Per_API_set_to_true_and_partitioned_ones_(different_order)","Output":"=== RUN   TestService_Apply/several_policies,_mixed_the_one_which_has_Per_API_set_to_true_and_partitioned_ones_(different_order)\n"}
{"Time":"2026-04-19T22:27:29.546177+03:00","Action":"output","Package":"github.com/TykTechnologies/tyk/internal/policy","Test":"TestService_Apply/several_policies,_mixed_the_one_which_has_Per_API_set_to_true_and_partitioned_ones_(different_order)","Output":"time=\"2026-04-19T22:27:29+03:00\" level=error msg=\"cannot apply multiple policies when some have per_api set and some are partitioned\"\n"}
{"Time":"2026-04-19T22:27:29.546192+03:00","Action":"output","Package":"github.com/TykTechnologies/tyk/internal/policy","Test":"TestService_Apply/several_policies,_mixed_the_one_which_has_Per_API_set_to_true_and_partitioned_ones_(different_order)","Output":"
{"Time":"2026-04-19T22:27:29.546203+03:00","Action":"pass","Package":"github.com/TykTechnologies/tyk/internal/policy","Test":"TestService_Apply/several_policies,_mixed_the_one_which_has_Per_API_set_to_true_and_partitioned_ones_(different_order)","Elapsed":0}
{"Time":"2026-04-19T22:27:29.546215+03:00","Action":"run","Package":"github.com/TykTechnologies/tyk/internal/policy","Test":"TestService_Apply/Per_API_is_set_to_true_and_some_API_gets_limit_set_from_policy's_fields"}
{"Time":"2026-04-19T22:27:29.546217+03:00","Action":"output","Package":"github.com/TykTechnologies/tyk/internal/policy","Test":"TestService_Apply/Per_API_is_set_to_true_and_some_API_gets_limit_set_from_policy's_fields","Output":"=== RUN   TestService_Apply/Per_API_is_set_to_true_and_some_API_gets_limit_set_from_policy's_fields\n"}
[...]
{"Time":"2026-04-19T22:27:29.565542+03:00","Action":"pass","Package":"github.com/TykTechnologies/tyk/internal/policy","Test":"TestZ3_AllProperties/complexity_applied/complexity_applied_z3_special_-1_in_second","Elapsed":0}
{"Time":"2026-04-19T22:27:29.565552+03:00","Action":"run","Package":"github.com/TykTechnologies/tyk/internal/policy","Test":"TestZ3_AllProperties/complexity_applied/complexity_applied_z3_special_-1_in_both"}
{"Time":"2026-04-19T22:27:29.565553+03:00","Action":"output","Package":"github.com/TykTechnologies/tyk/internal/policy","Test":"TestZ3_AllProperties/complexity_applied/complexity_applied_z3_special_-1_in_both","Output":"=== RUN   TestZ3_AllProperties/complexity_applied/complexity_applied_z3_special_-1_in_both\n"}
{"Time":"2026-04-19T22:27:29.565594+03:00","Action":"output","Package":"github.com/TykTechnologies/tyk/internal/policy","Test":"TestZ3_AllProperties/complexity_applied/complexity_applied_z3_special_-1_in_both","Output":"
{"Time":"2026-04-19T22:27:29.565604+03:00","Action":"pass","Package":"github.com/TykTechnologies/tyk/internal/policy","Test":"TestZ3_AllProperties/complexity_applied/complexity_applied_z3_special_-1_in_both","Elapsed":0}
{"Time":"2026-04-19T22:27:29.565616+03:00","Action":"run","Package":"github.com/TykTechnologies/tyk/internal/policy","Test":"TestZ3_AllProperties/complexity_applied/complexity_applied_z3_special_-1_in_neither"}
{"Time":"2026-04-19T22:27:29.565617+03:00","Action":"output","Package":"github.com/TykTechnologies/tyk/internal/policy","Test":"TestZ3_AllProperties/complexity_applied/complexity_applied_z3_special_-1_in_neither","Output":"=== RUN   TestZ3_AllProperties/complexity_applied/complexity_applied_z3_special_-1_in_neither\n"}
{"Time":"2026-04-19T22:27:29.56566+03:00","Action":"output","Package":"github.com/TykTechnologies/tyk/internal/policy","Test":"TestZ3_AllProperties/complexity_applied/complexity_applied_z3_special_-1_in_neither","Output":"
{"Time":"2026-04-19T22:27:29.565669+03:00","Action":"pass","Package":"github.com/TykTechnologies/tyk/internal/policy","Test":"TestZ3_AllProperties/complexity_applied/complexity_applied_z3_special_-1_in_neither","Elapsed":0}
{"Time":"2026-04-19T22:27:29.565685+03:00","Action":"output","Package":"github.com/TykTechnologies/tyk/internal/policy","Test":"TestZ3_AllProperties/complexity_applied","Output":"
{"Time":"2026-04-19T22:27:29.565694+03:00","Action":"pass","Package":"github.com/TykTechnologies/tyk/internal/policy","Test":"TestZ3_AllProperties/complexity_applied","Elapsed":0}
{"Time":"2026-04-19T22:27:29.565704+03:00","Action":"run","Package":"github.com/TykTechnologies/tyk/internal/policy","Test":"TestZ3_AllProperties/tags_merged"}
{"Time":"2026-04-19T22:27:29.565708+03:00","Action":"output","Package":"github.com/TykTechnologies/tyk/internal/policy","Test":"TestZ3_AllProperties/tags_merged","Output":"=== RUN   TestZ3_AllProperties/tags_merged\n"}
{"Time":"2026-04-19T22:27:29.565716+03:00","Action":"run","Package":"github.com/TykTechnologies/tyk/internal/policy","Test":"TestZ3_AllProperties/tags_merged/tags_merged_z3_union_overlapping"}
{"Time":"2026-04-19T22:27:29.565717+03:00","Action":"output","Package":"github.com/TykTechnologies/tyk/internal/policy","Test":"TestZ3_AllProperties/tags_merged/tags_merged_z3_union_overlapping","Output":"=== RUN   TestZ3_AllProperties/tags_merged/tags_merged_z3_union_overlapping\n"}
{"Time":"2026-04-19T22:27:29.565769+03:00","Action":"output","Package":"github.com/TykTechnologies/tyk/internal/policy","Test":"TestZ3_AllProperties/tags_merged/tags_merged_z3_union_overlapping","Output":"
{"Time":"2026-04-19T22:27:29.565773+03:00","Action":"pass","Package":"github.com/TykTechnologies/tyk/internal/policy","Test":"TestZ3_AllProperties/tags_merged/tags_merged_z3_union_overlapping","Elapsed":0}
{"Time":"2026-04-19T22:27:29.565782+03:00","Action":"run","Package":"github.com/TykTechnologies/tyk/internal/policy","Test":"TestZ3_AllProperties/tags_merged/tags_merged_z3_union_disjoint"}
{"Time":"2026-04-19T22:27:29.565783+03:00","Action":"output","Package":"github.com/TykTechnologies/tyk/internal/policy","Test":"TestZ3_AllProperties/tags_merged/tags_merged_z3_union_disjoint","Output":"=== RUN   TestZ3_AllProperties/tags_merged/tags_merged_z3_union_disjoint\n"}
{"Time":"2026-04-19T22:27:29.565836+03:00","Action":"output","Package":"github.com/TykTechnologies/tyk/internal/policy","Test":"TestZ3_AllProperties/tags_merged/tags_merged_z3_union_disjoint","Output":"
{"Time":"2026-04-19T22:27:29.56584+03:00","Action":"pass","Package":"github.com/TykTechnologies/tyk/internal/policy","Test":"TestZ3_AllProperties/tags_merged/tags_merged_z3_union_disjoint","Elapsed":0}
{"Time":"2026-04-19T22:27:29.56585+03:00","Action":"run","Package":"github.com/TykTechnologies/tyk/internal/policy","Test":"TestZ3_AllProperties/tags_merged/tags_merged_z3_union_identical"}
{"Time":"2026-04-19T22:27:29.565851+03:00","Action":"output","Package":"github.com/TykTechnologies/tyk/internal/policy","Test":"TestZ3_AllProperties/tags_merged/tags_merged_z3_union_identical","Output":"=== RUN   TestZ3_AllProperties/tags_merged/tags_merged_z3_union_identical\n"}
{"Time":"2026-04-19T22:27:29.565899+03:00","Action":"output","Package":"github.com/TykTechnologies/tyk/internal/policy","Test":"TestZ3_AllProperties/tags_merged/tags_merged_z3_union_identical","Output":"
{"Time":"2026-04-19T22:27:29.565912+03:00","Action":"pass","Package":"github.com/TykTechnologies/tyk/internal/policy","Test":"TestZ3_AllProperties/tags_merged/tags_merged_z3_union_identical","Elapsed":0}
{"Time":"2026-04-19T22:27:29.565922+03:00","Action":"output","Package":"github.com/TykTechnologies/tyk/internal/policy","Test":"TestZ3_AllProperties/tags_merged","Output":"
{"Time":"2026-04-19T22:27:29.565933+03:00","Action":"pass","Package":"github.com/TykTechnologies/tyk/internal/policy","Test":"TestZ3_AllProperties/tags_merged","Elapsed":0}
{"Time":"2026-04-19T22:27:29.565936+03:00","Action":"run","Package":"github.com/TykTechnologies/tyk/internal/policy","Test":"TestZ3_AllProperties/metadata_merged"}
{"Time":"2026-04-19T22:27:29.565942+03:00","Action":"output","Package":"github.com/TykTechnologies/tyk/internal/policy","Test":"TestZ3_AllProperties/metadata_merged","Output":"=== RUN   TestZ3_AllProperties/metadata_merged\n"}
{"Time":"2026-04-19T22:27:29.56595+03:00","Action":"run","Package":"github.com/TykTechnologies/tyk/internal/policy","Test":"TestZ3_AllProperties/metadata_merged/metadata_merged_z3_combine_overlapping_keys"}
{"Time":"2026-04-19T22:27:29.565951+03:00","Action":"output","Package":"github.com/TykTechnologies/tyk/internal/policy","Test":"TestZ3_AllProperties/metadata_merged/metadata_merged_z3_combine_overlapping_keys","Output":"=== RUN   TestZ3_AllProperties/metadata_merged/metadata_merged_z3_combine_overlapping_keys\n"}
{"Time":"2026-04-19T22:27:29.566007+03:00","Action":"output","Package":"github.com/TykTechnologies/tyk/internal/policy","Test":"TestZ3_AllProperties/metadata_merged/metadata_merged_z3_combine_overlapping_keys","Output":"
{"Time":"2026-04-19T22:27:29.56601+03:00","Action":"pass","Package":"github.com/TykTechnologies/tyk/internal/policy","Test":"TestZ3_AllProperties/metadata_merged/metadata_merged_z3_combine_overlapping_keys","Elapsed":0}
{"Time":"2026-04-19T22:27:29.56603+03:00","Action":"run","Package":"github.com/TykTechnologies/tyk/internal/policy","Test":"TestZ3_AllProperties/metadata_merged/metadata_merged_z3_combine_disjoint_keys"}
{"Time":"2026-04-19T22:27:29.566032+03:00","Action":"output","Package":"github.com/TykTechnologies/tyk/internal/policy","Test":"TestZ3_AllProperties/metadata_merged/metadata_merged_z3_combine_disjoint_keys","Output":"=== RUN   TestZ3_AllProperties/metadata_merged/metadata_merged_z3_combine_disjoint_keys\n"}
{"Time":"2026-04-19T22:27:29.566087+03:00","Action":"output","Package":"github.com/TykTechnologies/tyk/internal/policy","Test":"TestZ3_AllProperties/metadata_merged/metadata_merged_z3_combine_disjoint_keys","Output":"
{"Time":"2026-04-19T22:27:29.566092+03:00","Action":"pass","Package":"github.com/TykTechnologies/tyk/internal/policy","Test":"TestZ3_AllProperties/metadata_merged/metadata_merged_z3_combine_disjoint_keys","Elapsed":0}
{"Time":"2026-04-19T22:27:29.566112+03:00","Action":"output","Package":"github.com/TykTechnologies/tyk/internal/policy","Test":"TestZ3_AllProperties/metadata_merged","Output":"
{"Time":"2026-04-19T22:27:29.566124+03:00","Action":"pass","Package":"github.com/TykTechnologies/tyk/internal/policy","Test":"TestZ3_AllProperties/metadata_merged","Elapsed":0}
{"Time":"2026-04-19T22:27:29.566127+03:00","Action":"run","Package":"github.com/TykTechnologies/tyk/internal/policy","Test":"TestZ3_AllProperties/rate_limit_applied"}
{"Time":"2026-04-19T22:27:29.566128+03:00","Action":"output","Package":"github.com/TykTechnologies/tyk/internal/policy","Test":"TestZ3_AllProperties/rate_limit_applied","Output":"=== RUN   TestZ3_AllProperties/rate_limit_applied\n"}
{"Time":"2026-04-19T22:27:29.56614+03:00","Action":"run","Package":"github.com/TykTechnologies/tyk/internal/policy","Test":"TestZ3_AllProperties/rate_limit_applied/rate_limit_applied_z3_highest_a_gt_b"}
{"Time":"2026-04-19T22:27:29.566141+03:00","Action":"output","Package":"github.com/TykTechnologies/tyk/internal/policy","Test":"TestZ3_AllProperties/rate_limit_applied/rate_limit_applied_z3_highest_a_gt_b","Output":"=== RUN   TestZ3_AllProperties/rate_limit_applied/rate_limit_applied_z3_highest_a_gt_b\n"}
{"Time":"2026-04-19T22:27:29.566156+03:00","Action":"output","Package":"github.com/TykTechnologies/tyk/internal/policy","Test":"TestZ3_AllProperties/rate_limit_applied/rate_limit_applied_z3_highest_a_gt_b","Output":"    z3_spec_test.go:284: Skipping: rate values include zero/negative; rate limit comparison requires positive Rate and Per\n"}
{"Time":"2026-04-19T22:27:29.566173+03:00","Action":"output","Package":"github.com/TykTechnologies/tyk/internal/policy","Test":"TestZ3_AllProperties/rate_limit_applied/rate_limit_applied_z3_highest_a_gt_b","Output":"
{"Time":"2026-04-19T22:27:29.566181+03:00","Action":"skip","Package":"github.com/TykTechnologies/tyk/internal/policy","Test":"TestZ3_AllProperties/rate_limit_applied/rate_limit_applied_z3_highest_a_gt_b","Elapsed":0}
{"Time":"2026-04-19T22:27:29.566192+03:00","Action":"run","Package":"github.com/TykTechnologies/tyk/internal/policy","Test":"TestZ3_AllProperties/rate_limit_applied/rate_limit_applied_z3_highest_a_lt_b"}
{"Time":"2026-04-19T22:27:29.566193+03:00","Action":"output","Package":"github.com/TykTechnologies/tyk/internal/policy","Test":"TestZ3_AllProperties/rate_limit_applied/rate_limit_applied_z3_highest_a_lt_b","Output":"=== RUN   TestZ3_AllProperties/rate_limit_applied/rate_limit_applied_z3_highest_a_lt_b\n"}
{"Time":"2026-04-19T22:27:29.566207+03:00","Action":"output","Package":"github.com/TykTechnologies/tyk/internal/policy","Test":"TestZ3_AllProperties/rate_limit_applied/rate_limit_applied_z3_highest_a_lt_b","Output":"    z3_spec_test.go:284: Skipping: rate values include zero/negative; rate limit comparison requires positive Rate and Per\n"}
{"Time":"2026-04-19T22:27:29.566222+03:00","Action":"output","Package":"github.com/TykTechnologies/tyk/internal/policy","Test":"TestZ3_AllProperties/rate_limit_applied/rate_limit_applied_z3_highest_a_lt_b","Output":"
{"Time":"2026-04-19T22:27:29.566231+03:00","Action":"skip","Package":"github.com/TykTechnologies/tyk/internal/policy","Test":"TestZ3_AllProperties/rate_limit_applied/rate_limit_applied_z3_highest_a_lt_b","Elapsed":0}
{"Time":"2026-04-19T22:27:29.566242+03:00","Action":"run","Package":"github.com/TykTechnologies/tyk/internal/policy","Test":"TestZ3_AllProperties/rate_limit_applied/rate_limit_applied_z3_highest_equal"}
{"Time":"2026-04-19T22:27:29.566243+03:00","Action":"output","Package":"github.com/TykTechnologies/tyk/internal/policy","Test":"TestZ3_AllProperties/rate_limit_applied/rate_limit_applied_z3_highest_equal","Output":"=== RUN   TestZ3_AllProperties/rate_limit_applied/rate_limit_applied_z3_highest_equal\n"}
{"Time":"2026-04-19T22:27:29.566292+03:00","Action":"output","Package":"github.com/TykTechnologies/tyk/internal/policy","Test":"TestZ3_AllProperties/rate_limit_applied/rate_limit_applied_z3_highest_equal","Output":"
{"Time":"2026-04-19T22:27:29.566295+03:00","Action":"pass","Package":"github.com/TykTechnologies/tyk/internal/policy","Test":"TestZ3_AllProperties/rate_limit_applied/rate_limit_applied_z3_highest_equal","Elapsed":0}
{"Time":"2026-04-19T22:27:29.566306+03:00","Action":"run","Package":"github.com/TykTechnologies/tyk/internal/policy","Test":"TestZ3_AllProperties/rate_limit_applied/rate_limit_applied_z3_highest_zero_boundary"}
{"Time":"2026-04-19T22:27:29.566308+03:00","Action":"output","Package":"github.com/TykTechnologies/tyk/internal/policy","Test":"TestZ3_AllProperties/rate_limit_applied/rate_limit_applied_z3_highest_zero_boundary","Output":"=== RUN   TestZ3_AllProperties/rate_limit_applied/rate_limit_applied_z3_highest_zero_boundary\n"}
{"Time":"2026-04-19T22:27:29.566325+03:00","Action":"output","Package":"github.com/TykTechnologies/tyk/internal/policy","Test":"TestZ3_AllProperties/rate_limit_applied/rate_limit_applied_z3_highest_zero_boundary","Output":"    z3_spec_test.go:284: Skipping: rate values include zero/negative; rate limit comparison requires positive Rate and Per\n"}
{"Time":"2026-04-19T22:27:29.566338+03:00","Action":"output","Package":"github.com/TykTechnologies/tyk/internal/policy","Test":"TestZ3_AllProperties/rate_limit_applied/rate_limit_applied_z3_highest_zero_boundary","Output":"
{"Time":"2026-04-19T22:27:29.566347+03:00","Action":"skip","Package":"github.com/TykTechnologies/tyk/internal/policy","Test":"TestZ3_AllProperties/rate_limit_applied/rate_limit_applied_z3_highest_zero_boundary","Elapsed":0}
{"Time":"2026-04-19T22:27:29.566356+03:00","Action":"run","Package":"github.com/TykTechnologies/tyk/internal/policy","Test":"TestZ3_AllProperties/rate_limit_applied/rate_limit_applied_z3_highest_negative_boundary"}
{"Time":"2026-04-19T22:27:29.566357+03:00","Action":"output","Package":"github.com/TykTechnologies/tyk/internal/policy","Test":"TestZ3_AllProperties/rate_limit_applied/rate_limit_applied_z3_highest_negative_boundary","Output":"=== RUN   TestZ3_AllProperties/rate_limit_applied/rate_limit_applied_z3_highest_negative_boundary\n"}
{"Time":"2026-04-19T22:27:29.566376+03:00","Action":"output","Package":"github.com/TykTechnologies/tyk/internal/policy","Test":"TestZ3_AllProperties/rate_limit_applied/rate_limit_applied_z3_highest_negative_boundary","Output":"    z3_spec_test.go:284: Skipping: rate values include zero/negative; rate limit comparison requires positive Rate and Per\n"}
{"Time":"2026-04-19T22:27:29.566387+03:00","Action":"output","Package":"github.com/TykTechnologies/tyk/internal/policy","Test":"TestZ3_AllProperties/rate_limit_applied/rate_limit_applied_z3_highest_negative_boundary","Output":"
{"Time":"2026-04-19T22:27:29.566396+03:00","Action":"skip","Package":"github.com/TykTechnologies/tyk/internal/policy","Test":"TestZ3_AllProperties/rate_limit_applied/rate_limit_applied_z3_highest_negative_boundary","Elapsed":0}
{"Time":"2026-04-19T22:27:29.566405+03:00","Action":"run","Package":"github.com/TykTechnologies/tyk/internal/policy","Test":"TestZ3_AllProperties/rate_limit_applied/rate_limit_applied_z3_highest_large_values"}
{"Time":"2026-04-19T22:27:29.566406+03:00","Action":"output","Package":"github.com/TykTechnologies/tyk/internal/policy","Test":"TestZ3_AllProperties/rate_limit_applied/rate_limit_applied_z3_highest_large_values","Output":"=== RUN   TestZ3_AllProperties/rate_limit_applied/rate_limit_applied_z3_highest_large_values\n"}
{"Time":"2026-04-19T22:27:29.566459+03:00","Action":"output","Package":"github.com/TykTechnologies/tyk/internal/policy","Test":"TestZ3_AllProperties/rate_limit_applied/rate_limit_applied_z3_highest_large_values","Output":"
{"Time":"2026-04-19T22:27:29.566462+03:00","Action":"pass","Package":"github.com/TykTechnologies/tyk/internal/policy","Test":"TestZ3_AllProperties/rate_limit_applied/rate_limit_applied_z3_highest_large_values","Elapsed":0}
{"Time":"2026-04-19T22:27:29.566482+03:00","Action":"output","Package":"github.com/TykTechnologies/tyk/internal/policy","Test":"TestZ3_AllProperties/rate_limit_applied","Output":"
{"Time":"2026-04-19T22:27:29.566485+03:00","Action":"pass","Package":"github.com/TykTechnologies/tyk/internal/policy","Test":"TestZ3_AllProperties/rate_limit_applied","Elapsed":0}
{"Time":"2026-04-19T22:27:29.566499+03:00","Action":"output","Package":"github.com/TykTechnologies/tyk/internal/policy","Test":"TestZ3_AllProperties","Output":"
{"Time":"2026-04-19T22:27:29.566506+03:00","Action":"pass","Package":"github.com/TykTechnologies/tyk/internal/policy","Test":"TestZ3_AllProperties","Elapsed":0}
{"Time":"2026-04-19T22:27:29.566513+03:00","Action":"run","Package":"github.com/TykTechnologies/tyk/internal/policy","Test":"TestZ3_QuotaBoundary_ZeroVsNegative"}
{"Time":"2026-04-19T22:27:29.566514+03:00","Action":"output","Package":"github.com/TykTechnologies/tyk/internal/policy","Test":"TestZ3_QuotaBoundary_ZeroVsNegative","Output":"=== RUN   TestZ3_QuotaBoundary_ZeroVsNegative\n"}
{"Time":"2026-04-19T22:27:29.566571+03:00","Action":"output","Package":"github.com/TykTechnologies/tyk/internal/policy","Test":"TestZ3_QuotaBoundary_ZeroVsNegative","Output":"
{"Time":"2026-04-19T22:27:29.566575+03:00","Action":"pass","Package":"github.com/TykTechnologies/tyk/internal/policy","Test":"TestZ3_QuotaBoundary_ZeroVsNegative","Elapsed":0}
{"Time":"2026-04-19T22:27:29.566583+03:00","Action":"run","Package":"github.com/TykTechnologies/tyk/internal/policy","Test":"TestZ3_ComplexityBoundary_ZeroVsNegative"}
{"Time":"2026-04-19T22:27:29.566584+03:00","Action":"output","Package":"github.com/TykTechnologies/tyk/internal/policy","Test":"TestZ3_ComplexityBoundary_ZeroVsNegative","Output":"=== RUN   TestZ3_ComplexityBoundary_ZeroVsNegative\n"}
{"Time":"2026-04-19T22:27:29.566627+03:00","Action":"output","Package":"github.com/TykTechnologies/tyk/internal/policy","Test":"TestZ3_ComplexityBoundary_ZeroVsNegative","Output":"
{"Time":"2026-04-19T22:27:29.566639+03:00","Action":"pass","Package":"github.com/TykTechnologies/tyk/internal/policy","Test":"TestZ3_ComplexityBoundary_ZeroVsNegative","Elapsed":0}
{"Time":"2026-04-19T22:27:29.566641+03:00","Action":"run","Package":"github.com/TykTechnologies/tyk/internal/policy","Test":"TestZ3_QuotaBoundary_NegativeVsNegative"}
{"Time":"2026-04-19T22:27:29.566642+03:00","Action":"output","Package":"github.com/TykTechnologies/tyk/internal/policy","Test":"TestZ3_QuotaBoundary_NegativeVsNegative","Output":"=== RUN   TestZ3_QuotaBoundary_NegativeVsNegative\n"}
{"Time":"2026-04-19T22:27:29.566697+03:00","Action":"output","Package":"github.com/TykTechnologies/tyk/internal/policy","Test":"TestZ3_QuotaBoundary_NegativeVsNegative","Output":"
{"Time":"2026-04-19T22:27:29.566701+03:00","Action":"pass","Package":"github.com/TykTechnologies/tyk/internal/policy","Test":"TestZ3_QuotaBoundary_NegativeVsNegative","Elapsed":0}
{"Time":"2026-04-19T22:27:29.56673+03:00","Action":"output","Package":"github.com/TykTechnologies/tyk/internal/policy","Output":"PASS\n"}
{"Time":"2026-04-19T22:27:29.568426+03:00","Action":"output","Package":"github.com/TykTechnologies/tyk/internal/policy","Output":"coverage: 81.1% of statements\n"}
{"Time":"2026-04-19T22:27:30.572382+03:00","Action":"output","Package":"github.com/TykTechnologies/tyk/internal/policy","Output":"ok  \tgithub.com/TykTechnologies/tyk/internal/policy\t1.284s\tcoverage: 81.1% of statements\n"}
{"Time":"2026-04-19T22:27:30.572397+03:00","Action":"pass","Package":"github.com/TykTechnologies/tyk/internal/policy","Elapsed":1.284}]]></system-out>
	</testsuite>
</testsuites>
